
 ------------------------------------------------------------------------------
 ########::'##:::'##::'######:::::'###:::::'######::'####:'##::: ##::'#######::
 ##.... ##:. ##:'##::'##... ##:::'## ##:::'##... ##:. ##:: ###:: ##:'##.... ##:
 ##:::: ##::. ####::: ##:::..:::'##:. ##:: ##:::..::: ##:: ####: ##: ##:::: ##:
 ########::::. ##:::: ##:::::::'##:::. ##:. ######::: ##:: ## ## ##: ##:::: ##:
 ##.....:::::: ##:::: ##::::::: #########::..... ##:: ##:: ##. ####: ##:::: ##:
 ##::::::::::: ##:::: ##::: ##: ##.... ##:'##::: ##:: ##:: ##:. ###: ##:::: ##:
 ##::::::::::: ##::::. ######:: ##:::: ##:. ######::'####: ##::. ##:. #######::
 .::::::::::::..::::::......:::..:::::..:::......:::....::..::::..:::.......:::

                     Python Quantum Monte Carlo Package
                        v 0.2.0 [Vladimir Konkov]

    Main Author : Vladimir Konkov
 ------------------------------------------------------------------------------
 Started 2024/08/14 13:06:33

 Python 3.10.12 (main, Jul 29 2024, 16:56:48) [GCC 11.4.0]
 Numba 0.59.0
 Numpy 1.26.4
 Scipy 1.11.3

 Running in parallel using 4 MPI processes.

 General input parameters
 ========================
 NEU (num up spin electrons)              :  9
 NED (num down spin electrons)            :  9
 RUNTYPE (type of run)                    :  vmc_opt
 PSI_S  (form for [anti]symmetrizing wfn) :  slater
 ATOM_BASIS_TYPE (atom-centred orb basis) :  gaussian
 INTERACTION (interaction type)           :  coulomb
 TESTRUN (read input data,print and stop) :  F
 PERIODIC                                 :  F
 COMPLEX_WF (complex Slater wave fn.)     :  F
 NEIGHPRINT (neighbour analysis)          :  0
 USE_JASTROW (use Jastrow factor)         :  T
 BACKFLOW (use backflow corrections)      :  F
 USE_ORBMODS (use orbitals modifications) :  F
 E_OFFSET (energy offset)                 :  0.0000
 CHECKPOINT (checkpointing level)         :  1
 CON_LOC (Dir to read/write config.*)     :  ./
 RELATIVISTIC                             :  F

 VMC/optimization input parameters
 ====================
 NEWRUN (start new run)                   :  T
 VMC_METHOD (choice of VMC algorithm)     :  3
 DTVMC (VMC time step)                    :  1.0000E-02
 OPT_DTVMC (VMC time-step optimization)   :  1
 VMC_NSTEP (num VMC steps)                :  100000
 VMC_NCONFIG_WRITE (num configs to write) :  100000
 VMC_NBLOCK (num VMC blocks)              :  1
 VMC_EQUIL_NSTEP (num equil steps)        :  5000
 VMC_DECORR_PERIOD (length of inner loop) :  10
 VMC_AVE_PERIOD (hist reduction factor)   :  1
 VMC_SAMPLING                             :  standard
 MAKEMOVIE                                :  F
 FORCES                                   :  F

 Gaussian cusp correction
 ========================
 Activated.

 BEGIN VMC CALCULATION
 =====================

 Running VMC equilibration (5000 moves).
 Performing time-step optimization.
 Optimized step size: 0.03856
 DTVMC: 0.00050

 Starting VMC.

 =========================================================================
 In block : 1
  Number of VMC steps           = 100000

  Block average energies (au)

  Total energy                       (au) =        -526.836514772550
  Standard error                        +/-           0.068944631007

  Constant energy contributions      (au) =           0.000000000000

  Variance of local energy           (au) =         126.881947371970
  Standard error                        +/-           0.000000000000

 Time taken in block    : : :       31.1510

 =========================================================================
 FINAL RESULT:

  VMC energy (au)    Standard error      Correction for serial correlation

 -526.836514772550 +/- 0.068944631007      On-the-fly reblocking method

 Sample variance of E_L (au^2/sim.cell) : 126.881947371970


 ==========================================
 PERFORMING OPTIMIZATION CALCULATION No. 1.
 ==========================================


 Optimization start
 ==================
   Iteration     Total nfev        Cost      Cost reduction    Step norm     Optimality
       0              1         3.5727e+02                                    1.26e+07
       1              2         2.7232e+02      8.50e+01       7.88e-04       8.48e+06
       2              3         1.6582e+02      1.06e+02       1.47e-03       6.58e+06
       3              4         9.0955e+01      7.49e+01       2.31e-03       1.01e+06
       4              5         5.3212e+01      3.77e+01       3.41e-03       7.39e+05
       5              6         3.2052e+01      2.12e+01       7.05e-03       1.13e+05
       6              7         2.2200e+01      9.85e+00       1.63e-02       1.12e+05
       7              8         1.8361e+01      3.84e+00       2.30e-02       5.74e+04
       8              9         1.6141e+01      2.22e+00       3.18e-02       2.64e+04
       9             10         1.5009e+01      1.13e+00       8.06e-02       9.44e+03
      10             11         1.4287e+01      7.22e-01       3.42e-02       5.28e+03
      11             12         1.4031e+01      2.56e-01       1.90e-02       2.82e+03
      12             13         1.4030e+01      2.30e-05       3.60e-04       2.14e+01
`ftol` termination condition is satisfied.
Function evaluations 13, initial cost 3.5727e+02, final cost 1.4030e+01, first-order optimality 2.14e+01.
Norm of Jacobian at the solution: 4.83348e-12

 BEGIN VMC CALCULATION
 =====================

 Running VMC equilibration (5000 moves).
 Performing time-step optimization.
 Optimized step size: 0.03847
 DTVMC: 0.00049

 Starting VMC.

 =========================================================================
 In block : 1
  Number of VMC steps           = 100000

  Block average energies (au)

  Total energy                       (au) =        -527.424379117828
  Standard error                        +/-           0.026469166004

  Constant energy contributions      (au) =           0.000000000000

  Variance of local energy           (au) =          14.682645887587
  Standard error                        +/-           0.000000000000

 Time taken in block    : : :       32.7640

 =========================================================================
 FINAL RESULT:

  VMC energy (au)    Standard error      Correction for serial correlation

 -527.424379117828 +/- 0.026469166004      On-the-fly reblocking method

 Sample variance of E_L (au^2/sim.cell) : 14.682645887587


 ==========================================
 PERFORMING OPTIMIZATION CALCULATION No. 2.
 ==========================================


 Optimization start
 ==================
   Iteration     Total nfev        Cost      Cost reduction    Step norm     Optimality
       0              1         1.3418e+01                                    3.48e+05
       1              4         1.3365e+01      5.27e-02       2.46e-01       1.37e+05
`ftol` termination condition is satisfied.
Function evaluations 4, initial cost 1.3418e+01, final cost 1.3365e+01, first-order optimality 1.37e+05.
Norm of Jacobian at the solution: 3.97907e-12

 BEGIN VMC CALCULATION
 =====================

 Running VMC equilibration (5000 moves).
 Performing time-step optimization.
 Optimized step size: 0.03801
 DTVMC: 0.00048

 Starting VMC.

 =========================================================================
 In block : 1
  Number of VMC steps           = 100000

  Block average energies (au)

  Total energy                       (au) =        -527.378996825609
  Standard error                        +/-           0.025362375376

  Constant energy contributions      (au) =           0.000000000000

  Variance of local energy           (au) =          13.779088964342
  Standard error                        +/-           0.000000000000

 Time taken in block    : : :       32.7823

 =========================================================================
 FINAL RESULT:

  VMC energy (au)    Standard error      Correction for serial correlation

 -527.378996825609 +/- 0.025362375376      On-the-fly reblocking method

 Sample variance of E_L (au^2/sim.cell) : 13.779088964342


 =========================================================================

 Total PyCasino real time : : :    632.5100
