
 ------------------------------------------------------------------------------
 ########::'##:::'##::'######:::::'###:::::'######::'####:'##::: ##::'#######::
 ##.... ##:. ##:'##::'##... ##:::'## ##:::'##... ##:. ##:: ###:: ##:'##.... ##:
 ##:::: ##::. ####::: ##:::..:::'##:. ##:: ##:::..::: ##:: ####: ##: ##:::: ##:
 ########::::. ##:::: ##:::::::'##:::. ##:. ######::: ##:: ## ## ##: ##:::: ##:
 ##.....:::::: ##:::: ##::::::: #########::..... ##:: ##:: ##. ####: ##:::: ##:
 ##::::::::::: ##:::: ##::: ##: ##.... ##:'##::: ##:: ##:: ##:. ###: ##:::: ##:
 ##::::::::::: ##::::. ######:: ##:::: ##:. ######::'####: ##::. ##:. #######::
 .::::::::::::..::::::......:::..:::::..:::......:::....::..::::..:::.......:::

                     Python Quantum Monte Carlo Package
                        v 0.2.0 [Vladimir Konkov]

    Main Author : Vladimir Konkov
 ------------------------------------------------------------------------------
 Started 2024/11/01 14:10:12

 Python 3.10.12 (main, Sep 11 2024, 15:47:36) [GCC 11.4.0]
 Numba 0.59.0
 Numpy 1.26.4
 Scipy 1.11.3

 Running in parallel using 4 MPI processes.

 General input parameters
 ========================
 NEU (num up spin electrons)              :  5
 NED (num down spin electrons)            :  2
 RUNTYPE (type of run)                    :  vmc_dmc
 PSI_S  (form for [anti]symmetrizing wfn) :  slater
 ATOM_BASIS_TYPE (atom-centred orb basis) :  slater-type
 INTERACTION (interaction type)           :  coulomb
 TESTRUN (read input data,print and stop) :  F
 PERIODIC                                 :  F
 COMPLEX_WF (complex Slater wave fn.)     :  F
 NEIGHPRINT (neighbour analysis)          :  0
 USE_JASTROW (use Jastrow factor)         :  T
 BACKFLOW (use backflow corrections)      :  T
 USE_ORBMODS (use orbitals modifications) :  F
 CUSP_CORRECTION                          :  F
 NON_LOCAL_GRID (NL integration grid)     :  4
 E_OFFSET (energy offset)                 :  0.0000
 GAUTOL  (Gaussian evaluation tolerance)  :  7.0
 SPARSE                                   :  F
 DIPOLE_MOMENT                            :  F
 RELATIVISTIC                             :  F

 VMC/DMC input parameters
 ====================
 NEWRUN (start new run)                   :  T
 VMC_METHOD (choice of VMC algorithm)     :  3
 DTVMC (VMC time step)                    :  0.02
 OPT_DTVMC (VMC time-step optimization)   :  T
 VMC_NSTEP (num VMC steps)                :  1024
 VMC_NCONFIG_WRITE (num configs to write) :  1024
 VMC_NBLOCK (num VMC blocks)              :  1
 VMC_EQUIL_NSTEP (num equil steps)        :  5000
 VMC_DECORR_PERIOD (length of inner loop) :  1
 VMC_AVE_PERIOD (hist reduction factor)   :  1
 VMC_SAMPLING                             :  standard
 DMC_TARGET_WEIGHT                        :  1024.0
 DMC_MD                                   :  F
 DMC_EQUIL_NSTEP (num equil steps)        :  10000
 DMC_EQUIL_NBLOCK (num blocks)            :  1
 DMC_STATS_NSTEP (num stats steps)        :  100000
 DMC_STATS_NBLOCK (num blocks)            :  10
 DMC_DECORR_PERIOD (length of inner loop) :  1
 DMC_AVE_PERIOD (hist reduction factor)   :  1
 DMC_TRIP_WEIGHT (catastrophe thres)      :  0.00
 EBEST_AV_WINDOW (running av for energy)  :  25
 DMC_METHOD (choice of DMC algorithm)     :  2
 DMC_REWEIGHT_CONF (Update weights)       :  F
 DMC_SPACEWARPING (adjust e to new wfn)   :  F
 REDIST_GRP_SIZE (size of redist groups)  :  500
 DTDMC (DMC time step)                    :  0.0068
 TPDMC (DMC T_p parameter)                :  0
 CEREFDMC (constant for EREF [DMC])       :  1.000
 NUCLEUS_GF_MODS (DMC GF mods for nuclei) :  T
 ALPHALIMIT                               :  0.5
 IACCUM (flag for statistics run [DMC])   :  T
 IBRAN (flag to enable branching [DMC])   :  T
 LWDMC (flag for enabling weighted DMC)   :  F
 LWDMC_FIXPOP (fixed population LWDMC)    :  F
 DMC_NORM_CONSERVE                        :  F
 DMC_POPRENORM (renormalize config popn)  :  F
 GROWTH_ESTIMATOR (calc growth estimator) :  F
 USE_TMOVE                                :  False
 FUTURE_WALKING                           :  F
 MAKEMOVIE                                :  F
 FORCES                                   :  F

 ======================================================
 PERFORMING A VMC CONFIGURATION-GENERATION CALCULATION.
 ======================================================


 BEGIN VMC CALCULATION
 =====================

 Running VMC equilibration (5000 moves).
 Performing time-step optimization.
 Optimized step size: 0.11816
 DTVMC: 0.00465

 Starting VMC.

 =========================================================================
 In block : 1
  Number of VMC steps           = 1024

  Block average energies (au)

  Total energy                       (au) =         -54.668079033150
  Standard error                        +/-           0.037342261091

  Constant energy contributions      (au) =           0.000000000000

  Variance of local energy           (au) =           0.305770640492
  Standard error                        +/-           0.000000000000

 Time taken in block    : : :       0.4147

 =========================================================================
 FINAL RESULT:

  VMC energy (au)    Standard error      Correction for serial correlation

 -54.668079033150 +/- 0.037342261091      On-the-fly reblocking method

 Sample variance of E_L (au^2/sim.cell) : 0.305770640492


 *     *     *     *     *     *     *     *     *     *     *     *

 ===========================================
 PERFORMING A DMC EQUILIBRATION CALCULATION.
 ===========================================

 BEGIN DMC CALCULATION
 =====================

 Random number generator reset to state in config.in.

 EBEST = -54.66807903314955 (au/prim cell inc. N-N)
 EREF  = -54.66807903314955


 =========================================================================
 In block : 1

 Number of moves in block                 : 10000
 Load-balancing efficiency (%)            : 93.004
 Acceptance ratio (%)                     : 89.707
 Number of config transfers               : 465
 New best estimate of DMC energy (au)     : -54.58283503
 New best estimate of effective time step : 0.00610008

 Time taken in block    : : :       1534.2237

 *     *     *     *     *     *     *     *     *     *     *     *

 =====================================================
 PERFORMING A DMC STATISTICS-ACCUMULATION CALCULATION.
 =====================================================

 BEGIN DMC CALCULATION
 =====================

 Random number generator reset to state in config.in.

 EBEST = -54.54255793592613 (au/prim cell inc. N-N)
 EREF  = -54.54255793592613

 Number of previous DMC stats accumulation moves : 0

 =========================================================================
 In block : 1

 Number of moves in block                 : 10000
 Load-balancing efficiency (%)            : 93.526
 Acceptance ratio (%)                     : 90.978
 Number of config transfers               : 488
 New best estimate of DMC energy (au)     : -54.58404341
 New best estimate of effective time step : 0.00618653

 Time taken in block    : : :       1648.0009

 =========================================================================
 In block : 2

 Number of moves in block                 : 10000
 Load-balancing efficiency (%)            : 93.150
 Acceptance ratio (%)                     : 91.483
 Number of config transfers               : 506
 New best estimate of DMC energy (au)     : -54.58436644
 New best estimate of effective time step : 0.00622084

 Time taken in block    : : :       1440.5168

 =========================================================================
 In block : 3

 Number of moves in block                 : 10000
 Load-balancing efficiency (%)            : 93.563
 Acceptance ratio (%)                     : 90.614
 Number of config transfers               : 483
 New best estimate of DMC energy (au)     : -54.58429330
 New best estimate of effective time step : 0.00616173

 Time taken in block    : : :       1447.2383

 =========================================================================
 In block : 4

 Number of moves in block                 : 10000
 Load-balancing efficiency (%)            : 92.600
 Acceptance ratio (%)                     : 90.794
 Number of config transfers               : 565
 New best estimate of DMC energy (au)     : -54.58413021
 New best estimate of effective time step : 0.00617397

 Time taken in block    : : :       1421.2229

 =========================================================================
 In block : 5

 Number of moves in block                 : 10000
 Load-balancing efficiency (%)            : 93.800
 Acceptance ratio (%)                     : 90.510
 Number of config transfers               : 394
 New best estimate of DMC energy (au)     : -54.58419883
 New best estimate of effective time step : 0.00615468

 Time taken in block    : : :       1432.5276

 =========================================================================
 In block : 6

 Number of moves in block                 : 10000
 Load-balancing efficiency (%)            : 94.148
 Acceptance ratio (%)                     : 90.855
 Number of config transfers               : 413
 New best estimate of DMC energy (au)     : -54.58419907
 New best estimate of effective time step : 0.00617813

 Time taken in block    : : :       1425.8060

 =========================================================================
 In block : 7

 Number of moves in block                 : 10000
 Load-balancing efficiency (%)            : 94.228
 Acceptance ratio (%)                     : 89.417
 Number of config transfers               : 405
 New best estimate of DMC energy (au)     : -54.58416035
 New best estimate of effective time step : 0.00608036

 Time taken in block    : : :       1352.4604

 =========================================================================
 In block : 8

 Number of moves in block                 : 10000
 Load-balancing efficiency (%)            : 93.538
 Acceptance ratio (%)                     : 91.105
 Number of config transfers               : 475
 New best estimate of DMC energy (au)     : -54.58408093
 New best estimate of effective time step : 0.00619516

 Time taken in block    : : :       1374.9050

 =========================================================================
 In block : 9

 Number of moves in block                 : 10000
 Load-balancing efficiency (%)            : 93.814
 Acceptance ratio (%)                     : 91.004
 Number of config transfers               : 453
 New best estimate of DMC energy (au)     : -54.58402716
 New best estimate of effective time step : 0.00618824

 Time taken in block    : : :       1512.9374

 =========================================================================
 In block : 10

 Number of moves in block                 : 10000
 Load-balancing efficiency (%)            : 94.442
 Acceptance ratio (%)                     : 91.226
 Number of config transfers               : 394
 New best estimate of DMC energy (au)     : -54.58401948
 New best estimate of effective time step : 0.00620339

 Time taken in block    : : :       1506.6464

Mixed estimators of the energies at the end of the run
------------------------------------------------------

Total energy                 =       -54.584019478222 +/- 0.000121879710

 =========================================================================

 Total PyCasino real time : : :    16098.8771
