
 ------------------------------------------------------------------------------
 ########::'##:::'##::'######:::::'###:::::'######::'####:'##::: ##::'#######::
 ##.... ##:. ##:'##::'##... ##:::'## ##:::'##... ##:. ##:: ###:: ##:'##.... ##:
 ##:::: ##::. ####::: ##:::..:::'##:. ##:: ##:::..::: ##:: ####: ##: ##:::: ##:
 ########::::. ##:::: ##:::::::'##:::. ##:. ######::: ##:: ## ## ##: ##:::: ##:
 ##.....:::::: ##:::: ##::::::: #########::..... ##:: ##:: ##. ####: ##:::: ##:
 ##::::::::::: ##:::: ##::: ##: ##.... ##:'##::: ##:: ##:: ##:. ###: ##:::: ##:
 ##::::::::::: ##::::. ######:: ##:::: ##:. ######::'####: ##::. ##:. #######::
 .::::::::::::..::::::......:::..:::::..:::......:::....::..::::..:::.......:::

                     Python Quantum Monte Carlo Package
                        v 0.2.0 [Vladimir Konkov]

    Main Author : Vladimir Konkov
 ------------------------------------------------------------------------------
 Started 2024/11/02 12:26:27

 Python 3.10.12 (main, Sep 11 2024, 15:47:36) [GCC 11.4.0]
 Numba 0.59.0
 Numpy 1.26.4
 Scipy 1.11.3

 Running in parallel using 4 MPI processes.

 General input parameters
 ========================
 NEU (num up spin electrons)              :  5
 NED (num down spin electrons)            :  5
 RUNTYPE (type of run)                    :  vmc_dmc
 PSI_S  (form for [anti]symmetrizing wfn) :  slater
 ATOM_BASIS_TYPE (atom-centred orb basis) :  slater-type
 INTERACTION (interaction type)           :  coulomb
 TESTRUN (read input data,print and stop) :  F
 PERIODIC                                 :  F
 COMPLEX_WF (complex Slater wave fn.)     :  F
 NEIGHPRINT (neighbour analysis)          :  0
 USE_JASTROW (use Jastrow factor)         :  T
 BACKFLOW (use backflow corrections)      :  T
 USE_ORBMODS (use orbitals modifications) :  F
 CUSP_CORRECTION                          :  F
 NON_LOCAL_GRID (NL integration grid)     :  4
 E_OFFSET (energy offset)                 :  0.0000
 GAUTOL  (Gaussian evaluation tolerance)  :  7.0
 SPARSE                                   :  F
 DIPOLE_MOMENT                            :  F
 RELATIVISTIC                             :  F

 VMC/DMC input parameters
 ====================
 NEWRUN (start new run)                   :  T
 VMC_METHOD (choice of VMC algorithm)     :  3
 DTVMC (VMC time step)                    :  0.02
 OPT_DTVMC (VMC time-step optimization)   :  T
 VMC_NSTEP (num VMC steps)                :  1024
 VMC_NCONFIG_WRITE (num configs to write) :  1024
 VMC_NBLOCK (num VMC blocks)              :  1
 VMC_EQUIL_NSTEP (num equil steps)        :  5000
 VMC_DECORR_PERIOD (length of inner loop) :  1
 VMC_AVE_PERIOD (hist reduction factor)   :  1
 VMC_SAMPLING                             :  standard
 DMC_TARGET_WEIGHT                        :  1024.0
 DMC_MD                                   :  F
 DMC_EQUIL_NSTEP (num equil steps)        :  10000
 DMC_EQUIL_NBLOCK (num blocks)            :  1
 DMC_STATS_NSTEP (num stats steps)        :  50000
 DMC_STATS_NBLOCK (num blocks)            :  5
 DMC_DECORR_PERIOD (length of inner loop) :  1
 DMC_AVE_PERIOD (hist reduction factor)   :  1
 DMC_TRIP_WEIGHT (catastrophe thres)      :  0.00
 EBEST_AV_WINDOW (running av for energy)  :  25
 DMC_METHOD (choice of DMC algorithm)     :  2
 DMC_REWEIGHT_CONF (Update weights)       :  F
 DMC_SPACEWARPING (adjust e to new wfn)   :  F
 REDIST_GRP_SIZE (size of redist groups)  :  500
 DTDMC (DMC time step)                    :  0.003333
 TPDMC (DMC T_p parameter)                :  0
 CEREFDMC (constant for EREF [DMC])       :  1.000
 NUCLEUS_GF_MODS (DMC GF mods for nuclei) :  T
 ALPHALIMIT                               :  0.5
 IACCUM (flag for statistics run [DMC])   :  T
 IBRAN (flag to enable branching [DMC])   :  T
 LWDMC (flag for enabling weighted DMC)   :  F
 LWDMC_FIXPOP (fixed population LWDMC)    :  F
 DMC_NORM_CONSERVE                        :  F
 DMC_POPRENORM (renormalize config popn)  :  F
 GROWTH_ESTIMATOR (calc growth estimator) :  F
 USE_TMOVE                                :  False
 FUTURE_WALKING                           :  F
 MAKEMOVIE                                :  F
 FORCES                                   :  F

 ======================================================
 PERFORMING A VMC CONFIGURATION-GENERATION CALCULATION.
 ======================================================


 BEGIN VMC CALCULATION
 =====================

 Running VMC equilibration (5000 moves).
 Performing time-step optimization.
 Optimized step size: 0.07583
 DTVMC: 0.00192

 Starting VMC.

 =========================================================================
 In block : 1
  Number of VMC steps           = 1024

  Block average energies (au)

  Total energy                       (au) =        -129.049997002417
  Standard error                        +/-           0.109234844414

  Constant energy contributions      (au) =           0.000000000000

  Variance of local energy           (au) =           1.123738959009
  Standard error                        +/-           0.000000000000

 Time taken in block    : : :       0.4303

 =========================================================================
 FINAL RESULT:

  VMC energy (au)    Standard error      Correction for serial correlation

 -129.049997002417 +/- 0.109234844414      On-the-fly reblocking method

 Sample variance of E_L (au^2/sim.cell) : 1.123738959009


 *     *     *     *     *     *     *     *     *     *     *     *

 ===========================================
 PERFORMING A DMC EQUILIBRATION CALCULATION.
 ===========================================

 BEGIN DMC CALCULATION
 =====================

 Random number generator reset to state in config.in.

 EBEST = -129.049997002417 (au/prim cell inc. N-N)
 EREF  = -129.049997002417


 =========================================================================
 In block : 1

 Number of moves in block                 : 10000
 Load-balancing efficiency (%)            : 94.270
 Acceptance ratio (%)                     : 88.969
 Number of config transfers               : 402
 New best estimate of DMC energy (au)     : -128.93186278
 New best estimate of effective time step : 0.00296535

 Time taken in block    : : :       2755.3940

 *     *     *     *     *     *     *     *     *     *     *     *

 =====================================================
 PERFORMING A DMC STATISTICS-ACCUMULATION CALCULATION.
 =====================================================

 BEGIN DMC CALCULATION
 =====================

 Random number generator reset to state in config.in.

 EBEST = -128.90605457510426 (au/prim cell inc. N-N)
 EREF  = -128.8805210699384

 Number of previous DMC stats accumulation moves : 0

 =========================================================================
 In block : 1

 Number of moves in block                 : 10000
 Load-balancing efficiency (%)            : 93.669
 Acceptance ratio (%)                     : 89.174
 Number of config transfers               : 469
 New best estimate of DMC energy (au)     : -128.93172363
 New best estimate of effective time step : 0.00297216

 Time taken in block    : : :       2583.0416

 =========================================================================
 In block : 2

 Number of moves in block                 : 10000
 Load-balancing efficiency (%)            : 93.941
 Acceptance ratio (%)                     : 89.307
 Number of config transfers               : 453
 New best estimate of DMC energy (au)     : -128.93120529
 New best estimate of effective time step : 0.00297661

 Time taken in block    : : :       2775.1692

 =========================================================================
 In block : 3

 Number of moves in block                 : 10000
 Load-balancing efficiency (%)            : 94.586
 Acceptance ratio (%)                     : 89.859
 Number of config transfers               : 383
 New best estimate of DMC energy (au)     : -128.93114239
 New best estimate of effective time step : 0.00299502

 Time taken in block    : : :       2596.9103

 =========================================================================
 In block : 4

 Number of moves in block                 : 10000
 Load-balancing efficiency (%)            : 93.887
 Acceptance ratio (%)                     : 90.270
 Number of config transfers               : 441
 New best estimate of DMC energy (au)     : -128.93151454
 New best estimate of effective time step : 0.00300870

 Time taken in block    : : :       2671.5619

 =========================================================================
 In block : 5

 Number of moves in block                 : 10000
 Load-balancing efficiency (%)            : 94.082
 Acceptance ratio (%)                     : 88.417
 Number of config transfers               : 439
 New best estimate of DMC energy (au)     : -128.93161739
 New best estimate of effective time step : 0.00294694

 Time taken in block    : : :       2587.6953

Mixed estimators of the energies at the end of the run
------------------------------------------------------

Total energy                 =       -128.931617390442 +/- 0.000325597731

 =========================================================================

 Total PyCasino real time : : :    15972.7095
