
 ------------------------------------------------------------------------------
 ########::'##:::'##::'######:::::'###:::::'######::'####:'##::: ##::'#######::
 ##.... ##:. ##:'##::'##... ##:::'## ##:::'##... ##:. ##:: ###:: ##:'##.... ##:
 ##:::: ##::. ####::: ##:::..:::'##:. ##:: ##:::..::: ##:: ####: ##: ##:::: ##:
 ########::::. ##:::: ##:::::::'##:::. ##:. ######::: ##:: ## ## ##: ##:::: ##:
 ##.....:::::: ##:::: ##::::::: #########::..... ##:: ##:: ##. ####: ##:::: ##:
 ##::::::::::: ##:::: ##::: ##: ##.... ##:'##::: ##:: ##:: ##:. ###: ##:::: ##:
 ##::::::::::: ##::::. ######:: ##:::: ##:. ######::'####: ##::. ##:. #######::
 .::::::::::::..::::::......:::..:::::..:::......:::....::..::::..:::.......:::

                     Python Quantum Monte Carlo Package
                        v 0.2.0 [Vladimir Konkov]

    Main Author : Vladimir Konkov
 ------------------------------------------------------------------------------
 Started 2024/10/02 10:09:16

 Python 3.10.12 (main, Sep 11 2024, 15:47:36) [GCC 11.4.0]
 Numba 0.59.0
 Numpy 1.26.4
 Scipy 1.11.3

 Running in parallel using 4 MPI processes.

 General input parameters
 ========================
 NEU (num up spin electrons)              :  2
 NED (num down spin electrons)            :  1
 RUNTYPE (type of run)                    :  vmc_opt
 PSI_S  (form for [anti]symmetrizing wfn) :  slater
 ATOM_BASIS_TYPE (atom-centred orb basis) :  gaussian
 INTERACTION (interaction type)           :  coulomb
 TESTRUN (read input data,print and stop) :  F
 PERIODIC                                 :  F
 COMPLEX_WF (complex Slater wave fn.)     :  F
 NEIGHPRINT (neighbour analysis)          :  0
 USE_JASTROW (use Jastrow factor)         :  T
 BACKFLOW (use backflow corrections)      :  T
 USE_ORBMODS (use orbitals modifications) :  F
 CUSP_CORRECTION                          :  T
 NON_LOCAL_GRID (NL integration grid)     :  4
 E_OFFSET (energy offset)                 :  0.0000
 SPARSE                                   :  F
 DIPOLE_MOMENT                            :  F
 CHECKPOINT (checkpointing level)         :  1
 CON_LOC (Dir to read/write config.*)     :  ./
 RELATIVISTIC                             :  F

 VMC/optimization input parameters
 ====================
 NEWRUN (start new run)                   :  T
 VMC_METHOD (choice of VMC algorithm)     :  3
 DTVMC (VMC time step)                    :  0.02
 OPT_DTVMC (VMC time-step optimization)   :  T
 VMC_NSTEP (num VMC steps)                :  100000
 VMC_NCONFIG_WRITE (num configs to write) :  100000
 VMC_NBLOCK (num VMC blocks)              :  1
 VMC_EQUIL_NSTEP (num equil steps)        :  5000
 VMC_DECORR_PERIOD (length of inner loop) :  10
 VMC_AVE_PERIOD (hist reduction factor)   :  1
 VMC_SAMPLING                             :  standard
 OPT_CYCLES (num optimization cycles)     :  2
 POSTFIT_VMC (perform post-fit VMC calc)  :  T
 POSTFIT_KEEP_CFG (keep post-fit VMC cfgs):  F
 OPT_NOCTF_CYCLES (fixed cutoff cycles)   :  0
 OPT_INFO (information level)             :  2
 OPT_JASTROW (opt Jastrow factor)         :  T
 OPT_DET_COEFF (opt det coeffs)           :  F
 OPT_ORBITALS (opt orbitals)              :  F
 OPT_BACKFLOW (opt backflow params)       :  T
 OPT_FIXNL (fix nonlocal energy)          :  T
 OPT_MAXITER (max num iterations)         :  10
 OPT_MAXEVAL (max num evaluations)        :  200
 VM_SMOOTH_LIMITS (smooth limiting)       :  F
 VM_REWEIGHT (reweighting)                :  F
 VM_FILTER (filter outlying configs)      :  F
 VM_USE_E_GUESS (use guess energy)        :  F
 EMIN_XI_VALUE (xi parameter)             :  1.0
 MAKEMOVIE                                :  F
 FORCES                                   :  F

 Non-local integration grids
 ===========================
 Ion type            :  1
 Non-local grid no.  :  4
 Lexact              :  5
 Number of points    :  12

 BEGIN VMC CALCULATION
 =====================

 Running VMC equilibration (5000 moves).
 Performing time-step optimization.
 Optimized step size: 0.81832
 DTVMC: 0.22322

 Starting VMC.

 =========================================================================
 In block : 1
  Number of VMC steps           = 100000

  Block average energies (au)

  Total energy                       (au) =          -2.540574858035
  Standard error                        +/-           0.001601192199

  Constant energy contributions      (au) =           0.000000000000

  Variance of local energy           (au) =           0.197298281066
  Standard error                        +/-           0.000000000000

 Time taken in block    : : :       10.2023

 =========================================================================
 FINAL RESULT:

  VMC energy (au)    Standard error      Correction for serial correlation

 -2.540574858035 +/- 0.001601192199      On-the-fly reblocking method

 Sample variance of E_L (au^2/sim.cell) : 0.197298281066


 ==========================================
 PERFORMING OPTIMIZATION CALCULATION No. 1.
 ==========================================


 Optimization start
 ==================
   Iteration     Total nfev        Cost      Cost reduction    Step norm     Optimality
       0              1         1.3308e-01                                    5.38e+05
       1              2         3.1110e-02      1.02e-01       1.18e-01       1.50e+05
       2              6         3.0467e-02      6.43e-04       4.73e-03       3.43e+04
       3              8         3.0464e-02      3.61e-06       2.98e-04       3.13e+04
       4             16         3.0462e-02      1.51e-06       4.50e-09       3.13e+04
`ftol` termination condition is satisfied.
Function evaluations 16, initial cost 1.3308e-01, final cost 3.0462e-02, first-order optimality 3.13e+04.
Norm of Jacobian at the solution: 1.04520e-11

 BEGIN VMC CALCULATION
 =====================

 Running VMC equilibration (5000 moves).
 Performing time-step optimization.
 Optimized step size: 0.79870
 DTVMC: 0.21264

 Starting VMC.

 =========================================================================
 In block : 1
  Number of VMC steps           = 100000

  Block average energies (au)

  Total energy                       (au) =          -2.596808822836
  Standard error                        +/-           0.000580315683

  Constant energy contributions      (au) =           0.000000000000

  Variance of local energy           (au) =           0.026611155764
  Standard error                        +/-           0.000000000000

 Time taken in block    : : :       11.1774

 =========================================================================
 FINAL RESULT:

  VMC energy (au)    Standard error      Correction for serial correlation

 -2.596808822836 +/- 0.000580315683      On-the-fly reblocking method

 Sample variance of E_L (au^2/sim.cell) : 0.026611155764


 ==========================================
 PERFORMING OPTIMIZATION CALCULATION No. 2.
 ==========================================


 Optimization start
 ==================
   Iteration     Total nfev        Cost      Cost reduction    Step norm     Optimality
       0              1         2.3167e-02                                    4.16e+04
       1              6         2.2904e-02      2.63e-04       2.72e-02       1.19e+04
       2              8         2.2890e-02      1.42e-05       2.53e-03       1.14e+04
       3              9         2.2887e-02      3.02e-06       6.40e-04       1.20e+04
       4             12         2.2882e-02      4.99e-06       1.00e-05       1.20e+04
`ftol` termination condition is satisfied.
Function evaluations 12, initial cost 2.3167e-02, final cost 2.2882e-02, first-order optimality 1.20e+04.
Norm of Jacobian at the solution: 2.33695e-12

 BEGIN VMC CALCULATION
 =====================

 Running VMC equilibration (5000 moves).
 Performing time-step optimization.
 Optimized step size: 0.81379
 DTVMC: 0.22075

 Starting VMC.

 =========================================================================
 In block : 1
  Number of VMC steps           = 100000

  Block average energies (au)

  Total energy                       (au) =          -2.598087766151
  Standard error                        +/-           0.000532399005

  Constant energy contributions      (au) =           0.000000000000

  Variance of local energy           (au) =           0.022611885228
  Standard error                        +/-           0.000000000000

 Time taken in block    : : :       10.2535

 =========================================================================
 FINAL RESULT:

  VMC energy (au)    Standard error      Correction for serial correlation

 -2.598087766151 +/- 0.000532399005      On-the-fly reblocking method

 Sample variance of E_L (au^2/sim.cell) : 0.022611885228


 =========================================================================

 Total PyCasino real time : : :    1147.3944
