
 ------------------------------------------------------------------------------
 ########::'##:::'##::'######:::::'###:::::'######::'####:'##::: ##::'#######::
 ##.... ##:. ##:'##::'##... ##:::'## ##:::'##... ##:. ##:: ###:: ##:'##.... ##:
 ##:::: ##::. ####::: ##:::..:::'##:. ##:: ##:::..::: ##:: ####: ##: ##:::: ##:
 ########::::. ##:::: ##:::::::'##:::. ##:. ######::: ##:: ## ## ##: ##:::: ##:
 ##.....:::::: ##:::: ##::::::: #########::..... ##:: ##:: ##. ####: ##:::: ##:
 ##::::::::::: ##:::: ##::: ##: ##.... ##:'##::: ##:: ##:: ##:. ###: ##:::: ##:
 ##::::::::::: ##::::. ######:: ##:::: ##:. ######::'####: ##::. ##:. #######::
 .::::::::::::..::::::......:::..:::::..:::......:::....::..::::..:::.......:::

                     Python Quantum Monte Carlo Package
                        v 0.2.0 [Vladimir Konkov]

    Main Author : Vladimir Konkov
 ------------------------------------------------------------------------------
 Started 2024/08/14 14:21:14

 Python 3.10.12 (main, Jul 29 2024, 16:56:48) [GCC 11.4.0]
 Numba 0.59.0
 Numpy 1.26.4
 Scipy 1.11.3

 Running in parallel using 4 MPI processes.

 General input parameters
 ========================
 NEU (num up spin electrons)              :  18
 NED (num down spin electrons)            :  18
 RUNTYPE (type of run)                    :  vmc_opt
 PSI_S  (form for [anti]symmetrizing wfn) :  slater
 ATOM_BASIS_TYPE (atom-centred orb basis) :  gaussian
 INTERACTION (interaction type)           :  coulomb
 TESTRUN (read input data,print and stop) :  F
 PERIODIC                                 :  F
 COMPLEX_WF (complex Slater wave fn.)     :  F
 NEIGHPRINT (neighbour analysis)          :  0
 USE_JASTROW (use Jastrow factor)         :  T
 BACKFLOW (use backflow corrections)      :  F
 USE_ORBMODS (use orbitals modifications) :  F
 E_OFFSET (energy offset)                 :  0.0000
 CHECKPOINT (checkpointing level)         :  1
 CON_LOC (Dir to read/write config.*)     :  ./
 RELATIVISTIC                             :  F

 VMC/optimization input parameters
 ====================
 NEWRUN (start new run)                   :  T
 VMC_METHOD (choice of VMC algorithm)     :  3
 DTVMC (VMC time step)                    :  1.0000E-02
 OPT_DTVMC (VMC time-step optimization)   :  1
 VMC_NSTEP (num VMC steps)                :  100000
 VMC_NCONFIG_WRITE (num configs to write) :  100000
 VMC_NBLOCK (num VMC blocks)              :  1
 VMC_EQUIL_NSTEP (num equil steps)        :  5000
 VMC_DECORR_PERIOD (length of inner loop) :  10
 VMC_AVE_PERIOD (hist reduction factor)   :  1
 VMC_SAMPLING                             :  standard
 MAKEMOVIE                                :  F
 FORCES                                   :  F

 Gaussian cusp correction
 ========================
 Activated.

 BEGIN VMC CALCULATION
 =====================

 Running VMC equilibration (5000 moves).
 Performing time-step optimization.
 Optimized step size: 0.01659
 DTVMC: 0.00009

 Starting VMC.

 =========================================================================
 In block : 1
  Number of VMC steps           = 100000

  Block average energies (au)

  Total energy                       (au) =       -2752.209365444766
  Standard error                        +/-           0.247343179501

  Constant energy contributions      (au) =           0.000000000000

  Variance of local energy           (au) =         803.990277111217
  Standard error                        +/-           0.000000000000

 Time taken in block    : : :       107.8623

 =========================================================================
 FINAL RESULT:

  VMC energy (au)    Standard error      Correction for serial correlation

 -2752.209365444766 +/- 0.247343179501      On-the-fly reblocking method

 Sample variance of E_L (au^2/sim.cell) : 803.990277111217


 ==========================================
 PERFORMING OPTIMIZATION CALCULATION No. 1.
 ==========================================


 Optimization start
 ==================
   Iteration     Total nfev        Cost      Cost reduction    Step norm     Optimality
       0              1         5.1732e+03                                    8.75e+06
       1              2         4.7607e+03      4.12e+02       9.51e-04       8.20e+06
       2              3         4.0236e+03      7.37e+02       1.84e-03       7.12e+06
       3              4         2.9123e+03      1.11e+03       3.48e-03       5.09e+06
       4              5         1.7595e+03      1.15e+03       7.07e-03       2.50e+06
       5              6         9.6333e+02      7.96e+02       1.57e-02       7.47e+05
       6              7         5.5326e+02      4.10e+02       3.01e-02       2.75e+05
       7              8         3.2028e+02      2.33e+02       7.23e-02       5.76e+04
       8              9         2.1492e+02      1.05e+02       1.46e-01       6.00e+04
       9             10         1.7185e+02      4.31e+01       2.65e-01       3.31e+04
      10             11         1.4243e+02      2.94e+01       2.77e-01       2.73e+04
      11             12         1.2528e+02      1.71e+01       6.98e-01       2.72e+04
      12             13         1.1462e+02      1.07e+01       1.38e+00       9.63e+03
      13             14         1.0789e+02      6.73e+00       1.08e+00       5.93e+03
      14             15         1.0785e+02      3.89e-02       2.63e-02       2.80e+02
`ftol` termination condition is satisfied.
Function evaluations 15, initial cost 5.1732e+03, final cost 1.0785e+02, first-order optimality 2.80e+02.
Norm of Jacobian at the solution: 3.74692e-12

 BEGIN VMC CALCULATION
 =====================

 Running VMC equilibration (5000 moves).
 Performing time-step optimization.
 Optimized step size: 0.01736
 DTVMC: 0.00010

 Starting VMC.

 =========================================================================
 In block : 1
  Number of VMC steps           = 100000

  Block average energies (au)

  Total energy                       (au) =       -2753.222996924113
  Standard error                        +/-           0.098672120170

  Constant energy contributions      (au) =           0.000000000000

  Variance of local energy           (au) =         106.454652017234
  Standard error                        +/-           0.000000000000

 Time taken in block    : : :       118.5537

 =========================================================================
 FINAL RESULT:

  VMC energy (au)    Standard error      Correction for serial correlation

 -2753.222996924113 +/- 0.098672120170      On-the-fly reblocking method

 Sample variance of E_L (au^2/sim.cell) : 106.454652017234


 ==========================================
 PERFORMING OPTIMIZATION CALCULATION No. 2.
 ==========================================


 Optimization start
 ==================
   Iteration     Total nfev        Cost      Cost reduction    Step norm     Optimality
       0              1         1.0444e+02                                    8.43e+04
       1              5         1.0328e+02      1.17e+00       9.61e-02       3.48e+04
       2              6         1.0282e+02      4.57e-01       1.32e-01       3.14e+04
`ftol` termination condition is satisfied.
Function evaluations 6, initial cost 1.0444e+02, final cost 1.0282e+02, first-order optimality 3.14e+04.
Norm of Jacobian at the solution: 1.07610e-12

 BEGIN VMC CALCULATION
 =====================

 Running VMC equilibration (5000 moves).
 Performing time-step optimization.
 Optimized step size: 0.01689
 DTVMC: 0.00010

 Starting VMC.

 =========================================================================
 In block : 1
  Number of VMC steps           = 100000

  Block average energies (au)

  Total energy                       (au) =       -2753.557371152153
  Standard error                        +/-           0.095253513465

  Constant energy contributions      (au) =           0.000000000000

  Variance of local energy           (au) =         102.194782933894
  Standard error                        +/-           0.000000000000

 Time taken in block    : : :       119.8898

 =========================================================================
 FINAL RESULT:

  VMC energy (au)    Standard error      Correction for serial correlation

 -2753.557371152153 +/- 0.095253513465      On-the-fly reblocking method

 Sample variance of E_L (au^2/sim.cell) : 102.194782933894


 =========================================================================

 Total PyCasino real time : : :    2562.5114
