
 ------------------------------------------------------------------------------
 ########::'##:::'##::'######:::::'###:::::'######::'####:'##::: ##::'#######::
 ##.... ##:. ##:'##::'##... ##:::'## ##:::'##... ##:. ##:: ###:: ##:'##.... ##:
 ##:::: ##::. ####::: ##:::..:::'##:. ##:: ##:::..::: ##:: ####: ##: ##:::: ##:
 ########::::. ##:::: ##:::::::'##:::. ##:. ######::: ##:: ## ## ##: ##:::: ##:
 ##.....:::::: ##:::: ##::::::: #########::..... ##:: ##:: ##. ####: ##:::: ##:
 ##::::::::::: ##:::: ##::: ##: ##.... ##:'##::: ##:: ##:: ##:. ###: ##:::: ##:
 ##::::::::::: ##::::. ######:: ##:::: ##:. ######::'####: ##::. ##:. #######::
 .::::::::::::..::::::......:::..:::::..:::......:::....::..::::..:::.......:::

                     Python Quantum Monte Carlo Package
                        v 0.2.0 [Vladimir Konkov]

    Main Author : Vladimir Konkov
 ------------------------------------------------------------------------------
 Started 2024/08/28 07:35:03

 Python 3.10.12 (main, Jul 29 2024, 16:56:48) [GCC 11.4.0]
 Numba 0.59.0
 Numpy 1.26.4
 Scipy 1.11.3

 Running in parallel using 4 MPI processes.

 General input parameters
 ========================
 NEU (num up spin electrons)              :  4
 NED (num down spin electrons)            :  2
 RUNTYPE (type of run)                    :  vmc_opt
 PSI_S  (form for [anti]symmetrizing wfn) :  slater
 ATOM_BASIS_TYPE (atom-centred orb basis) :  gaussian
 INTERACTION (interaction type)           :  coulomb
 TESTRUN (read input data,print and stop) :  F
 PERIODIC                                 :  F
 COMPLEX_WF (complex Slater wave fn.)     :  F
 NEIGHPRINT (neighbour analysis)          :  0
 USE_JASTROW (use Jastrow factor)         :  T
 BACKFLOW (use backflow corrections)      :  T
 USE_ORBMODS (use orbitals modifications) :  F
 E_OFFSET (energy offset)                 :  0.0000
 CHECKPOINT (checkpointing level)         :  1
 CON_LOC (Dir to read/write config.*)     :  ./
 RELATIVISTIC                             :  F

 VMC/optimization input parameters
 ====================
 NEWRUN (start new run)                   :  T
 VMC_METHOD (choice of VMC algorithm)     :  3
 DTVMC (VMC time step)                    :  1.0000E-02
 OPT_DTVMC (VMC time-step optimization)   :  1
 VMC_NSTEP (num VMC steps)                :  100000
 VMC_NCONFIG_WRITE (num configs to write) :  100000
 VMC_NBLOCK (num VMC blocks)              :  1
 VMC_EQUIL_NSTEP (num equil steps)        :  5000
 VMC_DECORR_PERIOD (length of inner loop) :  10
 VMC_AVE_PERIOD (hist reduction factor)   :  1
 VMC_SAMPLING                             :  standard
 MAKEMOVIE                                :  F
 FORCES                                   :  F

 Non-local integration grids
 ===========================
 Ion type            :  1
 Non-local grid no.  :  4
 Lexact              :  5
 Number of points    :  12

 BEGIN VMC CALCULATION
 =====================

 Running VMC equilibration (5000 moves).
 Performing time-step optimization.
 Optimized step size: 0.27593
 DTVMC: 0.02538

 Starting VMC.

 =========================================================================
 In block : 1
  Number of VMC steps           = 100000

  Block average energies (au)

  Total energy                       (au) =         -15.652912273833
  Standard error                        +/-           0.007035030343

  Constant energy contributions      (au) =           0.000000000000

  Variance of local energy           (au) =           2.166087538457
  Standard error                        +/-           0.000000000000

 Time taken in block    : : :       40.9021

 =========================================================================
 FINAL RESULT:

  VMC energy (au)    Standard error      Correction for serial correlation

 -15.652912273833 +/- 0.007035030343      On-the-fly reblocking method

 Sample variance of E_L (au^2/sim.cell) : 2.166087538457


 ==========================================
 PERFORMING OPTIMIZATION CALCULATION No. 1.
 ==========================================


 Optimization start
 ==================
   Iteration     Total nfev        Cost      Cost reduction    Step norm     Optimality
       0              1         8.7854e-01                                    2.91e+05
       1              2         1.9568e-01      6.83e-01       2.94e-02       2.39e+04
       2              3         1.4351e-01      5.22e-02       7.10e-02       2.63e+04
       3              4         1.2941e-01      1.41e-02       1.14e-01       2.31e+04
       4              5         1.2561e-01      3.80e-03       1.17e-01       1.94e+04
       5              6         1.2429e-01      1.32e-03       1.08e-01       1.18e+04
       6              8         1.2426e-01      2.42e-05       1.28e-02       6.12e+03
       7              9         1.2424e-01      2.36e-05       2.80e-03       9.39e+02
       8             11         1.2416e-01      8.16e-05       1.32e-04       2.52e+03
`ftol` termination condition is satisfied.
Function evaluations 11, initial cost 8.7854e-01, final cost 1.2416e-01, first-order optimality 2.52e+03.
Norm of Jacobian at the solution: 1.85980e-12

 BEGIN VMC CALCULATION
 =====================

 Running VMC equilibration (5000 moves).
 Performing time-step optimization.
 Optimized step size: 0.27336
 DTVMC: 0.02491

 Starting VMC.

 =========================================================================
 In block : 1
  Number of VMC steps           = 100000

  Block average energies (au)

  Total energy                       (au) =         -15.833689380304
  Standard error                        +/-           0.001430462701

  Constant energy contributions      (au) =           0.000000000000

  Variance of local energy           (au) =           0.111021524125
  Standard error                        +/-           0.000000000000

 Time taken in block    : : :       43.5503

 =========================================================================
 FINAL RESULT:

  VMC energy (au)    Standard error      Correction for serial correlation

 -15.833689380304 +/- 0.001430462701      On-the-fly reblocking method

 Sample variance of E_L (au^2/sim.cell) : 0.111021524125


 ==========================================
 PERFORMING OPTIMIZATION CALCULATION No. 2.
 ==========================================


 Optimization start
 ==================
Stabilization: 1.0 SEM
E_0 -15.82878663 E_lin -15.79939011 dE 0.02939652
eigvector[0] 0.86995768
delta p / p
[ 2.84342526e-02  3.80772777e-01  2.49845749e-01  8.66900769e-02
 -2.21650620e-01 -2.12675613e-02 -2.64300815e-01 -8.23250673e-02
  1.50243449e-01  1.26506109e-01 -2.30617563e-01  1.30292582e-02
 -1.01078646e-01  1.37866704e-03 -1.98729757e-01 -9.87318958e-02
 -2.99483915e-01  2.35747283e-02  7.27304754e-02 -2.55202985e-01
  6.07172842e-01 -2.60325892e-01  6.46744989e-02  2.52551710e-02
 -8.04999969e-03  2.52676117e-01  9.10200248e-03  2.92377499e-01
  1.18056689e-01  2.61395886e-02 -3.65005510e-01  8.91517971e-01
  4.49252245e-01  9.15047933e-02 -2.71268608e-01  9.72971449e+00
  1.59357376e-01  4.06192044e-03 -5.30626419e-01 -1.45496409e+00
  9.53151783e-02 -8.37270270e-02 -3.66386827e+02  4.07364415e+00
  1.60087739e-01 -3.26620888e-01 -3.10987239e-01  1.21768657e-01
  5.77920680e-02 -2.42644071e-01  1.40807494e-01  5.87366012e-02
  8.53253587e-01 -2.21798062e-02  1.13128112e-02 -1.58692086e-01
  8.74266756e-03 -1.91995020e-01  5.66314173e-02 -3.30799386e-02
 -2.93320470e-01 -4.61577071e-01  2.28339165e-01  2.19189905e-03
  2.68791727e-01  8.81062726e-02  9.33582992e-03  1.43298406e-01
 -4.77225870e-02 -1.06436688e-01  7.06977604e-01  9.86577494e-02
  7.65703629e-02  1.41172467e-01 -5.97028187e-02  5.06811605e-01
 -4.87759264e-01  3.69652945e-02 -9.70677103e-02  4.41420828e-01
  7.67220155e-02 -3.47252412e-01  2.58717209e-01  1.68645085e-01
 -1.15839122e-01  5.24761828e-01  1.09538556e-01  3.48092691e+00
  6.00159583e-01  6.27140317e-01  3.31589108e-01 -8.69847175e-02
  8.52283661e-01 -5.39304664e-02  3.73335834e-01 -1.10574310e-02
 -9.21697871e-01  3.66104652e-01 -1.68237014e-01 -1.21280684e+00
  1.62910381e-02 -2.22348521e+01 -6.98774818e-01  2.06871299e-01
  5.73385911e-01 -2.88461903e-01  1.82613680e-01  7.67252980e-01
 -7.46093376e-02  4.00235035e-02  1.26744240e-02 -9.95080901e-02
  2.68749882e-02 -3.66899844e-01  4.95394496e-01  9.96321296e-03
 -8.90021785e+00 -7.31351851e-01 -4.38452903e-01  2.45185477e-01
  6.87798388e-01  1.29075940e-01 -5.74455025e-01  7.76060570e-02
 -2.00840471e+00  6.58480622e-01  2.26963264e+00  4.24611024e-01
 -6.25349129e-02  1.06293344e-01 -1.24445382e-01  5.51025060e-02
  1.32992907e-02  1.06355644e-01  1.80111328e-01 -1.66737587e-01
 -4.64768292e-02  1.05623673e+00 -4.41723451e-01 -1.03004038e-02
  4.68068592e-01  1.50769831e-01 -3.03884301e-02  1.78697264e-01
 -6.30085279e-01  2.86529917e-01  1.96627779e-01 -3.85129214e-01
 -8.75392462e-01 -3.78329440e-02 -5.51951603e-02  1.84467795e-01
  9.30361131e-02 -9.05297418e-03 -1.06139955e+01 -2.56154836e-01
  6.39603006e+00  4.48802664e-01  4.20602130e-01 -4.15136425e-02
 -2.83612666e-04  5.91732269e+00  1.77609831e+01  4.00806621e-02
 -9.20749909e-01  7.63417957e+00  8.07064621e-02  6.14093645e-01
 -1.96054734e+01  3.16139731e-01  1.45989855e+00 -9.18298474e-01
  5.85044309e-01 -3.45538073e-02 -9.07219644e-01  9.80742625e-02
 -1.63400990e-02  1.99353208e+00 -9.91722239e-02  4.25671538e-01
  2.25539162e-01 -2.57164383e-01  7.56742729e-02 -9.71036341e+00
 -9.89881816e-01 -2.79829281e-02 -4.19730941e-02 -3.78653698e-01
 -4.11411775e-03 -5.73543877e-01  1.27278944e-01 -1.41997679e-01
 -1.03682027e-01  6.85538744e-02  5.48231659e-02  6.28748340e-02
 -7.81709153e-02 -9.30251694e-02 -3.62987391e-02  2.18388369e+00
 -3.31501015e-01 -5.44363181e-01 -9.93910349e-02  1.40824822e-03
  1.08274941e-02 -7.44989285e+00 -9.49490872e-01 -2.11121059e+00
 -5.37981498e-01  3.21305778e+00  6.56756225e-01 -5.27058732e-03
  5.00722352e-01  2.33067429e-01  2.06727351e-01  3.71235048e-01
  1.53331064e+00 -9.23727541e-04 -4.71446464e+00  1.25934355e+01
 -1.30355565e+00  3.71052353e-03 -5.74462669e-01 -1.34187546e+00
 -1.37491304e-01 -5.64933014e-02  4.63268070e-01 -2.47099559e-01
 -6.42595902e-02  4.94584580e-01 -6.47353887e-01 -9.08780291e-02
 -1.24053068e+00  5.33341387e-01 -1.89026801e-01 -6.11353481e-02
  2.92883212e-02 -9.93477531e-01  9.47076001e-02 -7.64388653e-01
  3.40774402e-01 -1.36081185e+00  3.17571525e-01  6.41926591e-01
  2.50016673e+00 -6.29524845e-01 -6.34966101e-01 -5.36041808e+00
 -9.78831231e-01 -1.97062347e-01 -1.35722599e-01 -1.84220255e+00
  2.43373983e-02 -4.46469694e-02 -1.05728451e+00 -7.46309655e-01
  8.17157446e-01  8.33397083e-02 -3.99491328e-01 -5.16837385e-01
  1.84929971e+00  7.02546844e-01  2.57616750e-01  7.91460398e-01
 -2.64861961e-01  1.05341406e+00 -1.05157934e+00  9.94854089e-01
  6.51769782e-02 -6.86986875e-02  1.55705656e+00 -2.64068393e-01
 -6.26936060e-02 -1.03205826e-01 -1.65449281e-01 -5.39438276e-01
 -1.37904978e-01 -7.02164344e-01 -1.20957653e-01  2.95419852e-01
  3.57259844e-02 -2.04804975e+01  9.60624889e-01  1.82663688e-01
 -8.19693313e-03 -1.46593215e-01  2.22640381e-01 -2.34150640e-02
  3.53303566e-02 -4.91922835e-01 -3.89997414e-02  1.92574462e+00
 -2.86054370e-01 -9.63288106e-02  7.59321764e-02 -9.47711176e-02
  2.53790738e-02 -8.17331886e-02  5.32203640e-01  7.32829961e-02
 -3.40038691e-01 -1.31675736e-01 -2.25615366e-02 -1.27430468e-02]

 BEGIN VMC CALCULATION
 =====================

 Running VMC equilibration (5000 moves).
 Performing time-step optimization.
 Optimized step size: 0.27988
 DTVMC: 0.02611

 Starting VMC.

 =========================================================================
 In block : 1
  Number of VMC steps           = 100000

  Block average energies (au)

  Total energy                       (au) =         -15.762558407520
  Standard error                        +/-           0.005212197641

  Constant energy contributions      (au) =           0.000000000000

  Variance of local energy           (au) =           0.393505389222
  Standard error                        +/-           0.000000000000

 Time taken in block    : : :       44.9539

 =========================================================================
 FINAL RESULT:

  VMC energy (au)    Standard error      Correction for serial correlation

 -15.762558407520 +/- 0.005212197641      On-the-fly reblocking method

 Sample variance of E_L (au^2/sim.cell) : 0.393505389222


 ==========================================
 PERFORMING OPTIMIZATION CALCULATION No. 3.
 ==========================================


 Optimization start
 ==================
Stabilization: 1.0 SEM
E_0 -15.75882327 E_lin -15.83615102 dE -0.07732774
eigvector[0] 0.94954325
delta p / p
[-1.32441507e-02 -1.42458293e-01 -1.29965184e-01  9.31985483e-03
  1.28421612e-01 -6.83175840e-03  6.58833566e-01  1.68940193e-01
 -6.29839596e-02 -5.71023404e-02  6.76127424e-02  1.95960261e-02
  8.37195897e-02  3.87880414e-02 -8.65412691e-02 -3.91529510e-02
 -8.10843104e-04 -1.54918700e-02 -6.86240388e-02 -1.25566714e-01
  2.13460067e-01  1.39429477e-02 -4.63852911e-02 -2.09863455e-01
  4.69387914e-02 -3.13202674e-02 -5.88227089e-03 -1.06030529e-01
 -6.07493663e-02 -8.68364921e-02  1.30737622e-01 -6.88506200e-01
 -7.43727046e-02  6.53145533e-02  2.31649348e-01  3.57363335e-01
 -4.40644603e-02  2.55216688e-02 -5.28902067e-01 -2.82723569e+00
  1.02413345e-01 -9.08509399e-02  1.75038873e+00 -2.70600096e-01
  5.23576326e-02 -6.05236389e-02 -4.86230321e-01  6.25071333e-02
  5.25333955e-02 -1.67792678e-01  2.00958625e-01  4.67189870e-02
  1.90654451e-01 -2.72910383e-01 -3.86329473e-01  8.08043096e-02
 -3.75192239e-01  1.14459983e-01  1.36961871e-01 -4.91996263e-02
  1.88143920e-01 -3.60324667e-01  2.20015195e-02  4.54055707e-02
 -2.92907013e-02 -1.89662223e-02 -7.06928597e-02 -5.50801492e-02
  2.76882040e-02  3.48743692e-01  1.44140911e-01 -1.75953525e-02
 -1.63642462e-01 -2.55199682e-02 -5.59869814e-03  9.08318381e-02
  5.74855112e-01 -6.47924535e-02  3.11440203e-01  1.35420954e-02
 -9.24244079e-02  5.72622394e-02 -4.00622332e-02  8.12971959e-02
  7.24591124e-02 -3.05836700e-03  3.04047106e-02 -1.01495615e-01
 -2.76247635e-02  4.07803403e-02  1.69562106e-01  8.25920700e-02
 -1.31011700e-01 -7.99316542e-02 -7.48118916e-02 -4.82483708e-02
  3.13522591e+00 -1.62752268e-01 -2.32206611e+00 -1.76282815e+00
  5.59672917e-03 -2.74486572e-02  5.61919276e-01 -6.94508886e-02
 -2.31187213e-01  3.26808830e-01 -7.99443681e-02 -6.53721724e-02
 -1.07433360e-04 -4.97388027e-03  8.23534031e-03  4.81132688e-02
 -7.56575836e-02  9.10529094e-02 -1.32472502e-01  4.27211906e-02
 -3.81194358e-02 -4.11223102e+00 -9.89112557e-02 -8.75516056e-02
 -3.13487975e-02 -1.84815105e-01  1.48234698e+00 -5.33694116e-02
 -1.87714222e+00 -1.00592728e+00 -1.14084678e-01  1.15597685e-01
 -2.92574918e-02  1.12045828e-01  1.26257590e-01  4.39368769e-02
 -2.49679489e-02 -3.38516003e-02 -9.86270630e-01  1.48950512e-01
  4.41717491e-02 -6.69758613e-01  1.16331202e+00 -1.34959202e-01
  2.22501293e-01 -2.65131738e-03  7.90265031e-02 -8.77900952e-03
 -2.99941256e-01 -2.30227798e-01 -3.42324595e-01 -2.39786072e-01
 -8.28380237e+00 -1.13782103e-02 -1.25277287e-01 -5.74155529e-01
 -1.04647833e-01  2.21780914e-01  1.48072496e+00 -1.29397573e-01
  1.57408236e-01  2.12552804e-02  3.12482396e-01  5.33843337e-02
 -8.96640880e-02  6.47997463e-01  3.62230889e-01 -1.07885171e-01
  8.84604702e-01 -7.41795739e-01  9.35027594e-02  9.40716445e-02
  5.71393827e-02  1.85548064e-01  1.64568975e-02  1.72370544e+00
  1.45211147e-02 -1.47661510e-01  1.65848507e+00  7.20502139e-02
 -3.73275220e-02  2.97277376e-01  2.28600500e-02  3.04778662e-02
 -3.09046072e-02 -1.01642080e-01  1.72760026e-01  9.04091632e-01
  9.23677992e+00  8.21047429e-02 -2.66622712e-02 -3.98239227e-01
 -5.97808080e-02 -1.41399971e-01  2.60033161e-02 -4.71235628e-01
  4.14272034e-02 -3.14951527e-02  7.94961896e-03  5.72193420e-02
  6.94165223e-02 -1.53577547e-02 -1.20903808e-01  3.99957742e-01
  4.29587777e-01  6.58253733e-01 -6.97361644e-03 -2.08235446e-01
 -4.30741292e-01  2.91855875e-01  1.13126506e+01  6.28998743e-02
  5.90176628e-01  2.72197337e-02  5.73792986e-01 -1.11895829e-01
 -1.21049992e-01 -5.28938850e-01 -8.42265054e-02 -2.18060938e-02
  1.77510319e-01  8.58494058e-02 -1.32642554e+00  2.70813253e-01
  6.32425859e-01 -5.68667993e-03  2.97659690e-01 -3.99994545e-01
  6.94240622e-02  9.16752311e-02 -1.87506276e-02  3.52515625e-02
  7.55615061e-02  7.54378298e-02  2.42771775e+00 -1.62367670e-01
 -2.87604299e+00  1.49487690e-02 -5.25458629e+00  2.20195470e-02
 -3.55004342e-02 -4.65443904e+00 -9.24762625e-02 -1.84903643e+00
 -2.08365270e-01  8.92308833e-03  2.19259593e-02  3.16660305e-01
  1.62752875e-01 -1.11898387e+00  7.89013467e-01  3.22452387e-01
  1.49142956e+01  9.97899319e-02  2.79512711e-02 -5.56464774e-01
  2.82744488e-02 -7.90676045e-02  6.99880592e+00 -4.26231518e+00
  1.45917201e-01  1.97371798e-01 -7.24608774e-01 -3.24269822e-01
  2.66650234e-02  1.34157243e-01 -8.04484308e-02 -3.28193318e-02
 -3.78233716e-01 -8.33777094e-02  8.66306628e+00  1.78271731e-01
 -7.49076508e-02 -4.63558847e-02 -5.03949244e-02  7.45497581e-01
  2.83205693e-01  1.06440603e-01 -3.00416775e-01 -1.83591462e-01
  2.52253239e-02  2.16289111e-01  3.74930086e-03 -3.98227701e-01
 -2.62092886e-03 -4.63819726e-01 -1.49521214e-01  1.22028627e-02
  1.31854866e-01 -5.66846902e-01 -2.03270355e-01 -5.46026636e-02
 -6.54397721e-02  4.00972122e-02  1.20352418e-02  2.12782101e-01
  1.56605947e+00  4.10547733e-01 -5.18069085e-02 -3.56874237e-03
  3.10716105e-01  1.56656692e-01 -2.60360180e-01 -4.97539630e-02
  1.50581281e-01 -3.37149033e-02  1.38800378e-01 -9.56008960e-03]

 BEGIN VMC CALCULATION
 =====================

 Running VMC equilibration (5000 moves).
 Performing time-step optimization.
 Optimized step size: 0.27731
 DTVMC: 0.02563

 Starting VMC.

 =========================================================================
 In block : 1
  Number of VMC steps           = 100000

  Block average energies (au)

  Total energy                       (au) =         -15.827256486266
  Standard error                        +/-           0.002087417190

  Constant energy contributions      (au) =           0.000000000000

  Variance of local energy           (au) =           0.225385246462
  Standard error                        +/-           0.000000000000

 Time taken in block    : : :       45.0427

 =========================================================================
 FINAL RESULT:

  VMC energy (au)    Standard error      Correction for serial correlation

 -15.827256486266 +/- 0.002087417190      On-the-fly reblocking method

 Sample variance of E_L (au^2/sim.cell) : 0.225385246462


 ==========================================
 PERFORMING OPTIMIZATION CALCULATION No. 4.
 ==========================================


 Optimization start
 ==================
Stabilization: 1.0 SEM
E_0 -15.82451133 E_lin -15.60052004 dE 0.22399129
eigvector[0] 0.93885141
delta p / p
[ 8.48696766e-03 -2.87421014e-01 -1.49599882e-01  1.87459820e-01
 -2.63810995e-01  7.65834257e-02 -5.77420762e-01 -7.04260509e-02
 -4.44553355e-01  1.17277432e-01  7.61574123e-02  1.35229017e-01
 -2.27468915e-01  1.74866966e-02 -1.48353737e-01 -1.59745937e-02
 -2.91373083e-01  6.39981241e-04  2.21335414e-02  2.18198241e-02
 -1.06142368e-01  9.33735136e-02 -4.70532646e-03  3.44803563e-02
  1.12260169e-02 -1.40488939e-01  7.46222795e-03 -1.78844597e-01
  1.87751100e-02  4.35685465e-02 -3.12564170e-01 -1.23079723e+00
 -1.29636692e-01  5.57481852e-02 -2.08149808e-01  8.86878759e-01
  1.60037273e-01 -2.51916528e-02 -4.60736345e-01  1.43029185e+00
  2.07482098e-02 -2.54905582e-01  4.85761612e-01  9.98424569e-01
  1.09273624e-02  5.93466935e-02 -3.02331373e-01  3.16074338e-02
  1.54510799e-02  1.48666799e-02 -4.50092749e-03 -1.26304623e-01
  9.18435355e-01  2.23092586e-01  4.72222565e-01 -1.41597095e-01
  1.44338578e-01  6.98198881e-02 -1.12071284e-01  3.81237673e-02
 -2.25833374e-01 -5.22610953e-02  2.54274968e-02  1.78510895e-01
 -8.92077711e-02  3.79047749e-01  1.61727115e-01  2.11887051e-01
  1.25082769e-02 -1.46216394e-01  9.26045661e-02  8.06613693e-02
  1.92987293e+00 -5.00909894e-02  9.23021982e-02 -8.28537847e-02
  1.28813870e-01  5.27733046e-03  5.88687439e-03  3.82485313e-02
  4.21865805e-01 -2.22477749e-01 -6.10843872e-02  9.10664428e-02
  1.17632951e-01 -5.83351736e-02  9.34220886e-03 -1.60906496e-01
 -5.87602245e-02  7.82158758e-02  2.34194877e-01  4.51969318e-01
 -4.86140081e-03 -2.71867833e-01  1.50332096e-01 -3.08117033e-01
 -7.31936472e+00  6.53113811e-01 -2.79526604e-01 -9.74544234e+00
 -4.31159053e-02  3.26549702e-01 -1.49280656e+00  7.49118659e-02
  1.50859944e-01 -7.05408628e-02 -4.92417655e-02 -3.72703230e-01
  9.37058610e-02 -1.01856111e-01 -4.91516569e-02  3.23716825e-01
  1.15119654e-03 -1.03678773e-01  7.73984447e-01 -1.50700675e-02
  3.25175477e-01 -7.30629590e-01  4.09956265e-01  1.21731458e-01
  9.63791780e-02 -1.28968098e-01  6.06746384e-01 -8.38708110e-02
 -1.75621781e+00 -7.13991720e+01  5.19457830e-01  4.50721093e-01
  4.83987544e-02  8.59218825e-02  1.30405575e-01 -5.20759795e-02
  8.22559267e-02 -7.36304711e-02  2.44699120e+01 -4.04754839e-02
  1.97058509e-02 -1.80699170e-01  1.99181819e-02 -3.14900139e-02
 -4.97006307e-02  2.56035758e-02 -7.25610506e-02  2.32266752e-02
  7.66653013e-01  2.62340457e-01  4.56694775e-01  1.95549422e-01
 -2.77780767e-01  5.64980201e-02  1.30759893e-02 -1.61105448e-01
 -4.20792563e-02 -1.70380760e-01 -1.30333674e-02 -4.10530294e-01
  3.01775611e-01  1.53046894e-01  5.75449718e-02 -1.05747416e-01
 -3.14857643e-02  4.19506117e-01 -4.90463974e-01 -6.73524170e-02
 -3.76372486e+00 -1.55627445e+00 -1.30627185e-02 -1.15531495e-01
  9.44787782e-01  2.44052289e-01  3.74312612e-01  1.39538265e-01
 -1.28261711e+00  4.12041690e-02  1.96076734e+00  3.45121718e-02
 -2.62019657e-02  2.04731961e-01 -1.20679210e-02  3.04071064e-02
 -1.10118826e-01  2.33926907e-02  2.29717905e-01 -1.11556238e-01
  2.10059490e+00  1.44358390e-01  5.01240889e-02  5.08448363e-02
  7.56398321e-02 -5.68042733e-01  1.76641637e-02  5.78563104e-01
  1.14657675e-02 -5.47120038e-02 -3.22859305e-02  3.00749242e-03
  7.87512111e-02  3.72647103e-01  1.82614370e-01 -1.60781400e-01
 -3.69121692e-02 -1.61813247e-01 -1.34506849e-02  3.81613034e-01
  4.79919736e-01  4.41457175e-01  5.41260295e-01  4.66234714e-01
 -2.90361514e-01  3.23151742e-01  1.29995081e-01 -7.83713248e-02
  1.38553473e-01 -1.06531305e+00  8.98080940e-03  2.63349096e-01
  4.03741619e-01  1.02761696e-01  4.42037529e+00  1.49738284e+00
  1.05043671e+00  1.68781438e-03 -1.26665429e-01 -4.96904318e+00
  9.80893093e-03  4.10929770e-02  1.52610708e-01  6.85309258e-01
  1.27963119e-01  1.40198551e-01  4.99115319e-01 -3.08509068e-01
  5.19056219e-01  1.46476995e-01 -7.39502082e-01  5.08299305e-03
  2.92025846e-02  2.78605852e+01 -4.26232466e-02  3.06833853e+00
 -1.58008000e-01  3.23310764e+00 -4.13117906e-03  3.99173004e-01
  7.94183206e-01  1.05879000e+01 -8.82570147e-01  2.68625689e-01
 -8.11383474e-01 -1.19268410e-02 -1.14542916e-01  6.92440305e+00
  3.36877484e-02 -6.62965313e-02  3.84893241e+00  7.70531492e-01
 -1.60130387e-01 -1.81023967e-01  2.41130018e+00 -5.36950354e-02
 -5.96869541e-02 -1.27745370e-01  5.55329896e-01  3.92999444e-02
 -2.06803556e-01 -4.62791617e-01  9.55785720e-02  5.43756483e-02
  9.94863210e-03  4.84949966e-02  9.26077722e-03  2.20495878e-01
 -6.99407343e-02 -2.08944429e-01  5.22710555e-03 -1.81568692e-01
  2.61095167e-01 -7.33296665e-01  1.69304278e-02  2.08651125e-01
 -3.06169456e-02  8.01002666e-02 -7.46797563e-02  7.77250569e-02
  3.20032763e-02  2.18591636e-01  7.57296595e-03 -5.22918719e-02
  4.15150183e-02  2.13852262e-01 -2.51140345e-02 -2.56031660e-01
 -1.61023885e-01 -4.47664249e-02 -1.55723844e-02  1.49412553e-01
  4.47729439e-02 -2.10470236e-02  3.36689537e-01  1.61690713e-01
 -2.93821275e-01 -2.00222176e-02 -1.16502945e-01 -5.30808563e-02]

 BEGIN VMC CALCULATION
 =====================

 Running VMC equilibration (5000 moves).
 Performing time-step optimization.
 Optimized step size: 0.27583
 DTVMC: 0.02536

 Starting VMC.

 =========================================================================
 In block : 1
  Number of VMC steps           = 100000

  Block average energies (au)

  Total energy                       (au) =         -15.826442481597
  Standard error                        +/-           0.002054937015

  Constant energy contributions      (au) =           0.000000000000

  Variance of local energy           (au) =           0.276162826261
  Standard error                        +/-           0.000000000000

 Time taken in block    : : :       45.1373

 =========================================================================
 FINAL RESULT:

  VMC energy (au)    Standard error      Correction for serial correlation

 -15.826442481597 +/- 0.002054937015      On-the-fly reblocking method

 Sample variance of E_L (au^2/sim.cell) : 0.276162826261


 =========================================================================

 Total PyCasino real time : : :    9541.8379
