
 ------------------------------------------------------------------------------
 ########::'##:::'##::'######:::::'###:::::'######::'####:'##::: ##::'#######::
 ##.... ##:. ##:'##::'##... ##:::'## ##:::'##... ##:. ##:: ###:: ##:'##.... ##:
 ##:::: ##::. ####::: ##:::..:::'##:. ##:: ##:::..::: ##:: ####: ##: ##:::: ##:
 ########::::. ##:::: ##:::::::'##:::. ##:. ######::: ##:: ## ## ##: ##:::: ##:
 ##.....:::::: ##:::: ##::::::: #########::..... ##:: ##:: ##. ####: ##:::: ##:
 ##::::::::::: ##:::: ##::: ##: ##.... ##:'##::: ##:: ##:: ##:. ###: ##:::: ##:
 ##::::::::::: ##::::. ######:: ##:::: ##:. ######::'####: ##::. ##:. #######::
 .::::::::::::..::::::......:::..:::::..:::......:::....::..::::..:::.......:::

                     Python Quantum Monte Carlo Package
                        v 0.2.0 [Vladimir Konkov]

    Main Author : Vladimir Konkov
 ------------------------------------------------------------------------------
 Started 2024/08/14 16:52:12

 Python 3.10.12 (main, Jul 29 2024, 16:56:48) [GCC 11.4.0]
 Numba 0.59.0
 Numpy 1.26.4
 Scipy 1.11.3

 Running in parallel using 4 MPI processes.

 General input parameters
 ========================
 NEU (num up spin electrons)              :  9
 NED (num down spin electrons)            :  9
 RUNTYPE (type of run)                    :  vmc_opt
 PSI_S  (form for [anti]symmetrizing wfn) :  slater
 ATOM_BASIS_TYPE (atom-centred orb basis) :  gaussian
 INTERACTION (interaction type)           :  coulomb
 TESTRUN (read input data,print and stop) :  F
 PERIODIC                                 :  F
 COMPLEX_WF (complex Slater wave fn.)     :  F
 NEIGHPRINT (neighbour analysis)          :  0
 USE_JASTROW (use Jastrow factor)         :  T
 BACKFLOW (use backflow corrections)      :  F
 USE_ORBMODS (use orbitals modifications) :  F
 E_OFFSET (energy offset)                 :  0.0000
 CHECKPOINT (checkpointing level)         :  1
 CON_LOC (Dir to read/write config.*)     :  ./
 RELATIVISTIC                             :  F

 VMC/optimization input parameters
 ====================
 NEWRUN (start new run)                   :  T
 VMC_METHOD (choice of VMC algorithm)     :  3
 DTVMC (VMC time step)                    :  1.0000E-02
 OPT_DTVMC (VMC time-step optimization)   :  1
 VMC_NSTEP (num VMC steps)                :  100000
 VMC_NCONFIG_WRITE (num configs to write) :  100000
 VMC_NBLOCK (num VMC blocks)              :  1
 VMC_EQUIL_NSTEP (num equil steps)        :  5000
 VMC_DECORR_PERIOD (length of inner loop) :  10
 VMC_AVE_PERIOD (hist reduction factor)   :  1
 VMC_SAMPLING                             :  standard
 MAKEMOVIE                                :  F
 FORCES                                   :  F

 Gaussian cusp correction
 ========================
 Activated.

 BEGIN VMC CALCULATION
 =====================

 Running VMC equilibration (5000 moves).
 Performing time-step optimization.
 Optimized step size: 0.03842
 DTVMC: 0.00049

 Starting VMC.

 =========================================================================
 In block : 1
  Number of VMC steps           = 100000

  Block average energies (au)

  Total energy                       (au) =        -526.711243124185
  Standard error                        +/-           0.074639581732

  Constant energy contributions      (au) =           0.000000000000

  Variance of local energy           (au) =         128.051563232460
  Standard error                        +/-           0.000000000000

 Time taken in block    : : :       28.8519

 =========================================================================
 FINAL RESULT:

  VMC energy (au)    Standard error      Correction for serial correlation

 -526.711243124185 +/- 0.074639581732      On-the-fly reblocking method

 Sample variance of E_L (au^2/sim.cell) : 128.051563232460


 ==========================================
 PERFORMING OPTIMIZATION CALCULATION No. 1.
 ==========================================


 Optimization start
 ==================
   Iteration     Total nfev        Cost      Cost reduction    Step norm     Optimality
       0              1         3.4999e+02                                    1.26e+07
       1              2         2.6601e+02      8.40e+01       7.98e-04       8.56e+06
       2              3         1.6213e+02      1.04e+02       1.48e-03       6.14e+06
       3              4         8.9513e+01      7.26e+01       2.28e-03       9.25e+05
       4              5         5.1850e+01      3.77e+01       3.66e-03       7.29e+05
       5              6         3.0754e+01      2.11e+01       7.29e-03       9.15e+04
       6              7         2.1252e+01      9.50e+00       1.72e-02       8.52e+04
       7              8         1.7427e+01      3.83e+00       2.41e-02       3.75e+04
       8              9         1.5152e+01      2.27e+00       4.68e-02       1.71e+04
       9             10         1.4074e+01      1.08e+00       5.37e-02       8.92e+03
      10             11         1.3395e+01      6.80e-01       2.36e-02       3.78e+03
      11             12         1.3173e+01      2.22e-01       1.55e-02       3.61e+03
      12             13         1.3173e+01      4.79e-05       4.23e-04       7.31e+01
`ftol` termination condition is satisfied.
Function evaluations 13, initial cost 3.4999e+02, final cost 1.3173e+01, first-order optimality 7.31e+01.
Norm of Jacobian at the solution: 1.44336e-11

 BEGIN VMC CALCULATION
 =====================

 Running VMC equilibration (5000 moves).
 Performing time-step optimization.
 Optimized step size: 0.03794
 DTVMC: 0.00048

 Starting VMC.

 =========================================================================
 In block : 1
  Number of VMC steps           = 100000

  Block average energies (au)

  Total energy                       (au) =        -527.364538887363
  Standard error                        +/-           0.025228029429

  Constant energy contributions      (au) =           0.000000000000

  Variance of local energy           (au) =          13.767370865409
  Standard error                        +/-           0.000000000000

 Time taken in block    : : :       33.1349

 =========================================================================
 FINAL RESULT:

  VMC energy (au)    Standard error      Correction for serial correlation

 -527.364538887363 +/- 0.025228029429      On-the-fly reblocking method

 Sample variance of E_L (au^2/sim.cell) : 13.767370865409


 ==========================================
 PERFORMING OPTIMIZATION CALCULATION No. 2.
 ==========================================


 Optimization start
 ==================
Stabilization: 1.0 SEM
E_0 -527.40077876 E_lin -527.41885394 dE -0.01807518
eigvector[0] 0.93733620
delta p / p
[-7.07534092e-03  1.30578356e-01  4.78440369e-02  3.38399352e-03
 -1.96834636e-03  5.10238127e-04  1.60916649e-04 -9.17759055e-04
  3.96726105e-03  9.09937858e-02  3.79058908e-03 -1.91794632e-03
  2.47766150e-04 -8.28687573e-05 -1.76229593e-06  1.37723506e-04
 -9.51973319e-04 -2.15168465e-03  4.93321410e-03  6.41902494e-02
 -9.46495178e-03  2.37045491e-02 -3.89755160e-03  6.25428380e-04
 -4.79007182e-04  5.18479890e-03 -3.72645847e-03  3.67570722e-03
  6.77101390e-03 -1.74299974e-02 -6.20849855e-03  1.29118556e-02
 -5.44310606e-02  4.67849211e-03 -1.82800773e-02 -5.48671132e-02
  8.09115370e-02  1.18614420e-03  7.65306219e-03 -3.30342723e-04
  2.96345955e-04  1.43203990e-03  1.47621807e-03 -1.19233150e-02
 -3.86155484e-02 -1.81097926e-03  3.12964002e-02  2.58367437e-03
 -6.01150019e-03 -5.73610098e-03 -2.36370240e-03  6.91158887e-04
  5.29674291e-04 -3.50308918e-02  3.41442642e-03 -5.65003943e-03
 -3.39749333e-03  3.05553506e-03 -1.45218120e-02 -1.94230300e-03
  1.10467615e-02  1.71163356e-03  1.12113911e-01  6.44266227e-03
  2.26939175e-03 -1.82599395e-03  1.60477411e-03  8.32223491e-03
 -1.63867270e-02 -1.15660506e-02 -6.42697094e-03 -2.87757678e-04
 -2.43165953e-02 -6.68047224e-04 -8.63171521e-04 -9.36691440e-03
  1.47725517e-02 -6.19030196e-03 -1.53259197e-02]

 BEGIN VMC CALCULATION
 =====================

 Running VMC equilibration (5000 moves).
 Performing time-step optimization.
 Optimized step size: 0.03839
 DTVMC: 0.00049

 Starting VMC.

 =========================================================================
 In block : 1
  Number of VMC steps           = 100000

  Block average energies (au)

  Total energy                       (au) =        -527.375102750912
  Standard error                        +/-           0.024204088830

  Constant energy contributions      (au) =           0.000000000000

  Variance of local energy           (au) =          16.148436474945
  Standard error                        +/-           0.000000000000

 Time taken in block    : : :       32.9793

 =========================================================================
 FINAL RESULT:

  VMC energy (au)    Standard error      Correction for serial correlation

 -527.375102750912 +/- 0.024204088830      On-the-fly reblocking method

 Sample variance of E_L (au^2/sim.cell) : 16.148436474945


 ==========================================
 PERFORMING OPTIMIZATION CALCULATION No. 3.
 ==========================================


 Optimization start
 ==================
Stabilization: 1.0 SEM
E_0 -527.39931641 E_lin -527.41727629 dE -0.01795988
eigvector[0] 0.96878749
delta p / p
[-2.16793986e-02  7.51352142e-02 -3.77028507e-02  1.26602614e-02
 -3.01100413e-03  6.28377820e-04  1.43855512e-04 -4.96931143e-04
 -1.55457342e-03  3.34067731e-02 -1.95646452e-02  8.86635337e-04
 -6.85104265e-05 -1.59033284e-04  1.67351360e-04 -1.24580217e-05
 -2.28985383e-03 -5.70232033e-03  1.65119836e-03  2.85037014e-02
  4.28446443e-03  9.23011820e-03 -6.02386058e-04 -7.38539256e-04
  2.57917172e-04  9.33585895e-03 -3.47183016e-03 -2.95225429e-02
  2.73663788e-03 -3.92782237e-03 -5.51936297e-03 -1.06940426e-02
  6.71574285e-02  5.08902023e-03 -4.98333027e-03  1.51011144e-03
  7.95053791e-02  2.64488528e-03  3.09259246e-03 -6.54955320e-04
  2.93940954e-03  8.10105614e-04 -4.88166757e-04  2.16464123e-02
 -2.06999406e-02 -6.11878630e-04 -2.66067257e-02 -2.79434446e-04
 -3.83994245e-03 -8.08045081e-03  3.72702224e-03 -2.39452821e-03
 -9.31217345e-03  8.86963338e-03  4.97245061e-03 -4.62689300e-03
 -3.65341008e-03  3.59276220e-03  2.52591394e-02 -4.92556233e-03
  8.13770498e-03  1.74534052e-02  1.74168859e-02  1.03744834e-03
 -3.06672338e-04 -1.80714702e-04  1.25123259e-04 -1.58091097e-03
  1.13851017e-02 -1.86333608e-03  4.95620613e-03 -2.23469950e-04
 -1.58286528e-03  2.77728776e-04 -2.69807711e-04 -4.32209820e-03
  4.27768153e-03  6.34614145e-04  1.75384869e-02]

 BEGIN VMC CALCULATION
 =====================

 Running VMC equilibration (5000 moves).
 Performing time-step optimization.
 Optimized step size: 0.03849
 DTVMC: 0.00049

 Starting VMC.

 =========================================================================
 In block : 1
  Number of VMC steps           = 100000

  Block average energies (au)

  Total energy                       (au) =        -527.414665855233
  Standard error                        +/-           0.023289959594

  Constant energy contributions      (au) =           0.000000000000

  Variance of local energy           (au) =          13.005636482122
  Standard error                        +/-           0.000000000000

 Time taken in block    : : :       32.8013

 =========================================================================
 FINAL RESULT:

  VMC energy (au)    Standard error      Correction for serial correlation

 -527.414665855233 +/- 0.023289959594      On-the-fly reblocking method

 Sample variance of E_L (au^2/sim.cell) : 13.005636482122


 ==========================================
 PERFORMING OPTIMIZATION CALCULATION No. 4.
 ==========================================


 Optimization start
 ==================
Stabilization: 1.0 SEM
E_0 -527.41008828 E_lin -527.41824476 dE -0.00815649
eigvector[0] 0.97854415
delta p / p
[-1.72337284e-03  9.72234971e-02  3.08648469e-01 -1.51267511e-02
 -1.15122562e-03  5.83057012e-04  1.38637609e-04 -9.18788291e-04
  3.69590330e-03  5.87120723e-02 -8.60965963e-03 -3.08792114e-03
  1.40273576e-04  5.82268880e-06 -2.65272722e-05  1.18118850e-05
  5.11196885e-04 -2.20675964e-04 -2.78592545e-03  1.63823059e-02
 -8.65742852e-03  8.46237073e-03  7.32317864e-04 -9.00369439e-04
  2.37564623e-04  1.70615965e-03 -3.75374127e-03 -7.19661526e-03
  4.21267786e-04 -3.76751785e-03  1.52963625e-02 -8.95132668e-03
 -3.92150331e-02  8.54948657e-03 -3.55462560e-03 -3.82765126e-02
  6.37376052e-02  6.93354508e-04  7.47623461e-04 -5.48245466e-04
  1.57851368e-03  9.40921429e-04  5.44950857e-04 -1.60386445e-02
 -3.91763412e-03 -6.44827116e-05 -5.04759454e-02  1.14398329e-04
 -2.79365714e-03 -2.09990299e-03  3.51131987e-04  4.04114880e-04
 -5.84658869e-03  2.21422812e-03  4.87616612e-03 -6.30415927e-04
 -1.19275259e-02 -1.57568448e-03  1.92876899e-03 -1.81683380e-03
  3.86127673e-03  2.28831859e-02  2.80858295e-02  4.59497717e-03
  3.17109718e-03 -9.61824709e-04  6.77085192e-04  4.27798104e-03
 -3.13648146e-03  1.16944690e-03  2.13826660e-03 -8.29845271e-04
 -1.54967305e-02 -7.88525087e-04 -8.39637465e-05  1.19302770e-03
  7.07096042e-03 -2.42031506e-03  1.09584268e-02]

 BEGIN VMC CALCULATION
 =====================

 Running VMC equilibration (5000 moves).
 Performing time-step optimization.
 Optimized step size: 0.03850
 DTVMC: 0.00049

 Starting VMC.

 =========================================================================
 In block : 1
  Number of VMC steps           = 100000

  Block average energies (au)

  Total energy                       (au) =        -527.388597101608
  Standard error                        +/-           0.023669301502

  Constant energy contributions      (au) =           0.000000000000

  Variance of local energy           (au) =          14.128820905322
  Standard error                        +/-           0.000000000000

 Time taken in block    : : :       32.8209

 =========================================================================
 FINAL RESULT:

  VMC energy (au)    Standard error      Correction for serial correlation

 -527.388597101608 +/- 0.023669301502      On-the-fly reblocking method

 Sample variance of E_L (au^2/sim.cell) : 14.128820905322


 =========================================================================

 Total PyCasino real time : : :    771.8578
