 BEGIN VMC CALCULATION
 =====================

Running VMC equilibration (5000 moves).
Performing time-step optimization.
Optimized step size: 0.11718

Starting VMC.

 =========================================================================
 In block : 1
  Number of VMC steps           = 1000000

  Block average energies (au)

  Total energy                       (au) =         -54.403095975333
  Standard error                        +/-           0.004978279766

  Constant energy contributions      (au) =           0.000000000000

  Variance of local energy           (au) =          10.774600994348
  Standard error                        +/-           0.000000000000

 Time taken in block    : : :       242.9295

 =========================================================================
 FINAL RESULT:

  VMC energy (au)    Standard error      Correction for serial correlation

 -54.403095975333 +/- 0.004978279766      On-the-fly reblocking method

 Sample variance of E_L (au^2/sim.cell) : 10.774600994348


 ==========================================
 PERFORMING OPTIMIZATION CALCULATION No. 1.
 ==========================================


 Optimization start
 ==================
   Iteration     Total nfev        Cost      Cost reduction    Step norm     Optimality
       0              1         4.4927e+00                                    4.43e+05
       1              2         3.4561e-01      4.15e+00       9.09e-02       8.24e+04
       2              3         2.5872e-01      8.69e-02       2.55e-02       1.21e+04
       3              4         2.5102e-01      7.70e-03       1.21e-02       6.51e+02
       4              5         2.5085e-01      1.73e-04       1.77e-03       3.94e+01
`ftol` termination condition is satisfied.
Function evaluations 5, initial cost 4.4927e+00, final cost 2.5085e-01, first-order optimality 3.94e+01.
Jacobian matrix at the solution:
[-3.59446677e-02  5.36580044e-02  1.15147689e-01  2.33403648e-01
  4.84096339e-01  1.04715631e+00  2.38273646e+00  5.74946699e+00
 -3.23078926e-02  8.62480968e-02  1.05805066e-01  1.59757785e-01
  2.67618084e-01  4.20997827e-01  3.71234745e-01 -1.36902576e+00
 -2.20776348e-03  1.45629696e-03  3.76982354e-03  1.01183937e-02
  2.84084252e-02  8.51128969e-02  2.73142545e-01  9.28951595e-01
 -3.93088323e-03  1.82443869e-03  3.78535464e-03  5.42778649e-03
  8.74689482e-03  1.84956395e-02  5.00665268e-02  1.54129183e-01
  2.79345365e-04 -9.45571509e-04 -1.43646395e-03 -2.03778887e-03
 -2.55050194e-03 -2.59240257e-03 -8.64281260e-04  7.10906557e-03
  1.99142682e+00 -4.73183841e-01 -1.62318553e+00 -1.97823571e-02
 -5.87966022e-02  1.28093293e-01 -5.17612966e-01  4.72678705e-01
 -4.37565318e-01 -1.06201284e+00 -2.10565734e+00 -1.86824722e+00
 -1.57619745e+00 -6.86481672e+00 -1.59077832e-01  1.08382908e+00
  2.78330965e+00 -4.05221044e-01 -3.90352474e+00 -4.44762743e-02
 -1.34859195e+00 -6.70594941e+00 -9.86226152e+00  1.04460487e+00
  8.41232252e+00  1.28151460e+01  1.31798919e+00 -3.07041621e-01
 -1.24440609e+00  1.78456792e-01  5.84841110e-01  6.75199413e-01
 -4.89337733e-01  6.53459715e-01 -1.14543513e+00 -8.08906460e-01
 -9.18370263e-01 -1.24715078e+00 -3.23187886e-01 -2.98431494e+00
  8.69758632e-01  3.80064637e+00  4.42881427e+00 -7.07443634e-02
 -1.46756959e+00  1.58277233e+00 -2.61314007e-02 -6.10666998e-01
  1.78401538e+00  3.82407565e+00  1.57872285e+01  1.68067033e+01
 -4.10162544e-02  9.25946291e-02  1.36498604e-01  6.04096332e-04
 -2.67578101e-03 -5.05919010e-03  1.04898582e-01  3.86894469e-02
 -1.56673882e-01 -1.12358808e-01 -9.45811366e-03  7.41200251e-02
 -1.73444047e-01 -2.41051449e-01 -4.47804613e-02 -1.10030449e-01
 -6.63793243e-02 -2.32029620e-01 -4.32816858e-02 -1.60984238e-01
 -1.90767053e-01 -3.62746920e-01 -9.42160997e-01 -1.14457558e-01
 -3.06071152e-01 -1.86460710e-01]
 BEGIN VMC CALCULATION
 =====================

Running VMC equilibration (5000 moves).
Performing time-step optimization.
Optimized step size: 0.11641

Starting VMC.

 =========================================================================
 In block : 1
  Number of VMC steps           = 1000000

  Block average energies (au)

  Total energy                       (au) =         -54.556873348377
  Standard error                        +/-           0.001268071382

  Constant energy contributions      (au) =           0.000000000000

  Variance of local energy           (au) =           0.253893553591
  Standard error                        +/-           0.000000000000

 Time taken in block    : : :       83.8068

 =========================================================================
 FINAL RESULT:

  VMC energy (au)    Standard error      Correction for serial correlation

 -54.556873348377 +/- 0.001268071382      On-the-fly reblocking method

 Sample variance of E_L (au^2/sim.cell) : 0.253893553591


 ==========================================
 PERFORMING OPTIMIZATION CALCULATION No. 2.
 ==========================================


 Optimization start
 ==================
   Iteration     Total nfev        Cost      Cost reduction    Step norm     Optimality
       0              1         2.4713e-01                                    3.54e+03
       1              2         2.4611e-01      1.02e-03       7.16e-03       1.66e+02
       2              3         2.4607e-01      4.21e-05       2.25e-03       1.88e+01
`ftol` termination condition is satisfied.
Function evaluations 3, initial cost 2.4713e-01, final cost 2.4607e-01, first-order optimality 1.88e+01.
Jacobian matrix at the solution:
[ 7.30919230e-03 -1.13583174e-03 -1.50636680e-02 -5.02468359e-02
 -1.41038644e-01 -3.83598982e-01 -1.05716436e+00 -3.00016890e+00
  2.99204594e-02 -2.32719237e-02 -7.87074474e-02 -2.05912423e-01
 -5.18879311e-01 -1.34144301e+00 -3.62781792e+00 -1.02898359e+01
  8.91210440e-04 -1.62471644e-03 -3.47287291e-03 -6.91192103e-03
 -1.37968359e-02 -2.74059525e-02 -5.16177204e-02 -8.06176909e-02
 -1.96913640e-03  2.23464719e-03  3.72093188e-03  4.65057536e-03
  5.14743284e-03  4.60450746e-03  9.88786027e-04 -1.16909626e-02
  7.10985892e-04 -4.12625511e-04 -1.16752979e-03 -2.32968371e-03
 -4.60407182e-03 -9.65596554e-03 -2.16829177e-02 -5.16134062e-02
  4.98008343e-01 -2.49945637e-01 -3.71092273e-01 -1.86742635e-01
 -6.31938473e-01 -5.38652391e-01 -1.73690736e-01 -5.17294820e-01
  4.79716028e-01  6.93446619e-01  3.08586344e-01  1.22973770e-01
  1.00236119e+00  2.56247004e+00 -1.76832861e-01 -7.99611300e-01
 -8.50342763e-01  8.93115494e-01  9.84964932e-01  7.15704673e-01
  1.30261731e+00  3.17984500e+00  8.04343768e+00  2.42528993e-02
 -5.35689319e-02 -1.56699479e-01  8.36002829e-02 -1.92121057e-01
 -1.78398657e-01 -2.17359069e-02 -2.61771394e-02 -6.74845186e-04
 -2.13698644e-01 -3.60204625e-01  1.03332842e+00  2.06673973e+00
  2.29801839e+00  1.04104891e+00  3.49444789e+00  9.63937002e+00
  1.81210898e+00  5.17263536e+00  3.75123913e+00  2.22338790e+00
  4.57932563e+00  3.03137295e+00  3.52241254e+00  1.33332088e+01
  2.72639514e+01  5.18650372e+00  1.57935473e+01  1.20787610e+01
 -8.40534372e-02  4.20079336e-02  1.06142037e-01 -3.38547622e-03
 -6.78306833e-03 -3.41905111e-03  4.73619741e-02 -3.28855659e-02
 -1.27865313e-02  2.32388285e-02  8.52766486e-02  1.00225442e-01
  4.30254705e-02  3.45946239e-01 -1.22542857e-02 -2.97838399e-02
 -1.53843725e-02 -2.69124133e-02  1.73117716e-01 -2.50597872e-02
  4.42470302e-02  3.25154504e-01  6.83807165e-01 -2.70100501e-02
 -6.99029913e-02 -3.69104681e-02]
 BEGIN VMC CALCULATION
 =====================

Running VMC equilibration (5000 moves).
Performing time-step optimization.
Optimized step size: 0.11660

Starting VMC.

 =========================================================================
 In block : 1
  Number of VMC steps           = 1000000

  Block average energies (au)

  Total energy                       (au) =         -54.561324245762
  Standard error                        +/-           0.001264271538

  Constant energy contributions      (au) =           0.000000000000

  Variance of local energy           (au) =           0.258241933901
  Standard error                        +/-           0.000000000000

 Time taken in block    : : :       75.2042

 =========================================================================
 FINAL RESULT:

  VMC energy (au)    Standard error      Correction for serial correlation

 -54.561324245762 +/- 0.001264271538      On-the-fly reblocking method

 Sample variance of E_L (au^2/sim.cell) : 0.258241933901


 =========================================================================

 Total PyCasino real time : : :    1128.5175
