
 ------------------------------------------------------------------------------
 ########::'##:::'##::'######:::::'###:::::'######::'####:'##::: ##::'#######::
 ##.... ##:. ##:'##::'##... ##:::'## ##:::'##... ##:. ##:: ###:: ##:'##.... ##:
 ##:::: ##::. ####::: ##:::..:::'##:. ##:: ##:::..::: ##:: ####: ##: ##:::: ##:
 ########::::. ##:::: ##:::::::'##:::. ##:. ######::: ##:: ## ## ##: ##:::: ##:
 ##.....:::::: ##:::: ##::::::: #########::..... ##:: ##:: ##. ####: ##:::: ##:
 ##::::::::::: ##:::: ##::: ##: ##.... ##:'##::: ##:: ##:: ##:. ###: ##:::: ##:
 ##::::::::::: ##::::. ######:: ##:::: ##:. ######::'####: ##::. ##:. #######::
 .::::::::::::..::::::......:::..:::::..:::......:::....::..::::..:::.......:::

                     Python Quantum Monte Carlo Package
                        v 0.2.0 [Vladimir Konkov]

    Main Author : Vladimir Konkov
 ------------------------------------------------------------------------------

 Python 3.10.12 (main, Nov 20 2023, 15:14:05) [GCC 11.4.0]
 Numba 0.59.0
 Numpy 1.26.4
 Scipy 1.11.3

 Running in parallel using 4 MPI processes.

 General input parameters
 ========================
 NEU (num up spin electrons)              :  1
 NED (num down spin electrons)            :  1
 RUNTYPE (type of run)                    :  vmc_dmc
 PSI_S  (form for [anti]symmetrizing wfn) :  slater
 ATOM_BASIS_TYPE (atom-centred orb basis) :  gaussian
 INTERACTION (interaction type)           :  coulomb
 TESTRUN (read input data,print and stop) :  F
 PERIODIC                                 :  F
 COMPLEX_WF (complex Slater wave fn.)     :  F
 NEIGHPRINT (neighbour analysis)          :  0
 USE_JASTROW (use Jastrow factor)         :  T
 BACKFLOW (use backflow corrections)      :  F
 USE_ORBMODS (use orbitals modifications) :  F
 E_OFFSET (energy offset)                 :  0.0000
 CHECKPOINT (checkpointing level)         :  1
 CON_LOC (Dir to read/write config.*)     :  ./
 RELATIVISTIC                             :  F

 Gaussian cusp correction
 ========================
 Activated.

 ======================================================
 PERFORMING A VMC CONFIGURATION-GENERATION CALCULATION.
 ======================================================


 BEGIN VMC CALCULATION
 =====================

Running VMC equilibration (5000 moves).
Performing time-step optimization.
Optimized step size: 0.50767
DTVMC: 0.08591

Starting VMC.

 =========================================================================
 In block : 1
  Number of VMC steps           = 1024

  Block average energies (au)

  Total energy                       (au) =          -2.896455499470
  Standard error                        +/-           0.004672588843

  Constant energy contributions      (au) =           0.000000000000

  Variance of local energy           (au) =           0.005547227492
  Standard error                        +/-           0.000000000000

 Time taken in block    : : :       125.3227

 =========================================================================
 FINAL RESULT:

  VMC energy (au)    Standard error      Correction for serial correlation

 -2.896455499470 +/- 0.004672588843      On-the-fly reblocking method

 Sample variance of E_L (au^2/sim.cell) : 0.005547227492


 *     *     *     *     *     *     *     *     *     *     *     *

 ===========================================
 PERFORMING A DMC EQUILIBRATION CALCULATION.
 ===========================================

 BEGIN DMC CALCULATION
 =====================

 Random number generator reset to state in config.in.

 EBEST = -2.8964554994701084 (au/prim cell inc. N-N)
 EREF  = -2.8964554994701084


 =========================================================================
 In block : 1

 Number of moves in block                 : 10000
 Load-balancing efficiency (%)            : 92.670
 Number of config transfers               : 506
 New best estimate of DMC energy (au)     : -2.90377790
 New best estimate of effective time step : 0.07836984

 Time taken in block    : : :       1521.2038

 *     *     *     *     *     *     *     *     *     *     *     *

 =====================================================
 PERFORMING A DMC STATISTICS-ACCUMULATION CALCULATION.
 =====================================================

 BEGIN DMC CALCULATION
 =====================

 Random number generator reset to state in config.in.

 EBEST = -2.9026250590942486 (au/prim cell inc. N-N)
 EREF  = -2.8995053748150834

 Number of previous DMC stats accumulation moves : 0

 =========================================================================
 In block : 1

 Number of moves in block                 : 10000
 Load-balancing efficiency (%)            : 92.262
 Number of config transfers               : 564
 New best estimate of DMC energy (au)     : -2.90381694
 New best estimate of effective time step : 0.07845710

 Time taken in block    : : :       181.4753

 =========================================================================
 In block : 2

 Number of moves in block                 : 10000
 Load-balancing efficiency (%)            : 93.815
 Number of config transfers               : 429
 New best estimate of DMC energy (au)     : -2.90381676
 New best estimate of effective time step : 0.07772066

 Time taken in block    : : :       178.4052

 =========================================================================
 In block : 3

 Number of moves in block                 : 10000
 Load-balancing efficiency (%)            : 93.507
 Number of config transfers               : 475
 New best estimate of DMC energy (au)     : -2.90380786
 New best estimate of effective time step : 0.07818222

 Time taken in block    : : :       179.7216

 =========================================================================
 In block : 4

 Number of moves in block                 : 10000
 Load-balancing efficiency (%)            : 93.238
 Number of config transfers               : 479
 New best estimate of DMC energy (au)     : -2.90380818
 New best estimate of effective time step : 0.07775733

 Time taken in block    : : :       179.6637

 =========================================================================
 In block : 5

 Number of moves in block                 : 10000
 Load-balancing efficiency (%)            : 94.936
 Number of config transfers               : 371
 New best estimate of DMC energy (au)     : -2.90380657
 New best estimate of effective time step : 0.07726272

 Time taken in block    : : :       178.8938

 =========================================================================
 In block : 6

 Number of moves in block                 : 10000
 Load-balancing efficiency (%)            : 94.681
 Number of config transfers               : 384
 New best estimate of DMC energy (au)     : -2.90380459
 New best estimate of effective time step : 0.07787137

 Time taken in block    : : :       177.9977

 =========================================================================
 In block : 7

 Number of moves in block                 : 10000
 Load-balancing efficiency (%)            : 93.466
 Number of config transfers               : 472
 New best estimate of DMC energy (au)     : -2.90380284
 New best estimate of effective time step : 0.07764793

 Time taken in block    : : :       179.9888

 =========================================================================
 In block : 8

 Number of moves in block                 : 10000
 Load-balancing efficiency (%)            : 94.255
 Number of config transfers               : 442
 New best estimate of DMC energy (au)     : -2.90380065
 New best estimate of effective time step : 0.07772254

 Time taken in block    : : :       178.9337

 =========================================================================
 In block : 9

 Number of moves in block                 : 10000
 Load-balancing efficiency (%)            : 92.570
 Number of config transfers               : 493
 New best estimate of DMC energy (au)     : -2.90380005
 New best estimate of effective time step : 0.07780649

 Time taken in block    : : :       180.3631

 =========================================================================
 In block : 10

 Number of moves in block                 : 10000
 Load-balancing efficiency (%)            : 93.701
 Number of config transfers               : 458
 New best estimate of DMC energy (au)     : -2.90379959
 New best estimate of effective time step : 0.07756507

 Time taken in block    : : :       179.4455

 =========================================================================
 In block : 11

 Number of moves in block                 : 10000
 Load-balancing efficiency (%)            : 94.232
 Number of config transfers               : 405
 New best estimate of DMC energy (au)     : -2.90379932
 New best estimate of effective time step : 0.07718937

 Time taken in block    : : :       178.4664

 =========================================================================
 In block : 12

 Number of moves in block                 : 10000
 Load-balancing efficiency (%)            : 93.175
 Number of config transfers               : 499
 New best estimate of DMC energy (au)     : -2.90380022
 New best estimate of effective time step : 0.07718595

 Time taken in block    : : :       179.7744

 =========================================================================
 In block : 13

 Number of moves in block                 : 10000
 Load-balancing efficiency (%)            : 92.293
 Number of config transfers               : 574
 New best estimate of DMC energy (au)     : -2.90379922
 New best estimate of effective time step : 0.07761677

 Time taken in block    : : :       181.2162

 =========================================================================
 In block : 14

 Number of moves in block                 : 10000
 Load-balancing efficiency (%)            : 93.059
 Number of config transfers               : 524
 New best estimate of DMC energy (au)     : -2.90380181
 New best estimate of effective time step : 0.07777756

 Time taken in block    : : :       180.9231

 =========================================================================
 In block : 15

 Number of moves in block                 : 10000
 Load-balancing efficiency (%)            : 93.483
 Number of config transfers               : 416
 New best estimate of DMC energy (au)     : -2.90380039
 New best estimate of effective time step : 0.07689697

 Time taken in block    : : :       178.9931

 =========================================================================
 In block : 16

 Number of moves in block                 : 10000
 Load-balancing efficiency (%)            : 94.232
 Number of config transfers               : 412
 New best estimate of DMC energy (au)     : -2.90380017
 New best estimate of effective time step : 0.07767762

 Time taken in block    : : :       179.9965

 =========================================================================
 In block : 17

 Number of moves in block                 : 10000
 Load-balancing efficiency (%)            : 94.097
 Number of config transfers               : 404
 New best estimate of DMC energy (au)     : -2.90380027
 New best estimate of effective time step : 0.07782474

 Time taken in block    : : :       179.2870

 =========================================================================
 In block : 18

 Number of moves in block                 : 10000
 Load-balancing efficiency (%)            : 92.698
 Number of config transfers               : 504
 New best estimate of DMC energy (au)     : -2.90379854
 New best estimate of effective time step : 0.07737680

 Time taken in block    : : :       182.8575

 =========================================================================
 In block : 19

 Number of moves in block                 : 10000
 Load-balancing efficiency (%)            : 93.711
 Number of config transfers               : 472
 New best estimate of DMC energy (au)     : -2.90379848
 New best estimate of effective time step : 0.07793438

 Time taken in block    : : :       179.4875

 =========================================================================
 In block : 20

 Number of moves in block                 : 10000
 Load-balancing efficiency (%)            : 93.828
 Number of config transfers               : 414
 New best estimate of DMC energy (au)     : -2.90379794
 New best estimate of effective time step : 0.07816986

 Time taken in block    : : :       179.0070

 =========================================================================
 In block : 21

 Number of moves in block                 : 10000
 Load-balancing efficiency (%)            : 93.234
 Number of config transfers               : 449
 New best estimate of DMC energy (au)     : -2.90379666
 New best estimate of effective time step : 0.07797567

 Time taken in block    : : :       179.7017

 =========================================================================
 In block : 22

 Number of moves in block                 : 10000
 Load-balancing efficiency (%)            : 92.811
 Number of config transfers               : 518
 New best estimate of DMC energy (au)     : -2.90379564
 New best estimate of effective time step : 0.07793792

 Time taken in block    : : :       180.9202

 =========================================================================
 In block : 23

 Number of moves in block                 : 10000
 Load-balancing efficiency (%)            : 94.196
 Number of config transfers               : 413
 New best estimate of DMC energy (au)     : -2.90379571
 New best estimate of effective time step : 0.07769272

 Time taken in block    : : :       182.0805

 =========================================================================
 In block : 24

 Number of moves in block                 : 10000
 Load-balancing efficiency (%)            : 93.139
 Number of config transfers               : 464
 New best estimate of DMC energy (au)     : -2.90379535
 New best estimate of effective time step : 0.07810554

 Time taken in block    : : :       179.5985

 =========================================================================
 In block : 25

 Number of moves in block                 : 10000
 Load-balancing efficiency (%)            : 93.493
 Number of config transfers               : 491
 New best estimate of DMC energy (au)     : -2.90379397
 New best estimate of effective time step : 0.07749712

 Time taken in block    : : :       179.6124

 =========================================================================
 In block : 26

 Number of moves in block                 : 10000
 Load-balancing efficiency (%)            : 92.237
 Number of config transfers               : 530
 New best estimate of DMC energy (au)     : -2.90379377
 New best estimate of effective time step : 0.07735786

 Time taken in block    : : :       180.6669

 =========================================================================
 In block : 27

 Number of moves in block                 : 10000
 Load-balancing efficiency (%)            : 92.858
 Number of config transfers               : 500
 New best estimate of DMC energy (au)     : -2.90379279
 New best estimate of effective time step : 0.07754208

 Time taken in block    : : :       180.4820

 =========================================================================
 In block : 28

 Number of moves in block                 : 10000
 Load-balancing efficiency (%)            : 92.999
 Number of config transfers               : 483
 New best estimate of DMC energy (au)     : -2.90379289
 New best estimate of effective time step : 0.07781893

 Time taken in block    : : :       179.9968

 =========================================================================
 In block : 29

 Number of moves in block                 : 10000
 Load-balancing efficiency (%)            : 94.148
 Number of config transfers               : 453
 New best estimate of DMC energy (au)     : -2.90379202
 New best estimate of effective time step : 0.07772439

 Time taken in block    : : :       179.0679

 =========================================================================
 In block : 30

 Number of moves in block                 : 10000
 Load-balancing efficiency (%)            : 93.530
 Number of config transfers               : 455
 New best estimate of DMC energy (au)     : -2.90379207
 New best estimate of effective time step : 0.07780199

 Time taken in block    : : :       180.1959

 =========================================================================
 In block : 31

 Number of moves in block                 : 10000
 Load-balancing efficiency (%)            : 93.270
 Number of config transfers               : 475
 New best estimate of DMC energy (au)     : -2.90379152
 New best estimate of effective time step : 0.07743587

 Time taken in block    : : :       180.7196

 =========================================================================
 In block : 32

 Number of moves in block                 : 10000
 Load-balancing efficiency (%)            : 93.654
 Number of config transfers               : 457
 New best estimate of DMC energy (au)     : -2.90379185
 New best estimate of effective time step : 0.07765881

 Time taken in block    : : :       179.5573

 =========================================================================
 In block : 33

 Number of moves in block                 : 10000
 Load-balancing efficiency (%)            : 91.899
 Number of config transfers               : 563
 New best estimate of DMC energy (au)     : -2.90379199
 New best estimate of effective time step : 0.07733096

 Time taken in block    : : :       180.4178

 =========================================================================
 In block : 34

 Number of moves in block                 : 10000
 Load-balancing efficiency (%)            : 93.475
 Number of config transfers               : 469
 New best estimate of DMC energy (au)     : -2.90379190
 New best estimate of effective time step : 0.07760856

 Time taken in block    : : :       178.4993

 =========================================================================
 In block : 35

 Number of moves in block                 : 10000
 Load-balancing efficiency (%)            : 93.066
 Number of config transfers               : 536
 New best estimate of DMC energy (au)     : -2.90379136
 New best estimate of effective time step : 0.07785536

 Time taken in block    : : :       180.9831

 =========================================================================
 In block : 36

 Number of moves in block                 : 10000
 Load-balancing efficiency (%)            : 94.542
 Number of config transfers               : 391
 New best estimate of DMC energy (au)     : -2.90379159
 New best estimate of effective time step : 0.07748920

 Time taken in block    : : :       179.0904

 =========================================================================
 In block : 37

 Number of moves in block                 : 10000
 Load-balancing efficiency (%)            : 93.350
 Number of config transfers               : 500
 New best estimate of DMC energy (au)     : -2.90379202
 New best estimate of effective time step : 0.07769954

 Time taken in block    : : :       179.7435

 =========================================================================
 In block : 38

 Number of moves in block                 : 10000
 Load-balancing efficiency (%)            : 93.890
 Number of config transfers               : 452
 New best estimate of DMC energy (au)     : -2.90379282
 New best estimate of effective time step : 0.07741043

 Time taken in block    : : :       179.2681

 =========================================================================
 In block : 39

 Number of moves in block                 : 10000
 Load-balancing efficiency (%)            : 93.573
 Number of config transfers               : 459
 New best estimate of DMC energy (au)     : -2.90379262
 New best estimate of effective time step : 0.07824186

 Time taken in block    : : :       179.9203

 =========================================================================
 In block : 40

 Number of moves in block                 : 10000
 Load-balancing efficiency (%)            : 93.378
 Number of config transfers               : 469
 New best estimate of DMC energy (au)     : -2.90379215
 New best estimate of effective time step : 0.07793615

 Time taken in block    : : :       183.6437

 =========================================================================
 In block : 41

 Number of moves in block                 : 10000
 Load-balancing efficiency (%)            : 93.354
 Number of config transfers               : 503
 New best estimate of DMC energy (au)     : -2.90379259
 New best estimate of effective time step : 0.07752040

 Time taken in block    : : :       181.2074

 =========================================================================
 In block : 42

 Number of moves in block                 : 10000
 Load-balancing efficiency (%)            : 94.144
 Number of config transfers               : 425
 New best estimate of DMC energy (au)     : -2.90379217
 New best estimate of effective time step : 0.07782749

 Time taken in block    : : :       179.1562

 =========================================================================
 In block : 43

 Number of moves in block                 : 10000
 Load-balancing efficiency (%)            : 94.042
 Number of config transfers               : 414
 New best estimate of DMC energy (au)     : -2.90379200
 New best estimate of effective time step : 0.07755771

 Time taken in block    : : :       179.2546

 =========================================================================
 In block : 44

 Number of moves in block                 : 10000
 Load-balancing efficiency (%)            : 92.656
 Number of config transfers               : 515
 New best estimate of DMC energy (au)     : -2.90379107
 New best estimate of effective time step : 0.07756311

 Time taken in block    : : :       186.9629

 =========================================================================
 In block : 45

 Number of moves in block                 : 10000
 Load-balancing efficiency (%)            : 92.512
 Number of config transfers               : 544
 New best estimate of DMC energy (au)     : -2.90379162
 New best estimate of effective time step : 0.07744701

 Time taken in block    : : :       180.2369

 =========================================================================
 In block : 46

 Number of moves in block                 : 10000
 Load-balancing efficiency (%)            : 94.649
 Number of config transfers               : 390
 New best estimate of DMC energy (au)     : -2.90379145
 New best estimate of effective time step : 0.07792294

 Time taken in block    : : :       178.9013

 =========================================================================
 In block : 47

 Number of moves in block                 : 10000
 Load-balancing efficiency (%)            : 93.023
 Number of config transfers               : 478
 New best estimate of DMC energy (au)     : -2.90379178
 New best estimate of effective time step : 0.07778155

 Time taken in block    : : :       179.4986

 =========================================================================
 In block : 48

 Number of moves in block                 : 10000
 Load-balancing efficiency (%)            : 92.767
 Number of config transfers               : 524
 New best estimate of DMC energy (au)     : -2.90379157
 New best estimate of effective time step : 0.07757726

 Time taken in block    : : :       180.7570

 =========================================================================
 In block : 49

 Number of moves in block                 : 10000
 Load-balancing efficiency (%)            : 93.956
 Number of config transfers               : 453
 New best estimate of DMC energy (au)     : -2.90379106
 New best estimate of effective time step : 0.07785767

 Time taken in block    : : :       180.7879

 =========================================================================
 In block : 50

 Number of moves in block                 : 10000
 Load-balancing efficiency (%)            : 92.462
 Number of config transfers               : 540
 New best estimate of DMC energy (au)     : -2.90379100
 New best estimate of effective time step : 0.07799951

 Time taken in block    : : :       181.3581

Mixed estimators of the energies at the end of the run
------------------------------------------------------

Total energy                 =       -2.903791004651 +/- 0.000002598273

 =========================================================================

 Total PyCasino real time : : :    10895.3747
