
 ------------------------------------------------------------------------------
 ########::'##:::'##::'######:::::'###:::::'######::'####:'##::: ##::'#######::
 ##.... ##:. ##:'##::'##... ##:::'## ##:::'##... ##:. ##:: ###:: ##:'##.... ##:
 ##:::: ##::. ####::: ##:::..:::'##:. ##:: ##:::..::: ##:: ####: ##: ##:::: ##:
 ########::::. ##:::: ##:::::::'##:::. ##:. ######::: ##:: ## ## ##: ##:::: ##:
 ##.....:::::: ##:::: ##::::::: #########::..... ##:: ##:: ##. ####: ##:::: ##:
 ##::::::::::: ##:::: ##::: ##: ##.... ##:'##::: ##:: ##:: ##:. ###: ##:::: ##:
 ##::::::::::: ##::::. ######:: ##:::: ##:. ######::'####: ##::. ##:. #######::
 .::::::::::::..::::::......:::..:::::..:::......:::....::..::::..:::.......:::

                     Python Quantum Monte Carlo Package
                        v 0.2.0 [Vladimir Konkov]

    Main Author : Vladimir Konkov
 ------------------------------------------------------------------------------
 Started 2024/07/10 11:58:10

 Python 3.10.12 (main, Mar 22 2024, 16:50:05) [GCC 11.4.0]
 Numba 0.59.0
 Numpy 1.26.4
 Scipy 1.11.3

 Running in parallel using 4 MPI processes.

 General input parameters
 ========================
 NEU (num up spin electrons)              :  4
 NED (num down spin electrons)            :  1
 RUNTYPE (type of run)                    :  vmc_dmc
 PSI_S  (form for [anti]symmetrizing wfn) :  slater
 ATOM_BASIS_TYPE (atom-centred orb basis) :  gaussian
 INTERACTION (interaction type)           :  coulomb
 TESTRUN (read input data,print and stop) :  F
 PERIODIC                                 :  F
 COMPLEX_WF (complex Slater wave fn.)     :  F
 NEIGHPRINT (neighbour analysis)          :  0
 USE_JASTROW (use Jastrow factor)         :  T
 BACKFLOW (use backflow corrections)      :  F
 USE_ORBMODS (use orbitals modifications) :  F
 E_OFFSET (energy offset)                 :  0.0000
 CHECKPOINT (checkpointing level)         :  1
 CON_LOC (Dir to read/write config.*)     :  ./
 RELATIVISTIC                             :  F

 VMC/DMC input parameters
 ====================
 NEWRUN (start new run)                   :  T
 VMC_METHOD (choice of VMC algorithm)     :  3
 DTVMC (VMC time step)                    :  1.0000E-02
 OPT_DTVMC (VMC time-step optimization)   :  1
 VMC_NSTEP (num VMC steps)                :  1024
 VMC_NCONFIG_WRITE (num configs to write) :  1024
 VMC_NBLOCK (num VMC blocks)              :  1
 VMC_EQUIL_NSTEP (num equil steps)        :  5000
 VMC_DECORR_PERIOD (length of inner loop) :  1
 VMC_AVE_PERIOD (hist reduction factor)   :  1
 VMC_SAMPLING                             :  standard
 MAKEMOVIE                                :  F
 FORCES                                   :  F

 Gaussian cusp correction
 ========================
 Activated.

 Non-local integration grids
 ===========================
 Ion type            :  1
 Non-local grid no.  :  4
 Lexact              :  5
 Number of points    :  12

 ======================================================
 PERFORMING A VMC CONFIGURATION-GENERATION CALCULATION.
 ======================================================


 BEGIN VMC CALCULATION
 =====================

 Running VMC equilibration (5000 moves).
 Performing time-step optimization.
 Optimized step size: 0.35820
 DTVMC: 0.04277

 Starting VMC.

 =========================================================================
 In block : 1
  Number of VMC steps           = 1024

  Block average energies (au)

  Total energy                       (au) =          -9.749826829044
  Standard error                        +/-           0.019016970791

  Constant energy contributions      (au) =           0.000000000000

  Variance of local energy           (au) =           0.069073113288
  Standard error                        +/-           0.000000000000

 Time taken in block    : : :       213.6309

 =========================================================================
 FINAL RESULT:

  VMC energy (au)    Standard error      Correction for serial correlation

 -9.749826829044 +/- 0.019016970791      On-the-fly reblocking method

 Sample variance of E_L (au^2/sim.cell) : 0.069073113288


 *     *     *     *     *     *     *     *     *     *     *     *

 ===========================================
 PERFORMING A DMC EQUILIBRATION CALCULATION.
 ===========================================

 BEGIN DMC CALCULATION
 =====================

 Random number generator reset to state in config.in.

 EBEST = -9.750007077618534 (au/prim cell inc. N-N)
 EREF  = -9.750007077618534


 =========================================================================
 In block : 1

 Number of moves in block                 : 10000
 Load-balancing efficiency (%)            : 92.581
 Acceptance ratio (%)                     : 97.319
 Number of config transfers               : 544
 New best estimate of DMC energy (au)     : -9.76033699
 New best estimate of effective time step : 0.01297266

 Time taken in block    : : :       4292.1601

 *     *     *     *     *     *     *     *     *     *     *     *

 =====================================================
 PERFORMING A DMC STATISTICS-ACCUMULATION CALCULATION.
 =====================================================

 BEGIN DMC CALCULATION
 =====================

 Random number generator reset to state in config.in.

 EBEST = -9.75921623558536 (au/prim cell inc. N-N)
 EREF  = -9.751157012842269

 Number of previous DMC stats accumulation moves : 0

 =========================================================================
 In block : 1

 Number of moves in block                 : 10000
 Load-balancing efficiency (%)            : 91.791
 Acceptance ratio (%)                     : 96.839
 Number of config transfers               : 606
 New best estimate of DMC energy (au)     : -9.76049506
 New best estimate of effective time step : 0.01290858

 Time taken in block    : : :       1344.7470

 =========================================================================
 In block : 2

 Number of moves in block                 : 10000
 Load-balancing efficiency (%)            : 93.275
 Acceptance ratio (%)                     : 97.338
 Number of config transfers               : 490
 New best estimate of DMC energy (au)     : -9.76034190
 New best estimate of effective time step : 0.01297521

 Time taken in block    : : :       1423.1807

 =========================================================================
 In block : 3

 Number of moves in block                 : 10000
 Load-balancing efficiency (%)            : 91.951
 Acceptance ratio (%)                     : 96.951
 Number of config transfers               : 706
 New best estimate of DMC energy (au)     : -9.76045815
 New best estimate of effective time step : 0.01292352

 Time taken in block    : : :       1403.8637

 =========================================================================
 In block : 4

 Number of moves in block                 : 10000
 Load-balancing efficiency (%)            : 92.955
 Acceptance ratio (%)                     : 96.782
 Number of config transfers               : 457
 New best estimate of DMC energy (au)     : -9.76016755
 New best estimate of effective time step : 0.01290110

 Time taken in block    : : :       1373.2252

 =========================================================================
 In block : 5

 Number of moves in block                 : 10000
 Load-balancing efficiency (%)            : 92.210
 Acceptance ratio (%)                     : 96.879
 Number of config transfers               : 587
 New best estimate of DMC energy (au)     : -9.76006948
 New best estimate of effective time step : 0.01291398

 Time taken in block    : : :       1361.7613

Mixed estimators of the energies at the end of the run
------------------------------------------------------

Total energy                 =       -9.760069480909 +/- 0.000146006139

 =========================================================================

 Total PyCasino real time : : :    11805.5977
