
 ------------------------------------------------------------------------------
 ########::'##:::'##::'######:::::'###:::::'######::'####:'##::: ##::'#######::
 ##.... ##:. ##:'##::'##... ##:::'## ##:::'##... ##:. ##:: ###:: ##:'##.... ##:
 ##:::: ##::. ####::: ##:::..:::'##:. ##:: ##:::..::: ##:: ####: ##: ##:::: ##:
 ########::::. ##:::: ##:::::::'##:::. ##:. ######::: ##:: ## ## ##: ##:::: ##:
 ##.....:::::: ##:::: ##::::::: #########::..... ##:: ##:: ##. ####: ##:::: ##:
 ##::::::::::: ##:::: ##::: ##: ##.... ##:'##::: ##:: ##:: ##:. ###: ##:::: ##:
 ##::::::::::: ##::::. ######:: ##:::: ##:. ######::'####: ##::. ##:. #######::
 .::::::::::::..::::::......:::..:::::..:::......:::....::..::::..:::.......:::

                     Python Quantum Monte Carlo Package
                        v 0.2.0 [Vladimir Konkov]

    Main Author : Vladimir Konkov
 ------------------------------------------------------------------------------
 Started 2024/08/18 21:14:33

 Python 3.10.12 (main, Jul 29 2024, 16:56:48) [GCC 11.4.0]
 Numba 0.59.0
 Numpy 1.26.4
 Scipy 1.11.3

 Running in parallel using 4 MPI processes.

 General input parameters
 ========================
 NEU (num up spin electrons)              :  5
 NED (num down spin electrons)            :  2
 RUNTYPE (type of run)                    :  vmc_opt
 PSI_S  (form for [anti]symmetrizing wfn) :  slater
 ATOM_BASIS_TYPE (atom-centred orb basis) :  gaussian
 INTERACTION (interaction type)           :  coulomb
 TESTRUN (read input data,print and stop) :  F
 PERIODIC                                 :  F
 COMPLEX_WF (complex Slater wave fn.)     :  F
 NEIGHPRINT (neighbour analysis)          :  0
 USE_JASTROW (use Jastrow factor)         :  T
 BACKFLOW (use backflow corrections)      :  T
 USE_ORBMODS (use orbitals modifications) :  F
 E_OFFSET (energy offset)                 :  0.0000
 CHECKPOINT (checkpointing level)         :  1
 CON_LOC (Dir to read/write config.*)     :  ./
 RELATIVISTIC                             :  F

 VMC/optimization input parameters
 ====================
 NEWRUN (start new run)                   :  T
 VMC_METHOD (choice of VMC algorithm)     :  3
 DTVMC (VMC time step)                    :  1.0000E-02
 OPT_DTVMC (VMC time-step optimization)   :  1
 VMC_NSTEP (num VMC steps)                :  10000
 VMC_NCONFIG_WRITE (num configs to write) :  10000
 VMC_NBLOCK (num VMC blocks)              :  1
 VMC_EQUIL_NSTEP (num equil steps)        :  5000
 VMC_DECORR_PERIOD (length of inner loop) :  10
 VMC_AVE_PERIOD (hist reduction factor)   :  1
 VMC_SAMPLING                             :  standard
 MAKEMOVIE                                :  F
 FORCES                                   :  F

 Gaussian cusp correction
 ========================
 Activated.

 BEGIN VMC CALCULATION
 =====================

 Running VMC equilibration (5000 moves).
 Performing time-step optimization.
 Optimized step size: 0.11851
 DTVMC: 0.00468

 Starting VMC.

 =========================================================================
 In block : 1
  Number of VMC steps           = 10000

  Block average energies (au)

  Total energy                       (au) =         -54.400267669026
  Standard error                        +/-           0.046728209996

  Constant energy contributions      (au) =           0.000000000000

  Variance of local energy           (au) =           9.964383795418
  Standard error                        +/-           0.000000000000

 Time taken in block    : : :       2.0693

 =========================================================================
 FINAL RESULT:

  VMC energy (au)    Standard error      Correction for serial correlation

 -54.400267669026 +/- 0.046728209996      On-the-fly reblocking method

 Sample variance of E_L (au^2/sim.cell) : 9.964383795418


 ==========================================
 PERFORMING OPTIMIZATION CALCULATION No. 1.
 ==========================================


 Optimization start
 ==================
   Iteration     Total nfev        Cost      Cost reduction    Step norm     Optimality
       0              1         5.4668e+00                                    4.86e+05
       1              2         1.9583e+00      3.51e+00       2.57e-02       6.66e+04
       2              3         1.1927e+00      7.66e-01       5.46e-02       1.64e+04
       3              4         8.5364e-01      3.39e-01       9.48e-02       5.35e+03
       4              5         7.0683e-01      1.47e-01       2.36e-01       2.27e+03
       5              6         6.4222e-01      6.46e-02       4.46e-01       7.74e+03
       6              7         6.0545e-01      3.68e-02       6.84e-01       4.76e+03
       7              8         5.8331e-01      2.21e-02       1.19e+00       8.88e+03
       8              9         5.7127e-01      1.20e-02       1.67e+00       9.36e+03
       9             10         5.6452e-01      6.75e-03       2.98e+00       8.37e+03
`ftol` termination condition is satisfied.
Function evaluations 10, initial cost 5.4668e+00, final cost 5.6452e-01, first-order optimality 8.37e+03.
Norm of Jacobian at the solution: 4.04289e-12

 BEGIN VMC CALCULATION
 =====================

 Running VMC equilibration (5000 moves).
 Performing time-step optimization.
 Optimized step size: 0.11663
 DTVMC: 0.00453

 Starting VMC.

 =========================================================================
 In block : 1
  Number of VMC steps           = 10000

  Block average energies (au)

  Total energy                       (au) =         -54.562448351334
  Standard error                        +/-           0.010701989876

  Constant energy contributions      (au) =           0.000000000000

  Variance of local energy           (au) =           0.455328701676
  Standard error                        +/-           0.000000000000

 Time taken in block    : : :       1.8885

 =========================================================================
 FINAL RESULT:

  VMC energy (au)    Standard error      Correction for serial correlation

 -54.562448351334 +/- 0.010701989876      On-the-fly reblocking method

 Sample variance of E_L (au^2/sim.cell) : 0.455328701676


 ==========================================
 PERFORMING OPTIMIZATION CALCULATION No. 2.
 ==========================================


 Optimization start
 ==================
Stabilization: 1.0 SEM
E_0 -54.56442432 E_lin -54.45984318 dE 0.10458114
eigvector[0] 0.93042353
delta p / p
[-1.30275966e-03 -7.65181291e-02  7.88262522e-02 -1.12934217e-02
  1.24252846e-03 -1.75057420e-04 -6.76964463e-05  2.05453002e-04
 -1.87433521e-04 -9.24755276e-03 -5.68484454e+00  3.70223741e-02
  4.51377046e-04 -1.02990410e-03  4.50688377e-04  9.74963149e-04
 -8.93729445e-03 -1.09750333e-01 -5.12023620e-01  1.17320513e-03
  5.51136221e-03 -2.24564016e-03 -5.16629299e-04  3.22136012e-03
  1.35728102e-02 -2.65141876e-03  3.02325512e-02 -1.26619251e+00
 -6.56541262e-03  1.07447564e-02 -1.29941578e-03  1.69975483e-02
  6.84389824e-03 -2.15273302e-02 -2.56316903e-03 -3.26775571e-02
  5.26896314e-03  5.58903847e-04 -1.56620387e-03  1.45523733e-03
 -1.46904792e-03  2.06784925e-03 -2.50133935e-04 -1.32228152e-01
 -2.56071550e-02  8.65667269e-03 -4.16534852e+00  2.97928794e-02
 -9.87267235e-03  1.44165792e-02 -2.08615196e-04  1.49893972e+00
  6.96673003e-02  1.74295835e-03 -1.33320313e-03 -1.21013600e-03
 -2.45703278e-03  1.23242946e-04 -9.00338862e-04  4.07908283e-03
  8.94314545e-02  2.57930147e-01  2.36764152e-02  2.76959373e-03
  4.68605205e-04 -1.94631213e-02  2.55684475e-04  5.26859204e-04
 -2.90679153e-03  2.31970157e+00  2.07056663e-02 -1.44476423e-03
  1.15679892e-02 -1.47843410e-03 -3.52536835e-02 -2.47053183e-02
  6.66432281e-04  2.55516114e-02 -3.68941157e-02  1.81349281e-02
 -7.31888897e-04 -5.23146784e-04 -4.92744238e-04 -1.16211619e-04
 -2.85731986e-04  1.19028840e-03  3.26592865e-02 -2.59973617e-03
  1.40104847e-02  4.78701251e-03 -2.64125188e-04  1.78156944e-02
  1.92173478e-03 -1.38652648e-03  2.91250630e-03  4.28050748e-03
 -1.16164421e-02 -2.27270269e-02  7.33118294e-02 -3.49382849e-02
  1.36707174e+00  2.19589777e-01 -8.09686015e-03  4.92820553e-02
  5.53685596e-01 -1.48826999e-02  1.53768788e-02 -6.41711495e-05
 -2.30009547e-03  5.54053913e-04  3.57881756e-02 -3.08541741e-01
  6.20325836e-02 -6.66210259e-05  5.08650714e-02  3.70244144e-03
  2.92511399e-03  2.94050147e+00  1.36403430e-02  5.66365345e-02
 -5.70862124e-01  8.85547845e-03  1.19921886e+00 -2.04857679e-01
 -5.63783259e-03  4.86565470e-03 -1.87267190e-03 -1.71962850e-03
 -6.15137236e-03  2.61471320e-03  1.33010534e-02  3.46141223e-01
 -1.99969462e-02 -6.73657952e-03  7.89781999e-03 -2.17280460e-03
 -7.35212431e-03  2.16952515e-02 -5.91297339e-03 -3.56139170e-03
  4.63244271e-02 -1.43890541e-03  1.02936312e-01  7.80985104e-03
 -1.70416165e-03 -1.79664945e-04  4.78832778e-04 -6.01427702e-04
  7.28800985e-04  1.33343655e-03 -6.51061957e-02  4.02844337e-02
 -1.77670112e-02  1.98642777e-03 -1.28981729e-03  3.94045976e-04
  1.27324322e-03 -2.12845105e-02 -2.51262311e-03  2.49065027e-02
  8.66122794e-04 -1.51537185e-03 -3.26078217e-02  8.45049843e-02
  1.56091067e-03 -2.93310589e-02  1.33006338e-01 -2.56715436e-02
  1.53777844e-04  7.90874169e-03  2.23826883e-03 -1.76863656e-03
  6.19621937e-03  1.64036848e-02  4.97428273e-02 -9.42185762e-03
 -3.94453225e-01  3.61087850e-03 -1.37313266e-02 -2.65623165e-02
 -1.25609825e-03 -1.38000453e-03  7.80106055e-05  4.32624042e-03
 -5.36752813e-03 -8.57592446e-03  4.75179827e-03  8.62307637e-03
  9.21104862e-04 -8.27240609e-03  2.74466280e-02  9.14657650e-01
  1.88447708e-01  2.28453020e+00  1.28729400e-02  3.47598133e-03
 -3.35445088e-03  5.25945153e-03  3.03414418e-04  4.91421261e-03
  6.80554142e-03 -5.03660883e-03 -4.17809325e-02  8.82686718e-03
 -7.40822822e-03  3.81458164e-02 -2.45653210e-03  9.29714879e-03
  2.66517122e-02 -4.67949798e-04 -6.91308694e-04  1.15866618e-03
 -2.88748424e-04  1.13596220e-02 -4.85437948e-03  1.50775059e-02
 -6.72052889e-03 -5.31923618e-02 -1.05455162e-02 -2.16514834e-01
  2.17330436e-03 -1.57671375e-03 -6.42036535e-03  5.05476594e-03
  2.72881929e-02 -1.15108539e-01  5.63181448e-02 -1.09737777e-01
  4.76081345e-03 -6.06154790e-03  3.53393855e-03  2.19542315e-03
  4.57108995e-03 -3.40203287e-03 -1.72723062e-02 -1.06060966e-01
 -1.21882883e-01 -1.57824359e-02 -1.61681440e-02 -6.45133266e-03
 -8.36539419e-05 -1.19347387e-02  2.29503297e-03 -4.95512245e-03
  3.13182775e-03 -1.10116127e-01 -2.97737232e-02  5.11673069e-01
 -1.15765980e-02  1.07642682e-01  9.78916399e-02 -2.05853095e-01
 -1.00986172e-01  5.56493186e-02 -2.64167167e-02 -1.76556504e-02
  1.42237405e-02 -8.20600103e-03 -9.22215285e-05  5.98914535e-03
 -2.14122938e-04 -1.09848284e-02 -5.08054931e-03 -3.09749857e-03
 -8.35419581e-04 -7.01100406e-02  1.86263370e-04 -3.11982752e-02
 -3.73647275e+00  8.57273179e-05 -1.06253476e-02  3.17010656e-05
  1.32976258e-02]

 BEGIN VMC CALCULATION
 =====================

 Running VMC equilibration (5000 moves).
 Performing time-step optimization.
 Optimized step size: 0.11603
 DTVMC: 0.00449

 Starting VMC.

 =========================================================================
 In block : 1
  Number of VMC steps           = 10000

  Block average energies (au)

  Total energy                       (au) =         -54.565549137263
  Standard error                        +/-           0.016528913075

  Constant energy contributions      (au) =           0.000000000000

  Variance of local energy           (au) =           0.702103984804
  Standard error                        +/-           0.000000000000

 Time taken in block    : : :       1.8914

 =========================================================================
 FINAL RESULT:

  VMC energy (au)    Standard error      Correction for serial correlation

 -54.565549137263 +/- 0.016528913075      On-the-fly reblocking method

 Sample variance of E_L (au^2/sim.cell) : 0.702103984804


 ==========================================
 PERFORMING OPTIMIZATION CALCULATION No. 3.
 ==========================================


 Optimization start
 ==================
Stabilization: 1.0 SEM
E_0 -54.55272919 E_lin -54.59880854 dE -0.04607935
eigvector[0] 0.96951627
delta p / p
[ 1.35080999e-03  1.63161987e-01 -4.37283744e-02  3.95438153e-03
 -7.34772548e-04  4.01001983e-04 -4.09116648e-04  5.03872032e-04
 -1.50661261e-04  3.70253745e-02  6.27542623e-01 -1.89344553e-02
  1.04744299e-02 -4.42585401e-03  1.42812555e-03  5.66034285e-03
 -1.07928807e-01 -4.41077938e-02  1.49765849e+00 -5.12795931e-03
  3.21348574e-04 -7.19729153e-04  5.71483433e-04 -4.51153579e-04
  1.49655662e-02 -1.38469733e-03 -7.74060037e-03 -2.70357958e+00
 -4.24103150e-02 -7.45707942e-03  3.60973057e-03  3.28598478e-02
  9.21057439e-03 -2.01179880e-02 -6.42018251e-03  1.71856502e-02
  5.28897832e-03 -1.99994543e-03  1.14662073e-03 -6.27342521e-04
  1.24029620e-04  1.11190671e-03 -9.80484043e-04  6.24056358e-02
 -3.06238682e-02 -3.38790163e-03 -5.12573014e-01 -1.41929886e-02
 -6.73044408e-03 -1.09886661e-02  4.00182638e-03 -2.80499978e-01
 -1.97758657e-02  1.69381579e-03  1.24809629e-02  2.94842355e-04
 -6.36673363e-04 -8.46999144e-04  6.44810629e-04 -1.08506195e-03
 -5.07182652e-03 -2.98192236e-01  1.11016120e-02  3.23594381e-04
 -1.42545359e-04  6.30483574e-04  8.23778761e-04 -8.27227263e-04
  3.76436778e-03  1.50462587e-01 -3.33383076e-03 -1.89843200e-03
  1.23128594e-02  6.65990586e-04  1.39766722e-02  1.57010321e-02
  1.01118709e-03  5.56087900e-04  3.37754963e-02 -9.19996162e-03
 -7.45917193e-02 -4.34136896e-04  2.68660722e-04  9.07117852e-04
  1.45733738e-04 -3.34073201e-03 -2.12033876e-02 -1.72016648e-03
 -3.46544912e-03  9.21770957e-04 -2.20145559e-04 -3.25249069e-02
 -1.61680807e-04 -1.48951846e-03  6.62810361e-03  5.37047764e-03
 -2.55816303e-02 -9.83167992e-03  1.49619402e-02 -6.88653974e-01
  5.61234180e-02 -1.19587138e-01 -5.32340210e-04 -1.43463880e-01
  6.10621880e-02  5.28910841e-03  1.69970421e-04 -2.22046989e-03
  4.73892349e-04  1.13935653e-02  2.20233885e-02  4.20119344e-01
 -1.50449013e-01  1.78929365e-03  3.52941667e-02  4.19266402e-03
  2.15485876e-04  9.81619319e-02 -7.54374646e-03 -9.86408841e-03
  2.15744555e+00  8.94675615e-02 -3.32131056e-01  1.54723352e-01
 -1.93498737e-04 -2.95976326e-03  2.41730008e-03 -2.71336774e-03
  1.65796790e-04 -9.98847743e-04 -3.51573103e-03  1.15015227e+00
  9.78333965e-03  6.53919206e-03  2.89308566e-03 -5.37577081e-03
  8.28026014e-03 -4.05543650e-03 -3.43066899e-03  6.69680030e-03
 -1.92588304e-02 -3.76068202e-03 -1.08967142e-03  9.12411087e-03
 -8.08823940e-04 -9.63980966e-05  1.88196987e-04 -2.74986956e-04
  4.69968351e-04 -4.66556441e-04 -1.38643043e-02 -1.58197141e-03
 -2.21371751e-02 -5.97446006e-03  1.37214064e-03 -1.88041832e-04
  9.02298620e-06 -1.11387936e-02 -9.34733655e-03 -5.42219650e-03
 -2.47527733e-02  1.70546097e-02  3.14545522e-02 -8.55033886e-02
  1.93674377e-01  7.02462451e-02 -5.13128924e-03 -7.63667824e-02
 -7.39317362e-03  1.85078553e-02  1.05133168e-02 -6.19994441e-03
  1.38169143e-02 -8.21582106e-02  5.02589003e-02  3.14833724e-01
  4.28288571e-01  1.03065555e-02  5.42444017e-02 -1.79771076e-02
 -4.57151710e-03 -8.31800231e-04 -9.77582576e-03  4.76190653e-03
 -3.47960288e-03 -1.77866864e-04 -4.00404049e-03 -3.89872661e-03
 -6.05485571e-03  2.74688908e-02 -3.86477738e-03 -3.41615951e-01
 -5.78554744e-02  7.39587485e-01 -5.37775295e-03  4.86683852e-03
 -1.27510975e-02  5.69271740e-03 -1.42269560e-04  2.11332610e-03
  5.60956793e-03 -1.63680612e-03  3.51146928e-02  2.61439134e-02
 -1.35458299e-02  4.89014441e-02 -3.27771157e-03  2.28987307e-03
  9.14574739e-03  5.17958409e-04 -4.16130208e-04 -4.11177947e-04
 -1.66449246e-03  9.59365825e-03 -8.44058922e-03  1.70841142e-02
  1.56501598e-02 -2.52151481e-02  1.04126749e-02 -4.93306029e-01
 -1.16061131e-03 -1.69299093e-03 -4.36689929e-04 -2.87106997e-03
 -3.82110011e-02  4.27695500e-02 -3.97735022e-01  2.19004286e-02
  2.54102260e-03 -1.68957969e-02  4.22324525e-04  4.37819604e-03
 -1.25125405e-03  2.78022632e-03 -1.88012743e-01 -4.96561181e-03
 -2.92955568e-02  4.19865075e-03 -1.62309035e-02 -2.23944023e-02
  4.77390749e-04  2.20554624e-02  7.38704428e-03 -1.31462706e-02
  4.51693877e-02  3.96331764e-02 -1.90055494e-02  1.00291719e-01
 -1.33535893e-02 -4.47670577e-02  1.77272668e-01  2.37747716e-02
 -1.15640652e-01 -1.17430932e-02 -1.04413127e-02 -4.05269059e-02
 -3.39115474e-04 -1.45120816e-03 -1.70122730e-03  5.22333796e-04
  1.37577564e-03  3.04809817e-03  9.36088110e-03  2.03386881e-02
 -7.69924202e-03  9.76409931e-02  1.57939196e-02  1.12829769e-02
 -3.19529161e-01  1.95252570e-03  2.05994732e-03  1.84716964e-04
 -5.04323872e-03]

 BEGIN VMC CALCULATION
 =====================

 Running VMC equilibration (5000 moves).
 Performing time-step optimization.
 Optimized step size: 0.11470
 DTVMC: 0.00439

 Starting VMC.

 =========================================================================
 In block : 1
  Number of VMC steps           = 10000

  Block average energies (au)

  Total energy                       (au) =         -54.537282894333
  Standard error                        +/-           0.014929862703

  Constant energy contributions      (au) =           0.000000000000

  Variance of local energy           (au) =           0.440941312755
  Standard error                        +/-           0.000000000000

 Time taken in block    : : :       1.9200

 =========================================================================
 FINAL RESULT:

  VMC energy (au)    Standard error      Correction for serial correlation

 -54.537282894333 +/- 0.014929862703      On-the-fly reblocking method

 Sample variance of E_L (au^2/sim.cell) : 0.440941312755


 ==========================================
 PERFORMING OPTIMIZATION CALCULATION No. 4.
 ==========================================


 Optimization start
 ==================
Stabilization: 1.0 SEM
E_0 -54.54739710 E_lin -54.65765839 dE -0.11026128
eigvector[0] 0.98315399
delta p / p
[-5.13980686e-03 -1.01037060e-01 -7.52802428e-02  2.17730003e-03
  5.54094414e-04 -2.03289914e-04 -4.43981033e-05  4.17155438e-04
 -2.78591345e-03  4.84766780e-02 -4.31273327e-01 -3.96652081e-02
  4.85258429e-03 -7.83956397e-05 -2.01250246e-03  4.03878030e-03
  6.19164444e-02 -7.08145012e-02 -3.85388079e-01  1.92147234e-02
 -1.54224173e-03  6.68748055e-04 -2.06899898e-03  2.99956443e-03
  3.95965791e-02 -2.54754178e-04  5.07279459e-03  2.12159734e+00
 -4.62640147e-02 -1.83128310e-02  1.30229541e-02 -3.61801877e-02
  9.48985797e-04 -5.16652555e-03 -1.53225489e-03  1.04632366e-04
 -8.09942625e-03  3.94789026e-03 -5.29668354e-04 -1.73720547e-04
  2.67124691e-04  2.12589063e-04 -8.03694886e-04  2.92169450e-03
 -2.05692650e-03 -1.82885229e-03 -1.73887098e-01 -4.83775116e-03
 -1.71055374e-02 -8.77972880e-03 -9.53251305e-05 -2.32847244e-01
  1.01251411e-02  4.78938104e-03  7.74051338e-03  6.36419204e-04
  1.09041011e-03 -9.55210220e-04  1.39916173e-03 -2.44016626e-03
 -4.13633212e-04 -4.02079254e-01 -2.67510063e-02 -1.81484703e-03
 -6.24630934e-04  1.83145376e-02  1.19170541e-03 -1.14744836e-03
  5.20672180e-04 -2.27025815e-01  1.92463813e-03 -3.91031231e-03
 -9.05037847e-03  4.59102671e-03  5.81472067e-03  4.90804597e-03
  1.54717964e-03  6.24950899e-03  1.98585743e-02 -1.86225578e-03
 -2.21309506e-02  6.26820516e-04 -1.95474296e-04 -6.01270711e-05
  4.89223836e-04 -2.86905676e-03  6.81791760e-03 -6.56776117e-05
 -8.77459448e-03  3.79719181e-04  2.84428116e-04  1.22396536e-02
 -6.42190522e-04  1.23417477e-05  1.13171486e-03  1.21734743e-03
 -1.10798230e-02  2.54801962e-02 -4.50931387e-02  7.32400723e-01
  8.16505015e-02 -5.82944515e-02  3.10488240e-03  2.73155366e-02
 -1.60349445e-01  1.94595827e-02  4.07981057e-02 -3.32735333e-04
  6.00794434e-04 -7.06728327e-03  4.02861668e-03 -1.31639066e-01
 -1.04175715e-01 -1.72147847e-02 -3.75337824e-02 -1.78950566e-03
 -1.09450776e-03 -3.56518581e-02  7.22904991e-03  2.38494266e-02
  2.65254547e-02 -3.54461179e-03 -4.09959751e-02  4.24070052e-02
  1.40385668e-03 -9.29261957e-04  3.80406982e-04  1.87317385e-04
  1.15892741e-03 -9.18149471e-04  1.23502651e-03 -2.24828452e-01
 -1.40441038e-04  6.50954984e-03 -1.16722577e-03  1.04342193e-03
 -3.72939921e-03  7.69683861e-03 -1.82733036e-03 -2.07433844e-03
  2.30185565e-02 -2.30172615e-03 -2.47142391e-02  4.23218513e-03
  1.10434418e-03 -6.76568473e-04  2.97431290e-04 -1.51931666e-04
  1.34253645e-04 -7.12382814e-04  6.58310503e-03 -2.94726853e-03
 -7.00750359e-03 -3.23176324e-03  1.03910651e-03 -1.10189135e-04
 -1.14711787e-03  1.34794290e-02 -4.87063135e-03  1.15147125e-02
 -1.51278769e-02  1.76152287e-03 -6.46889182e-03 -4.76835874e-02
  6.28529318e-03 -2.10359829e-02 -4.98930915e-02  4.20801297e-02
 -5.85229956e-04 -4.98852751e-04 -1.47489115e-03  2.56875813e-03
 -2.73847308e-03 -4.49695890e-02  5.19637264e-02  9.70464485e-02
  1.64970178e-01 -8.71090997e-04 -8.48741338e-03  1.56086395e-02
  2.34820506e-03 -3.78054175e-04  4.52886627e-03 -1.20041008e-02
 -5.31152601e-03 -1.97235745e-03 -5.16496802e-05 -7.48316127e-03
 -5.84173181e-03  3.55003912e-02 -1.64827024e-03  9.05881811e-01
 -3.83935188e-02 -4.77881951e-01  2.29137874e-03  2.11398739e-04
  8.08201214e-03  1.70616348e-03  1.85489937e-04 -1.45285838e-04
  2.86021564e-04 -1.95393856e-03  2.27792895e-02 -1.49301288e-02
  2.50626257e-02 -2.95041321e-02  6.06174457e-04 -5.91454867e-03
  3.60954512e-03 -2.21380124e-04  6.10441375e-04  2.99498698e-04
  1.78864649e-03  1.82048094e-03 -8.84028185e-03  5.91340566e-03
  8.38051073e-03  8.96703045e-02  1.55081553e-02 -2.36632606e-01
 -7.00219400e-04  1.23245977e-03 -1.19875072e-03 -3.84022653e-04
  7.38171942e-02  3.58393164e-02 -1.01448113e-01  7.12776532e-02
 -2.40676529e-03 -1.45021446e-03 -2.63249424e-04  1.65841161e-04
  1.89805518e-03 -3.96763705e-04 -4.13936053e-02  1.67229841e-03
 -1.86228038e-02  4.17832121e-03 -3.44825825e-03  1.73895896e-02
  4.47747975e-04  3.51489417e-03 -1.15374460e-02 -2.79968311e-03
  3.96452136e-02  1.11955567e-02  5.11038474e-04 -4.96349613e-02
 -1.81207218e-02  1.04332212e-02  8.22775619e-02  9.72489446e-02
  3.18526343e-02  5.28044807e-03 -4.19423560e-03 -2.65800110e-02
 -1.10922341e-03 -5.27030261e-03  8.05437028e-05 -1.68869179e-03
 -1.37992648e-06  3.02147632e-03  5.80720557e-03  3.74419290e-03
  1.38663923e-03  9.28057601e-02  9.16525488e-03 -9.65843271e-03
 -2.00292025e-01  1.26946090e-03  1.97654926e-03 -4.05536800e-03
  8.69936495e-04]

 BEGIN VMC CALCULATION
 =====================

 Running VMC equilibration (5000 moves).
 Performing time-step optimization.
 Optimized step size: 0.11643
 DTVMC: 0.00452

 Starting VMC.

 =========================================================================
 In block : 1
  Number of VMC steps           = 10000

  Block average energies (au)

  Total energy                       (au) =         -54.551845204793
  Standard error                        +/-           0.010668177590

  Constant energy contributions      (au) =           0.000000000000

  Variance of local energy           (au) =           0.463341367531
  Standard error                        +/-           0.000000000000

 Time taken in block    : : :       1.8844

 =========================================================================
 FINAL RESULT:

  VMC energy (au)    Standard error      Correction for serial correlation

 -54.551845204793 +/- 0.010668177590      On-the-fly reblocking method

 Sample variance of E_L (au^2/sim.cell) : 0.463341367531


 =========================================================================

 Total PyCasino real time : : :    501.6567
