
 ------------------------------------------------------------------------------
 ########::'##:::'##::'######:::::'###:::::'######::'####:'##::: ##::'#######::
 ##.... ##:. ##:'##::'##... ##:::'## ##:::'##... ##:. ##:: ###:: ##:'##.... ##:
 ##:::: ##::. ####::: ##:::..:::'##:. ##:: ##:::..::: ##:: ####: ##: ##:::: ##:
 ########::::. ##:::: ##:::::::'##:::. ##:. ######::: ##:: ## ## ##: ##:::: ##:
 ##.....:::::: ##:::: ##::::::: #########::..... ##:: ##:: ##. ####: ##:::: ##:
 ##::::::::::: ##:::: ##::: ##: ##.... ##:'##::: ##:: ##:: ##:. ###: ##:::: ##:
 ##::::::::::: ##::::. ######:: ##:::: ##:. ######::'####: ##::. ##:. #######::
 .::::::::::::..::::::......:::..:::::..:::......:::....::..::::..:::.......:::

                     Python Quantum Monte Carlo Package
                        v 0.2.0 [Vladimir Konkov]

    Main Author : Vladimir Konkov
 ------------------------------------------------------------------------------
 Started 2024/08/20 14:36:25

 Python 3.10.12 (main, Jul 29 2024, 16:56:48) [GCC 11.4.0]
 Numba 0.59.0
 Numpy 1.26.4
 Scipy 1.11.3

 Running in parallel using 4 MPI processes.

 General input parameters
 ========================
 NEU (num up spin electrons)              :  5
 NED (num down spin electrons)            :  2
 RUNTYPE (type of run)                    :  vmc_opt
 PSI_S  (form for [anti]symmetrizing wfn) :  slater
 ATOM_BASIS_TYPE (atom-centred orb basis) :  slater-type
 INTERACTION (interaction type)           :  coulomb
 TESTRUN (read input data,print and stop) :  F
 PERIODIC                                 :  F
 COMPLEX_WF (complex Slater wave fn.)     :  F
 NEIGHPRINT (neighbour analysis)          :  0
 USE_JASTROW (use Jastrow factor)         :  T
 BACKFLOW (use backflow corrections)      :  T
 USE_ORBMODS (use orbitals modifications) :  F
 E_OFFSET (energy offset)                 :  0.0000
 CHECKPOINT (checkpointing level)         :  1
 CON_LOC (Dir to read/write config.*)     :  ./
 RELATIVISTIC                             :  F

 VMC/optimization input parameters
 ====================
 NEWRUN (start new run)                   :  T
 VMC_METHOD (choice of VMC algorithm)     :  3
 DTVMC (VMC time step)                    :  1.0000E-02
 OPT_DTVMC (VMC time-step optimization)   :  1
 VMC_NSTEP (num VMC steps)                :  10000
 VMC_NCONFIG_WRITE (num configs to write) :  10000
 VMC_NBLOCK (num VMC blocks)              :  1
 VMC_EQUIL_NSTEP (num equil steps)        :  5000
 VMC_DECORR_PERIOD (length of inner loop) :  10
 VMC_AVE_PERIOD (hist reduction factor)   :  1
 VMC_SAMPLING                             :  standard
 MAKEMOVIE                                :  F
 FORCES                                   :  F

 BEGIN VMC CALCULATION
 =====================

 Running VMC equilibration (5000 moves).
 Performing time-step optimization.
 Optimized step size: 0.11640
 DTVMC: 0.00452

 Starting VMC.

 =========================================================================
 In block : 1
  Number of VMC steps           = 10000

  Block average energies (au)

  Total energy                       (au) =         -54.470311008393
  Standard error                        +/-           0.051045398010

  Constant energy contributions      (au) =           0.000000000000

  Variance of local energy           (au) =           8.755042401440
  Standard error                        +/-           0.000000000000

 Time taken in block    : : :       1.8724

 =========================================================================
 FINAL RESULT:

  VMC energy (au)    Standard error      Correction for serial correlation

 -54.470311008393 +/- 0.051045398010      On-the-fly reblocking method

 Sample variance of E_L (au^2/sim.cell) : 8.755042401440


 ==========================================
 PERFORMING OPTIMIZATION CALCULATION No. 1.
 ==========================================


 Optimization start
 ==================
   Iteration     Total nfev        Cost      Cost reduction    Step norm     Optimality
       0              1         4.9692e+00                                    4.76e+05
       1              2         1.3531e+00      3.62e+00       2.46e-02       7.09e+04
       2              3         5.9034e-01      7.63e-01       6.16e-02       1.08e+04
       3              4         2.8063e-01      3.10e-01       8.80e-02       2.59e+04
       4              5         1.7138e-01      1.09e-01       2.60e-01       9.89e+03
       5              6         1.3343e-01      3.80e-02       3.78e-01       1.74e+03
       6              8         1.2580e-01      7.62e-03       1.30e-01       1.88e+03
       7              9         1.1981e-01      6.00e-03       2.86e-01       4.04e+03
       8             10         1.1614e-01      3.66e-03       2.90e-01       2.81e+03
       9             11         1.1301e-01      3.14e-03       2.75e-01       2.40e+03
      10             12         1.1085e-01      2.16e-03       2.53e-01       2.58e+03
      11             13         1.1038e-01      4.72e-04       6.43e-02       2.95e+03
      12             15         1.1014e-01      2.36e-04       8.09e-03       3.60e+03
      13             25         1.1014e-01      0.00e+00       0.00e+00       3.60e+03
`xtol` termination condition is satisfied.
Function evaluations 25, initial cost 4.9692e+00, final cost 1.1014e-01, first-order optimality 3.60e+03.
Norm of Jacobian at the solution: 2.57588e-12

 BEGIN VMC CALCULATION
 =====================

 Running VMC equilibration (5000 moves).
 Performing time-step optimization.
 Optimized step size: 0.11597
 DTVMC: 0.00448

 Starting VMC.

 =========================================================================
 In block : 1
  Number of VMC steps           = 10000

  Block average energies (au)

  Total energy                       (au) =         -54.570933032409
  Standard error                        +/-           0.007060410410

  Constant energy contributions      (au) =           0.000000000000

  Variance of local energy           (au) =           0.102036885220
  Standard error                        +/-           0.000000000000

 Time taken in block    : : :       1.6976

 =========================================================================
 FINAL RESULT:

  VMC energy (au)    Standard error      Correction for serial correlation

 -54.570933032409 +/- 0.007060410410      On-the-fly reblocking method

 Sample variance of E_L (au^2/sim.cell) : 0.102036885220


 ==========================================
 PERFORMING OPTIMIZATION CALCULATION No. 2.
 ==========================================


 Optimization start
 ==================
Stabilization: 1.0 SEM
E_0 -54.55698959 E_lin -54.54453756 dE 0.01245203
eigvector[0] 0.97328289
delta p / p
[ 2.03438171e-03 -4.63037852e-02 -1.61228612e-01  1.53548675e-02
  7.79269666e-03 -2.69423601e-02 -8.68291396e+00 -1.33178754e-02
 -2.83099495e+00  1.60970402e-01 -2.45294520e-01 -7.55754131e-03
  3.73580818e-03 -3.39640640e-03  1.17730296e-03  1.60173636e-01
  1.29670879e-01  1.16362786e+00 -2.86236477e-01 -5.81226128e-02
  2.80918874e-02 -9.94014228e-03 -5.49072034e-02 -3.15745301e-02
 -3.30714188e-02  2.44819539e-04  1.33859239e-02 -4.42684823e-02
  3.57262788e-02  1.95450921e-03 -1.13279075e-03  7.27870939e-03
  7.58324014e-03 -2.99926041e-02  1.29538318e-01 -2.58558686e-01
 -5.52365620e-03 -8.23558956e-03  5.11913726e-02  7.31019407e-03
  4.64186819e-03  1.24153593e-02  2.63333619e-03 -4.56501950e-02
 -7.77327569e-03 -2.28326133e+00 -1.49391837e-02  6.42870594e-03
 -4.12440507e-01  2.18545742e-02  4.02022758e-02 -1.36973753e-02
  1.02100481e-01  1.20726580e-02 -1.02547755e-01 -6.24747967e-03
 -1.89198355e-02 -1.15562334e-02  2.04994019e-03 -1.11668318e-02
 -1.73236593e-01 -6.58356656e-03  3.97757694e-02  1.91663292e-03
 -7.90893360e-04  2.57613836e-01 -1.22826291e-01 -2.39070657e-02
 -2.57370937e-01 -1.06316046e-01  1.87821352e-02 -2.06322456e-02
 -3.62254514e-03  1.09358925e-03  1.38401587e-02  1.62666589e-02
  4.31607191e-02 -7.68086020e-03  7.95155399e-02 -3.32034637e-02
  2.19284645e-02  1.87055901e-02 -5.93812187e-03  2.49398557e-02
 -3.75466273e-04 -2.10919894e-03 -1.53412696e-02 -4.88953160e-03
 -1.07903019e-02  8.76821524e-03  9.88546439e-04 -4.02586152e-02
  4.40149002e-03  1.70729511e-04 -5.07934266e-03  9.93605460e-02
 -1.29175362e-01  1.95349492e-01  3.92034934e-01 -5.32970729e-01
  2.64436650e+00  8.83000031e-01  2.49785347e-01 -1.46759356e-01
  9.01421279e-02 -5.84868591e-02  4.51350679e-03 -3.47683223e-02
  5.53007248e-02  1.06077902e-01  8.46238145e-02 -1.04834668e+00
  1.26909518e+00  2.84172527e-02  8.15251067e-02 -3.62386060e-01
  2.69236307e-03  7.06072966e-02  2.94306241e-01  1.79859695e-01
 -6.16266935e+00 -1.53139921e-01 -9.95127706e-02 -1.40762790e+00
  3.31917144e-01  2.09140182e-01  2.34244434e-02  1.76671463e-01
 -2.02140997e-01 -3.92005625e-02 -3.58652384e-01 -5.75452868e-01
  5.65095128e-01 -3.50895597e-01  8.29618163e-02 -1.47401242e-02
  7.25093008e-02 -8.60112237e-02 -6.73785540e-02 -7.99990910e-03
  5.03503600e-01  2.91973177e-04  2.60848878e-02 -8.38307611e-03
  2.09172837e-02  8.64850575e-02 -1.56680261e-02  1.12365409e-02
 -1.98570147e-02  1.57253313e-01  3.49692527e-02  6.06489816e-02
 -3.71679327e-03  3.82953257e-04 -9.62823163e-03 -9.02744556e-03
 -6.51304977e-03 -6.43882734e-03 -6.56809015e-03  7.02182446e-02
  3.18774765e-02 -1.80288592e-02 -1.52043093e-01  2.67160364e-01
 -6.22347753e-01  6.46413723e-02 -4.71085268e-01 -3.77067820e-02
 -2.31685273e-02  1.35757998e-02 -3.69066086e-03  2.46098427e-03
  5.80274688e-01  4.87804524e-02  1.68872591e-01  1.78943760e-01
  2.97083405e+00  1.09929377e-02 -7.15850819e-01  1.38940325e-02
 -1.72589287e-02 -9.10456667e-01  4.78671330e-01 -8.92671851e-02
  1.99386732e-02  4.57519282e-02 -4.59028880e-03  4.35456644e-03
  1.09472922e-01  3.62446932e-01 -2.19142508e+00 -1.32554394e-02
  9.73523003e-02 -1.20273442e-01 -1.10911838e-02  5.28526899e-03
  3.15863600e-02 -1.24168565e-02 -1.25489057e-02 -2.16910218e-02
 -2.37957025e-03 -1.37576618e-02 -2.55216452e-02  5.19072030e-02
 -5.59496789e-01  1.61602131e-01 -1.58524516e-03  6.43239008e-02
 -4.63309396e-01 -6.93106137e-02  6.88903526e-02 -1.03430028e-02
  6.99493248e-02  3.03818473e-02  1.49247820e-01 -2.82910880e-02
 -1.40373796e-01 -1.80406703e-01 -3.79837918e-03 -7.54955611e-02
  5.77292063e-03 -5.14168022e-02 -5.01098162e-03 -3.01607668e-02
  1.45343161e-01  4.13732077e-01 -1.02461905e+00  1.65937758e-02
  8.36545356e-03  1.30214609e-01 -1.36931176e-03  1.30279850e-03
 -3.51518628e-03  9.90791837e-02 -7.07534992e-02 -1.36944342e+00
  2.17352693e-01  8.49206956e-03  1.85500072e-02 -2.14080346e-02
 -5.40264715e-03  6.25332440e-04 -2.67128403e-03 -7.72322826e-03
  9.37572957e-01 -4.46097961e-02 -5.27821605e-02  1.62190513e-02
  5.41437020e-02  2.53369948e-02  4.41312181e-01  1.05114690e-01
  5.30446650e-02  3.28974394e-01 -2.04807571e-02 -4.78036352e-02
  9.93764015e-03 -6.43406470e-03  2.55775724e-04 -3.74691875e-02
 -1.77846740e-02  5.60860098e-02  5.45090386e-02 -1.76182248e-02
  3.12345941e-02 -8.78030603e-02  1.38761518e-02 -2.62310389e-02
 -1.90567362e-02 -3.64336250e-03  4.13060604e-03  4.87059895e-03
 -2.00437648e-03]

 BEGIN VMC CALCULATION
 =====================

 Running VMC equilibration (5000 moves).
 Performing time-step optimization.
 Optimized step size: 0.11566
 DTVMC: 0.00446

 Starting VMC.

 =========================================================================
 In block : 1
  Number of VMC steps           = 10000

  Block average energies (au)

  Total energy                       (au) =         -54.570981456037
  Standard error                        +/-           0.006503507511

  Constant energy contributions      (au) =           0.000000000000

  Variance of local energy           (au) =           0.138323341903
  Standard error                        +/-           0.000000000000

 Time taken in block    : : :       1.7392

 =========================================================================
 FINAL RESULT:

  VMC energy (au)    Standard error      Correction for serial correlation

 -54.570981456037 +/- 0.006503507511      On-the-fly reblocking method

 Sample variance of E_L (au^2/sim.cell) : 0.138323341903


 ==========================================
 PERFORMING OPTIMIZATION CALCULATION No. 3.
 ==========================================


 Optimization start
 ==================
Stabilization: 1.0 SEM
E_0 -54.56686146 E_lin -54.57378874 dE -0.00692728
eigvector[0] 0.97965618
delta p / p
[-5.23534980e-03  3.03678616e-02  4.83198313e-01  1.12398168e-02
 -1.77575311e-02  1.84853048e-02 -2.22040660e-01  8.02862214e-02
 -1.12123575e+00  8.44855181e-02 -1.66293639e-01 -4.67507760e-02
  6.37790552e-03  2.07970193e-03 -9.22428824e-03  2.76299152e-02
 -1.78835200e-01  2.69010880e-02  5.41438036e-01 -3.13461899e-02
  7.38708900e-03 -3.11958590e-03  4.13651049e-02  2.29630921e-02
 -2.89044512e-03 -1.66994696e-03 -6.19399555e-03 -1.33132128e-01
  8.27319676e-02  3.22572721e-03 -1.23900025e-04 -1.72636523e-02
  3.23964777e-03 -3.79006201e-02  4.69172379e-02  2.41791187e-01
  8.67760875e-03 -7.21396537e-03  6.47844087e-02  1.89613811e-02
 -1.28114390e-02  2.52997444e-03  2.14798169e-03 -4.76521034e-02
 -1.40240218e-03 -2.61420415e+00 -5.27394378e-03  8.81606853e-03
  8.28601867e-01  1.14960074e-02 -4.53811074e-03 -8.37302159e-02
  5.12807695e-02  4.93378050e-03 -9.31929904e-02 -6.69321867e-03
  5.71712866e-03 -1.32647710e-02 -2.70043463e-03 -1.23823056e-03
 -2.31049329e-01 -1.48982072e-03  4.43962126e-02  1.24263876e-02
 -2.61375390e-03  2.70714304e-01 -1.97044003e-01  2.05692082e-01
 -1.23874767e-02 -2.60388441e-02  1.57864907e-02 -1.57909271e-02
  1.07690462e-02 -6.14623227e-03  4.43575988e-02  1.06748193e-02
  1.41142875e-02  9.80159893e-03  7.05677922e-02 -2.56015958e-02
  1.57153571e-02  1.28483639e-02 -2.92782884e-03  3.34922698e-02
 -6.97900604e-04 -7.97389486e-03 -1.03070706e-02 -3.85705659e-03
 -7.96015367e-03  7.82714003e-03  1.98389915e-03  1.24944629e-02
  1.11839921e-02 -1.26265521e-02 -1.76754768e-02  2.14237171e-02
  1.22012146e-01  4.89766141e-01  2.80075967e-01 -9.42113563e-01
 -2.13879236e+00 -5.63108087e-01  5.07523903e-02 -3.07950699e-01
 -1.49021932e-02  1.28353053e-01  6.19246692e-02 -3.74544744e-03
  5.32456776e-02  1.13656106e-01  4.61829472e-01  9.13932098e+00
  1.53304967e-01 -1.01778906e-01  1.22956524e-01  7.08428353e-02
 -1.90893913e-03  1.60794142e-01 -1.97152267e-01 -4.31784793e-01
  3.21846681e-01  1.68190130e-01 -5.86744083e-01  1.15828517e+00
 -2.99265042e-01 -1.61207367e-01  1.57287944e-03 -1.39330286e-01
  3.47912248e-01  1.57804359e-01  7.19841198e-01  5.02308554e-02
  2.55154006e-01 -5.66505909e-02  4.00646591e-02  4.11871107e-03
  5.88200424e-02 -1.44073092e-02  1.30104662e-01 -1.47671708e-01
 -4.44727346e-01 -1.44326794e-03 -5.25736960e-02  1.55688324e-02
  3.86657175e-03 -7.67196971e-03  1.48167616e-02  1.83902214e-02
 -5.29126439e-03  7.39971750e-02 -2.23226768e-02  1.33420733e-01
 -1.31356771e-02  1.24240223e-03  2.90390613e-03 -4.69754747e-03
 -3.53667094e-03 -2.30337870e-02 -1.47246718e-03  1.88456063e-01
 -5.58410704e-03  4.91133629e-02  1.61053965e+00  3.38712025e-01
  7.85047199e-01  1.63567271e-01 -3.24356570e-01 -4.56775609e-02
  8.72115562e-03 -5.60218542e-03  3.50922232e-03  3.71413013e-03
  8.87878146e-02  4.17286159e-02 -5.78919843e-01 -4.72401597e-02
 -1.09248424e-02 -1.60146411e-03  1.39903971e+00 -4.51282529e-03
  1.57768573e-03  4.02643530e+00 -3.16565955e-01 -1.88566846e-01
  7.05891250e-02 -8.82193997e-02  8.21845893e-03 -2.15094131e-02
 -9.82598890e-02 -5.30634449e-02  1.70938836e+00 -5.81688648e-02
  4.76880318e-02 -8.31210303e-02 -1.26781324e-01 -9.60134147e-03
  4.70724439e-02 -4.44813909e-03 -4.98626629e-03 -5.09239541e-04
  1.45230877e-02 -9.87788467e-03 -1.58867371e-02 -3.84511195e-03
 -4.79565611e-01  5.76803963e-02  9.67864043e-03 -1.50694173e-02
 -3.16078126e-01 -5.13820393e-02  1.20944251e-02 -5.37753340e-02
  1.88668074e-03  2.99556945e-02  5.95596736e-02  1.72223233e-02
 -4.30625698e-02 -1.88452301e-01 -4.26853493e-02 -5.55386827e-02
  7.02395920e-03 -8.61196805e-02 -1.39451504e-02  3.77316582e-02
  6.73395482e-02 -9.81067261e-01  3.06355008e+01  2.55139676e-02
 -1.56218628e-02  7.18179942e-02 -1.50096286e-02 -1.86920944e-02
  5.55275260e-04 -1.97353373e-02 -1.62379007e-01  3.11567291e+00
  2.86262008e-02  3.23671999e-03  2.58863432e-04 -4.52406567e-03
 -3.14152563e-03 -3.44737164e-03  6.22310043e-02  2.84571963e-02
  4.19343069e-01 -1.52743138e-02 -5.72998064e-02 -1.01500516e-03
  6.27524143e-02  6.40628217e-02  1.22049634e-01 -2.55705493e-02
  5.33182332e-02  6.84951966e-02  9.97565547e-06 -3.88870165e-02
  2.92658607e-03  2.57845256e-04  6.54895534e-04 -2.17563997e-01
 -1.50491566e-02  1.21865161e-01  8.22079352e-02  9.38471567e-03
 -1.73061814e-02 -6.97637666e-02  9.33150938e-03 -2.42001234e-02
  3.67134532e-02 -2.26330029e-03 -2.37780312e-04  1.16939825e-02
 -3.92013921e-03]

 BEGIN VMC CALCULATION
 =====================

 Running VMC equilibration (5000 moves).
 Performing time-step optimization.
 Optimized step size: 0.11950
 DTVMC: 0.00476

 Starting VMC.

 =========================================================================
 In block : 1
  Number of VMC steps           = 10000

  Block average energies (au)

  Total energy                       (au) =         -54.574501751272
  Standard error                        +/-           0.007699331357

  Constant energy contributions      (au) =           0.000000000000

  Variance of local energy           (au) =           0.243388583702
  Standard error                        +/-           0.000000000000

 Time taken in block    : : :       1.7346

 =========================================================================
 FINAL RESULT:

  VMC energy (au)    Standard error      Correction for serial correlation

 -54.574501751272 +/- 0.007699331357      On-the-fly reblocking method

 Sample variance of E_L (au^2/sim.cell) : 0.243388583702


 ==========================================
 PERFORMING OPTIMIZATION CALCULATION No. 4.
 ==========================================


 Optimization start
 ==================
Stabilization: 1.0 SEM
E_0 -54.57827890 E_lin -54.54984350 dE 0.02843540
eigvector[0] 0.98472057
delta p / p
[ 2.29048355e-03  2.75700663e-02  1.26140302e-01  1.93842603e-03
  1.61428449e-02 -3.31900961e-02  1.34750441e+00 -1.17057287e-02
 -7.97324374e+00  4.85878442e-02 -3.00014014e-01  3.03876897e-03
  7.50638767e-03 -4.79467083e-03 -7.02621068e-04  1.47018215e-01
  4.82376159e-02 -1.14517187e-01  2.45333363e-01 -5.46670133e-02
  1.12401685e-02  5.04476995e-03 -7.70596822e-02 -1.61028112e-02
 -5.01950432e-02 -3.15098503e-04  3.78211889e-03 -1.58860903e-01
  4.83513188e-02 -4.98318084e-03  5.48255560e-03 -3.48000885e-02
  1.28590243e-03 -3.02107331e-02 -4.20479048e-03  5.97258363e-02
 -8.56355046e-02 -2.85272517e-03  4.12633328e-02  1.50096296e-02
 -1.64121628e-02 -4.48018260e-03  2.91520574e-03 -3.04521408e-02
 -2.64262733e-03 -1.71320547e+00  1.86643114e-02 -1.12607337e-02
  6.30054720e-03  5.84075443e-03  1.33327888e-02 -3.87996347e-02
  1.04608118e-02  4.30182198e-03 -9.47791495e-02  8.70710567e-04
 -2.78518867e-02  3.15622334e-02  2.75856447e-04 -2.31437871e-03
  9.13494199e-03 -5.36286652e-03  7.73271589e-02 -8.06928094e-03
  3.19153050e-03 -2.21296443e-01 -1.30881508e-01 -3.92150526e-02
 -1.07083445e-01 -1.03241822e-01  1.25489034e-02 -1.52893418e-02
  1.69092672e-02 -5.83211429e-03  3.11504579e-02  6.91314229e-03
 -7.50890356e-03  2.65805695e-02  4.43532553e-02 -1.56664851e-02
  1.47418952e-02  9.92598398e-03  3.37505368e-03  3.58914677e-02
  1.92708419e-04 -8.20287895e-03 -6.21933546e-03 -3.70053838e-03
 -1.90350913e-02  3.67626673e-03  1.97993544e-03 -1.55102103e-02
  1.49549587e-02 -1.26158946e-02 -1.26873974e-02 -2.41330047e-03
  1.30876978e-01 -3.32420232e-01  1.45239545e-01 -2.85233672e+01
  3.50629384e+00 -5.13640552e-01 -4.51114501e-02 -3.09229018e-01
  5.20022400e-02 -7.32004068e-02  3.45504922e-03  1.98276737e-02
 -4.14617188e-02  1.07881147e-01  1.51232493e-01  2.09601746e+00
 -9.43398827e-02 -5.61054624e-03  1.62959596e-02  1.30797145e-01
 -1.20409714e-02 -3.38620890e-02  1.81818040e-01  1.12529447e+00
  4.13441467e-01  1.31183883e-02  7.64624841e-01 -1.01757958e+00
  1.33798850e-01  3.66563390e-02 -1.48793682e-02  5.07717280e-03
 -4.02756781e-02 -6.00175958e-02  8.13969694e-02  8.34213251e-01
  2.96912545e-01 -8.22546151e-02  2.31474159e-02  7.77842227e-03
  2.60611586e-02 -1.33347200e-02  3.03822132e-03  1.22666722e-02
 -4.23608196e-01 -1.36452939e-03  2.73787508e-02 -5.23244596e-04
  1.81379420e-03 -7.03476567e-03  8.05204920e-03  1.01427235e-02
 -4.33141177e-03  5.18105878e-02  6.98444684e-02  1.20264512e-02
  1.40595948e-03 -2.43025879e-03  3.94295764e-03 -6.48780025e-03
 -1.04446903e-02  1.22443771e-02 -1.27149615e-03  2.55302196e-01
 -7.63372719e-04  8.42843478e-02  1.41186986e-01  1.23939790e-01
  1.72439405e-01  8.37324388e-02  3.74245275e-01 -2.17009202e-02
  6.21345022e-03 -1.30462408e-04  3.60052792e-03  1.78284257e-02
 -2.35611285e+00 -3.97741344e-02 -1.73278522e+00 -1.32016131e-01
 -8.87662022e-01  5.31865055e-03  4.46429030e-01 -3.05148193e-02
 -7.70321689e-03 -1.43095031e+00  4.13087701e-01  3.99080062e-02
 -1.92466562e-01 -2.08580718e-01  1.72059013e-02 -1.82487542e-02
  1.13151100e-01  1.55613072e-01 -4.13425292e-01  5.95993021e-02
 -2.30885457e-02  6.68571283e-02  1.80189618e-02  1.12644512e-02
  2.75880784e-02 -1.00880410e-02 -3.07162114e-02  2.05279137e-02
 -1.45008990e-02 -1.13918141e-02  4.37317954e-03 -3.68182845e-02
  5.60616963e-01  1.08941065e-01  2.29266186e-03  6.00813481e-05
 -1.05749188e-01  5.15261402e-02 -9.84166322e-03  9.26732409e-03
 -6.28056143e-03  1.50892439e-02 -1.48355059e+00  4.46639349e-02
 -2.04351674e-01  7.72940548e-02 -1.59623046e-02 -1.11203188e-03
  5.41566205e-03 -3.05090830e-02 -8.81178654e-03 -5.55044015e-03
  1.32160186e-02 -6.40589364e+01  1.19309164e+00  9.13730690e-03
  1.59578490e-02  1.00558939e-01 -8.42871280e-03 -1.08426112e-02
 -2.96831339e-03  1.14469423e-04 -2.14271987e-01 -4.05276317e-01
  3.32998672e-02  5.17196990e-04  7.69473635e-03 -1.96635407e-02
 -7.28240677e-04  4.57531323e-03  3.01652582e-02 -2.76767746e-03
  2.83723732e-01 -4.58159231e-02  8.69014955e-04  4.85960350e-03
  1.07993311e-01  9.11635799e-03  6.16362666e-01  1.84096157e-02
  9.19221715e-03  4.82260786e-02 -4.11199867e-02 -8.41767238e-02
  2.38796333e-02 -7.35850102e-03  5.85822941e-03 -9.40647981e-02
 -3.61944017e-02  9.74313591e-02  9.00960201e-02  3.71281935e-02
 -3.74120792e-02  1.25580816e-02  1.08799786e-02  2.76024939e-03
 -6.46199964e-02 -1.24495988e-03  1.41869371e-02 -4.47168468e-03
 -1.29352900e-02]

 BEGIN VMC CALCULATION
 =====================

 Running VMC equilibration (5000 moves).
 Performing time-step optimization.
 Optimized step size: 0.11529
 DTVMC: 0.00443

 Starting VMC.

 =========================================================================
 In block : 1
  Number of VMC steps           = 10000

  Block average energies (au)

  Total energy                       (au) =         -54.576859225557
  Standard error                        +/-           0.006548650047

  Constant energy contributions      (au) =           0.000000000000

  Variance of local energy           (au) =           0.192070972444
  Standard error                        +/-           0.000000000000

 Time taken in block    : : :       1.7331

 =========================================================================
 FINAL RESULT:

  VMC energy (au)    Standard error      Correction for serial correlation

 -54.576859225557 +/- 0.006548650047      On-the-fly reblocking method

 Sample variance of E_L (au^2/sim.cell) : 0.192070972444


 =========================================================================

 Total PyCasino real time : : :    620.9384
