
 ------------------------------------------------------------------------------
 ########::'##:::'##::'######:::::'###:::::'######::'####:'##::: ##::'#######::
 ##.... ##:. ##:'##::'##... ##:::'## ##:::'##... ##:. ##:: ###:: ##:'##.... ##:
 ##:::: ##::. ####::: ##:::..:::'##:. ##:: ##:::..::: ##:: ####: ##: ##:::: ##:
 ########::::. ##:::: ##:::::::'##:::. ##:. ######::: ##:: ## ## ##: ##:::: ##:
 ##.....:::::: ##:::: ##::::::: #########::..... ##:: ##:: ##. ####: ##:::: ##:
 ##::::::::::: ##:::: ##::: ##: ##.... ##:'##::: ##:: ##:: ##:. ###: ##:::: ##:
 ##::::::::::: ##::::. ######:: ##:::: ##:. ######::'####: ##::. ##:. #######::
 .::::::::::::..::::::......:::..:::::..:::......:::....::..::::..:::.......:::

                     Python Quantum Monte Carlo Package
                        v 0.2.0 [Vladimir Konkov]

    Main Author : Vladimir Konkov
 ------------------------------------------------------------------------------
 Started 2024/08/14 16:40:16

 Python 3.10.12 (main, Jul 29 2024, 16:56:48) [GCC 11.4.0]
 Numba 0.59.0
 Numpy 1.26.4
 Scipy 1.11.3

 Running in parallel using 4 MPI processes.

 General input parameters
 ========================
 NEU (num up spin electrons)              :  5
 NED (num down spin electrons)            :  2
 RUNTYPE (type of run)                    :  vmc_opt
 PSI_S  (form for [anti]symmetrizing wfn) :  slater
 ATOM_BASIS_TYPE (atom-centred orb basis) :  gaussian
 INTERACTION (interaction type)           :  coulomb
 TESTRUN (read input data,print and stop) :  F
 PERIODIC                                 :  F
 COMPLEX_WF (complex Slater wave fn.)     :  F
 NEIGHPRINT (neighbour analysis)          :  0
 USE_JASTROW (use Jastrow factor)         :  T
 BACKFLOW (use backflow corrections)      :  F
 USE_ORBMODS (use orbitals modifications) :  F
 E_OFFSET (energy offset)                 :  0.0000
 CHECKPOINT (checkpointing level)         :  1
 CON_LOC (Dir to read/write config.*)     :  ./
 RELATIVISTIC                             :  F

 VMC/optimization input parameters
 ====================
 NEWRUN (start new run)                   :  T
 VMC_METHOD (choice of VMC algorithm)     :  3
 DTVMC (VMC time step)                    :  1.0000E-02
 OPT_DTVMC (VMC time-step optimization)   :  1
 VMC_NSTEP (num VMC steps)                :  100000
 VMC_NCONFIG_WRITE (num configs to write) :  100000
 VMC_NBLOCK (num VMC blocks)              :  1
 VMC_EQUIL_NSTEP (num equil steps)        :  5000
 VMC_DECORR_PERIOD (length of inner loop) :  10
 VMC_AVE_PERIOD (hist reduction factor)   :  1
 VMC_SAMPLING                             :  standard
 MAKEMOVIE                                :  F
 FORCES                                   :  F

 Gaussian cusp correction
 ========================
 Activated.

 BEGIN VMC CALCULATION
 =====================

 Running VMC equilibration (5000 moves).
 Performing time-step optimization.
 Optimized step size: 0.11381
 DTVMC: 0.00432

 Starting VMC.

 =========================================================================
 In block : 1
  Number of VMC steps           = 100000

  Block average energies (au)

  Total energy                       (au) =         -54.419158615234
  Standard error                        +/-           0.015850125004

  Constant energy contributions      (au) =           0.000000000000

  Variance of local energy           (au) =          12.468476021042
  Standard error                        +/-           0.000000000000

 Time taken in block    : : :       6.7222

 =========================================================================
 FINAL RESULT:

  VMC energy (au)    Standard error      Correction for serial correlation

 -54.419158615234 +/- 0.015850125004      On-the-fly reblocking method

 Sample variance of E_L (au^2/sim.cell) : 12.468476021042


 ==========================================
 PERFORMING OPTIMIZATION CALCULATION No. 1.
 ==========================================


 Optimization start
 ==================
   Iteration     Total nfev        Cost      Cost reduction    Step norm     Optimality
       0              1         4.7036e+00                                    4.97e+05
       1              2         1.6286e+00      3.08e+00       2.00e-03       3.49e+04
       2              3         9.4352e-01      6.85e-01       3.08e-03       5.47e+03
       3              4         6.8974e-01      2.54e-01       1.02e-02       1.76e+03
       4              5         5.8657e-01      1.03e-01       1.13e-02       7.31e+02
       5              6         5.2799e-01      5.86e-02       1.91e-02       2.77e+02
       6              7         4.9424e-01      3.38e-02       1.32e-02       2.65e+02
       7              8         4.8232e-01      1.19e-02       1.99e-02       5.75e+01
       8              9         4.8187e-01      4.48e-04       3.22e-03       1.68e+01
`ftol` termination condition is satisfied.
Function evaluations 9, initial cost 4.7036e+00, final cost 4.8187e-01, first-order optimality 1.68e+01.
Norm of Jacobian at the solution: 8.42941e-13

 BEGIN VMC CALCULATION
 =====================

 Running VMC equilibration (5000 moves).
 Performing time-step optimization.
 Optimized step size: 0.11826
 DTVMC: 0.00466

 Starting VMC.

 =========================================================================
 In block : 1
  Number of VMC steps           = 100000

  Block average energies (au)

  Total energy                       (au) =         -54.560469397316
  Standard error                        +/-           0.004165007734

  Constant energy contributions      (au) =           0.000000000000

  Variance of local energy           (au) =           0.433984902187
  Standard error                        +/-           0.000000000000

 Time taken in block    : : :       6.8982

 =========================================================================
 FINAL RESULT:

  VMC energy (au)    Standard error      Correction for serial correlation

 -54.560469397316 +/- 0.004165007734      On-the-fly reblocking method

 Sample variance of E_L (au^2/sim.cell) : 0.433984902187


 ==========================================
 PERFORMING OPTIMIZATION CALCULATION No. 2.
 ==========================================


 Optimization start
 ==================
Stabilization: 1.0 SEM
E_0 -54.55751572 E_lin -54.55990916 dE -0.00239343
eigvector[0] 0.96543147
delta p / p
[-2.13334063e-03  1.68016464e-01  1.49778247e-01  4.90970891e-02
  3.31979117e-03 -1.65783316e-02 -5.15028970e-03 -7.53544571e-03
  6.63748613e-03  9.86134171e-02 -3.47553464e-02 -1.79464083e-02
 -1.62380129e-03 -4.43724227e-04  6.25227412e-04  6.47805335e-04
 -8.30986435e-03  1.40342728e-03 -8.84226256e-02 -4.95726447e-03
  1.42825146e-02 -8.62370231e-03  6.20213301e-04  6.69797678e-03
  5.17721152e-03  3.45440961e-03  4.90951544e-02 -4.04349651e-01
 -6.64294888e-02 -1.12684284e-01 -1.10645716e-01 -1.12040143e-02
  2.44686530e-02  5.14807669e-02 -2.19029543e-03  1.46055076e-02
 -5.03607240e-02  3.63398221e-02 -7.04472068e-03 -6.25262942e-04
  3.52392726e-03  1.56255100e-02 -1.60655862e-03  2.79191008e-02
  4.07147004e-02  2.64748286e-02  4.03718505e-02  2.82184381e-01
 -2.84374232e-01 -2.68378554e-02 -1.86379744e-02 -6.68955476e-01
  8.84061451e-03  1.47693629e-02  2.26778800e-01 -9.48552062e-04
 -3.99970859e-03  1.25108438e-04  1.07594897e-02 -1.20465538e-01
 -1.07242518e-01 -5.71580714e-02  4.96491142e-02 -2.86724450e-02
  2.03414592e-03  5.62682928e-02 -3.55355886e-04  2.65020570e-03
 -8.67276346e-02 -1.33110723e-01  3.39717446e-02 -3.13301681e-02
  4.85250293e-03  1.29811321e-03  1.17445488e-02  1.27868673e-02
  2.20820400e-02  6.84442032e-02 -5.48842847e-01  1.47654159e-02
 -2.44533406e-02 -7.29837169e-02  6.97949068e-04  7.09415882e-03
 -1.11950339e-02  1.82338803e-02 -1.97245041e-02 -4.65304328e-03
 -1.16892544e-01  2.31456041e-03 -3.11513082e-04  4.22734737e-02
  1.19047229e-03 -1.11137574e-02  6.37445766e-03 -6.95348996e-02
 -1.53666499e-02  4.56139229e-02  1.35815298e-02 -1.53367631e-02
  9.39935755e-03  6.41497220e-02  3.40627852e-02 -1.68527754e+00
 -2.56054713e-02 -6.80344565e-03 -4.45612000e-01 -7.65125145e-03
 -1.99204659e-02  2.88558386e-02 -7.57550121e-02  1.23206340e-01
  2.17581834e-01 -2.40645621e-03  8.73902613e-03  1.02211002e-03
 -2.17192899e-02  1.17371359e-02  9.52741137e-03  1.15759209e-01
  1.75332202e-01]

 BEGIN VMC CALCULATION
 =====================

 Running VMC equilibration (5000 moves).
 Performing time-step optimization.
 Optimized step size: 0.11760
 DTVMC: 0.00461

 Starting VMC.

 =========================================================================
 In block : 1
  Number of VMC steps           = 100000

  Block average energies (au)

  Total energy                       (au) =         -54.559011829767
  Standard error                        +/-           0.003569784668

  Constant energy contributions      (au) =           0.000000000000

  Variance of local energy           (au) =           0.527225921024
  Standard error                        +/-           0.000000000000

 Time taken in block    : : :       7.0052

 =========================================================================
 FINAL RESULT:

  VMC energy (au)    Standard error      Correction for serial correlation

 -54.559011829767 +/- 0.003569784668      On-the-fly reblocking method

 Sample variance of E_L (au^2/sim.cell) : 0.527225921024


 ==========================================
 PERFORMING OPTIMIZATION CALCULATION No. 3.
 ==========================================


 Optimization start
 ==================
Stabilization: 1.0 SEM
E_0 -54.56372083 E_lin -54.56457487 dE -0.00085404
eigvector[0] 0.98361025
delta p / p
[-1.88848780e-03  7.57246659e-02  4.72792271e-02 -1.12453903e-03
  1.25011625e-02  3.77881548e-03  5.32384778e-02 -2.58824463e-02
 -9.35432771e-02  9.76006112e-02 -3.64784572e-02 -1.30842303e-02
 -9.34936081e-04 -5.94641974e-04 -1.39661940e-04  1.33907304e-03
  1.08720958e-02 -1.00983848e-01 -9.36815289e-03 -1.42427683e-02
  1.42499914e-02 -1.96584261e-03 -8.27134418e-03  1.39495405e-02
  4.92419035e-02  9.05159499e-03  3.82904900e-02 -5.98818818e-01
 -7.65054383e-02 -1.13537809e-01 -9.38026286e-02 -1.82469934e-02
  2.66670050e-02  7.39184448e-02  6.28044996e-02 -2.55861510e-01
 -4.06265077e-01 -8.96598596e-03 -4.18231788e-03  4.10347897e-05
  3.52541049e-03  5.19928933e-03  5.24197045e-04  3.24317554e-02
  7.75815318e-03  1.78845536e-02  3.79962261e-02  1.22513212e-01
  8.05958572e-01  9.62139332e-03 -1.66490172e-03  9.25936442e-02
  5.29142350e-03  2.97124129e-03  9.07909361e-02  1.32096467e-03
 -5.99918794e-04 -8.58022288e-04  2.11717162e-03 -1.52154966e-01
  7.98700359e-02 -9.75587056e-03  3.34698573e-02 -2.28604017e-02
 -3.33990970e-05  1.25028264e-02 -3.11714392e-03  6.19396312e-03
 -1.08944244e-02  8.38609501e-03  1.74550494e-02 -1.09329095e-02
  1.08940098e-02 -1.18875530e-03  1.28557141e-02  1.06457089e-02
  6.11966640e-04  3.46705693e-02  1.09124263e-01  7.34743311e-03
 -1.17351761e-02 -1.06841046e-02 -8.16584056e-04  9.29211165e-03
 -6.67219531e-03  1.79128389e-03  1.03779694e-02 -3.49651171e-03
 -3.73535888e-02 -3.31338230e-03  2.61194330e-04  2.20730910e-02
  6.79593049e-03 -1.01273476e-02 -9.24316753e-03 -2.59302249e-02
  5.57949182e-02  2.66675422e-01  3.61598871e-02 -9.33661608e-02
 -2.15109298e-01  1.45864651e-01  5.24604750e-02 -1.61326380e+00
 -2.50641992e-01 -4.36572654e-02 -6.66991601e+00 -4.64574837e-03
 -5.14570011e-02  1.15589807e-03  4.08796745e-01 -1.06603416e-01
  1.45666386e-01 -6.34389933e-02  1.07999681e-01  2.03995296e-02
 -4.78293374e-02  1.82650844e-02  1.52106906e-01  1.50990539e-01
  7.73153263e-03]

 BEGIN VMC CALCULATION
 =====================

 Running VMC equilibration (5000 moves).
 Performing time-step optimization.
 Optimized step size: 0.11685
 DTVMC: 0.00455

 Starting VMC.

 =========================================================================
 In block : 1
  Number of VMC steps           = 100000

  Block average energies (au)

  Total energy                       (au) =         -54.560770604149
  Standard error                        +/-           0.003855015156

  Constant energy contributions      (au) =           0.000000000000

  Variance of local energy           (au) =           0.550091614564
  Standard error                        +/-           0.000000000000

 Time taken in block    : : :       7.0496

 =========================================================================
 FINAL RESULT:

  VMC energy (au)    Standard error      Correction for serial correlation

 -54.560770604149 +/- 0.003855015156      On-the-fly reblocking method

 Sample variance of E_L (au^2/sim.cell) : 0.550091614564


 ==========================================
 PERFORMING OPTIMIZATION CALCULATION No. 4.
 ==========================================


 Optimization start
 ==================
Stabilization: 1.0 SEM
E_0 -54.55894585 E_lin -54.55886084 dE 0.00008501
eigvector[0] 0.99304435
delta p / p
[-9.45262420e-03 -8.83982171e-03 -4.67733982e-02  1.70541305e-02
  3.74518256e-03 -1.17291761e-02 -7.01750460e-03 -6.65288622e-03
  4.89824402e-02  4.33988492e-02  1.81865096e-02  3.40286466e-03
 -2.93765969e-03 -5.71577622e-04  4.26407988e-04  9.04745749e-04
 -2.55944021e-03  5.90181531e-02 -1.40903824e-01 -2.27847765e-02
  6.71970497e-03 -2.33322722e-03 -1.64914689e-03  5.57428664e-03
  3.81203945e-03  3.30594907e-03  2.84035757e-03  8.37491509e-02
 -4.16344971e-02 -9.15903134e-02 -6.04598113e-02 -1.41380913e-02
  1.59619262e-02  5.71137475e-02  2.56121281e-03 -1.87126804e-02
  8.51429849e-02  2.69959500e-02 -4.97766547e-03 -2.66483213e-04
  1.89673635e-03  1.17174524e-02 -4.26061166e-03  1.65279838e-02
  2.11757205e-02  2.22597382e-02  1.52496324e-02  7.36107599e-02
  7.18534076e-01  1.62134677e-02 -3.44657913e-05  2.00715798e+00
  1.05025877e-02  1.54088726e-03  5.43623228e-02  2.61311218e-03
 -2.85360893e-03 -9.48952294e-04  6.83545432e-04 -1.66780113e-01
  1.44074599e-01 -2.50433268e-02  1.94347091e-03 -2.77608826e-02
  1.02403743e-03  2.41944398e-02 -4.50440285e-03  6.28080116e-03
  1.22065103e-03  3.00954375e-02  6.21796689e-03 -5.24701324e-03
  1.62990952e-02  4.90803631e-03 -4.00190143e-03  3.90238133e-03
 -4.54484588e-03  8.95186638e-03  1.64000827e-01  6.02527022e-03
 -2.70772645e-04 -5.05972595e-03 -2.91140789e-03  6.23993360e-03
 -6.10562043e-03 -2.64996131e-03 -1.70495108e-03 -5.14486672e-05
  1.72050352e-02 -2.96022601e-03  2.97896722e-04 -1.69363485e-02
  1.22053927e-02 -7.60734493e-03 -1.61657448e-02  7.65762277e-02
  1.66118304e-02 -7.87308905e-02 -3.19889919e-03  8.61544460e-02
  1.63406204e-01  1.59014849e-02 -5.20620747e-03 -5.59164083e+00
  4.58936200e-02 -9.12973114e-04 -2.45417019e-01 -6.05128805e-03
 -1.47229613e-02  4.92811822e-02 -7.04001781e-02  2.97502094e-03
  1.94196320e-01  2.11899203e-02  2.57344829e-02 -4.90790746e-03
 -1.03216947e-02 -4.40660035e-02  3.72034378e-02  1.20735460e-01
 -9.22509176e-02]

 BEGIN VMC CALCULATION
 =====================

 Running VMC equilibration (5000 moves).
 Performing time-step optimization.
 Optimized step size: 0.11681
 DTVMC: 0.00455

 Starting VMC.

 =========================================================================
 In block : 1
  Number of VMC steps           = 100000

  Block average energies (au)

  Total energy                       (au) =         -54.564141693451
  Standard error                        +/-           0.003509844942

  Constant energy contributions      (au) =           0.000000000000

  Variance of local energy           (au) =           0.502859458740
  Standard error                        +/-           0.000000000000

 Time taken in block    : : :       7.0749

 =========================================================================
 FINAL RESULT:

  VMC energy (au)    Standard error      Correction for serial correlation

 -54.564141693451 +/- 0.003509844942      On-the-fly reblocking method

 Sample variance of E_L (au^2/sim.cell) : 0.502859458740


 =========================================================================

 Total PyCasino real time : : :    197.6479
