
 ------------------------------------------------------------------------------
 ########::'##:::'##::'######:::::'###:::::'######::'####:'##::: ##::'#######::
 ##.... ##:. ##:'##::'##... ##:::'## ##:::'##... ##:. ##:: ###:: ##:'##.... ##:
 ##:::: ##::. ####::: ##:::..:::'##:. ##:: ##:::..::: ##:: ####: ##: ##:::: ##:
 ########::::. ##:::: ##:::::::'##:::. ##:. ######::: ##:: ## ## ##: ##:::: ##:
 ##.....:::::: ##:::: ##::::::: #########::..... ##:: ##:: ##. ####: ##:::: ##:
 ##::::::::::: ##:::: ##::: ##: ##.... ##:'##::: ##:: ##:: ##:. ###: ##:::: ##:
 ##::::::::::: ##::::. ######:: ##:::: ##:. ######::'####: ##::. ##:. #######::
 .::::::::::::..::::::......:::..:::::..:::......:::....::..::::..:::.......:::

                     Python Quantum Monte Carlo Package
                        v 0.2.0 [Vladimir Konkov]

    Main Author : Vladimir Konkov
 ------------------------------------------------------------------------------
 Started 2024/08/20 14:33:07

 Python 3.10.12 (main, Jul 29 2024, 16:56:48) [GCC 11.4.0]
 Numba 0.59.0
 Numpy 1.26.4
 Scipy 1.11.3

 Running in parallel using 4 MPI processes.

 General input parameters
 ========================
 NEU (num up spin electrons)              :  2
 NED (num down spin electrons)            :  2
 RUNTYPE (type of run)                    :  vmc_opt
 PSI_S  (form for [anti]symmetrizing wfn) :  slater
 ATOM_BASIS_TYPE (atom-centred orb basis) :  slater-type
 INTERACTION (interaction type)           :  coulomb
 TESTRUN (read input data,print and stop) :  F
 PERIODIC                                 :  F
 COMPLEX_WF (complex Slater wave fn.)     :  F
 NEIGHPRINT (neighbour analysis)          :  0
 USE_JASTROW (use Jastrow factor)         :  T
 BACKFLOW (use backflow corrections)      :  T
 USE_ORBMODS (use orbitals modifications) :  F
 E_OFFSET (energy offset)                 :  0.0000
 CHECKPOINT (checkpointing level)         :  1
 CON_LOC (Dir to read/write config.*)     :  ./
 RELATIVISTIC                             :  F

 VMC/optimization input parameters
 ====================
 NEWRUN (start new run)                   :  T
 VMC_METHOD (choice of VMC algorithm)     :  3
 DTVMC (VMC time step)                    :  1.0000E-02
 OPT_DTVMC (VMC time-step optimization)   :  1
 VMC_NSTEP (num VMC steps)                :  10000
 VMC_NCONFIG_WRITE (num configs to write) :  10000
 VMC_NBLOCK (num VMC blocks)              :  1
 VMC_EQUIL_NSTEP (num equil steps)        :  5000
 VMC_DECORR_PERIOD (length of inner loop) :  10
 VMC_AVE_PERIOD (hist reduction factor)   :  1
 VMC_SAMPLING                             :  standard
 MAKEMOVIE                                :  F
 FORCES                                   :  F

 BEGIN VMC CALCULATION
 =====================

 Running VMC equilibration (5000 moves).
 Performing time-step optimization.
 Optimized step size: 0.22812
 DTVMC: 0.01735

 Starting VMC.

 =========================================================================
 In block : 1
  Number of VMC steps           = 10000

  Block average energies (au)

  Total energy                       (au) =         -14.523344292514
  Standard error                        +/-           0.021250026406

  Constant energy contributions      (au) =           0.000000000000

  Variance of local energy           (au) =           3.202480513561
  Standard error                        +/-           0.000000000000

 Time taken in block    : : :       1.0285

 =========================================================================
 FINAL RESULT:

  VMC energy (au)    Standard error      Correction for serial correlation

 -14.523344292514 +/- 0.021250026406      On-the-fly reblocking method

 Sample variance of E_L (au^2/sim.cell) : 3.202480513561


 ==========================================
 PERFORMING OPTIMIZATION CALCULATION No. 1.
 ==========================================


 Optimization start
 ==================
   Iteration     Total nfev        Cost      Cost reduction    Step norm     Optimality
       0              1         7.4696e-01                                    1.20e+05
       1              2         5.6805e-02      6.90e-01       8.30e-02       2.55e+03
       2              3         2.0438e-02      3.64e-02       1.61e-01       5.86e+02
       3              4         1.4646e-02      5.79e-03       2.84e-01       4.68e+02
       4              5         1.2752e-02      1.89e-03       4.93e-01       1.02e+03
       5              6         1.2506e-02      2.46e-04       8.43e-01       3.52e+03
`ftol` termination condition is satisfied.
Function evaluations 6, initial cost 7.4696e-01, final cost 1.2506e-02, first-order optimality 3.52e+03.
Norm of Jacobian at the solution: 7.57906e-13

 BEGIN VMC CALCULATION
 =====================

 Running VMC equilibration (5000 moves).
 Performing time-step optimization.
 Optimized step size: 0.22445
 DTVMC: 0.01679

 Starting VMC.

 =========================================================================
 In block : 1
  Number of VMC steps           = 10000

  Block average energies (au)

  Total energy                       (au) =         -14.647313254289
  Standard error                        +/-           0.006174075087

  Constant energy contributions      (au) =           0.000000000000

  Variance of local energy           (au) =           0.012535755064
  Standard error                        +/-           0.000000000000

 Time taken in block    : : :       0.6825

 =========================================================================
 FINAL RESULT:

  VMC energy (au)    Standard error      Correction for serial correlation

 -14.647313254289 +/- 0.006174075087      On-the-fly reblocking method

 Sample variance of E_L (au^2/sim.cell) : 0.012535755064


 ==========================================
 PERFORMING OPTIMIZATION CALCULATION No. 2.
 ==========================================


 Optimization start
 ==================
Stabilization: 1.0 SEM
E_0 -14.64794749 E_lin -14.65791219 dE -0.00996470
eigvector[0] 0.95734526
delta p / p
[ 3.80357875e-02 -5.43886623e-01  1.68563957e-01 -1.62918655e-02
  2.72654988e-02 -1.68958303e-01 -1.98387995e+00  4.71187908e-01
  2.40818581e+00  2.20916106e-01  1.18248308e+00 -1.30913047e-01
  1.08327395e-02 -1.61218789e-02  6.67381268e-02  4.32362032e-01
  4.63687878e-01  4.25313441e-02  1.07143942e-01  3.10511102e+00
 -7.00124328e-02  2.52610056e-02 -8.48258102e-02  1.80130380e-02
  4.81742780e-03 -1.93496346e-02  2.73305001e-02 -6.82729809e-01
 -1.66459885e-02 -2.19677006e-02  1.84243835e-01  8.39063427e-02
 -6.17623413e-02 -2.30744266e-02 -8.46430188e-03 -4.04565741e-01
 -1.24945098e-01  7.60898835e-01  5.17548865e-02 -2.01458958e-01
  9.25112287e-02  1.00491809e+00 -1.80737914e-01 -1.33908305e-03
 -4.33918400e-02  7.32892423e-02  7.62287681e-03 -2.70910579e-02
 -1.51190688e-01  3.53406394e-01  2.96251496e-02 -2.89373708e-03
 -9.12003111e-02 -1.23755815e-01  1.97269204e-02 -5.39175614e-03
  3.33583959e-02 -2.86668806e-04 -3.90522978e-01  1.35987255e-02
  9.74788037e-02 -1.42093413e-01  6.10451838e-01  7.96497810e-02
  1.03920275e-01 -3.56371623e-02  5.70659972e-03 -1.14127485e-02
 -2.50291567e-02  1.10571095e-01 -1.28116255e-01 -1.58212850e-02
 -1.14614389e-01  3.44432073e-02 -6.20097255e-03  1.21740436e-02
  1.39842883e-01  9.88914550e-03 -6.69272858e-02 -4.63263862e-01
  8.87367805e-01 -1.90073364e+00  3.79966408e-02  1.05161322e-01
  4.24598013e-01  7.19866547e-02  1.19574419e+00 -1.70017479e-01
 -1.78319257e+00 -3.35693732e-01 -1.27499796e-01 -7.65286191e-03
 -7.80051587e+00  1.76930640e-01 -1.77486636e-01  8.88237699e-02
 -3.80902489e-01 -2.30639660e-01 -1.19587278e+00 -3.75475787e-02
  7.44310241e-01 -3.09008777e-01  1.33910060e-01 -1.01866815e-01
  7.33799674e-02  1.91752074e-03  6.14081986e-03  1.43324406e-02
  1.89394637e-02  5.03803217e-02 -2.02697628e-01  3.69167671e-01
  2.23503653e-01  1.92384287e-01  7.73996641e-01 -4.81600787e-01
 -1.43998607e+00  1.68002881e-01  1.37582252e-02 -1.63304045e-01
 -3.09041530e-02 -3.85545156e-03 -1.36655436e-01  2.30977033e-01
  3.78094778e-01  1.09763244e-01  6.37512625e+01  1.09984424e-02
  5.57618193e-02 -8.14492202e-01 -1.35303150e-02 -2.94456713e-02
 -7.50515361e-01  5.15881100e-01 -1.08308977e+00  4.31136473e-02
 -3.34079814e-01  4.59043284e-02  8.18207258e-02 -1.18496220e+00
 -5.78593709e-02  1.73465944e-02 -1.17388526e+00  2.32259817e+00
 -1.41465910e-01 -3.11927992e-01 -2.32958566e-02 -1.89426574e-01
  4.63928856e-01 -2.34404730e+00 -1.99409614e-02 -1.87386754e-01
  4.62168546e-02  1.82113919e-02  8.79504491e-02 -3.62473801e-02
  1.52332003e-01  3.44388522e-02 -3.18898204e-01  2.58642499e-02
 -3.53246310e-01  2.29044631e-01  1.43001321e-01  1.21448677e-02
 -4.17286856e-02  7.81397146e-02  6.53629439e-02 -1.75905320e+00
 -1.90156419e-01 -1.27997383e-01 -1.92891092e-03  7.08015737e-02
 -4.16407930e-02 -4.91607896e-02 -4.91104441e-01 -2.88678673e+00
 -2.90796989e-01  1.27068376e-01  2.05785744e-02  2.05175061e-01
  6.75973845e-03  9.72637033e-02 -1.70177119e-03  3.76611414e-01
 -4.52373005e-01 -6.78118663e-02 -5.81875633e-01 -1.06738608e-02
  8.30342985e-01 -8.46428577e-02  4.23806839e-02  1.19629157e-01
  4.28557590e-01 -1.93690930e-01  8.74631804e-01 -1.75979962e-01
 -4.36897840e-01 -4.43274624e-01 -6.43984626e-02  5.25514779e-01
  6.05137839e-02 -9.55876286e-02 -6.41650866e-03 -1.88326102e-01
  2.40787349e-02  2.36959024e-01 -6.36739972e-03  2.61397536e-02
  6.71470159e-02 -2.88114589e-01  1.71656358e-02  7.13190141e-02
  8.21752596e-01  2.90062227e-02  1.95418290e-01  2.48914989e-01
  2.62876194e-02  1.80393679e+00  3.72558033e-02  3.21742554e-04
 -9.20352157e-02  6.51393454e-03  4.38716912e-02]

 BEGIN VMC CALCULATION
 =====================

 Running VMC equilibration (5000 moves).
 Performing time-step optimization.
 Optimized step size: 0.22340
 DTVMC: 0.01664

 Starting VMC.

 =========================================================================
 In block : 1
  Number of VMC steps           = 10000

  Block average energies (au)

  Total energy                       (au) =         -14.635899780834
  Standard error                        +/-           0.008902965142

  Constant energy contributions      (au) =           0.000000000000

  Variance of local energy           (au) =           0.241041356608
  Standard error                        +/-           0.000000000000

 Time taken in block    : : :       0.6708

 =========================================================================
 FINAL RESULT:

  VMC energy (au)    Standard error      Correction for serial correlation

 -14.635899780834 +/- 0.008902965142      On-the-fly reblocking method

 Sample variance of E_L (au^2/sim.cell) : 0.241041356608


 ==========================================
 PERFORMING OPTIMIZATION CALCULATION No. 3.
 ==========================================


 Optimization start
 ==================
Stabilization: 1.0 SEM
E_0 -14.62300058 E_lin -14.65359102 dE -0.03059044
eigvector[0] 0.97291844
delta p / p
[ 1.35692843e-02  4.73000496e-01 -1.37593984e-01  2.82728525e-02
 -6.08073232e-02  2.27959557e-01 -1.43937703e+00 -1.16811724e-01
 -6.23858658e-01 -5.22511836e-03 -1.54390922e-01 -6.46479213e-02
 -2.12335229e-02  4.13610838e-02 -7.58310316e-02 -1.85218044e-01
 -4.84369963e-01  1.92799048e-02 -5.88038014e-02  1.09352081e-01
  3.82571780e-02 -2.12101549e-02 -2.30268608e-01  3.72976878e-02
 -2.37973467e-02  4.74739523e-02  3.10303861e-02  9.89132662e-01
 -1.95305519e-03  8.25565674e-03 -2.20731725e-02 -2.30744293e-02
 -3.77769113e-02  1.74906371e-02 -2.95239721e-02  4.98293362e-01
  1.33072134e-01 -1.86575888e-01 -2.28088146e-02  1.35710617e-01
 -9.65625113e-04  3.05818827e-01  1.53419366e-01 -7.34205314e-02
  1.98842596e-01 -3.26881050e-02  1.64324934e-01  2.62726288e-02
  2.95086330e-03 -1.58963840e-01 -4.92683789e-02 -2.90100053e-02
 -1.04308215e-01  8.19868573e-02 -7.38596750e-03 -3.16529861e-02
  3.56965526e-02  8.50912476e-03  1.91983793e-01 -1.38346322e-02
 -1.00953398e-02 -3.61926523e-02  1.52944710e-01  6.53512751e-03
 -1.64793353e-02  1.46876704e-02 -1.09607867e-07 -3.27068450e-01
 -5.89624069e-02 -4.85709028e-02 -2.27001194e-03  7.22074648e-04
  1.25793167e-02 -6.57999491e-03  3.44072897e-03 -2.30702157e-02
  1.52339418e-01  1.22798466e-02 -1.04987572e-01 -1.24450943e-01
  2.17809269e-01  5.00204419e+00 -1.82433920e-01  6.17221075e-01
  1.47583627e+00  1.17235318e+00  8.97637356e+00 -5.80893445e+00
  6.73758063e+01 -8.23198247e-02 -6.14983869e-01 -5.91428777e-01
  2.25980247e-01 -9.43874373e-01  4.64328812e+00 -2.17151825e-01
  2.30871466e+01  3.44207548e+01 -3.15033210e+02 -1.89691175e-02
  1.00897080e+00  4.08076828e-01 -3.33724869e-02  3.57336529e-02
  1.07428296e-02  3.65283445e-02 -2.35999533e-02  4.24989199e-03
  3.75790115e-02  1.03605450e-01  2.01949038e-01  4.09169481e-01
 -1.92062625e-01 -5.66016794e-02 -1.53881974e-01  1.25909879e+00
 -2.41661587e+00 -1.21867733e-01  2.33265564e-02  1.09648078e-01
  5.33348425e-02 -1.59834931e-02  2.98241870e-02  1.94501607e-01
 -6.68237107e-01  2.00212792e-01 -1.01516185e+00 -8.42154152e-03
 -4.69296459e-02  5.30967893e-01  7.22847996e-03 -1.98749894e-04
  2.60783391e+00 -1.31167626e-01 -1.87096737e+00  2.40377161e-02
  5.40326410e-01 -1.06170178e-03  6.40649478e-02  3.81136074e+00
 -4.61038746e-02 -5.02563794e-02 -1.04790532e+00  1.31302071e+00
  2.16126265e-02 -1.59729043e-01  1.67659162e-02  4.80561574e-02
 -1.29904560e-01  1.91459550e+00  1.30090059e-02 -1.17886122e-01
 -9.15887213e-03  1.85211764e-02  4.80437996e-02  3.74038535e-01
 -6.44786279e-02 -1.73751465e-02  2.29371178e-01  1.54062753e-03
  4.86307724e-01 -4.23242369e-02  8.87905208e-02  5.03199371e-02
 -3.17057234e-03 -5.28517731e-02 -7.74149179e-02  9.04032016e-01
 -3.15706316e-01 -1.87171142e-01 -2.37868627e-02 -1.12187976e-02
  1.29745132e-02  5.58719809e-02  4.21709839e-01 -1.63474336e+00
  2.51637885e-01  1.91564438e-01  4.90033475e-02 -2.20274787e-01
 -9.51701261e-02 -1.03363518e-02 -1.94056128e-02 -2.07004800e-01
  5.37828446e-01  7.05094952e-02  1.63693443e+00  8.13685951e-02
 -6.68302221e-01 -4.75849163e-01  1.23348213e-01 -5.66633302e-02
  2.45039706e-01  1.13266768e-01  1.12483750e+00 -2.14710293e-01
 -3.33991913e-01 -1.90740014e-01 -5.86039156e-02  1.84491343e-01
  1.50875964e-02 -1.65343654e-01  1.96137762e-02  3.71531049e-01
  4.27066498e-02  9.53218291e-02  9.85575948e-03  2.52795043e-02
  7.62215480e-02  2.18927287e+00  4.67754561e-02  4.74876028e-02
  4.20300672e-01  3.01404932e-02  4.41027237e-03 -8.13566738e-02
  1.66198708e-02  3.71831171e-01 -2.59719769e-02  8.98931259e-05
  1.38699367e-02 -2.50698785e-02 -3.84653798e-02]

 BEGIN VMC CALCULATION
 =====================

 Running VMC equilibration (5000 moves).
 Performing time-step optimization.
 Optimized step size: 0.22823
 DTVMC: 0.01736

 Starting VMC.

 =========================================================================
 In block : 1
  Number of VMC steps           = 10000

  Block average energies (au)

  Total energy                       (au) =         -14.648420821340
  Standard error                        +/-           0.004706894151

  Constant energy contributions      (au) =           0.000000000000

  Variance of local energy           (au) =           0.065489715826
  Standard error                        +/-           0.000000000000

 Time taken in block    : : :       0.6942

 =========================================================================
 FINAL RESULT:

  VMC energy (au)    Standard error      Correction for serial correlation

 -14.648420821340 +/- 0.004706894151      On-the-fly reblocking method

 Sample variance of E_L (au^2/sim.cell) : 0.065489715826


 ==========================================
 PERFORMING OPTIMIZATION CALCULATION No. 4.
 ==========================================


 Optimization start
 ==================
Stabilization: 1.0 SEM
E_0 -14.64746237 E_lin -14.65178548 dE -0.00432311
eigvector[0] 0.97718425
delta p / p
[ 2.68929129e-02 -1.47010574e-03  2.52435008e-01 -1.95936995e-02
  4.32129560e-03  2.68426210e-02  1.06218104e+00 -9.68936991e-02
 -5.67841686e-01 -3.64704111e-02 -3.69853541e-01  4.25516515e-03
  2.06935088e-02 -1.89471673e-02 -5.65581734e-03 -4.44661216e-01
 -3.41897456e-02  2.99443111e-02 -1.08230649e-02  2.77392520e-01
 -5.86727417e-02  2.60963972e-02  1.52098107e-01 -1.70465703e-03
  5.16128451e-03 -2.03762173e-02  1.78196856e-02  3.08607770e-02
  1.36275930e-02 -1.08524133e-02 -7.72850806e-02 -1.10381718e-01
 -5.04836182e-02  6.11319301e-03 -6.33969670e-03  2.90599574e-01
  8.11229059e-02  1.94039623e-02  1.31548434e-02  1.15058906e-01
 -4.94325853e-02 -4.06073058e-02  7.04963703e-02 -1.41408831e-01
  4.06969055e-03  3.28979645e-03 -6.87563617e-02  1.89055346e-02
  5.64406870e-02 -1.25962524e-01 -1.73682842e-02 -2.42887832e-02
 -2.16820177e-01 -5.98653210e-02  1.83477609e-03 -2.18089664e-03
  2.16329659e-04 -1.70199842e-02  9.30577504e-02 -1.31894679e-02
  1.53464882e-02 -4.60198210e-02  1.53836229e-02  1.20461225e-02
  3.99508202e-03  1.09027393e-02  4.91979011e-04 -1.46588670e-01
 -1.35389157e-02 -1.40668034e-02 -8.61814338e-03 -3.31942139e-03
  1.53460332e-02 -6.46112479e-03  1.22937562e-03 -3.64441706e-02
  3.39478254e-02  1.17608786e-02 -6.48312853e-02 -4.95757604e-02
  1.55825334e-01 -7.15664935e-01  1.14389007e-01 -5.15831768e-01
 -1.11909704e+00 -7.63513997e-01 -1.41593042e+00 -1.70712339e+00
 -1.14786544e+00 -7.14425475e-01 -2.14359115e+00 -3.46941011e+00
  2.65018955e+00 -2.18780097e+01  1.35500556e+00  3.27344936e-01
  1.84744748e+00  2.35277524e+00  3.44182137e+00  3.59111762e-02
 -3.96885818e-01 -8.23616928e-02  1.21127982e-01 -5.86027483e-02
 -3.34142936e-02 -5.12810036e-02  1.81479105e-02  8.94105507e-02
  2.62313075e-02 -1.60331627e-02  3.75432402e-01 -2.84885781e-01
 -1.59557577e-01 -1.29177814e-01  2.70653556e-01  6.39644856e-01
  2.52417608e+00 -2.23154996e-01 -7.62608973e-03  1.22571803e-01
  1.66115730e-02  3.26120924e-02  8.07770037e-02 -2.48362691e-01
 -1.65822580e+00  4.12748836e-02  6.53072521e+01  9.55195877e-04
 -4.84022795e-02  1.81181788e+00  1.93196175e-02  9.08241412e-02
  4.32512898e-01 -2.06487118e-01 -2.16912205e+00  4.01093947e-03
  7.98834851e-01  6.76050979e-02  1.89750861e-02 -8.20919296e-01
 -4.18577960e-02  6.38216495e-02 -2.18765202e+02  8.23290729e-01
 -6.84378080e-03 -5.47412188e-02 -8.36919321e-02 -1.36845021e-01
 -3.34157991e-01 -4.78440856e-01 -2.99187404e-02 -4.08104279e-02
  1.68490837e-02  2.96947295e-02  1.65925981e-02  2.43105613e-01
 -1.33474839e-02  1.66450929e-02  4.05217139e-01  4.93114170e-02
  9.98695468e-02 -3.54494114e+00  8.68007637e-02 -1.28176975e-03
 -2.50709938e-02  3.47297381e-04  1.06968010e-02  1.21956523e-01
  2.08112113e-01 -6.10723977e-02  4.82136963e-03  1.95306139e-02
 -1.89286120e-02  1.05718951e-02 -3.84384853e-02 -1.59670967e-01
  1.89898127e-01 -2.07478563e-02 -1.93342403e-02  3.36187804e-02
  1.94796778e-01  1.51557631e-02  2.48195799e-02 -5.03700070e-02
  1.07965361e-01 -3.01003489e-02 -3.92627722e-02 -6.90139496e-02
  5.54755720e-01 -5.46653181e-02 -3.22670567e-02 -1.97073726e-02
  6.79617969e-02  6.17533608e-02 -1.03072551e-01 -9.73558606e-02
 -9.36760710e-02 -5.26702965e-01 -1.36370001e-01 -2.03690291e-01
  2.01794376e-02 -2.93540030e-02  5.06525121e-04 -7.24857428e-02
  4.35080377e-02  6.55659169e-02  4.49673496e-02  9.48439127e-03
  1.45089902e-02  2.82711347e-01  7.28583975e-03  4.16158669e-02
  1.43078003e-05  1.52026081e-02  1.88076127e-01  3.79796272e-01
 -1.42815000e-02  3.95271502e-02 -1.51615995e-02  3.46162750e-03
 -2.83792688e-02  5.34869302e-03 -1.25192886e-02]

 BEGIN VMC CALCULATION
 =====================

 Running VMC equilibration (5000 moves).
 Performing time-step optimization.
 Optimized step size: 0.22235
 DTVMC: 0.01648

 Starting VMC.

 =========================================================================
 In block : 1
  Number of VMC steps           = 10000

  Block average energies (au)

  Total energy                       (au) =         -14.661277486586
  Standard error                        +/-           0.004622302556

  Constant energy contributions      (au) =           0.000000000000

  Variance of local energy           (au) =           0.081588701079
  Standard error                        +/-           0.000000000000

 Time taken in block    : : :       0.7012

 =========================================================================
 FINAL RESULT:

  VMC energy (au)    Standard error      Correction for serial correlation

 -14.661277486586 +/- 0.004622302556      On-the-fly reblocking method

 Sample variance of E_L (au^2/sim.cell) : 0.081588701079


 =========================================================================

 Total PyCasino real time : : :    119.6730
