
 ------------------------------------------------------------------------------
 ########::'##:::'##::'######:::::'###:::::'######::'####:'##::: ##::'#######::
 ##.... ##:. ##:'##::'##... ##:::'## ##:::'##... ##:. ##:: ###:: ##:'##.... ##:
 ##:::: ##::. ####::: ##:::..:::'##:. ##:: ##:::..::: ##:: ####: ##: ##:::: ##:
 ########::::. ##:::: ##:::::::'##:::. ##:. ######::: ##:: ## ## ##: ##:::: ##:
 ##.....:::::: ##:::: ##::::::: #########::..... ##:: ##:: ##. ####: ##:::: ##:
 ##::::::::::: ##:::: ##::: ##: ##.... ##:'##::: ##:: ##:: ##:. ###: ##:::: ##:
 ##::::::::::: ##::::. ######:: ##:::: ##:. ######::'####: ##::. ##:. #######::
 .::::::::::::..::::::......:::..:::::..:::......:::....::..::::..:::.......:::

                     Python Quantum Monte Carlo Package
                        v 0.4.0 [Vladimir Konkov]

    Main Author : Vladimir Konkov
 ------------------------------------------------------------------------------
 Started 2026/06/27 07:28:38

 Python 3.12.3 (main, Mar 23 2026, 19:04:32) [GCC 13.3.0]
 Numba 0.63.1
 Numpy 2.2.6
 Scipy 1.13.1

 Running in parallel using 4 MPI processes.

 General input parameters
 ========================
 NEU (num up spin electrons)              :  2
 NED (num down spin electrons)            :  2
 RUNTYPE (type of run)                    :  vmc_opt
 PSI_S  (form for [anti]symmetrizing wfn) :  slater
 ATOM_BASIS_TYPE (atom-centred orb basis) :  slater-type
 INTERACTION (interaction type)           :  coulomb
 TESTRUN (read input data,print and stop) :  F
 PERIODIC                                 :  F
 COMPLEX_WF (complex Slater wave fn.)     :  F
 NEIGHPRINT (neighbour analysis)          :  0
 USE_JASTROW (use Jastrow factor)         :  T
 BACKFLOW (use backflow corrections)      :  T
 USE_ORBMODS (use orbitals modifications) :  F
 CUSP_CORRECTION                          :  F
 NON_LOCAL_GRID (NL integration grid)     :  4
 E_OFFSET (energy offset)                 :  0.0000
 GAUTOL  (Gaussian evaluation tolerance)  :  7.0
 SPARSE                                   :  F
 DIPOLE_MOMENT                            :  F
 RELATIVISTIC                             :  F

 VMC/optimization input parameters
 ====================
 NEWRUN (start new run)                   :  T
 VMC_METHOD (choice of VMC algorithm)     :  3
 DTVMC (VMC time step)                    :  0.02
 OPT_DTVMC (VMC time-step optimization)   :  T
 VMC_NSTEP (num VMC steps)                :  100000
 VMC_NCONFIG_WRITE (num configs to write) :  100000
 VMC_NBLOCK (num VMC blocks)              :  1
 VMC_EQUIL_NSTEP (num equil steps)        :  5000
 VMC_DECORR_PERIOD (length of inner loop) :  10
 VMC_AVE_PERIOD (hist reduction factor)   :  1
 VMC_SAMPLING                             :  standard
 OPT_CYCLES (num optimization cycles)     :  2
 POSTFIT_VMC (perform post-fit VMC calc)  :  T
 POSTFIT_KEEP_CFG (keep post-fit VMC cfgs):  F
 OPT_NOCTF_CYCLES (fixed cutoff cycles)   :  0
 OPT_INFO (information level)             :  2
 OPT_JASTROW (opt Jastrow factor)         :  T
 OPT_DET_COEFF (opt det coeffs)           :  F
 OPT_ORBITALS (opt orbitals)              :  F
 OPT_BACKFLOW (opt backflow params)       :  T
 OPT_FIXNL (fix nonlocal energy)          :  T
 OPT_MAXITER (max num iterations)         :  10
 OPT_MAXEVAL (max num evaluations)        :  200
 VM_SMOOTH_LIMITS (smooth limiting)       :  F
 VM_REWEIGHT (reweighting)                :  F
 VM_FILTER (filter outlying configs)      :  F
 VM_USE_E_GUESS (use guess energy)        :  F
 EMIN_XI_VALUE (xi parameter)             :  1.0
 MAKEMOVIE                                :  F
 FORCES                                   :  F

 BEGIN VMC CALCULATION
 =====================

 Running VMC equilibration (5000 moves).
 Performing time-step optimization.
 Optimized step size: 0.22622
 DTVMC: 0.01706

 Starting VMC.

 =========================================================================
 In block : 1
  Number of VMC steps           = 100000

  Block average energies (au)

  Total energy                       (au) =         -14.575887063284
  Standard error                        +/-           0.005776550815

  Constant energy contributions      (au) =           0.000000000000

  Variance of local energy           (au) =           3.336820563853
  Standard error                        +/-           0.000000000000

 Time taken in block    : : :       6.1361

 =========================================================================
 FINAL RESULT:

  VMC energy (au)    Standard error      Correction for serial correlation

 -14.575887063284 +/- 0.005776550815      No correction
 -14.575887063284 +/- 0.007934231868      Correlation time method
 -14.575887063284 +/- 0.006751607673      On-the-fly reblocking method

 Sample variance of E_L (au^2/sim.cell) : 3.336820563853


 ==========================================
 PERFORMING OPTIMIZATION CALCULATION No. 1.
 ==========================================


 Optimization start
 ==================
   Iteration     Total nfev        Cost      Cost reduction    Step norm     Optimality
       0              1         7.6215e-01                                    1.28e+05
       1              2         6.6857e-02      6.95e-01       7.80e-02       2.50e+03
       2              3         2.3122e-02      4.37e-02       1.46e-01       1.75e+02
       3              4         1.7056e-02      6.07e-03       2.55e-01       3.06e+02
       4              5         1.5078e-02      1.98e-03       5.49e-01       1.45e+03
       5              6         1.4338e-02      7.40e-04       6.89e-01       6.85e+01
       6              8         1.4233e-02      1.05e-04       3.03e-01       5.69e+02
       7              9         1.4088e-02      1.45e-04       6.86e-01       3.23e+02
       8             10         1.4002e-02      8.58e-05       1.23e+00       3.35e+02
`ftol` termination condition is satisfied.
Function evaluations 10, initial cost 7.6215e-01, final cost 1.4002e-02, first-order optimality 3.35e+02.
Norm of Jacobian at the solution: 2.41297e-13

 BEGIN VMC CALCULATION
 =====================

 Running VMC equilibration (5000 moves).
 Performing time-step optimization.
 Optimized step size: 0.22580
 DTVMC: 0.01700

 Starting VMC.

 =========================================================================
 In block : 1
  Number of VMC steps           = 100000

  Block average energies (au)

  Total energy                       (au) =         -14.641401462205
  Standard error                        +/-           0.000366968003

  Constant energy contributions      (au) =           0.000000000000

  Variance of local energy           (au) =           0.013466416851
  Standard error                        +/-           0.000000000000

 Time taken in block    : : :       5.8924

 =========================================================================
 FINAL RESULT:

  VMC energy (au)    Standard error      Correction for serial correlation

 -14.641401462205 +/- 0.000366968003      No correction
 -14.641401462205 +/- 0.001451573604      Correlation time method
 -14.641401462205 +/- 0.001726667233      On-the-fly reblocking method

 Sample variance of E_L (au^2/sim.cell) : 0.013466416851


 ==========================================
 PERFORMING OPTIMIZATION CALCULATION No. 2.
 ==========================================


 Optimization start
 ==================
   Iteration     Total nfev        Cost      Cost reduction    Step norm     Optimality
       0              1         1.2818e-02                                    8.65e+02
       1              5         1.2583e-02      2.35e-04       1.20e-01       3.83e+03
       2              6         1.2308e-02      2.75e-04       1.31e-01       3.29e+03
       3              7         1.2051e-02      2.57e-04       1.12e-01       2.70e+02
       4              9         1.2009e-02      4.20e-05       6.78e-02       8.62e+02
`ftol` termination condition is satisfied.
Function evaluations 9, initial cost 1.2818e-02, final cost 1.2009e-02, first-order optimality 8.62e+02.
Norm of Jacobian at the solution: 1.78592e-13

 BEGIN VMC CALCULATION
 =====================

 Running VMC equilibration (5000 moves).
 Performing time-step optimization.
 Optimized step size: 0.22258
 DTVMC: 0.01651

 Starting VMC.

 =========================================================================
 In block : 1
  Number of VMC steps           = 100000

  Block average energies (au)

  Total energy                       (au) =         -14.643680470711
  Standard error                        +/-           0.000362033672

  Constant energy contributions      (au) =           0.000000000000

  Variance of local energy           (au) =           0.013106706910
  Standard error                        +/-           0.000000000000

 Time taken in block    : : :       5.8908

 =========================================================================
 FINAL RESULT:

  VMC energy (au)    Standard error      Correction for serial correlation

 -14.643680470711 +/- 0.000362033672      No correction
 -14.643680470711 +/- 0.001513955750      Correlation time method
 -14.643680470711 +/- 0.001987310158      On-the-fly reblocking method

 Sample variance of E_L (au^2/sim.cell) : 0.013106706910


 =========================================================================

 Total PyCasino real time : : :    1058.6987
