
 ------------------------------------------------------------------------------
 ########::'##:::'##::'######:::::'###:::::'######::'####:'##::: ##::'#######::
 ##.... ##:. ##:'##::'##... ##:::'## ##:::'##... ##:. ##:: ###:: ##:'##.... ##:
 ##:::: ##::. ####::: ##:::..:::'##:. ##:: ##:::..::: ##:: ####: ##: ##:::: ##:
 ########::::. ##:::: ##:::::::'##:::. ##:. ######::: ##:: ## ## ##: ##:::: ##:
 ##.....:::::: ##:::: ##::::::: #########::..... ##:: ##:: ##. ####: ##:::: ##:
 ##::::::::::: ##:::: ##::: ##: ##.... ##:'##::: ##:: ##:: ##:. ###: ##:::: ##:
 ##::::::::::: ##::::. ######:: ##:::: ##:. ######::'####: ##::. ##:. #######::
 .::::::::::::..::::::......:::..:::::..:::......:::....::..::::..:::.......:::

                     Python Quantum Monte Carlo Package
                        v 0.2.0 [Vladimir Konkov]

    Main Author : Vladimir Konkov
 ------------------------------------------------------------------------------

 Python 3.10.12 (main, Nov 20 2023, 15:14:05) [GCC 11.4.0]
 Numba 0.59.0
 Numpy 1.26.4
 Scipy 1.11.3

 Running in parallel using 4 MPI processes.

 General input parameters
 ========================
 NEU (num up spin electrons)              :  5
 NED (num down spin electrons)            :  2
 RUNTYPE (type of run)                    :  vmc_dmc
 PSI_S  (form for [anti]symmetrizing wfn) :  slater
 ATOM_BASIS_TYPE (atom-centred orb basis) :  gaussian
 INTERACTION (interaction type)           :  coulomb
 TESTRUN (read input data,print and stop) :  F
 PERIODIC                                 :  F
 COMPLEX_WF (complex Slater wave fn.)     :  F
 NEIGHPRINT (neighbour analysis)          :  0
 USE_JASTROW (use Jastrow factor)         :  T
 BACKFLOW (use backflow corrections)      :  F
 USE_ORBMODS (use orbitals modifications) :  F
 E_OFFSET (energy offset)                 :  0.0000
 CHECKPOINT (checkpointing level)         :  1
 CON_LOC (Dir to read/write config.*)     :  ./
 RELATIVISTIC                             :  F

 Gaussian cusp correction
 ========================
 Activated.

 ======================================================
 PERFORMING A VMC CONFIGURATION-GENERATION CALCULATION.
 ======================================================


 BEGIN VMC CALCULATION
 =====================

Running VMC equilibration (5000 moves).
Performing time-step optimization.
Optimized step size: 0.11635
DTVMC: 0.00451

Starting VMC.

 =========================================================================
 In block : 1
  Number of VMC steps           = 1024

  Block average energies (au)

  Total energy                       (au) =         -54.709712524016
  Standard error                        +/-           0.074687086364

  Constant energy contributions      (au) =           0.000000000000

  Variance of local energy           (au) =           0.286078284462
  Standard error                        +/-           0.000000000000

 Time taken in block    : : :       126.9042

 =========================================================================
 FINAL RESULT:

  VMC energy (au)    Standard error      Correction for serial correlation

 -54.709712524016 +/- 0.074687086364      On-the-fly reblocking method

 Sample variance of E_L (au^2/sim.cell) : 0.286078284462


 *     *     *     *     *     *     *     *     *     *     *     *

 ===========================================
 PERFORMING A DMC EQUILIBRATION CALCULATION.
 ===========================================

 BEGIN DMC CALCULATION
 =====================

 Random number generator reset to state in config.in.

 EBEST = -54.70971252401561 (au/prim cell inc. N-N)
 EREF  = -54.70971252401561


 =========================================================================
 In block : 1

 Number of moves in block                 : 10000
 Load-balancing efficiency (%)            : 93.186
 Number of config transfers               : 489
 New best estimate of DMC energy (au)     : -54.57724215
 New best estimate of effective time step : 0.00611132

 Time taken in block    : : :       1960.1205

 *     *     *     *     *     *     *     *     *     *     *     *

 =====================================================
 PERFORMING A DMC STATISTICS-ACCUMULATION CALCULATION.
 =====================================================

 BEGIN DMC CALCULATION
 =====================

 Random number generator reset to state in config.in.

 EBEST = -54.57258621562643 (au/prim cell inc. N-N)
 EREF  = -54.5439695066596

 Number of previous DMC stats accumulation moves : 0

 =========================================================================
 In block : 1

 Number of moves in block                 : 10000
 Load-balancing efficiency (%)            : 93.461
 Number of config transfers               : 506
 New best estimate of DMC energy (au)     : -54.57720364
 New best estimate of effective time step : 0.00612058

 Time taken in block    : : :       596.4560

 =========================================================================
 In block : 2

 Number of moves in block                 : 10000
 Load-balancing efficiency (%)            : 92.438
 Number of config transfers               : 541
 New best estimate of DMC energy (au)     : -54.57717754
 New best estimate of effective time step : 0.00614633

 Time taken in block    : : :       597.0612

 =========================================================================
 In block : 3

 Number of moves in block                 : 10000
 Load-balancing efficiency (%)            : 93.968
 Number of config transfers               : 438
 New best estimate of DMC energy (au)     : -54.57730405
 New best estimate of effective time step : 0.00606798

 Time taken in block    : : :       593.4787

 =========================================================================
 In block : 4

 Number of moves in block                 : 10000
 Load-balancing efficiency (%)            : 92.637
 Number of config transfers               : 512
 New best estimate of DMC energy (au)     : -54.57720623
 New best estimate of effective time step : 0.00614927

 Time taken in block    : : :       602.1412

 =========================================================================
 In block : 5

 Number of moves in block                 : 10000
 Load-balancing efficiency (%)            : 93.963
 Number of config transfers               : 464
 New best estimate of DMC energy (au)     : -54.57711246
 New best estimate of effective time step : 0.00618025

 Time taken in block    : : :       603.6986

 =========================================================================
 In block : 6

 Number of moves in block                 : 10000
 Load-balancing efficiency (%)            : 92.958
 Number of config transfers               : 515
 New best estimate of DMC energy (au)     : -54.57710211
 New best estimate of effective time step : 0.00621000

 Time taken in block    : : :       608.1915

 =========================================================================
 In block : 7

 Number of moves in block                 : 10000
 Load-balancing efficiency (%)            : 92.704
 Number of config transfers               : 539
 New best estimate of DMC energy (au)     : -54.57717630
 New best estimate of effective time step : 0.00617602

 Time taken in block    : : :       604.3547

 =========================================================================
 In block : 8

 Number of moves in block                 : 10000
 Load-balancing efficiency (%)            : 92.208
 Number of config transfers               : 555
 New best estimate of DMC energy (au)     : -54.57726967
 New best estimate of effective time step : 0.00613893

 Time taken in block    : : :       605.5699

 =========================================================================
 In block : 9

 Number of moves in block                 : 10000
 Load-balancing efficiency (%)            : 92.433
 Number of config transfers               : 503
 New best estimate of DMC energy (au)     : -54.57715718
 New best estimate of effective time step : 0.00615385

 Time taken in block    : : :       602.7310

 =========================================================================
 In block : 10

 Number of moves in block                 : 10000
 Load-balancing efficiency (%)            : 92.440
 Number of config transfers               : 514
 New best estimate of DMC energy (au)     : -54.57714064
 New best estimate of effective time step : 0.00614747

 Time taken in block    : : :       605.7772

Mixed estimators of the energies at the end of the run
------------------------------------------------------

Total energy                 =       -54.577140635289 +/- 0.000203104250

 =========================================================================

 Total PyCasino real time : : :    8353.5067
