
 ------------------------------------------------------------------------------
 ########::'##:::'##::'######:::::'###:::::'######::'####:'##::: ##::'#######::
 ##.... ##:. ##:'##::'##... ##:::'## ##:::'##... ##:. ##:: ###:: ##:'##.... ##:
 ##:::: ##::. ####::: ##:::..:::'##:. ##:: ##:::..::: ##:: ####: ##: ##:::: ##:
 ########::::. ##:::: ##:::::::'##:::. ##:. ######::: ##:: ## ## ##: ##:::: ##:
 ##.....:::::: ##:::: ##::::::: #########::..... ##:: ##:: ##. ####: ##:::: ##:
 ##::::::::::: ##:::: ##::: ##: ##.... ##:'##::: ##:: ##:: ##:. ###: ##:::: ##:
 ##::::::::::: ##::::. ######:: ##:::: ##:. ######::'####: ##::. ##:. #######::
 .::::::::::::..::::::......:::..:::::..:::......:::....::..::::..:::.......:::

                     Python Quantum Monte Carlo Package
                        v 0.2.0 [Vladimir Konkov]

    Main Author : Vladimir Konkov
 ------------------------------------------------------------------------------
 Started 2024/08/29 07:26:01

 Python 3.10.12 (main, Jul 29 2024, 16:56:48) [GCC 11.4.0]
 Numba 0.59.0
 Numpy 1.26.4
 Scipy 1.11.3

 Running in parallel using 4 MPI processes.

 General input parameters
 ========================
 NEU (num up spin electrons)              :  18
 NED (num down spin electrons)            :  18
 RUNTYPE (type of run)                    :  vmc_opt
 PSI_S  (form for [anti]symmetrizing wfn) :  slater
 ATOM_BASIS_TYPE (atom-centred orb basis) :  gaussian
 INTERACTION (interaction type)           :  coulomb
 TESTRUN (read input data,print and stop) :  F
 PERIODIC                                 :  F
 COMPLEX_WF (complex Slater wave fn.)     :  F
 NEIGHPRINT (neighbour analysis)          :  0
 USE_JASTROW (use Jastrow factor)         :  T
 BACKFLOW (use backflow corrections)      :  T
 USE_ORBMODS (use orbitals modifications) :  F
 E_OFFSET (energy offset)                 :  0.0000
 CHECKPOINT (checkpointing level)         :  1
 CON_LOC (Dir to read/write config.*)     :  ./
 RELATIVISTIC                             :  F

 VMC/optimization input parameters
 ====================
 NEWRUN (start new run)                   :  T
 VMC_METHOD (choice of VMC algorithm)     :  3
 DTVMC (VMC time step)                    :  1.0000E-02
 OPT_DTVMC (VMC time-step optimization)   :  1
 VMC_NSTEP (num VMC steps)                :  10000
 VMC_NCONFIG_WRITE (num configs to write) :  10000
 VMC_NBLOCK (num VMC blocks)              :  1
 VMC_EQUIL_NSTEP (num equil steps)        :  5000
 VMC_DECORR_PERIOD (length of inner loop) :  10
 VMC_AVE_PERIOD (hist reduction factor)   :  1
 VMC_SAMPLING                             :  standard
 MAKEMOVIE                                :  F
 FORCES                                   :  F

 Gaussian cusp correction
 ========================
 Activated.

 BEGIN VMC CALCULATION
 =====================

 Running VMC equilibration (5000 moves).
 Performing time-step optimization.
 Optimized step size: 0.01719
 DTVMC: 0.00010

 Starting VMC.

 =========================================================================
 In block : 1
  Number of VMC steps           = 10000

  Block average energies (au)

  Total energy                       (au) =       -2752.417024093310
  Standard error                        +/-           0.683062927131

  Constant energy contributions      (au) =           0.000000000000

  Variance of local energy           (au) =         821.734374280115
  Standard error                        +/-           0.000000000000

 Time taken in block    : : :       37.8112

 =========================================================================
 FINAL RESULT:

  VMC energy (au)    Standard error      Correction for serial correlation

 -2752.417024093310 +/- 0.683062927131      On-the-fly reblocking method

 Sample variance of E_L (au^2/sim.cell) : 821.734374280115


 ==========================================
 PERFORMING OPTIMIZATION CALCULATION No. 1.
 ==========================================


 Optimization start
 ==================
   Iteration     Total nfev        Cost      Cost reduction    Step norm     Optimality
       0              1         6.0585e+03                                    1.38e+07
       1              2         5.4481e+03      6.10e+02       3.02e-03       1.11e+07
       2              3         4.3756e+03      1.07e+03       6.21e-03       8.78e+06
       3              4         2.9549e+03      1.42e+03       1.33e-02       5.70e+06
       4              5         1.6291e+03      1.33e+03       2.71e-02       2.83e+06
       5              6         7.8700e+02      8.42e+02       5.29e-02       6.27e+05
       6              7         4.6618e+02      3.21e+02       7.58e-02       4.68e+05
       7              8         2.8262e+02      1.84e+02       1.44e-01       1.17e+06
       8              9         2.0280e+02      7.98e+01       3.39e-01       1.69e+06
       9             10         1.3775e+02      6.51e+01       6.98e-01       8.18e+05
      10             11         1.1085e+02      2.69e+01       1.07e+00       3.85e+05
      11             12         9.7420e+01      1.34e+01       2.24e+00       1.64e+05
      12             13         9.0699e+01      6.72e+00       1.93e+00       3.21e+05
      13             14         8.6863e+01      3.84e+00       1.72e+00       5.00e+05
      14             15         8.4402e+01      2.46e+00       1.63e+00       9.00e+05
      15             16         8.2667e+01      1.74e+00       1.32e+00       1.50e+06
      16             17         8.1073e+01      1.59e+00       4.88e-01       9.53e+05
`ftol` termination condition is satisfied.
Function evaluations 17, initial cost 6.0585e+03, final cost 8.1073e+01, first-order optimality 9.53e+05.
Norm of Jacobian at the solution: 1.67315e-11

 BEGIN VMC CALCULATION
 =====================

 Running VMC equilibration (5000 moves).
 Performing time-step optimization.
 Optimized step size: 0.01820
 DTVMC: 0.00011

 Starting VMC.

 =========================================================================
 In block : 1
  Number of VMC steps           = 10000

  Block average energies (au)

  Total energy                       (au) =         386.331515472368
  Standard error                        +/-         208.013945026088

  Constant energy contributions      (au) =           0.000000000000

  Variance of local energy           (au) =       11823126.504024645314
  Standard error                        +/-           0.000000000000

 Time taken in block    : : :       44.8916

 =========================================================================
 FINAL RESULT:

  VMC energy (au)    Standard error      Correction for serial correlation

 386.331515472368 +/- 208.013945026088      On-the-fly reblocking method

 Sample variance of E_L (au^2/sim.cell) : 11823126.504024645314


 ==========================================
 PERFORMING OPTIMIZATION CALCULATION No. 2.
 ==========================================


 Optimization start
 ==================
