
 ------------------------------------------------------------------------------
 ########::'##:::'##::'######:::::'###:::::'######::'####:'##::: ##::'#######::
 ##.... ##:. ##:'##::'##... ##:::'## ##:::'##... ##:. ##:: ###:: ##:'##.... ##:
 ##:::: ##::. ####::: ##:::..:::'##:. ##:: ##:::..::: ##:: ####: ##: ##:::: ##:
 ########::::. ##:::: ##:::::::'##:::. ##:. ######::: ##:: ## ## ##: ##:::: ##:
 ##.....:::::: ##:::: ##::::::: #########::..... ##:: ##:: ##. ####: ##:::: ##:
 ##::::::::::: ##:::: ##::: ##: ##.... ##:'##::: ##:: ##:: ##:. ###: ##:::: ##:
 ##::::::::::: ##::::. ######:: ##:::: ##:. ######::'####: ##::. ##:. #######::
 .::::::::::::..::::::......:::..:::::..:::......:::....::..::::..:::.......:::

                     Python Quantum Monte Carlo Package
                        v 0.2.0 [Vladimir Konkov]

    Main Author : Vladimir Konkov
 ------------------------------------------------------------------------------

 Python 3.10.12 (main, Nov 20 2023, 15:14:05) [GCC 11.4.0]
 Numba 0.59.0
 Numpy 1.26.4
 Scipy 1.11.3

 Running in parallel using 4 MPI processes.

 General input parameters
 ========================
 NEU (num up spin electrons)              :  12
 NED (num down spin electrons)            :  12
 RUNTYPE (type of run)                    :  vmc_opt
 PSI_S  (form for [anti]symmetrizing wfn) :  slater
 ATOM_BASIS_TYPE (atom-centred orb basis) :  gaussian
 INTERACTION (interaction type)           :  coulomb
 TESTRUN (read input data,print and stop) :  F
 PERIODIC                                 :  F
 COMPLEX_WF (complex Slater wave fn.)     :  F
 NEIGHPRINT (neighbour analysis)          :  0
 USE_JASTROW (use Jastrow factor)         :  T
 BACKFLOW (use backflow corrections)      :  T
 USE_ORBMODS (use orbitals modifications) :  F
 E_OFFSET (energy offset)                 :  0.0000
 CHECKPOINT (checkpointing level)         :  1
 CON_LOC (Dir to read/write config.*)     :  ./
 RELATIVISTIC                             :  F

 Gaussian cusp correction
 ========================
 Activated.

 BEGIN VMC CALCULATION
 =====================

Running VMC equilibration (5000 moves).
Performing time-step optimization.
Optimized step size: 0.05603
DTVMC: 0.00105

Starting VMC.

 =========================================================================
 In block : 1
  Number of VMC steps           = 10000

  Block average energies (au)

  Total energy                       (au) =        -224.591303423182
  Standard error                        +/-           0.138240106704

  Constant energy contributions      (au) =          69.026999696574

  Variance of local energy           (au) =          44.706260036407
  Standard error                        +/-           0.000000000000

 Time taken in block    : : :       161.7297

 =========================================================================
 FINAL RESULT:

  VMC energy (au)    Standard error      Correction for serial correlation

 -224.591303423182 +/- 0.138240106704      On-the-fly reblocking method

 Sample variance of E_L (au^2/sim.cell) : 44.706260036407


 ==========================================
 PERFORMING OPTIMIZATION CALCULATION No. 1.
 ==========================================


 Optimization start
 ==================
   Iteration     Total nfev        Cost      Cost reduction    Step norm     Optimality
       0              1         9.5546e+01                                    4.71e+07
       1              2         4.0804e+01      5.47e+01       1.14e-03       2.50e+07
       2              3         1.6572e+01      2.42e+01       5.03e-03       1.92e+06
       3              4         1.0301e+01      6.27e+00       9.20e-03       4.30e+05
       4              5         6.6263e+00      3.67e+00       2.03e-02       7.51e+04
       5              6         4.7086e+00      1.92e+00       4.29e-02       1.04e+05
       6              7         3.9885e+00      7.20e-01       8.73e-02       1.34e+05
       7              8         3.6836e+00      3.05e-01       1.37e-01       4.74e+04
       8              9         3.4703e+00      2.13e-01       1.83e-01       8.62e+04
       9             10         3.3518e+00      1.18e-01       2.02e-01       3.78e+04
      10             11         3.2764e+00      7.55e-02       3.29e-01       2.31e+04
      11             12         3.2499e+00      2.64e-02       5.43e-01       2.56e+04
`ftol` termination condition is satisfied.
Function evaluations 12, initial cost 9.5546e+01, final cost 3.2499e+00, first-order optimality 2.56e+04.
Norm of Jacobian at the solution: 2.73188e-11

 BEGIN VMC CALCULATION
 =====================

Running VMC equilibration (5000 moves).
Performing time-step optimization.
Optimized step size: 0.05544
DTVMC: 0.00102

Starting VMC.

 =========================================================================
 In block : 1
  Number of VMC steps           = 10000

  Block average energies (au)

  Total energy                       (au) =        -225.219912719826
  Standard error                        +/-           0.054140735307

  Constant energy contributions      (au) =          69.026999696574

  Variance of local energy           (au) =           3.262017861248
  Standard error                        +/-           0.000000000000

 Time taken in block    : : :       32.2098

 =========================================================================
 FINAL RESULT:

  VMC energy (au)    Standard error      Correction for serial correlation

 -225.219912719826 +/- 0.054140735307      On-the-fly reblocking method

 Sample variance of E_L (au^2/sim.cell) : 3.262017861248


 ==========================================
 PERFORMING OPTIMIZATION CALCULATION No. 2.
 ==========================================


 Optimization start
 ==================
Stabilization: 1.0 SEM
E_0 -225.14200472 E_lin -224.92204414 dE 0.21996058
eigvector[0] 0.88292194
delta p / p
[ 1.94733091e-01 -1.29491084e-01  1.13842193e-02 -3.96811454e-03
  1.84066841e-03 -1.20193538e-03  6.14065364e-04  5.49763095e-03
  1.32718523e-01  4.50705882e-03  2.40116209e-04 -5.38377439e-04
  8.49064368e-04 -1.12674196e-03  1.45027810e-03  1.55378348e-03
  5.82868228e-02 -1.71947717e-01 -1.52032763e-03  4.99415881e-03
 -5.36892546e-03  7.27778571e-03 -4.88755621e-03  9.62742550e-03
  5.04555432e-02 -4.16257895e-03 -4.51456840e-02  8.82958064e-03
 -2.29789024e-02  4.80143908e-02  1.55857052e-02  1.00198346e-03
 -8.13510526e-02 -3.25592989e-02  1.33772560e-03  1.32640908e-02
  2.45715468e-03 -6.26837406e+00 -1.03100352e-03  2.87943922e-04
  5.14936768e-03 -1.40006240e-02 -5.03430647e-03 -1.26977752e-01
 -2.03165967e-03  1.23918399e-02  1.51207489e-01 -1.64002420e-05
  1.91501472e-03 -1.33004477e-02 -6.35747257e-02 -1.33223962e-03
  1.37718065e-03  1.06467836e-03  2.80668640e-03 -2.47401899e-02
  7.26129714e-03  2.06269721e-03 -3.21229651e-02 -6.95177479e-03
  1.29964886e-02  4.64904188e-03  1.43666312e-02 -5.40029711e-03
 -6.91096599e-01 -1.16062220e-02  1.22198224e-02 -2.40656624e-02
 -9.94700861e-04  1.78576789e-02  5.35930437e-03 -1.79070501e-04
  9.76181688e-03 -5.13528829e-02 -1.84892111e-02  3.12088877e-03
  2.05016589e-01  4.39401092e-03 -2.46044561e-03  1.17940756e-03
 -4.26260557e-04  1.21913420e-03 -8.20991152e-05 -4.58947716e-03
  5.53305047e-02 -2.84181252e-01 -6.54090581e-02 -1.23995635e-02
  2.60832265e-03 -8.08476808e-04 -1.01484163e-04  3.30128867e-02
  1.00565956e-03  3.52819263e-04 -1.25521619e-02  5.73448372e-03
  3.46452388e-03 -7.33225283e-04 -2.82987096e-04  1.56994979e-03
  2.00672704e-02 -1.51683714e-03 -1.00280184e-02 -7.55748630e-03
  1.28314514e-03  7.43583638e-03  1.04347465e-01 -5.39096747e-02
 -2.05498898e-02  9.64492644e-03 -3.61355763e-02  1.04929906e-01
  1.11438632e-03 -1.18087843e-05  5.42105576e-05 -1.33274540e-03
  2.41815419e-04  1.06511624e-02  1.18036434e-02 -1.33873371e-02
  1.37101415e-01  8.15133381e-04  2.27798343e-02 -1.54875367e-02
  9.86070827e-04  1.99685950e-03 -6.87889639e-02  3.16430632e-03
 -1.28738302e-04  2.43048774e-03 -9.61396086e-03 -9.17094506e-03
 -1.54675202e-01  1.11456039e-03  5.71216001e-02 -2.97053782e-02
 -1.52228096e-02 -6.33235544e-05 -2.45378312e-04  3.74542312e-04
 -1.04056880e-03 -1.27852113e-02 -3.13514085e-03 -2.91143036e-04
  7.43908420e-03 -4.36893124e-02 -1.65049272e-04 -5.45615076e-03
  2.83367243e-02 -1.46589246e-01  9.82349407e-03  1.14474286e-02
  9.61614257e-03 -5.27990657e-02 -6.27624187e-03 -7.93699478e-02
  1.04771156e-03  1.59013428e-02  3.00894240e-03 -1.64038260e-02
 -1.54702270e-03 -1.21937754e-02 -9.13744112e-03 -1.69234582e-03
 -1.43462708e-03 -3.08033784e-03  2.37543346e-03  1.84521590e-03
  5.88321076e-02  1.42748849e-01 -6.43952560e-02  8.15254407e-03
 -2.47710894e-02 -2.61009112e-03 -4.80984523e-04  4.36945868e-03
 -5.11686245e-04 -1.80289677e-03  2.65472513e-02 -1.53889342e-01
 -6.32570948e-02 -1.13800581e-03  8.09884576e-04 -3.48922407e-03
  4.64409142e-04 -2.38643782e-03 -1.16969753e-04  8.17614886e-04
  7.07436664e-03 -2.09891742e-02  5.16867271e-02  4.29563060e-02
  1.47560862e-01 -1.30969965e-01  2.71830861e-02 -3.82821369e-02
 -6.58890323e-01 -1.54367209e-03  1.22835895e-04  3.51621580e-05
  1.01879810e-02 -2.65421682e-03  7.41137686e-04  3.34729933e-03
 -4.46265907e-03  5.66489551e-02  4.68930986e-03 -1.17855300e-02
  9.37078846e-02  1.52412589e-02 -5.81738842e-03 -3.74044526e-03
  7.37971186e-03  5.01487794e-04 -1.30617854e-02 -2.36858925e-02
 -7.86447593e-02]

 BEGIN VMC CALCULATION
 =====================

Running VMC equilibration (5000 moves).
Performing time-step optimization.
Optimized step size: 0.05641
DTVMC: 0.00106

Starting VMC.

 =========================================================================
 In block : 1
  Number of VMC steps           = 10000

  Block average energies (au)

  Total energy                       (au) =        -225.156775635942
  Standard error                        +/-           0.051875469846

  Constant energy contributions      (au) =          69.026999696574

  Variance of local energy           (au) =           3.261874703385
  Standard error                        +/-           0.000000000000

 Time taken in block    : : :       31.9906

 =========================================================================
 FINAL RESULT:

  VMC energy (au)    Standard error      Correction for serial correlation

 -225.156775635942 +/- 0.051875469846      On-the-fly reblocking method

 Sample variance of E_L (au^2/sim.cell) : 3.261874703385


 ==========================================
 PERFORMING OPTIMIZATION CALCULATION No. 3.
 ==========================================


 Optimization start
 ==================
Stabilization: 1.0 SEM
E_0 -225.14371916 E_lin -225.36637784 dE -0.22265868
eigvector[0] 0.93720013
delta p / p
[ 1.00040591e-01 -1.17433414e-01 -6.50274324e-03 -1.24467786e-03
  1.12838951e-03 -8.78384640e-04  2.21239953e-05  9.94328020e-03
  3.10560024e-02 -4.45407632e-02  1.23208497e-03  8.55412086e-04
 -8.41802728e-04  6.68153427e-04 -1.59185908e-04 -5.96955367e-03
  6.93071355e-02 -1.18416675e-01  2.55142253e-02 -9.96942796e-03
  8.23276042e-03 -3.67454625e-02 -1.04258234e-02 -2.90924401e-02
  2.29575283e-02  5.95592348e-03  2.78596777e-02 -1.13914188e-02
  2.30519614e-02 -9.08754663e-02 -5.21698256e-03  2.03834301e-03
 -2.31269204e-02 -1.02318827e-02 -9.12745081e-04 -3.12266184e-03
 -1.15122813e-03  2.64157961e+00  2.71154889e-04 -1.57061484e-03
  1.58338031e-02 -4.36761743e-03  1.84167570e-03 -2.77259662e-01
 -2.06002896e-03 -3.91634809e-02 -1.53077061e-01  2.43432142e-03
 -1.67348885e-03 -4.73186519e-03 -2.08550756e-01 -1.91810899e-03
  2.00442308e-03  4.73127022e-03 -4.47858372e-03  1.17311632e-02
  8.51817948e-03 -2.24313158e-03  3.12768328e-03  4.96565037e-03
 -4.55895637e-03  6.95036671e-03 -4.36196014e-03  2.98871520e-03
  9.48238887e-01  6.03501024e-03 -5.31695446e-03  3.67217629e-04
 -1.40378201e-03 -4.90822584e-03  3.07757878e-03 -2.53064019e-03
 -9.25573882e-03  1.16856876e-03  1.45868934e-02 -1.84841130e-02
 -3.30306527e-02 -1.12010882e-02  1.95193546e-03 -4.67361697e-04
 -1.25456835e-04 -7.61486565e-04  4.76012376e-05  1.52822131e-03
 -1.48649093e-02  8.29173181e-02  5.21639748e-02  4.83190348e-03
  1.49024385e-04 -3.52004664e-04  2.92949446e-04  4.62243001e-04
  4.51115405e-04 -1.01390614e-03  5.15236997e-03  3.60666124e-02
 -4.47709242e-03 -3.89701091e-03  1.96556930e-03 -1.54833794e-03
 -1.82703485e-03 -1.64281437e-03  6.25579128e-03  4.42097365e-02
 -7.90769492e-03 -6.05519446e-05  1.80367959e-01 -1.89280508e-02
  1.97816257e-02 -1.72023137e-03  9.16528524e-02 -1.53244942e-01
 -1.61512196e-03  1.09184109e-03  3.18335644e-04 -1.19639821e-03
  1.89857256e-03  1.11070088e-02 -4.26166912e-01  1.09967016e-01
 -1.08951869e-01  5.90111062e-03  1.05864624e-02 -1.58912770e-03
 -3.20401061e-04  1.81970875e-03  3.77199776e-02 -1.90860130e-03
  1.93621464e-02 -3.27221988e-03  1.31586432e-02  1.57016523e-02
  5.95563484e-02 -2.71893974e-02 -1.39632263e-02  3.63589821e-02
 -2.10198312e-02 -8.29086130e-04  3.32034795e-03  8.31062142e-03
 -3.21007117e-04  4.05722159e-02  8.29047170e-04 -9.75585069e-04
 -3.13853612e-03 -1.13910492e-02 -6.63021347e-04 -2.36913018e-03
  1.92592478e-01  3.85219872e-01  1.87904436e-02 -6.15321784e-03
 -2.99958637e-03 -4.52338091e-02  5.15680783e-03 -1.59136416e-02
 -2.38905557e-02  5.84427172e-03 -7.91547234e-03 -1.35949840e-03
  2.95444177e-03 -8.14268303e-03 -5.96694359e-03 -1.95169717e-03
 -1.01302063e-03  1.73055108e-03  4.70696987e-04 -4.93056067e-04
  8.64578679e-02 -3.17659037e-02 -7.74946395e-02  2.59448177e-03
  1.97218670e-02 -4.78358067e-03 -6.00936743e-04  7.73062570e-05
  2.61380018e-04  2.41340082e-05  6.05032280e-02  3.38293543e-02
  2.19246166e-02  3.20629312e-03 -2.79197167e-03 -3.25800926e-03
  4.65163608e-04  8.48843380e-04  1.22193011e-04 -3.93787874e-03
  3.37452566e-02 -2.76845224e-02  5.30571315e-02  5.86292836e-03
  5.03540895e-02 -1.11348658e-01  1.85439359e-02  3.06368366e-03
 -2.09036487e+00 -1.33962779e-03  6.89828891e-04 -1.45370761e-02
  2.63470036e-03  2.05722743e-04  1.16387794e-03 -3.11079348e-03
  6.30399976e-03 -2.68792431e-02  2.11696226e-03 -6.74754277e-03
 -5.41372952e-02  1.51046348e-02  3.51920807e-03  2.75609377e-02
  3.48776913e-03 -1.80599368e-03  4.89065234e-03  1.79205190e-02
  1.33543221e-02]

 BEGIN VMC CALCULATION
 =====================

Running VMC equilibration (5000 moves).
Performing time-step optimization.
Optimized step size: 0.05657
DTVMC: 0.00107

Starting VMC.

 =========================================================================
 In block : 1
  Number of VMC steps           = 10000

  Block average energies (au)

  Total energy                       (au) =        -225.169778093633
  Standard error                        +/-           0.046292911751

  Constant energy contributions      (au) =          69.026999696574

  Variance of local energy           (au) =           3.653783089921
  Standard error                        +/-           0.000000000000

 Time taken in block    : : :       31.6020

 =========================================================================
 FINAL RESULT:

  VMC energy (au)    Standard error      Correction for serial correlation

 -225.169778093633 +/- 0.046292911751      On-the-fly reblocking method

 Sample variance of E_L (au^2/sim.cell) : 3.653783089921


 ==========================================
 PERFORMING OPTIMIZATION CALCULATION No. 4.
 ==========================================


 Optimization start
 ==================
Stabilization: 1.0 SEM
E_0 -225.24473023 E_lin -225.34842425 dE -0.10369402
eigvector[0] 0.93857660
delta p / p
[ 4.55638152e-02 -1.18947484e-01 -1.80504708e-02  1.76583108e-03
 -3.31537231e-04 -9.82214924e-05  4.25026774e-04 -8.45305551e-04
  4.15476800e-02 -2.63748818e-02  4.49395788e-03 -1.72017056e-03
  1.14606328e-03 -1.00724510e-03  1.01500759e-03 -1.22851264e-04
 -1.41360740e-02  4.00634887e-01  3.22860021e-02  1.17283663e-02
 -2.47627264e-02  8.54339448e-02  7.71231966e-03  3.88188007e-02
 -1.57369246e-01 -5.05972903e-03 -2.70701433e-02  1.12334928e-02
 -1.10760981e-02 -9.09518546e-02  1.01565248e-02 -1.96345325e-03
 -1.42203486e-02 -2.18844330e-02  8.72705935e-04  4.22311683e-03
  1.75454166e-03 -6.89147380e-01 -5.74575125e-04  1.96788235e-03
 -1.05434849e-02 -1.41383827e-02 -2.31622018e-03  9.68889786e-01
 -1.38044136e-03  4.16705007e-03 -2.45767960e-01 -1.19548484e-03
 -3.16913050e-04  2.43390156e-03 -8.88629136e-02 -2.02531392e-03
  1.35954353e-03  6.85618461e-03 -3.43951507e-03  6.42169484e-03
  2.88490013e-03 -8.20440496e-03  1.64071985e-02 -3.63106820e-03
  1.08055684e-02 -2.77477646e-03  8.63619918e-03 -2.61090198e-03
 -1.20222022e+00 -7.83190171e-03  8.73670487e-04 -7.09781788e-03
  2.52311337e-04  1.38336473e-02  2.38450922e-03  1.07517097e-03
  8.24179639e-03 -1.17527519e-02 -1.52655903e-02  1.91987622e-02
 -3.25576688e-02 -5.28481956e-03  3.08875476e-03 -2.52682079e-03
  3.89682179e-03  3.32450218e-03  2.15173959e-04 -2.27684975e-03
  5.21011154e-03 -1.06556997e-02 -1.79037912e-02  8.25543278e-03
 -2.59807382e-03  1.17574855e-03 -7.52768149e-04  4.08879149e-03
 -7.48755237e-04  2.22495999e-03 -1.49690333e-02 -2.11686400e-02
  2.16837467e-02 -1.21542968e-03  8.81545658e-04 -5.95946833e-04
 -2.70351867e-03  1.84797829e-03 -1.56977433e-02  4.16475518e-02
  7.96815699e-03 -1.49776105e-02  7.77637944e-03  9.55419562e-02
 -6.27543076e-03  4.72999562e-02  2.81247075e-02  1.19413794e-01
 -2.42927914e-03  1.89732195e-03 -9.50184786e-04 -1.36160112e-04
  3.06137841e-03  1.60222409e-02  2.38029996e-01 -2.08710186e-02
  6.52418716e-02  1.31855501e-02  3.78802126e-02 -1.64893981e-02
  4.77709735e-04 -2.80932881e-04  1.17237356e-01 -3.28056698e-03
 -1.44897130e-03  2.03433417e-03 -2.13481011e-03 -2.45412051e-03
 -1.36083613e-01 -1.01723396e-02  5.13835697e-02 -9.97918343e-03
 -1.13165581e-04 -8.09586629e-04 -1.89405530e-04  1.05898397e-03
 -3.50468204e-04  6.17853914e-03 -2.16733825e-03 -2.10405623e-03
  7.93632781e-05  1.08292098e-02 -8.49560189e-04 -2.67996538e-03
  3.57215788e-02 -2.63213253e-03  1.20865816e-02  4.17452735e-03
 -4.02644316e-04 -2.66656190e-02  7.53620464e-04  5.30424404e-02
  1.41477566e-02  7.95137363e-03 -5.48706359e-03 -1.55870528e-03
  4.72166098e-04  2.30718507e-02 -8.03150592e-04  9.55067363e-03
  1.93006365e-03 -6.93815790e-04 -1.61580796e-03  1.70585284e-03
 -1.22621313e-02  9.30959132e-02 -2.18271032e-02  3.47729547e-03
 -2.22063964e-02 -3.55438763e-04 -8.67649598e-04  1.29719452e-04
  1.28003333e-03 -1.09864529e-03  1.93733678e-02 -8.55646509e-02
  2.83118940e-02 -5.66848941e-03  2.26989005e-03  1.37288056e-03
 -1.10108356e-04  3.31914785e-03  6.33657110e-05 -1.88267937e-03
  2.40663052e-02 -2.76665549e-02  4.44890416e-02  1.16605653e-03
  1.96535195e-01 -2.96901803e-02  1.49768986e-02 -1.64533917e-02
  1.32660262e+00  5.24248646e-04 -9.34460145e-04 -9.19931125e-03
 -8.46990840e-03  2.69930579e-04 -6.58886368e-05 -2.63965471e-04
 -1.89686133e-03 -3.21059891e-04 -1.90496429e-04 -2.25989264e-03
 -1.20064978e-01 -8.74763125e-02  1.06049911e-03 -2.62069247e-03
  1.12483673e-02 -6.00315274e-04  1.44119572e-03 -2.28410851e-03
 -5.34993752e-03]

 BEGIN VMC CALCULATION
 =====================

Running VMC equilibration (5000 moves).
Performing time-step optimization.
Optimized step size: 0.05491
DTVMC: 0.00100

Starting VMC.

 =========================================================================
 In block : 1
  Number of VMC steps           = 10000

  Block average energies (au)

  Total energy                       (au) =        -225.213992663342
  Standard error                        +/-           0.048474320332

  Constant energy contributions      (au) =          69.026999696574

  Variance of local energy           (au) =           3.231147110348
  Standard error                        +/-           0.000000000000

 Time taken in block    : : :       31.6754

 =========================================================================
 FINAL RESULT:

  VMC energy (au)    Standard error      Correction for serial correlation

 -225.213992663342 +/- 0.048474320332      On-the-fly reblocking method

 Sample variance of E_L (au^2/sim.cell) : 3.231147110348


 =========================================================================

 Total PyCasino real time : : :    10799.1810
