
 ------------------------------------------------------------------------------
 ########::'##:::'##::'######:::::'###:::::'######::'####:'##::: ##::'#######::
 ##.... ##:. ##:'##::'##... ##:::'## ##:::'##... ##:. ##:: ###:: ##:'##.... ##:
 ##:::: ##::. ####::: ##:::..:::'##:. ##:: ##:::..::: ##:: ####: ##: ##:::: ##:
 ########::::. ##:::: ##:::::::'##:::. ##:. ######::: ##:: ## ## ##: ##:::: ##:
 ##.....:::::: ##:::: ##::::::: #########::..... ##:: ##:: ##. ####: ##:::: ##:
 ##::::::::::: ##:::: ##::: ##: ##.... ##:'##::: ##:: ##:: ##:. ###: ##:::: ##:
 ##::::::::::: ##::::. ######:: ##:::: ##:. ######::'####: ##::. ##:. #######::
 .::::::::::::..::::::......:::..:::::..:::......:::....::..::::..:::.......:::

                     Python Quantum Monte Carlo Package
                        v 0.2.0 [Vladimir Konkov]

    Main Author : Vladimir Konkov
 ------------------------------------------------------------------------------

 Python 3.10.12 (main, Nov 20 2023, 15:14:05) [GCC 11.4.0]
 Numba 0.59.0
 Numpy 1.26.4
 Scipy 1.11.3

 Running in parallel using 4 MPI processes.

 General input parameters
 ========================
 NEU (num up spin electrons)              :  2
 NED (num down spin electrons)            :  2
 RUNTYPE (type of run)                    :  vmc_dmc
 PSI_S  (form for [anti]symmetrizing wfn) :  slater
 ATOM_BASIS_TYPE (atom-centred orb basis) :  gaussian
 INTERACTION (interaction type)           :  coulomb
 TESTRUN (read input data,print and stop) :  F
 PERIODIC                                 :  F
 COMPLEX_WF (complex Slater wave fn.)     :  F
 NEIGHPRINT (neighbour analysis)          :  0
 USE_JASTROW (use Jastrow factor)         :  T
 BACKFLOW (use backflow corrections)      :  F
 USE_ORBMODS (use orbitals modifications) :  F
 E_OFFSET (energy offset)                 :  0.0000
 CHECKPOINT (checkpointing level)         :  1
 CON_LOC (Dir to read/write config.*)     :  ./
 RELATIVISTIC                             :  F

 Gaussian cusp correction
 ========================
 Activated.

 ======================================================
 PERFORMING A VMC CONFIGURATION-GENERATION CALCULATION.
 ======================================================


 BEGIN VMC CALCULATION
 =====================

Running VMC equilibration (5000 moves).
Performing time-step optimization.
Optimized step size: 0.22816
DTVMC: 0.01735

Starting VMC.

 =========================================================================
 In block : 1
  Number of VMC steps           = 1024

  Block average energies (au)

  Total energy                       (au) =         -14.670765446578
  Standard error                        +/-           0.022263451118

  Constant energy contributions      (au) =           0.000000000000

  Variance of local energy           (au) =           0.031052232405
  Standard error                        +/-           0.000000000000

 Time taken in block    : : :       125.4625

 =========================================================================
 FINAL RESULT:

  VMC energy (au)    Standard error      Correction for serial correlation

 -14.670765446578 +/- 0.022263451118      On-the-fly reblocking method

 Sample variance of E_L (au^2/sim.cell) : 0.031052232405


 *     *     *     *     *     *     *     *     *     *     *     *

 ===========================================
 PERFORMING A DMC EQUILIBRATION CALCULATION.
 ===========================================

 BEGIN DMC CALCULATION
 =====================

 Random number generator reset to state in config.in.

 EBEST = -14.67076544657793 (au/prim cell inc. N-N)
 EREF  = -14.67076544657793


 =========================================================================
 In block : 1

 Number of moves in block                 : 10000
 Load-balancing efficiency (%)            : 94.005
 Number of config transfers               : 422
 New best estimate of DMC energy (au)     : -14.65751833
 New best estimate of effective time step : 0.01904555

 Time taken in block    : : :       1682.9915

 *     *     *     *     *     *     *     *     *     *     *     *

 =====================================================
 PERFORMING A DMC STATISTICS-ACCUMULATION CALCULATION.
 =====================================================

 BEGIN DMC CALCULATION
 =====================

 Random number generator reset to state in config.in.

 EBEST = -14.660302592160729 (au/prim cell inc. N-N)
 EREF  = -14.667753575841893

 Number of previous DMC stats accumulation moves : 0

 =========================================================================
 In block : 1

 Number of moves in block                 : 10000
 Load-balancing efficiency (%)            : 93.059
 Number of config transfers               : 527
 New best estimate of DMC energy (au)     : -14.65694991
 New best estimate of effective time step : 0.01902979

 Time taken in block    : : :       332.1378

 =========================================================================
 In block : 2

 Number of moves in block                 : 10000
 Load-balancing efficiency (%)            : 93.208
 Number of config transfers               : 462
 New best estimate of DMC energy (au)     : -14.65686011
 New best estimate of effective time step : 0.01920195

 Time taken in block    : : :       339.8634

 =========================================================================
 In block : 3

 Number of moves in block                 : 10000
 Load-balancing efficiency (%)            : 92.840
 Number of config transfers               : 538
 New best estimate of DMC energy (au)     : -14.65691635
 New best estimate of effective time step : 0.01914136

 Time taken in block    : : :       335.5321

 =========================================================================
 In block : 4

 Number of moves in block                 : 10000
 Load-balancing efficiency (%)            : 92.454
 Number of config transfers               : 531
 New best estimate of DMC energy (au)     : -14.65697504
 New best estimate of effective time step : 0.01926459

 Time taken in block    : : :       341.1725

 =========================================================================
 In block : 5

 Number of moves in block                 : 10000
 Load-balancing efficiency (%)            : 93.053
 Number of config transfers               : 477
 New best estimate of DMC energy (au)     : -14.65704738
 New best estimate of effective time step : 0.01917916

 Time taken in block    : : :       333.0813

 =========================================================================
 In block : 6

 Number of moves in block                 : 10000
 Load-balancing efficiency (%)            : 92.031
 Number of config transfers               : 558
 New best estimate of DMC energy (au)     : -14.65711005
 New best estimate of effective time step : 0.01906166

 Time taken in block    : : :       345.6597

 =========================================================================
 In block : 7

 Number of moves in block                 : 10000
 Load-balancing efficiency (%)            : 93.144
 Number of config transfers               : 478
 New best estimate of DMC energy (au)     : -14.65714763
 New best estimate of effective time step : 0.01904460

 Time taken in block    : : :       334.7548

 =========================================================================
 In block : 8

 Number of moves in block                 : 10000
 Load-balancing efficiency (%)            : 92.497
 Number of config transfers               : 497
 New best estimate of DMC energy (au)     : -14.65710008
 New best estimate of effective time step : 0.01924187

 Time taken in block    : : :       343.2918

 =========================================================================
 In block : 9

 Number of moves in block                 : 10000
 Load-balancing efficiency (%)            : 92.671
 Number of config transfers               : 566
 New best estimate of DMC energy (au)     : -14.65714278
 New best estimate of effective time step : 0.01922035

 Time taken in block    : : :       331.9572

 =========================================================================
 In block : 10

 Number of moves in block                 : 10000
 Load-balancing efficiency (%)            : 92.184
 Number of config transfers               : 611
 New best estimate of DMC energy (au)     : -14.65713577
 New best estimate of effective time step : 0.01920361

 Time taken in block    : : :       346.3358

 =========================================================================
 In block : 11

 Number of moves in block                 : 10000
 Load-balancing efficiency (%)            : 92.971
 Number of config transfers               : 502
 New best estimate of DMC energy (au)     : -14.65712204
 New best estimate of effective time step : 0.01914220

 Time taken in block    : : :       330.5068

 =========================================================================
 In block : 12

 Number of moves in block                 : 10000
 Load-balancing efficiency (%)            : 93.456
 Number of config transfers               : 523
 New best estimate of DMC energy (au)     : -14.65712634
 New best estimate of effective time step : 0.01932634

 Time taken in block    : : :       339.4940

 =========================================================================
 In block : 13

 Number of moves in block                 : 10000
 Load-balancing efficiency (%)            : 92.169
 Number of config transfers               : 602
 New best estimate of DMC energy (au)     : -14.65718032
 New best estimate of effective time step : 0.01925629

 Time taken in block    : : :       340.1682

 =========================================================================
 In block : 14

 Number of moves in block                 : 10000
 Load-balancing efficiency (%)            : 93.162
 Number of config transfers               : 452
 New best estimate of DMC energy (au)     : -14.65721213
 New best estimate of effective time step : 0.01924002

 Time taken in block    : : :       331.1848

 =========================================================================
 In block : 15

 Number of moves in block                 : 10000
 Load-balancing efficiency (%)            : 93.379
 Number of config transfers               : 541
 New best estimate of DMC energy (au)     : -14.65722921
 New best estimate of effective time step : 0.01915949

 Time taken in block    : : :       339.5350

 =========================================================================
 In block : 16

 Number of moves in block                 : 10000
 Load-balancing efficiency (%)            : 92.028
 Number of config transfers               : 553
 New best estimate of DMC energy (au)     : -14.65724776
 New best estimate of effective time step : 0.01924870

 Time taken in block    : : :       337.6687

 =========================================================================
 In block : 17

 Number of moves in block                 : 10000
 Load-balancing efficiency (%)            : 91.876
 Number of config transfers               : 575
 New best estimate of DMC energy (au)     : -14.65725707
 New best estimate of effective time step : 0.01922864

 Time taken in block    : : :       340.9245

 =========================================================================
 In block : 18

 Number of moves in block                 : 10000
 Load-balancing efficiency (%)            : 91.944
 Number of config transfers               : 585
 New best estimate of DMC energy (au)     : -14.65726924
 New best estimate of effective time step : 0.01924703

 Time taken in block    : : :       337.4679

 =========================================================================
 In block : 19

 Number of moves in block                 : 10000
 Load-balancing efficiency (%)            : 92.154
 Number of config transfers               : 608
 New best estimate of DMC energy (au)     : -14.65725525
 New best estimate of effective time step : 0.01930904

 Time taken in block    : : :       341.3919

 =========================================================================
 In block : 20

 Number of moves in block                 : 10000
 Load-balancing efficiency (%)            : 92.475
 Number of config transfers               : 514
 New best estimate of DMC energy (au)     : -14.65726328
 New best estimate of effective time step : 0.01932118

 Time taken in block    : : :       335.7520

Mixed estimators of the energies at the end of the run
------------------------------------------------------

Total energy                 =       -14.657263276716 +/- 0.000059197409

 =========================================================================

 Total PyCasino real time : : :    8810.8965
