
 ------------------------------------------------------------------------------
 ########::'##:::'##::'######:::::'###:::::'######::'####:'##::: ##::'#######::
 ##.... ##:. ##:'##::'##... ##:::'## ##:::'##... ##:. ##:: ###:: ##:'##.... ##:
 ##:::: ##::. ####::: ##:::..:::'##:. ##:: ##:::..::: ##:: ####: ##: ##:::: ##:
 ########::::. ##:::: ##:::::::'##:::. ##:. ######::: ##:: ## ## ##: ##:::: ##:
 ##.....:::::: ##:::: ##::::::: #########::..... ##:: ##:: ##. ####: ##:::: ##:
 ##::::::::::: ##:::: ##::: ##: ##.... ##:'##::: ##:: ##:: ##:. ###: ##:::: ##:
 ##::::::::::: ##::::. ######:: ##:::: ##:. ######::'####: ##::. ##:. #######::
 .::::::::::::..::::::......:::..:::::..:::......:::....::..::::..:::.......:::

                     Python Quantum Monte Carlo Package
                        v 0.2.0 [Vladimir Konkov]

    Main Author : Vladimir Konkov
 ------------------------------------------------------------------------------
 Started 2024/08/21 07:52:16

 Python 3.10.12 (main, Jul 29 2024, 16:56:48) [GCC 11.4.0]
 Numba 0.59.0
 Numpy 1.26.4
 Scipy 1.11.3

 Running in parallel using 4 MPI processes.

 General input parameters
 ========================
 NEU (num up spin electrons)              :  4
 NED (num down spin electrons)            :  1
 RUNTYPE (type of run)                    :  vmc_opt
 PSI_S  (form for [anti]symmetrizing wfn) :  slater
 ATOM_BASIS_TYPE (atom-centred orb basis) :  gaussian
 INTERACTION (interaction type)           :  coulomb
 TESTRUN (read input data,print and stop) :  F
 PERIODIC                                 :  F
 COMPLEX_WF (complex Slater wave fn.)     :  F
 NEIGHPRINT (neighbour analysis)          :  0
 USE_JASTROW (use Jastrow factor)         :  T
 BACKFLOW (use backflow corrections)      :  F
 USE_ORBMODS (use orbitals modifications) :  F
 E_OFFSET (energy offset)                 :  0.0000
 CHECKPOINT (checkpointing level)         :  1
 CON_LOC (Dir to read/write config.*)     :  ./
 RELATIVISTIC                             :  F

 VMC/optimization input parameters
 ====================
 NEWRUN (start new run)                   :  T
 VMC_METHOD (choice of VMC algorithm)     :  3
 DTVMC (VMC time step)                    :  1.0000E-02
 OPT_DTVMC (VMC time-step optimization)   :  1
 VMC_NSTEP (num VMC steps)                :  100000
 VMC_NCONFIG_WRITE (num configs to write) :  100000
 VMC_NBLOCK (num VMC blocks)              :  1
 VMC_EQUIL_NSTEP (num equil steps)        :  5000
 VMC_DECORR_PERIOD (length of inner loop) :  10
 VMC_AVE_PERIOD (hist reduction factor)   :  1
 VMC_SAMPLING                             :  standard
 MAKEMOVIE                                :  F
 FORCES                                   :  F

 Non-local integration grids
 ===========================
 Ion type            :  1
 Non-local grid no.  :  4
 Lexact              :  5
 Number of points    :  12

 BEGIN VMC CALCULATION
 =====================

 Running VMC equilibration (5000 moves).
 Performing time-step optimization.
 Optimized step size: 0.36491
 DTVMC: 0.04439

 Starting VMC.

 =========================================================================
 In block : 1
  Number of VMC steps           = 100000

  Block average energies (au)

  Total energy                       (au) =          -9.638981348635
  Standard error                        +/-           0.004129075492

  Constant energy contributions      (au) =           0.000000000000

  Variance of local energy           (au) =           0.882875814906
  Standard error                        +/-           0.000000000000

 Time taken in block    : : :       10.9797

 =========================================================================
 FINAL RESULT:

  VMC energy (au)    Standard error      Correction for serial correlation

 -9.638981348635 +/- 0.004129075492      On-the-fly reblocking method

 Sample variance of E_L (au^2/sim.cell) : 0.882875814906


 ==========================================
 PERFORMING OPTIMIZATION CALCULATION No. 1.
 ==========================================


 Optimization start
 ==================
   Iteration     Total nfev        Cost      Cost reduction    Step norm     Optimality
       0              1         5.3349e-01                                    1.56e+05
       1              2         1.1097e-01      4.23e-01       4.46e-03       1.43e+04
       2              3         9.6961e-02      1.40e-02       1.77e-02       6.36e+02
       3              4         9.6096e-02      8.65e-04       6.41e-03       4.63e+01
       4              5         9.5949e-02      1.46e-04       2.67e-03       6.60e+00
`ftol` termination condition is satisfied.
Function evaluations 5, initial cost 5.3349e-01, final cost 9.5949e-02, first-order optimality 6.60e+00.
Norm of Jacobian at the solution: 1.30907e-12

 BEGIN VMC CALCULATION
 =====================

 Running VMC equilibration (5000 moves).
 Performing time-step optimization.
 Optimized step size: 0.37023
 DTVMC: 0.04569

 Starting VMC.

 =========================================================================
 In block : 1
  Number of VMC steps           = 100000

  Block average energies (au)

  Total energy                       (au) =          -9.748260476953
  Standard error                        +/-           0.001091191958

  Constant energy contributions      (au) =           0.000000000000

  Variance of local energy           (au) =           0.081271354763
  Standard error                        +/-           0.000000000000

 Time taken in block    : : :       12.2881

 =========================================================================
 FINAL RESULT:

  VMC energy (au)    Standard error      Correction for serial correlation

 -9.748260476953 +/- 0.001091191958      On-the-fly reblocking method

 Sample variance of E_L (au^2/sim.cell) : 0.081271354763


 ==========================================
 PERFORMING OPTIMIZATION CALCULATION No. 2.
 ==========================================


 Optimization start
 ==================
   Iteration     Total nfev        Cost      Cost reduction    Step norm     Optimality
       0              1         7.9050e-02                                    2.26e+03
       1              4         7.8236e-02      8.14e-04       1.73e-01       3.46e+03
       2              5         7.7976e-02      2.60e-04       1.43e-01       3.40e+03
`ftol` termination condition is satisfied.
Function evaluations 5, initial cost 7.9050e-02, final cost 7.7976e-02, first-order optimality 3.40e+03.
Norm of Jacobian at the solution: 3.89333e-13

 BEGIN VMC CALCULATION
 =====================

 Running VMC equilibration (5000 moves).
 Performing time-step optimization.
 Optimized step size: 0.36220
 DTVMC: 0.04373

 Starting VMC.

 =========================================================================
 In block : 1
  Number of VMC steps           = 100000

  Block average energies (au)

  Total energy                       (au) =          -9.748399925851
  Standard error                        +/-           0.001128337138

  Constant energy contributions      (au) =           0.000000000000

  Variance of local energy           (au) =           0.080535469768
  Standard error                        +/-           0.000000000000

 Time taken in block    : : :       11.6649

 =========================================================================
 FINAL RESULT:

  VMC energy (au)    Standard error      Correction for serial correlation

 -9.748399925851 +/- 0.001128337138      On-the-fly reblocking method

 Sample variance of E_L (au^2/sim.cell) : 0.080535469768


 =========================================================================

 Total PyCasino real time : : :    288.9941
