
 ------------------------------------------------------------------------------
 ########::'##:::'##::'######:::::'###:::::'######::'####:'##::: ##::'#######::
 ##.... ##:. ##:'##::'##... ##:::'## ##:::'##... ##:. ##:: ###:: ##:'##.... ##:
 ##:::: ##::. ####::: ##:::..:::'##:. ##:: ##:::..::: ##:: ####: ##: ##:::: ##:
 ########::::. ##:::: ##:::::::'##:::. ##:. ######::: ##:: ## ## ##: ##:::: ##:
 ##.....:::::: ##:::: ##::::::: #########::..... ##:: ##:: ##. ####: ##:::: ##:
 ##::::::::::: ##:::: ##::: ##: ##.... ##:'##::: ##:: ##:: ##:. ###: ##:::: ##:
 ##::::::::::: ##::::. ######:: ##:::: ##:. ######::'####: ##::. ##:. #######::
 .::::::::::::..::::::......:::..:::::..:::......:::....::..::::..:::.......:::

                     Python Quantum Monte Carlo Package
                        v 0.4.0 [Vladimir Konkov]

    Main Author : Vladimir Konkov
 ------------------------------------------------------------------------------
 Started 2026/07/01 17:01:09

 Python 3.12.3 (main, Mar 23 2026, 19:04:32) [GCC 13.3.0]
 Numba 0.63.1
 Numpy 2.2.6
 Scipy 1.13.1

 Running in parallel using 4 MPI processes.

 General input parameters
 ========================
 NEU (num up spin electrons)              :  5
 NED (num down spin electrons)            :  5
 RUNTYPE (type of run)                    :  vmc_opt
 PSI_S  (form for [anti]symmetrizing wfn) :  slater
 ATOM_BASIS_TYPE (atom-centred orb basis) :  slater-type
 INTERACTION (interaction type)           :  coulomb
 TESTRUN (read input data,print and stop) :  F
 PERIODIC                                 :  F
 COMPLEX_WF (complex Slater wave fn.)     :  F
 NEIGHPRINT (neighbour analysis)          :  0
 USE_JASTROW (use Jastrow factor)         :  T
 BACKFLOW (use backflow corrections)      :  T
 USE_ORBMODS (use orbitals modifications) :  F
 CUSP_CORRECTION                          :  F
 NON_LOCAL_GRID (NL integration grid)     :  4
 E_OFFSET (energy offset)                 :  0.0000
 GAUTOL  (Gaussian evaluation tolerance)  :  7.0
 SPARSE                                   :  F
 DIPOLE_MOMENT                            :  F
 RELATIVISTIC                             :  F

 VMC/optimization input parameters
 ====================
 NEWRUN (start new run)                   :  T
 VMC_METHOD (choice of VMC algorithm)     :  3
 DTVMC (VMC time step)                    :  0.02
 OPT_DTVMC (VMC time-step optimization)   :  T
 VMC_NSTEP (num VMC steps)                :  100000
 VMC_NCONFIG_WRITE (num configs to write) :  100000
 VMC_NBLOCK (num VMC blocks)              :  1
 VMC_EQUIL_NSTEP (num equil steps)        :  5000
 VMC_DECORR_PERIOD (length of inner loop) :  10
 VMC_AVE_PERIOD (hist reduction factor)   :  1
 VMC_SAMPLING                             :  standard
 OPT_CYCLES (num optimization cycles)     :  2
 POSTFIT_VMC (perform post-fit VMC calc)  :  T
 POSTFIT_KEEP_CFG (keep post-fit VMC cfgs):  F
 OPT_NOCTF_CYCLES (fixed cutoff cycles)   :  0
 OPT_INFO (information level)             :  2
 OPT_JASTROW (opt Jastrow factor)         :  T
 OPT_DET_COEFF (opt det coeffs)           :  F
 OPT_ORBITALS (opt orbitals)              :  F
 OPT_BACKFLOW (opt backflow params)       :  T
 OPT_FIXNL (fix nonlocal energy)          :  T
 OPT_MAXITER (max num iterations)         :  10
 OPT_MAXEVAL (max num evaluations)        :  200
 VM_SMOOTH_LIMITS (smooth limiting)       :  F
 VM_REWEIGHT (reweighting)                :  F
 VM_FILTER (filter outlying configs)      :  F
 VM_USE_E_GUESS (use guess energy)        :  F
 EMIN_XI_VALUE (xi parameter)             :  1.0
 MAKEMOVIE                                :  F
 FORCES                                   :  F

 BEGIN VMC CALCULATION
 =====================

 Running VMC equilibration (5000 moves).
 Performing time-step optimization.
 Optimized step size: 0.07491
 DTVMC: 0.00187

 Starting VMC.

 =========================================================================
 In block : 1
  Number of VMC steps           = 100000

  Block average energies (au)

  Total energy                       (au) =        -128.494637093340
  Standard error                        +/-           0.034047045531

  Constant energy contributions      (au) =           0.000000000000

  Variance of local energy           (au) =         115.918971736759
  Standard error                        +/-           0.000000000000

 Time taken in block    : : :       22.5360

 =========================================================================
 FINAL RESULT:

  VMC energy (au)    Standard error      Correction for serial correlation

 -128.494637093340 +/- 0.034047045531      No correction
 -128.494637093340 +/- 0.066848070335      Correlation time method
 -128.494637093340 +/- 0.040765934077      On-the-fly reblocking method

 Sample variance of E_L (au^2/sim.cell) : 115.918971736759


 ==========================================
 PERFORMING OPTIMIZATION CALCULATION No. 1.
 ==========================================


 Optimization start
 ==================
   Iteration     Total nfev        Cost      Cost reduction    Step norm     Optimality
       0              1         1.7542e+01                                    7.26e+04
       1              2         7.1377e+00      1.04e+01       3.53e-02       3.32e+04
       2              3         3.6611e+00      3.48e+00       5.57e-02       6.09e+03
       3              4         1.9107e+00      1.75e+00       1.18e-01       3.25e+03
       4              5         1.0604e+00      8.50e-01       2.10e-01       4.41e+03
       5              6         6.9165e-01      3.69e-01       5.46e-01       2.90e+03
       6              7         5.2305e-01      1.69e-01       9.71e-01       2.22e+03
       7              8         4.4532e-01      7.77e-02       1.57e+00       1.67e+03
       8              9         4.1027e-01      3.50e-02       3.52e+00       1.53e+03
       9             10         3.9637e-01      1.39e-02       5.49e+00       1.91e+03
      10             11         3.9426e-01      2.12e-03       9.58e-01       1.45e+03
`ftol` termination condition is satisfied.
Function evaluations 11, initial cost 1.7542e+01, final cost 3.9426e-01, first-order optimality 1.45e+03.
Norm of Jacobian at the solution: 6.51939e-13

 BEGIN VMC CALCULATION
 =====================

 Running VMC equilibration (5000 moves).
 Performing time-step optimization.
 Optimized step size: 0.07694
 DTVMC: 0.00197

 Starting VMC.

 =========================================================================
 In block : 1
  Number of VMC steps           = 100000

  Block average energies (au)

  Total energy                       (au) =        -128.932001546650
  Standard error                        +/-           0.001956238290

  Constant energy contributions      (au) =           0.000000000000

  Variance of local energy           (au) =           0.382682998021
  Standard error                        +/-           0.000000000000

 Time taken in block    : : :       22.2257

 =========================================================================
 FINAL RESULT:

  VMC energy (au)    Standard error      Correction for serial correlation

 -128.932001546650 +/- 0.001956238290      No correction
 -128.932001546650 +/- 0.004797148338      Correlation time method
 -128.932001546650 +/- 0.004123812285      On-the-fly reblocking method

 Sample variance of E_L (au^2/sim.cell) : 0.382682998021


 ==========================================
 PERFORMING OPTIMIZATION CALCULATION No. 2.
 ==========================================


 Optimization start
 ==================
   Iteration     Total nfev        Cost      Cost reduction    Step norm     Optimality
       0              1         3.9348e-01                                    1.18e+03
       1              4         3.8920e-01      4.28e-03       4.26e-01       1.48e+03
       2              6         3.8580e-01      3.40e-03       1.67e-01       1.11e+03
       3              7         3.8202e-01      3.78e-03       1.27e-01       6.07e+02
       4              8         3.8121e-01      8.15e-04       1.18e-01       2.21e+02
`ftol` termination condition is satisfied.
Function evaluations 8, initial cost 3.9348e-01, final cost 3.8121e-01, first-order optimality 2.21e+02.
Norm of Jacobian at the solution: 6.47223e-13

 BEGIN VMC CALCULATION
 =====================

 Running VMC equilibration (5000 moves).
 Performing time-step optimization.
 Optimized step size: 0.07768
 DTVMC: 0.00201

 Starting VMC.

 =========================================================================
 In block : 1
  Number of VMC steps           = 100000

  Block average energies (au)

  Total energy                       (au) =        -128.919496468899
  Standard error                        +/-           0.001970603909

  Constant energy contributions      (au) =           0.000000000000

  Variance of local energy           (au) =           0.388324093384
  Standard error                        +/-           0.000000000000

 Time taken in block    : : :       22.2793

 =========================================================================
 FINAL RESULT:

  VMC energy (au)    Standard error      Correction for serial correlation

 -128.919496468899 +/- 0.001970603909      No correction
 -128.919496468899 +/- 0.004742053926      Correlation time method
 -128.919496468899 +/- 0.003866063656      On-the-fly reblocking method

 Sample variance of E_L (au^2/sim.cell) : 0.388324093384


 =========================================================================

 Total PyCasino real time : : :    3092.1458
