
 ------------------------------------------------------------------------------
 ########::'##:::'##::'######:::::'###:::::'######::'####:'##::: ##::'#######::
 ##.... ##:. ##:'##::'##... ##:::'## ##:::'##... ##:. ##:: ###:: ##:'##.... ##:
 ##:::: ##::. ####::: ##:::..:::'##:. ##:: ##:::..::: ##:: ####: ##: ##:::: ##:
 ########::::. ##:::: ##:::::::'##:::. ##:. ######::: ##:: ## ## ##: ##:::: ##:
 ##.....:::::: ##:::: ##::::::: #########::..... ##:: ##:: ##. ####: ##:::: ##:
 ##::::::::::: ##:::: ##::: ##: ##.... ##:'##::: ##:: ##:: ##:. ###: ##:::: ##:
 ##::::::::::: ##::::. ######:: ##:::: ##:. ######::'####: ##::. ##:. #######::
 .::::::::::::..::::::......:::..:::::..:::......:::....::..::::..:::.......:::

                     Python Quantum Monte Carlo Package
                        v 0.2.0 [Vladimir Konkov]

    Main Author : Vladimir Konkov
 ------------------------------------------------------------------------------
 Started 2024/08/11 22:21:42

 Python 3.10.12 (main, Jul 29 2024, 16:56:48) [GCC 11.4.0]
 Numba 0.59.0
 Numpy 1.26.4
 Scipy 1.11.3

 Running in parallel using 4 MPI processes.

 General input parameters
 ========================
 NEU (num up spin electrons)              :  9
 NED (num down spin electrons)            :  9
 RUNTYPE (type of run)                    :  vmc_opt
 PSI_S  (form for [anti]symmetrizing wfn) :  slater
 ATOM_BASIS_TYPE (atom-centred orb basis) :  slater-type
 INTERACTION (interaction type)           :  coulomb
 TESTRUN (read input data,print and stop) :  F
 PERIODIC                                 :  F
 COMPLEX_WF (complex Slater wave fn.)     :  F
 NEIGHPRINT (neighbour analysis)          :  0
 USE_JASTROW (use Jastrow factor)         :  T
 BACKFLOW (use backflow corrections)      :  F
 USE_ORBMODS (use orbitals modifications) :  F
 E_OFFSET (energy offset)                 :  0.0000
 CHECKPOINT (checkpointing level)         :  1
 CON_LOC (Dir to read/write config.*)     :  ./
 RELATIVISTIC                             :  F

 VMC/optimization input parameters
 ====================
 NEWRUN (start new run)                   :  T
 VMC_METHOD (choice of VMC algorithm)     :  3
 DTVMC (VMC time step)                    :  1.0000E-02
 OPT_DTVMC (VMC time-step optimization)   :  1
 VMC_NSTEP (num VMC steps)                :  100000
 VMC_NCONFIG_WRITE (num configs to write) :  100000
 VMC_NBLOCK (num VMC blocks)              :  1
 VMC_EQUIL_NSTEP (num equil steps)        :  5000
 VMC_DECORR_PERIOD (length of inner loop) :  10
 VMC_AVE_PERIOD (hist reduction factor)   :  1
 VMC_SAMPLING                             :  standard
 MAKEMOVIE                                :  F
 FORCES                                   :  F

 BEGIN VMC CALCULATION
 =====================

 Running VMC equilibration (5000 moves).
 Performing time-step optimization.
 Optimized step size: 0.03819
 DTVMC: 0.00049

 Starting VMC.

 =========================================================================
 In block : 1
  Number of VMC steps           = 100000

  Block average energies (au)

  Total energy                       (au) =        -526.786617742668
  Standard error                        +/-           0.076900077167

  Constant energy contributions      (au) =           0.000000000000

  Variance of local energy           (au) =         134.550032694127
  Standard error                        +/-           0.000000000000

 Time taken in block    : : :       24.0498

 =========================================================================
 FINAL RESULT:

  VMC energy (au)    Standard error      Correction for serial correlation

 -526.786617742668 +/- 0.076900077167      On-the-fly reblocking method

 Sample variance of E_L (au^2/sim.cell) : 134.550032694127


 ==========================================
 PERFORMING OPTIMIZATION CALCULATION No. 1.
 ==========================================


 Optimization start
 ==================
   Iteration     Total nfev        Cost      Cost reduction    Step norm     Optimality
       0              1         3.4818e+02                                    1.18e+07
       1              2         2.6373e+02      8.45e+01       8.07e-04       7.99e+06
       2              3         1.5758e+02      1.06e+02       1.52e-03       6.66e+06
       3              4         8.4676e+01      7.29e+01       2.37e-03       9.05e+05
       4              5         4.8648e+01      3.60e+01       3.60e-03       6.13e+05
       5              6         2.7899e+01      2.07e+01       7.58e-03       1.26e+05
       6              7         1.8073e+01      9.83e+00       1.85e-02       9.70e+04
       7              8         1.4054e+01      4.02e+00       2.74e-02       5.02e+04
       8              9         1.1745e+01      2.31e+00       3.85e-02       1.60e+04
       9             10         1.0589e+01      1.16e+00       7.62e-02       5.56e+03
      10             11         9.8419e+00      7.47e-01       6.17e-02       3.50e+03
      11             12         9.5710e+00      2.71e-01       3.03e-02       3.62e+03
      12             13         9.5709e+00      2.36e-05       2.14e-04       1.54e+02
`ftol` termination condition is satisfied.
Function evaluations 13, initial cost 3.4818e+02, final cost 9.5709e+00, first-order optimality 1.54e+02.
Norm of Jacobian at the solution: 7.45508e-12

 BEGIN VMC CALCULATION
 =====================

 Running VMC equilibration (5000 moves).
 Performing time-step optimization.
 Optimized step size: 0.03800
 DTVMC: 0.00048

 Starting VMC.

 =========================================================================
 In block : 1
  Number of VMC steps           = 100000

  Block average energies (au)

  Total energy                       (au) =        -527.391970903409
  Standard error                        +/-           0.027069523318

  Constant energy contributions      (au) =           0.000000000000

  Variance of local energy           (au) =           9.267980629394
  Standard error                        +/-           0.000000000000

 Time taken in block    : : :       27.6184

 =========================================================================
 FINAL RESULT:

  VMC energy (au)    Standard error      Correction for serial correlation

 -527.391970903409 +/- 0.027069523318      On-the-fly reblocking method

 Sample variance of E_L (au^2/sim.cell) : 9.267980629394


 ==========================================
 PERFORMING OPTIMIZATION CALCULATION No. 2.
 ==========================================


 Optimization start
 ==================
   Iteration     Total nfev        Cost      Cost reduction    Step norm     Optimality
       0              1         9.3537e+00                                    7.67e+04
       1              4         9.3368e+00      1.69e-02       1.82e-01       3.84e+05
       2              5         9.3133e+00      2.35e-02       2.33e-01       9.16e+04
       3              6         9.2325e+00      8.08e-02       2.94e-02       2.49e+04
       4              7         9.2186e+00      1.38e-02       5.01e-02       1.70e+04
`ftol` termination condition is satisfied.
Function evaluations 7, initial cost 9.3537e+00, final cost 9.2186e+00, first-order optimality 1.70e+04.
Norm of Jacobian at the solution: 3.26550e-12

 BEGIN VMC CALCULATION
 =====================

 Running VMC equilibration (5000 moves).
 Performing time-step optimization.
 Optimized step size: 0.03798
 DTVMC: 0.00048

 Starting VMC.

 =========================================================================
 In block : 1
  Number of VMC steps           = 100000

  Block average energies (au)

  Total energy                       (au) =        -527.364586699996
  Standard error                        +/-           0.026437916369

  Constant energy contributions      (au) =           0.000000000000

  Variance of local energy           (au) =           9.387573265615
  Standard error                        +/-           0.000000000000

 Time taken in block    : : :       27.5602

 =========================================================================
 FINAL RESULT:

  VMC energy (au)    Standard error      Correction for serial correlation

 -527.364586699996 +/- 0.026437916369      On-the-fly reblocking method

 Sample variance of E_L (au^2/sim.cell) : 9.387573265615


 =========================================================================

 Total PyCasino real time : : :    634.8598
