
 ------------------------------------------------------------------------------
 ########::'##:::'##::'######:::::'###:::::'######::'####:'##::: ##::'#######::
 ##.... ##:. ##:'##::'##... ##:::'## ##:::'##... ##:. ##:: ###:: ##:'##.... ##:
 ##:::: ##::. ####::: ##:::..:::'##:. ##:: ##:::..::: ##:: ####: ##: ##:::: ##:
 ########::::. ##:::: ##:::::::'##:::. ##:. ######::: ##:: ## ## ##: ##:::: ##:
 ##.....:::::: ##:::: ##::::::: #########::..... ##:: ##:: ##. ####: ##:::: ##:
 ##::::::::::: ##:::: ##::: ##: ##.... ##:'##::: ##:: ##:: ##:. ###: ##:::: ##:
 ##::::::::::: ##::::. ######:: ##:::: ##:. ######::'####: ##::. ##:. #######::
 .::::::::::::..::::::......:::..:::::..:::......:::....::..::::..:::.......:::

                     Python Quantum Monte Carlo Package
                        v 0.2.0 [Vladimir Konkov]

    Main Author : Vladimir Konkov
 ------------------------------------------------------------------------------
 Started 2024/08/17 10:23:27

 Python 3.10.12 (main, Jul 29 2024, 16:56:48) [GCC 11.4.0]
 Numba 0.59.0
 Numpy 1.26.4
 Scipy 1.11.3

 Running in parallel using 4 MPI processes.

 General input parameters
 ========================
 NEU (num up spin electrons)              :  2
 NED (num down spin electrons)            :  2
 RUNTYPE (type of run)                    :  vmc_opt
 PSI_S  (form for [anti]symmetrizing wfn) :  slater
 ATOM_BASIS_TYPE (atom-centred orb basis) :  gaussian
 INTERACTION (interaction type)           :  coulomb
 TESTRUN (read input data,print and stop) :  F
 PERIODIC                                 :  F
 COMPLEX_WF (complex Slater wave fn.)     :  F
 NEIGHPRINT (neighbour analysis)          :  0
 USE_JASTROW (use Jastrow factor)         :  T
 BACKFLOW (use backflow corrections)      :  T
 USE_ORBMODS (use orbitals modifications) :  F
 E_OFFSET (energy offset)                 :  0.0000
 CHECKPOINT (checkpointing level)         :  1
 CON_LOC (Dir to read/write config.*)     :  ./
 RELATIVISTIC                             :  F

 VMC/optimization input parameters
 ====================
 NEWRUN (start new run)                   :  T
 VMC_METHOD (choice of VMC algorithm)     :  3
 DTVMC (VMC time step)                    :  1.0000E-02
 OPT_DTVMC (VMC time-step optimization)   :  1
 VMC_NSTEP (num VMC steps)                :  10000
 VMC_NCONFIG_WRITE (num configs to write) :  10000
 VMC_NBLOCK (num VMC blocks)              :  1
 VMC_EQUIL_NSTEP (num equil steps)        :  5000
 VMC_DECORR_PERIOD (length of inner loop) :  10
 VMC_AVE_PERIOD (hist reduction factor)   :  1
 VMC_SAMPLING                             :  standard
 MAKEMOVIE                                :  F
 FORCES                                   :  F

 Gaussian cusp correction
 ========================
 Activated.

 BEGIN VMC CALCULATION
 =====================

 Running VMC equilibration (5000 moves).
 Performing time-step optimization.
 Optimized step size: 0.22669
 DTVMC: 0.01713

 Starting VMC.

 =========================================================================
 In block : 1
  Number of VMC steps           = 10000

  Block average energies (au)

  Total energy                       (au) =         -14.581738802721
  Standard error                        +/-           0.019147977193

  Constant energy contributions      (au) =           0.000000000000

  Variance of local energy           (au) =           2.346650162815
  Standard error                        +/-           0.000000000000

 Time taken in block    : : :       1.0640

 =========================================================================
 FINAL RESULT:

  VMC energy (au)    Standard error      Correction for serial correlation

 -14.581738802721 +/- 0.019147977193      On-the-fly reblocking method

 Sample variance of E_L (au^2/sim.cell) : 2.346650162815


 ==========================================
 PERFORMING OPTIMIZATION CALCULATION No. 1.
 ==========================================


 Optimization start
 ==================
   Iteration     Total nfev        Cost      Cost reduction    Step norm     Optimality
       0              1         6.6826e-01                                    1.39e+05
       1              2         7.2729e-02      5.96e-01       7.70e-02       2.09e+03
       2              3         2.7858e-02      4.49e-02       1.59e-01       6.95e+02
       3              4         2.0858e-02      7.00e-03       2.77e-01       1.12e+02
       4              5         1.8161e-02      2.70e-03       5.85e-01       7.28e+02
       5              6         1.6967e-02      1.19e-03       1.00e+00       1.12e+03
       6              7         1.5946e-02      1.02e-03       1.58e+00       1.33e+02
       7              8         1.5365e-02      5.81e-04       2.10e+00       1.61e+02
       8              9         1.5035e-02      3.30e-04       1.78e+00       1.93e+02
       9             10         1.4869e-02      1.67e-04       9.53e-01       5.87e+02
`ftol` termination condition is satisfied.
Function evaluations 10, initial cost 6.6826e-01, final cost 1.4869e-02, first-order optimality 5.87e+02.
Norm of Jacobian at the solution: 1.87937e-12

 BEGIN VMC CALCULATION
 =====================

 Running VMC equilibration (5000 moves).
 Performing time-step optimization.
 Optimized step size: 0.22319
 DTVMC: 0.01660

 Starting VMC.

 =========================================================================
 In block : 1
  Number of VMC steps           = 10000

  Block average energies (au)

  Total energy                       (au) =         -14.649661272422
  Standard error                        +/-           0.006538981472

  Constant energy contributions      (au) =           0.000000000000

  Variance of local energy           (au) =           0.014710814340
  Standard error                        +/-           0.000000000000

 Time taken in block    : : :       0.7964

 =========================================================================
 FINAL RESULT:

  VMC energy (au)    Standard error      Correction for serial correlation

 -14.649661272422 +/- 0.006538981472      On-the-fly reblocking method

 Sample variance of E_L (au^2/sim.cell) : 0.014710814340


 ==========================================
 PERFORMING OPTIMIZATION CALCULATION No. 2.
 ==========================================


 Optimization start
 ==================
Stabilization: 1.0 SEM
E_0 -14.63789549 E_lin -14.65324557 dE -0.01535008
eigvector[0] 0.96183324
delta p / p
[ 3.96058411e-02 -2.35225899e-01  3.99036292e-02 -2.68522791e-03
  4.69603538e-03 -4.76196007e-03  5.62007864e-03 -8.21370752e-03
 -5.58499447e-02  1.42459962e-01  9.38310575e-01 -8.62519745e-02
  2.72449565e-03 -3.57450079e-03  9.27542517e-03 -1.04515686e-02
 -6.43309793e-02 -7.07186088e-04  1.33234544e-01 -2.33753851e+00
 -1.21766765e-03  6.03275939e-05  6.69349318e-05 -2.33438779e-04
  6.19813039e-04 -2.47338083e-03  1.76819278e-03  3.85802185e-01
  4.95501082e-03  4.47134986e-04 -3.47182174e-03  5.41847947e-03
 -2.78412639e-02  6.83583496e-03 -1.22722653e-03 -1.35771805e-02
  6.10858439e-03 -8.25955888e-04 -3.01120983e-03  1.69811242e-04
 -9.32614675e-04 -6.87501936e-04 -9.03137261e-03  3.07191565e-01
 -2.52639888e-02  2.65163214e-03  8.33170502e-03  7.80611119e-04
  1.68374299e-04  3.44177289e-03 -9.17851726e-04 -2.30482352e-03
  2.52156050e-01  5.38637135e-01  3.44328597e-03 -5.45388755e-02
 -8.28439171e-03  3.78761758e-02  4.75158148e-02  7.01522406e-03
 -4.27115030e-01 -4.41885313e-02  3.09064233e+00  1.39496004e-04
  5.72084712e-02 -1.17581373e-02 -9.23171685e-04  2.69166041e-03
 -4.68073787e-03 -4.76334321e-02 -4.95684261e-02 -4.49276721e-03
 -1.12691703e-01  3.07724478e-02 -4.48832208e-03  6.56923118e-02
 -2.19621254e-06 -3.89169154e-04  2.15910877e-02  6.18968529e-01
  7.01569123e-02 -6.59695839e-02  2.83139910e-02 -2.22117932e-03
 -2.68993268e-03  2.98977139e-03 -1.51574203e-03 -1.95798642e-02
 -3.52004260e-01 -1.79877136e-01 -4.08992390e-01  9.63896381e-02
 -1.77237977e-02  2.55225400e-03  2.15507627e-03 -6.55698131e-03
  1.60193659e-02 -2.22231236e-02  2.51912022e+00 -1.91671124e-02
  7.33369676e-03  3.17763480e-04  2.95257313e-03 -3.44476813e-03
  2.57882209e-03 -2.18143613e-03  1.53462422e-03  1.81959078e-02
  6.47459650e-04  3.41807988e-02 -1.70763975e-02  2.22307461e-03
 -6.89558900e-01 -3.46614126e-01 -1.03878918e-02 -8.62987079e-02
  1.55900360e-01  1.17412640e-02  3.03029178e-03 -1.70126589e-02
  4.05095469e-03 -7.61684002e-03  1.53111143e-02 -8.86572673e-02
 -7.59776918e+00 -3.21121365e-01 -1.10926371e+00 -7.11718057e-03
  3.77658492e-04  1.29932107e-01 -8.04515131e-03  3.68617449e-03
 -7.16237662e-02  1.81494264e-01  2.77924233e-01  6.32337129e-03
 -1.93232988e-02  1.11128274e-01  2.41294342e-02  1.31059535e-01
 -5.04934412e-02 -1.58736350e-01 -3.32458841e-03 -1.31645764e-02
 -9.48178149e-03 -3.96094121e-03 -2.56062068e-02  8.74585238e-03
  7.43345520e-04 -2.46528069e-03 -1.06077492e-02  1.41020584e-03
  1.62691878e-03 -2.92639193e-03 -4.32168110e-03  1.57807865e-02
  2.93675122e-03 -5.81935993e-02 -9.76745971e-02  1.52972486e-03
 -2.21281883e-02  1.51689177e-02  1.03333880e-01  8.37596597e-04
 -8.68208412e-03  4.75073143e-02  3.85979456e-02 -2.58354873e-01
 -4.02545706e-03 -9.19887708e-01 -3.55787206e-03  1.50166497e-02
 -1.39403791e-02 -2.64582946e-02 -2.40057294e-01 -6.92179738e-01
 -2.88468516e-01  1.41318089e-02 -1.74294617e-02  1.47401159e-01
 -4.19884998e-03 -1.00737287e-02 -8.23274191e-03  1.63231788e-02
 -3.33303468e-01 -1.27730223e-01 -3.50631209e-01  5.92806104e-02
  1.18883322e-01  4.17900495e-03 -7.78919006e-04 -2.34455417e-01
  1.15660325e-01  1.21862791e-01  7.92471499e-01 -1.26528321e-01
 -1.09543479e-01 -8.27317184e-01 -2.85322323e-02 -1.80439719e-02
  6.71961331e-03  6.52272940e-02  1.71398274e-02  2.74561494e-02
  2.23765367e-01  1.14676020e+01 -2.23959117e-02  3.06130688e-02
  5.75506019e-02 -8.57794375e-02 -2.47298842e+00 -1.74545503e-01
 -2.09369454e-02  3.51464247e-02  2.09124445e-01  8.20282702e-02
  8.46377975e-03 -3.73801114e-01  5.14669203e-02 -1.39943139e-03
 -1.99673054e-02 -1.00624926e-02  1.20535303e-02]

 BEGIN VMC CALCULATION
 =====================

 Running VMC equilibration (5000 moves).
 Performing time-step optimization.
 Optimized step size: 0.21936
 DTVMC: 0.01604

 Starting VMC.

 =========================================================================
 In block : 1
  Number of VMC steps           = 10000

  Block average energies (au)

  Total energy                       (au) =         -13.635276583169
  Standard error                        +/-           0.136405661020

  Constant energy contributions      (au) =           0.000000000000

  Variance of local energy           (au) =          25.070184087704
  Standard error                        +/-           0.000000000000

 Time taken in block    : : :       0.8194

 =========================================================================
 FINAL RESULT:

  VMC energy (au)    Standard error      Correction for serial correlation

 -13.635276583169 +/- 0.136405661020      On-the-fly reblocking method

 Sample variance of E_L (au^2/sim.cell) : 25.070184087704


 ==========================================
 PERFORMING OPTIMIZATION CALCULATION No. 3.
 ==========================================


 Optimization start
 ==================
Stabilization: 1.0 SEM
E_0 -13.55350320 E_lin -14.34318480 dE -0.78968160
eigvector[0] 0.96213855
delta p / p
[-3.64352366e-03 -2.23980917e-01  1.26283415e-01 -2.93720683e-02
  8.80199301e-03 -4.95981683e-03  6.59935408e-03 -2.42772463e-02
  3.33460614e-01 -8.47500366e-02  2.16991238e-01 -3.86304316e-02
 -9.29608964e-03  4.20897541e-03  4.31172029e-03 -2.71569181e-02
  2.00113341e-01  2.09893654e-03  4.93722494e-02 -1.19323859e+00
 -2.16139358e-04  6.69483260e-04 -2.61181628e-04 -1.00329111e-05
  3.81712391e-04 -1.88335385e-03  1.53554972e-03  5.42153398e-02
 -6.58441283e-03 -2.30687316e-02  4.32478403e-03 -8.43092584e-03
 -6.45692883e-02  2.66663374e-03  1.51349014e-03  8.14098306e-02
  1.25836438e-02  9.41283583e-03  6.53993727e-03  4.01478699e-04
  5.29822020e-03  2.47800081e-04  1.04938811e-02 -9.63587049e-02
 -2.93095239e-02 -3.27087657e-03 -5.85173955e-02 -1.32278464e-03
 -2.81867401e-03  8.93654018e-02 -4.58708380e-04  5.54284456e-03
 -4.04536461e-02  4.70836429e-01 -2.67360414e-02  5.12109542e-02
  1.17909303e-02 -5.63609055e-02  2.31468624e-01  4.61916573e-02
  2.83460178e-01 -8.97596074e-02  6.05153677e-01  1.92713893e-02
  8.77366123e-02 -5.03737085e-03  9.12940086e-03 -7.88738935e-04
  3.59960719e-03 -6.77286013e-02 -2.89488328e-02 -8.22889938e-03
 -3.64655783e-02  4.52384914e-05 -2.31206832e-03 -2.28575780e-02
  2.32842964e-02 -1.27764441e-02  3.14439589e-02 -3.60834957e-02
 -2.03595590e-01  1.46828389e-02 -3.93346545e-03  9.78220108e-04
 -1.98762590e-04 -8.16894951e-05  5.17693974e-04 -4.07843932e-03
 -6.50382360e-02  2.68068849e-01  7.30279242e-01 -1.99271885e-02
  2.70863641e-03 -2.38996118e-04 -1.48987440e-04  2.91340769e-04
 -5.34471950e-04  1.64634517e-03 -1.77234801e-03 -1.75786145e-02
  1.98673245e-02 -1.07230725e-03 -7.58651195e-05 -7.88116427e-04
  1.55182749e-03 -2.80239461e-03  7.63557036e-03 -3.68885156e-02
  6.83405191e-03 -2.32902310e-02  1.90785029e-03 -5.96881477e-04
 -6.06742688e-01  6.25023362e-01 -2.56205125e-02  1.73696224e-01
 -9.63164168e-01  8.94524291e-02  4.28773379e-03 -5.34951985e-02
 -1.22572306e-03  6.78547671e-03  1.01933877e-02 -3.76068312e-02
 -9.98208704e-02 -9.54077537e-03  2.39767293e+01 -1.84924306e-02
 -1.29884089e-04  8.17057794e-02 -2.64736163e-03 -5.53631043e-03
 -1.63662472e-01  8.64179160e-03 -3.37540927e-01 -7.10575701e-03
  6.33325788e-02  9.00551293e-03 -3.35899029e-02 -1.42041035e-02
  2.96296920e-01  3.11001560e-01  2.88654779e-02  1.87211349e-03
  7.39332135e-02  1.20043655e-03 -8.55359550e-03 -7.35011910e-03
  1.82120077e-04  5.17760725e-03  9.04607981e-04 -4.15471988e-04
 -2.67768764e-02 -1.14118969e-02  4.30036793e-02 -1.55402997e-02
 -6.87426294e-04 -6.60577454e-03  1.86978465e-02 -7.50640274e-05
 -7.23863004e-03 -1.94697109e-03  2.18916450e-03 -5.96581308e-03
 -3.67948228e-04  1.92099310e-02  1.66984253e-02 -1.58824172e-01
 -1.36478758e-02  1.38220975e+00  1.91184232e-03  8.89760747e-03
 -6.51233911e-04 -1.62313000e-02 -2.51679795e-01 -4.31882241e+00
 -3.06631788e-02 -1.48121077e-02  9.38198896e-03  2.40833801e-02
 -1.24210215e-02 -1.41499913e-02 -2.93392955e-03  3.98616059e-03
 -8.32864965e-02  7.74341852e-02 -4.27322931e-02 -1.42672468e-01
 -3.16831070e-02 -2.40178892e-02  4.67643444e-03 -1.62788625e-01
 -1.07031393e-01  1.54694790e-01 -2.95471299e-01 -5.04531239e-02
  3.34511875e-02 -3.04849649e+00  8.81669882e-04 -9.47147938e-02
  3.85291750e-02  7.43107146e-02 -1.19288107e-02 -2.28691696e-02
 -2.44765441e-02  2.08673528e-01 -5.97691829e-03 -2.61010267e-02
  6.10680371e-03  1.53999598e-02 -5.07365112e-01  3.04686142e-02
 -7.29465637e-03  1.03950271e-02  4.43622328e-02  5.05817873e-02
  1.03819599e-02  2.98683249e-01 -1.80464137e-02 -4.80078337e-03
 -1.51789197e-02 -5.67039754e-03  1.06041033e-01]

 BEGIN VMC CALCULATION
 =====================

 Running VMC equilibration (5000 moves).
 Performing time-step optimization.
 Optimized step size: 0.21405
 DTVMC: 0.01527

 Starting VMC.

 =========================================================================
 In block : 1
  Number of VMC steps           = 10000

  Block average energies (au)

  Total energy                       (au) =         -14.254294270879
  Standard error                        +/-           0.050443080103

  Constant energy contributions      (au) =           0.000000000000

  Variance of local energy           (au) =           4.017516568657
  Standard error                        +/-           0.000000000000

 Time taken in block    : : :       0.8223

 =========================================================================
 FINAL RESULT:

  VMC energy (au)    Standard error      Correction for serial correlation

 -14.254294270879 +/- 0.050443080103      On-the-fly reblocking method

 Sample variance of E_L (au^2/sim.cell) : 4.017516568657


 ==========================================
 PERFORMING OPTIMIZATION CALCULATION No. 4.
 ==========================================


 Optimization start
 ==================
Stabilization: 1.0 SEM
E_0 -14.26417141 E_lin -14.42041430 dE -0.15624289
eigvector[0] 0.92752304
delta p / p
[ 1.19065962e-02 -4.42671995e-01  1.17551999e-01 -1.58744390e-02
 -8.50733090e-04  2.59633453e-03 -7.02655863e-04 -2.29519752e-02
  4.59743383e-01 -4.65797965e-02  4.13366841e-02  5.47732671e-02
 -3.42689576e-03 -2.23696248e-03 -5.32206062e-04  1.79489335e-02
 -1.54292421e-01  6.85967974e-03  2.36616428e-01  1.26340177e+00
  1.15742888e-02 -2.15202993e-03  2.34213665e-04  8.47233614e-05
 -3.88698498e-04  3.02894214e-03  6.45012568e-03  4.59630796e-02
  6.54599106e-02 -1.57302532e-01 -5.39031459e-02  2.81751363e-02
  1.01743356e-01 -6.20772958e-01  2.92455007e-03  2.82389887e-01
 -6.06389677e-02  7.67215740e-02  2.40497996e-02  1.84896356e-03
 -5.36273804e-03 -4.15941440e-03 -3.08891795e-02  8.67396430e-02
 -4.19423290e-03 -1.66593710e-02 -7.61365298e-02 -2.28170085e-03
  4.56883115e-03  1.10517533e-02  6.45896657e-03 -2.34740459e-02
 -3.42679072e-02  2.27928342e-01  2.59279589e-02 -6.28296669e-02
 -5.47732992e-02  8.79588309e-02 -1.50268669e-01 -2.50319805e-02
  4.52955197e-02 -1.23270870e-01 -1.42204687e-01 -1.78273820e-02
 -2.63338327e-02 -3.84876653e-03 -4.13138173e-03  1.35134192e-03
 -3.63044260e-03  9.28675489e-02 -7.47150799e-03  5.68732950e-03
 -7.45466637e-02  7.56694546e-03  1.08685419e-03  4.67981432e-02
 -5.08661404e-03  2.74996623e-03 -1.24480567e-02 -1.33552399e-01
 -2.38788310e-02 -2.53696419e-02  5.18500734e-03  9.47673525e-04
 -2.32268654e-03  2.87271300e-03 -3.28031690e-03 -1.10345497e-02
 -7.57581287e-01 -3.79066524e-01  5.95423150e-02 -1.58651502e-02
  2.28308172e-03 -7.47528169e-05 -3.70334710e-04  6.85306776e-04
 -1.36500492e-03  3.39073005e-03 -2.46815344e-02 -3.61571906e-03
  4.09186500e-02  1.91696355e-03 -3.08378412e-03  1.02128279e-03
 -1.39717893e-03  3.28238763e-03 -6.72174967e-03  4.39899552e-03
  2.33473154e-02  1.94328117e-02 -3.90899274e-03  3.29409474e-02
  1.90455838e+00 -1.37874316e+00 -3.71903708e-02  2.08745609e-01
 -7.25778131e+00 -4.33037169e-02 -1.39857900e-02  1.97980197e-02
  3.74120666e-03  1.57166805e-02 -4.45505331e-03  8.26524184e-03
 -1.14624502e+00  6.37452693e-02 -7.78449383e-03  1.57625520e-02
  4.09224141e-02  2.13268246e-01  1.00085923e-02 -2.22172367e-02
  1.70754439e-01 -1.39895154e-01 -3.65298012e-01  5.79138708e-03
 -4.61529168e-02 -3.36752290e-01  5.78986327e-03  1.98370944e-01
  4.60588347e-02 -4.43845392e-01  1.27960125e-02  3.35710360e-02
  1.07081793e-02 -2.43135747e-05  3.94374645e-02  4.54646755e-02
 -1.69346091e-03 -2.50970431e-02  5.05928391e-03 -2.35538705e-02
 -1.29140723e-02 -3.09632294e-02  8.64650264e-02  1.60762779e-01
  3.60670004e-03 -3.31839441e-03  2.69881778e-02 -1.93576714e-03
  2.84225840e-02 -1.05248008e-02  9.45637739e-02  4.33766618e-03
  6.44577671e-03  3.21516355e-05 -1.41595089e-02 -4.59878359e-02
 -1.60242346e-02 -3.12142117e+00 -2.13751741e-03 -3.38120589e-04
  3.45170178e-03 -5.45663445e-03 -1.01864995e-01 -1.88547425e-01
 -1.20027520e-01 -2.94291631e-02  6.63770075e-03  2.90378676e-03
 -4.43040108e-03 -2.87885282e-03 -3.37291112e-03  8.49595230e-03
 -1.43441343e-01 -1.29720491e-01  1.08760332e-03  1.34084260e-01
  2.74936504e-02  3.98293481e-01 -7.97458655e-03 -1.06240677e-01
 -8.88275360e-02  2.66153460e-02  2.03975123e+00  5.08904679e-02
 -1.01471090e-01 -1.17350283e+00  3.22718500e-02  8.40550524e-02
 -2.86556686e-02 -2.43956501e-01 -6.08101005e-03 -3.02483751e-03
  1.10569772e-01  1.77662731e-01 -1.41120338e-02 -8.76581016e-03
 -2.11695916e-02  4.98710396e-02 -1.04672605e+00 -3.85593085e-01
  5.09046482e-02  6.26709619e-02  1.93616623e-01  8.19463681e-02
  3.76996844e-03 -8.91410434e-02  6.76722796e-03 -3.85813981e-03
  1.87266794e-02  3.35635752e-02 -7.57946511e-02]

 BEGIN VMC CALCULATION
 =====================

 Running VMC equilibration (5000 moves).
 Performing time-step optimization.
 Optimized step size: 0.21730
 DTVMC: 0.01574

 Starting VMC.

 =========================================================================
 In block : 1
  Number of VMC steps           = 10000

  Block average energies (au)

  Total energy                       (au) =         -14.470403363441
  Standard error                        +/-           0.011107080562

  Constant energy contributions      (au) =           0.000000000000

  Variance of local energy           (au) =           0.504857826913
  Standard error                        +/-           0.000000000000

 Time taken in block    : : :       0.8197

 =========================================================================
 FINAL RESULT:

  VMC energy (au)    Standard error      Correction for serial correlation

 -14.470403363441 +/- 0.011107080562      On-the-fly reblocking method

 Sample variance of E_L (au^2/sim.cell) : 0.504857826913


 =========================================================================

 Total PyCasino real time : : :    172.5930
