
 ------------------------------------------------------------------------------
 ########::'##:::'##::'######:::::'###:::::'######::'####:'##::: ##::'#######::
 ##.... ##:. ##:'##::'##... ##:::'## ##:::'##... ##:. ##:: ###:: ##:'##.... ##:
 ##:::: ##::. ####::: ##:::..:::'##:. ##:: ##:::..::: ##:: ####: ##: ##:::: ##:
 ########::::. ##:::: ##:::::::'##:::. ##:. ######::: ##:: ## ## ##: ##:::: ##:
 ##.....:::::: ##:::: ##::::::: #########::..... ##:: ##:: ##. ####: ##:::: ##:
 ##::::::::::: ##:::: ##::: ##: ##.... ##:'##::: ##:: ##:: ##:. ###: ##:::: ##:
 ##::::::::::: ##::::. ######:: ##:::: ##:. ######::'####: ##::. ##:. #######::
 .::::::::::::..::::::......:::..:::::..:::......:::....::..::::..:::.......:::

                     Python Quantum Monte Carlo Package
                        v 0.2.0 [Vladimir Konkov]

    Main Author : Vladimir Konkov
 ------------------------------------------------------------------------------
 Started 2024/08/21 18:27:19

 Python 3.10.12 (main, Jul 29 2024, 16:56:48) [GCC 11.4.0]
 Numba 0.59.0
 Numpy 1.26.4
 Scipy 1.11.3

 Running in parallel using 4 MPI processes.

 General input parameters
 ========================
 NEU (num up spin electrons)              :  4
 NED (num down spin electrons)            :  3
 RUNTYPE (type of run)                    :  vmc_opt
 PSI_S  (form for [anti]symmetrizing wfn) :  slater
 ATOM_BASIS_TYPE (atom-centred orb basis) :  gaussian
 INTERACTION (interaction type)           :  coulomb
 TESTRUN (read input data,print and stop) :  F
 PERIODIC                                 :  F
 COMPLEX_WF (complex Slater wave fn.)     :  F
 NEIGHPRINT (neighbour analysis)          :  0
 USE_JASTROW (use Jastrow factor)         :  T
 BACKFLOW (use backflow corrections)      :  F
 USE_ORBMODS (use orbitals modifications) :  F
 E_OFFSET (energy offset)                 :  0.0000
 CHECKPOINT (checkpointing level)         :  1
 CON_LOC (Dir to read/write config.*)     :  ./
 RELATIVISTIC                             :  F

 VMC/optimization input parameters
 ====================
 NEWRUN (start new run)                   :  T
 VMC_METHOD (choice of VMC algorithm)     :  3
 DTVMC (VMC time step)                    :  1.0000E-02
 OPT_DTVMC (VMC time-step optimization)   :  1
 VMC_NSTEP (num VMC steps)                :  100000
 VMC_NCONFIG_WRITE (num configs to write) :  100000
 VMC_NBLOCK (num VMC blocks)              :  1
 VMC_EQUIL_NSTEP (num equil steps)        :  5000
 VMC_DECORR_PERIOD (length of inner loop) :  10
 VMC_AVE_PERIOD (hist reduction factor)   :  1
 VMC_SAMPLING                             :  standard
 MAKEMOVIE                                :  F
 FORCES                                   :  F

 Non-local integration grids
 ===========================
 Ion type            :  1
 Non-local grid no.  :  4
 Lexact              :  5
 Number of points    :  12

 BEGIN VMC CALCULATION
 =====================

 Running VMC equilibration (5000 moves).
 Performing time-step optimization.
 Optimized step size: 0.22313
 DTVMC: 0.01660

 Starting VMC.

 =========================================================================
 In block : 1
  Number of VMC steps           = 100000

  Block average energies (au)

  Total energy                       (au) =         -23.849307028629
  Standard error                        +/-           0.009981561633

  Constant energy contributions      (au) =           0.000000000000

  Variance of local energy           (au) =           3.925157060314
  Standard error                        +/-           0.000000000000

 Time taken in block    : : :       24.9965

 =========================================================================
 FINAL RESULT:

  VMC energy (au)    Standard error      Correction for serial correlation

 -23.849307028629 +/- 0.009981561633      On-the-fly reblocking method

 Sample variance of E_L (au^2/sim.cell) : 3.925157060314


 ==========================================
 PERFORMING OPTIMIZATION CALCULATION No. 1.
 ==========================================


 Optimization start
 ==================
   Iteration     Total nfev        Cost      Cost reduction    Step norm     Optimality
       0              1         1.3875e+00                                    4.25e+05
       1              2         4.5707e-01      9.30e-01       1.61e-03       1.21e+04
       2              3         3.4641e-01      1.11e-01       5.48e-03       1.06e+03
       3              4         3.2450e-01      2.19e-02       1.87e-02       1.98e+02
       4              5         3.1935e-01      5.15e-03       2.62e-02       8.32e+01
       5              6         3.1769e-01      1.66e-03       1.01e-02       3.04e+01
`ftol` termination condition is satisfied.
Function evaluations 6, initial cost 1.3875e+00, final cost 3.1769e-01, first-order optimality 3.04e+01.
Norm of Jacobian at the solution: 1.70463e-12

 BEGIN VMC CALCULATION
 =====================

 Running VMC equilibration (5000 moves).
 Performing time-step optimization.
 Optimized step size: 0.21719
 DTVMC: 0.01572

 Starting VMC.

 =========================================================================
 In block : 1
  Number of VMC steps           = 100000

  Block average energies (au)

  Total energy                       (au) =         -24.086534241777
  Standard error                        +/-           0.002262874943

  Constant energy contributions      (au) =           0.000000000000

  Variance of local energy           (au) =           0.274292169520
  Standard error                        +/-           0.000000000000

 Time taken in block    : : :       28.4870

 =========================================================================
 FINAL RESULT:

  VMC energy (au)    Standard error      Correction for serial correlation

 -24.086534241777 +/- 0.002262874943      On-the-fly reblocking method

 Sample variance of E_L (au^2/sim.cell) : 0.274292169520


 ==========================================
 PERFORMING OPTIMIZATION CALCULATION No. 2.
 ==========================================


 Optimization start
 ==================
Stabilization: 1.0 SEM
E_0 -24.08861197 E_lin -24.09211401 dE -0.00350204
eigvector[0] 0.98649090
delta p / p
[ 1.56557723e-02  1.30733188e-01  1.02869906e-01 -6.76281648e-02
 -7.67181240e-03  1.05366896e-02  1.13166072e-01  5.68451268e-01
 -1.28598793e+00  5.84319416e-02 -2.56144446e-01 -1.71442161e-01
 -2.23271679e-02  1.61123502e-02 -4.92001050e-04 -9.53741624e-03
 -3.12370803e-03  1.26442644e-02  4.24463081e-03  7.52473597e-02
 -1.20487258e-01  1.89652976e-01 -1.32503460e-02 -1.27689078e-03
  8.14275294e-03 -1.79766925e-02 -2.07706186e-03 -1.83408932e-03
  2.58071138e-02 -1.14775983e-02  3.62804683e-02 -2.68231052e-02
 -1.68311161e-01  9.27213233e-02  2.68271060e-02 -4.65441556e-01
 -4.19771908e-01 -2.30279898e-02 -2.80887461e-02 -5.31091172e-03
  3.87163190e-02  1.89899406e-02  2.14646368e-02 -4.21180058e-02
  2.72621282e-02 -8.48636393e-03 -3.73955065e-01  1.51392219e-02
  1.16327182e-02 -4.14489032e-02  5.07709058e-02 -3.82024316e-02
 -4.33968371e+00 -4.83645031e-02 -5.42579454e-02  6.70205585e-03
  1.00644460e+00  1.96238463e-02  8.27687853e-01  7.86384109e-02
 -4.17122697e-02 -2.70095712e-01 -1.18173386e-01  5.75085163e-01
 -1.90450871e-03  7.64728903e-04 -3.27429737e-02 -1.21219065e-02
 -2.45672892e-02 -1.58436107e-01 -1.48611304e-01 -8.50353149e-03
  1.22409009e-01  8.55807571e-02 -7.48502633e-03  2.75805719e-02
  6.20745842e-03 -2.22798941e-02  3.46570039e-01]

 BEGIN VMC CALCULATION
 =====================

 Running VMC equilibration (5000 moves).
 Performing time-step optimization.
 Optimized step size: 0.22087
 DTVMC: 0.01626

 Starting VMC.

 =========================================================================
 In block : 1
  Number of VMC steps           = 100000

  Block average energies (au)

  Total energy                       (au) =         -24.094125922377
  Standard error                        +/-           0.002176958758

  Constant energy contributions      (au) =           0.000000000000

  Variance of local energy           (au) =           0.323719507324
  Standard error                        +/-           0.000000000000

 Time taken in block    : : :       28.3592

 =========================================================================
 FINAL RESULT:

  VMC energy (au)    Standard error      Correction for serial correlation

 -24.094125922377 +/- 0.002176958758      On-the-fly reblocking method

 Sample variance of E_L (au^2/sim.cell) : 0.323719507324


 ==========================================
 PERFORMING OPTIMIZATION CALCULATION No. 3.
 ==========================================


 Optimization start
 ==================
Stabilization: 1.0 SEM
E_0 -24.08979641 E_lin -24.09028986 dE -0.00049345
eigvector[0] 0.99639413
delta p / p
[ 1.05365923e-02 -6.03735617e-02 -6.22098360e-02 -3.36873056e-02
 -1.83193958e-02  2.34235427e-02 -3.27050375e-02 -1.48934651e-02
 -1.61614166e+00  3.73955229e-02 -1.27861478e-01 -7.30731825e-02
 -2.09783033e-02  4.75485170e-03  5.40197473e-03 -8.21785272e-03
 -2.30119612e-02  7.41295928e-04 -1.48489865e-04 -6.35422201e-02
 -1.51270925e-02  5.30678957e-02 -1.87556768e-03 -3.27745805e-03
  6.06937637e-03 -6.58464732e-03  9.27492808e-04 -5.74880989e-02
 -1.42963565e-02  1.31813751e-02  2.44632420e-02 -6.86781485e-02
 -1.40843665e-02  5.56176060e-02 -2.38739453e-02 -1.24051647e-01
 -1.22754237e-01 -3.59122402e-04  2.43722842e-02 -6.24588229e-03
  4.56928902e-03  2.17376024e-02  9.70499340e-03 -1.00299882e-02
 -4.87483834e-03 -1.40756477e-03 -2.37167649e-02  9.06279607e-03
 -2.57158273e-03  2.23758822e-02  1.70754651e-02 -2.10643635e-02
  8.75059164e-01 -6.88634731e-03 -4.79983132e-02  1.26893152e-02
  2.38909595e-01  1.00465597e-02  4.92060146e-02  1.90004566e-02
 -4.40168770e-02  1.13467105e-02 -7.65481188e-02  2.56515831e-01
 -6.54581180e-03 -7.19654497e-04 -2.62054720e-02  9.51308873e-03
  1.37971182e-03 -1.03662139e-01 -2.17133723e-03 -4.43297872e-03
  4.94110466e-02  2.71350213e-02 -8.57406860e-03  2.83444460e-02
 -1.17212010e-03 -7.38680655e-03 -4.90336726e-02]

 BEGIN VMC CALCULATION
 =====================

 Running VMC equilibration (5000 moves).
 Performing time-step optimization.
 Optimized step size: 0.21582
 DTVMC: 0.01553

 Starting VMC.

 =========================================================================
 In block : 1
  Number of VMC steps           = 100000

  Block average energies (au)

  Total energy                       (au) =         -24.090738135935
  Standard error                        +/-           0.002182087679

  Constant energy contributions      (au) =           0.000000000000

  Variance of local energy           (au) =           0.333879256238
  Standard error                        +/-           0.000000000000

 Time taken in block    : : :       28.3488

 =========================================================================
 FINAL RESULT:

  VMC energy (au)    Standard error      Correction for serial correlation

 -24.090738135935 +/- 0.002182087679      On-the-fly reblocking method

 Sample variance of E_L (au^2/sim.cell) : 0.333879256238


 ==========================================
 PERFORMING OPTIMIZATION CALCULATION No. 4.
 ==========================================


 Optimization start
 ==================
Stabilization: 1.0 SEM
E_0 -24.09278767 E_lin -24.09290936 dE -0.00012169
eigvector[0] 0.99772223
delta p / p
[ 5.13154940e-03  4.90877316e-02 -2.70390197e-02  3.78972945e-02
 -7.21552461e-03 -1.45889040e-02  9.45173090e-02  5.70691590e-02
 -1.04252434e+00 -3.23459435e-03 -1.21423619e-01 -4.08024846e-02
 -1.84446914e-02 -1.97510940e-04  8.47412689e-03 -8.28053847e-03
 -3.86819870e-02  2.95230760e-03 -1.20823274e-03 -1.84600125e-03
 -3.13633241e-02  1.51304985e-01 -1.03009555e-02 -8.01011862e-06
  3.39124317e-03  2.04375173e-03 -5.37856255e-04  8.49099123e-03
 -1.20346793e-02 -1.25474208e-03 -3.81915463e-02 -1.60971120e-02
 -1.89146373e-01  2.42449512e-02  2.68685992e-02  3.02284265e-02
 -5.09522466e-01 -1.72866823e-02  5.71693781e-02 -5.60597540e-03
  2.66898844e-03  7.22826161e-02 -2.71511276e-02  7.47209953e-02
  5.38556210e-02  4.11559204e-03  1.48469073e-01  1.04910201e-02
  1.59504973e-02 -6.52727054e-03  3.56057587e-03 -4.19051793e-02
  1.03132606e+00 -2.23263013e-02  7.52273151e-03  3.49687628e-02
 -1.74294899e-02 -2.38541970e-02  2.07399136e-02  2.64968083e-02
 -5.95098157e-02  2.58696080e-02 -9.23384578e-03  1.36966335e-01
 -2.95101477e-03  4.66055036e-03 -8.98318207e-03  1.30606082e-02
  4.42384178e-02 -6.50849840e-03  2.57943398e-03 -8.57311856e-03
  3.60229937e-02 -1.01186508e-02 -8.58726419e-03 -1.09358912e-02
 -1.14805168e-03  1.73222138e-02 -3.33397776e-01]

 BEGIN VMC CALCULATION
 =====================

 Running VMC equilibration (5000 moves).
 Performing time-step optimization.
 Optimized step size: 0.22303
 DTVMC: 0.01658

 Starting VMC.

 =========================================================================
 In block : 1
  Number of VMC steps           = 100000

  Block average energies (au)

  Total energy                       (au) =         -24.092399798740
  Standard error                        +/-           0.002277429131

  Constant energy contributions      (au) =           0.000000000000

  Variance of local energy           (au) =           0.341683320710
  Standard error                        +/-           0.000000000000

 Time taken in block    : : :       28.2066

 =========================================================================
 FINAL RESULT:

  VMC energy (au)    Standard error      Correction for serial correlation

 -24.092399798740 +/- 0.002277429131      On-the-fly reblocking method

 Sample variance of E_L (au^2/sim.cell) : 0.341683320710


 =========================================================================

 Total PyCasino real time : : :    813.5905
