
 ------------------------------------------------------------------------------
 ########::'##:::'##::'######:::::'###:::::'######::'####:'##::: ##::'#######::
 ##.... ##:. ##:'##::'##... ##:::'## ##:::'##... ##:. ##:: ###:: ##:'##.... ##:
 ##:::: ##::. ####::: ##:::..:::'##:. ##:: ##:::..::: ##:: ####: ##: ##:::: ##:
 ########::::. ##:::: ##:::::::'##:::. ##:. ######::: ##:: ## ## ##: ##:::: ##:
 ##.....:::::: ##:::: ##::::::: #########::..... ##:: ##:: ##. ####: ##:::: ##:
 ##::::::::::: ##:::: ##::: ##: ##.... ##:'##::: ##:: ##:: ##:. ###: ##:::: ##:
 ##::::::::::: ##::::. ######:: ##:::: ##:. ######::'####: ##::. ##:. #######::
 .::::::::::::..::::::......:::..:::::..:::......:::....::..::::..:::.......:::

                     Python Quantum Monte Carlo Package
                        v 0.2.0 [Vladimir Konkov]

    Main Author : Vladimir Konkov
 ------------------------------------------------------------------------------
 Started 2024/10/01 17:35:31

 Python 3.10.12 (main, Sep 11 2024, 15:47:36) [GCC 11.4.0]
 Numba 0.59.0
 Numpy 1.26.4
 Scipy 1.11.3

 Running in parallel using 4 MPI processes.

 General input parameters
 ========================
 NEU (num up spin electrons)              :  8
 NED (num down spin electrons)            :  8
 RUNTYPE (type of run)                    :  vmc_opt
 PSI_S  (form for [anti]symmetrizing wfn) :  slater
 ATOM_BASIS_TYPE (atom-centred orb basis) :  gaussian
 INTERACTION (interaction type)           :  coulomb
 TESTRUN (read input data,print and stop) :  F
 PERIODIC                                 :  F
 COMPLEX_WF (complex Slater wave fn.)     :  F
 NEIGHPRINT (neighbour analysis)          :  0
 USE_JASTROW (use Jastrow factor)         :  T
 BACKFLOW (use backflow corrections)      :  T
 USE_ORBMODS (use orbitals modifications) :  F
 CUSP_CORRECTION                          :  T
 NON_LOCAL_GRID (NL integration grid)     :  4
 E_OFFSET (energy offset)                 :  0.0000
 SPARSE                                   :  F
 DIPOLE_MOMENT                            :  F
 CHECKPOINT (checkpointing level)         :  1
 CON_LOC (Dir to read/write config.*)     :  ./
 RELATIVISTIC                             :  F

 VMC/optimization input parameters
 ====================
 NEWRUN (start new run)                   :  T
 VMC_METHOD (choice of VMC algorithm)     :  3
 DTVMC (VMC time step)                    :  0.02
 OPT_DTVMC (VMC time-step optimization)   :  True
 VMC_NSTEP (num VMC steps)                :  10000
 VMC_NCONFIG_WRITE (num configs to write) :  10000
 VMC_NBLOCK (num VMC blocks)              :  1
 VMC_EQUIL_NSTEP (num equil steps)        :  5000
 VMC_DECORR_PERIOD (length of inner loop) :  10
 VMC_AVE_PERIOD (hist reduction factor)   :  1
 VMC_SAMPLING                             :  standard
 OPT_CYCLES (num optimization cycles)     :  2
 POSTFIT_VMC (perform post-fit VMC calc)  :  T
 POSTFIT_KEEP_CFG (keep post-fit VMC cfgs):  F
 OPT_NOCTF_CYCLES (fixed cutoff cycles)   :  0
 OPT_INFO (information level)             :  2
 OPT_JASTROW (opt Jastrow factor)         :  T
 OPT_DET_COEFF (opt det coeffs)           :  F
 OPT_ORBITALS (opt orbitals)              :  F
 OPT_BACKFLOW (opt backflow params)       :  T
 OPT_FIXNL (fix nonlocal energy)          :  T
 OPT_MAXITER (max num iterations)         :  10
 OPT_MAXEVAL (max num evaluations)        :  200
 VM_SMOOTH_LIMITS (smooth limiting)       :  T
 VM_REWEIGHT (reweighting)                :  F
 VM_FILTER (filter outlying configs)      :  F
 VM_USE_E_GUESS (use guess energy)        :  F
 EMIN_XI_VALUE (xi parameter)             :  1.0
 MAKEMOVIE                                :  F
 FORCES                                   :  F

 Gaussian cusp correction
 ========================
 Activated.

 Non-local integration grids
 ===========================
 Ion type            :  3
 Non-local grid no.  :  4
 Lexact              :  5
 Number of points    :  12

 Non-local integration grids
 ===========================
 Ion type            :  4
 Non-local grid no.  :  4
 Lexact              :  5
 Number of points    :  12

 Non-local integration grids
 ===========================
 Ion type            :  5
 Non-local grid no.  :  4
 Lexact              :  5
 Number of points    :  12

 Non-local integration grids
 ===========================
 Ion type            :  6
 Non-local grid no.  :  4
 Lexact              :  5
 Number of points    :  12

 Non-local integration grids
 ===========================
 Ion type            :  7
 Non-local grid no.  :  4
 Lexact              :  5
 Number of points    :  12

 Non-local integration grids
 ===========================
 Ion type            :  8
 Non-local grid no.  :  4
 Lexact              :  5
 Number of points    :  12

 BEGIN VMC CALCULATION
 =====================

 Running VMC equilibration (5000 moves).
 Performing time-step optimization.
 Optimized step size: 0.11716
 DTVMC: 0.00458

 Starting VMC.

 =========================================================================
 In block : 1
  Number of VMC steps           = 10000

  Block average energies (au)

  Total energy                       (au) =         -52.784076728701
  Standard error                        +/-           0.064086734711

  Constant energy contributions      (au) =          32.169090804218

  Variance of local energy           (au) =          10.164267038815
  Standard error                        +/-           0.000000000000

 Time taken in block    : : :       58.2064

 =========================================================================
 FINAL RESULT:

  VMC energy (au)    Standard error      Correction for serial correlation

 -52.784076728701 +/- 0.064086734711      On-the-fly reblocking method

 Sample variance of E_L (au^2/sim.cell) : 10.164267038815


 ==========================================
 PERFORMING OPTIMIZATION CALCULATION No. 1.
 ==========================================


 Optimization start
 ==================
   Iteration     Total nfev        Cost      Cost reduction    Step norm     Optimality
       0              1         1.0505e+01                                    2.03e+08
       1              2         1.8616e+00      8.64e+00       5.41e-03       1.35e+07
       2              3         1.0211e+00      8.41e-01       8.15e-03       1.78e+06
       3              4         5.8315e-01      4.38e-01       2.24e-02       1.31e+06
       4              5         3.6286e-01      2.20e-01       3.84e-02       1.91e+06
       5              6         2.8406e-01      7.88e-02       5.44e-02       1.46e+06
       6              7         2.4448e-01      3.96e-02       9.18e-02       1.09e+06
       7              8         2.2042e-01      2.41e-02       8.61e-02       6.94e+05
       8              9         2.0711e-01      1.33e-02       1.98e-01       4.59e+05
       9             10         2.0191e-01      5.20e-03       3.75e-01       5.03e+05
      10             11         2.0038e-01      1.53e-03       3.74e-01       5.61e+05
`ftol` termination condition is satisfied.
Function evaluations 11, initial cost 1.0505e+01, final cost 2.0038e-01, first-order optimality 5.61e+05.
Norm of Jacobian at the solution: 1.21842e-09

 BEGIN VMC CALCULATION
 =====================

 Running VMC equilibration (5000 moves).
 Performing time-step optimization.
 Optimized step size: 0.11640
 DTVMC: 0.00452

 Starting VMC.

 =========================================================================
 In block : 1
  Number of VMC steps           = 10000

  Block average energies (au)

  Total energy                       (au) =         -53.217731437725
  Standard error                        +/-           0.015025209640

  Constant energy contributions      (au) =          32.169090804218

  Variance of local energy           (au) =           0.262978388347
  Standard error                        +/-           0.000000000000

 Time taken in block    : : :       47.6300

 =========================================================================
 FINAL RESULT:

  VMC energy (au)    Standard error      Correction for serial correlation

 -53.217731437725 +/- 0.015025209640      On-the-fly reblocking method

 Sample variance of E_L (au^2/sim.cell) : 0.262978388347


 ==========================================
 PERFORMING OPTIMIZATION CALCULATION No. 2.
 ==========================================


 Optimization start
 ==================
   Iteration     Total nfev        Cost      Cost reduction    Step norm     Optimality
       0              1         2.6624e-01                                    2.30e+06
       1              6         2.3590e-01      3.03e-02       3.09e-01       6.12e+06
       2              7         2.0423e-01      3.17e-02       1.18e-01       2.36e+06
       3              8         2.0160e-01      2.63e-03       9.52e-02       1.94e+06
`ftol` termination condition is satisfied.
Function evaluations 8, initial cost 2.6624e-01, final cost 2.0160e-01, first-order optimality 1.94e+06.
Norm of Jacobian at the solution: 3.53224e-10

 BEGIN VMC CALCULATION
 =====================

 Running VMC equilibration (5000 moves).
 Performing time-step optimization.
 Optimized step size: 0.11469
 DTVMC: 0.00438

 Starting VMC.

 =========================================================================
 In block : 1
  Number of VMC steps           = 10000

  Block average energies (au)

  Total energy                       (au) =         -53.231855811368
  Standard error                        +/-           0.022815489602

  Constant energy contributions      (au) =          32.169090804218

  Variance of local energy           (au) =           0.205114293886
  Standard error                        +/-           0.000000000000

 Time taken in block    : : :       51.1435

 =========================================================================
 FINAL RESULT:

  VMC energy (au)    Standard error      Correction for serial correlation

 -53.231855811368 +/- 0.022815489602      On-the-fly reblocking method

 Sample variance of E_L (au^2/sim.cell) : 0.205114293886


 =========================================================================

 Total PyCasino real time : : :    13109.5695
