
 ------------------------------------------------------------------------------
 ########::'##:::'##::'######:::::'###:::::'######::'####:'##::: ##::'#######::
 ##.... ##:. ##:'##::'##... ##:::'## ##:::'##... ##:. ##:: ###:: ##:'##.... ##:
 ##:::: ##::. ####::: ##:::..:::'##:. ##:: ##:::..::: ##:: ####: ##: ##:::: ##:
 ########::::. ##:::: ##:::::::'##:::. ##:. ######::: ##:: ## ## ##: ##:::: ##:
 ##.....:::::: ##:::: ##::::::: #########::..... ##:: ##:: ##. ####: ##:::: ##:
 ##::::::::::: ##:::: ##::: ##: ##.... ##:'##::: ##:: ##:: ##:. ###: ##:::: ##:
 ##::::::::::: ##::::. ######:: ##:::: ##:. ######::'####: ##::. ##:. #######::
 .::::::::::::..::::::......:::..:::::..:::......:::....::..::::..:::.......:::

                     Python Quantum Monte Carlo Package
                        v 0.3.0 [Vladimir Konkov]

    Main Author : Vladimir Konkov
 ------------------------------------------------------------------------------
 Started 2025/05/20 17:57:43

 Python 3.10.12 (main, Feb  4 2025, 14:57:36) [GCC 11.4.0]
 Numba 0.59.0
 Numpy 1.26.4
 Scipy 1.11.3

 Running in parallel using 4 MPI processes.

 General input parameters
 ========================
 NEU (num up spin electrons)              :  5
 NED (num down spin electrons)            :  5
 RUNTYPE (type of run)                    :  vmc_opt
 PSI_S  (form for [anti]symmetrizing wfn) :  slater
 ATOM_BASIS_TYPE (atom-centred orb basis) :  slater-type
 INTERACTION (interaction type)           :  coulomb
 TESTRUN (read input data,print and stop) :  F
 PERIODIC                                 :  F
 COMPLEX_WF (complex Slater wave fn.)     :  F
 NEIGHPRINT (neighbour analysis)          :  0
 USE_JASTROW (use Jastrow factor)         :  T
 BACKFLOW (use backflow corrections)      :  F
 USE_ORBMODS (use orbitals modifications) :  F
 CUSP_CORRECTION                          :  F
 NON_LOCAL_GRID (NL integration grid)     :  4
 E_OFFSET (energy offset)                 :  0.0000
 GAUTOL  (Gaussian evaluation tolerance)  :  7.0
 SPARSE                                   :  F
 DIPOLE_MOMENT                            :  F
 RELATIVISTIC                             :  F

 VMC/optimization input parameters
 ====================
 NEWRUN (start new run)                   :  T
 VMC_METHOD (choice of VMC algorithm)     :  3
 DTVMC (VMC time step)                    :  0.02
 OPT_DTVMC (VMC time-step optimization)   :  T
 VMC_NSTEP (num VMC steps)                :  500000
 VMC_NCONFIG_WRITE (num configs to write) :  500000
 VMC_NBLOCK (num VMC blocks)              :  1
 VMC_EQUIL_NSTEP (num equil steps)        :  5000
 VMC_DECORR_PERIOD (length of inner loop) :  10
 VMC_AVE_PERIOD (hist reduction factor)   :  1
 VMC_SAMPLING                             :  standard
 OPT_CYCLES (num optimization cycles)     :  2
 POSTFIT_VMC (perform post-fit VMC calc)  :  T
 POSTFIT_KEEP_CFG (keep post-fit VMC cfgs):  F
 OPT_NOCTF_CYCLES (fixed cutoff cycles)   :  0
 OPT_INFO (information level)             :  2
 OPT_JASTROW (opt Jastrow factor)         :  T
 OPT_DET_COEFF (opt det coeffs)           :  F
 OPT_ORBITALS (opt orbitals)              :  F
 OPT_BACKFLOW (opt backflow params)       :  F
 OPT_FIXNL (fix nonlocal energy)          :  T
 OPT_MAXITER (max num iterations)         :  10
 OPT_MAXEVAL (max num evaluations)        :  200
 VM_SMOOTH_LIMITS (smooth limiting)       :  F
 VM_REWEIGHT (reweighting)                :  F
 VM_FILTER (filter outlying configs)      :  F
 VM_USE_E_GUESS (use guess energy)        :  F
 EMIN_XI_VALUE (xi parameter)             :  1.0
 MAKEMOVIE                                :  F
 FORCES                                   :  F

 BEGIN VMC CALCULATION
 =====================

 Running VMC equilibration (5000 moves).
 Performing time-step optimization.
 Optimized step size: 0.07711
 DTVMC: 0.00198

 Starting VMC.

 =========================================================================
 In block : 1
  Number of VMC steps           = 500000

  Block average energies (au)

  Total energy                       (au) =        -128.569635639299
  Standard error                        +/-           0.007560230744

  Constant energy contributions      (au) =           0.000000000000

  Variance of local energy           (au) =          28.578487295120
  Standard error                        +/-           0.000000000000

 Time taken in block    : : :       38.7668

 =========================================================================
 FINAL RESULT:

  VMC energy (au)    Standard error      Correction for serial correlation

 -128.569635639299 +/- 0.007560230744      No correction
 -128.569635639299 +/- 0.017543518867      Correlation time method
 -128.569635639299 +/- 0.014619167982      On-the-fly reblocking method

 Sample variance of E_L (au^2/sim.cell) : 28.578487295120


 ==========================================
 PERFORMING OPTIMIZATION CALCULATION No. 1.
 ==========================================


 Optimization start
 ==================
   Iteration     Total nfev        Cost      Cost reduction    Step norm     Optimality
       0              1         1.7866e+01                                    7.57e+04
       1              2         8.4031e+00      9.46e+00       2.53e-03       3.26e+04
       2              3         4.4115e+00      3.99e+00       4.63e-03       3.44e+03
       3              4         2.6599e+00      1.75e+00       1.21e-02       1.83e+03
       4              5         1.8123e+00      8.48e-01       2.77e-02       2.07e+02
       5              6         1.5001e+00      3.12e-01       4.43e-02       6.36e+01
       6              7         1.3273e+00      1.73e-01       9.87e-02       3.23e+01
       7              8         1.2075e+00      1.20e-01       1.66e-01       1.68e+01
       8              9         1.1516e+00      5.60e-02       2.93e-01       1.86e+01
       9             10         1.1478e+00      3.76e-03       5.94e-02       7.30e+00
      10             11         1.1478e+00      7.31e-08       7.16e-05       5.61e-02
`ftol` termination condition is satisfied.
Function evaluations 11, initial cost 1.7866e+01, final cost 1.1478e+00, first-order optimality 5.61e-02.
Norm of Jacobian at the solution: 8.30587e-14

 BEGIN VMC CALCULATION
 =====================

 Running VMC equilibration (5000 moves).
 Performing time-step optimization.
 Optimized step size: 0.07630
 DTVMC: 0.00194

 Starting VMC.

 =========================================================================
 In block : 1
  Number of VMC steps           = 500000

  Block average energies (au)

  Total energy                       (au) =        -128.892224607434
  Standard error                        +/-           0.001458626393

  Constant energy contributions      (au) =           0.000000000000

  Variance of local energy           (au) =           1.063793348864
  Standard error                        +/-           0.000000000000

 Time taken in block    : : :       44.8778

 =========================================================================
 FINAL RESULT:

  VMC energy (au)    Standard error      Correction for serial correlation

 -128.892224607434 +/- 0.001458626393      No correction
 -128.892224607434 +/- 0.003744700010      Correlation time method
 -128.892224607434 +/- 0.003230197190      On-the-fly reblocking method

 Sample variance of E_L (au^2/sim.cell) : 1.063793348864


 ==========================================
 PERFORMING OPTIMIZATION CALCULATION No. 2.
 ==========================================


 Optimization start
 ==================
   Iteration     Total nfev        Cost      Cost reduction    Step norm     Optimality
       0              1         1.0674e+00                                    4.16e+02
       1              4         1.0641e+00      3.23e-03       8.07e-02       9.18e+02
       2              5         1.0590e+00      5.12e-03       5.95e-02       1.36e+02
       3              6         1.0563e+00      2.74e-03       7.14e-02       4.19e+02
`ftol` termination condition is satisfied.
Function evaluations 6, initial cost 1.0674e+00, final cost 1.0563e+00, first-order optimality 4.19e+02.
Norm of Jacobian at the solution: 2.40547e-14

 BEGIN VMC CALCULATION
 =====================

 Running VMC equilibration (5000 moves).
 Performing time-step optimization.
 Optimized step size: 0.07578
 DTVMC: 0.00191

 Starting VMC.

 =========================================================================
 In block : 1
  Number of VMC steps           = 500000

  Block average energies (au)

  Total energy                       (au) =        -128.896750445978
  Standard error                        +/-           0.001475587404

  Constant energy contributions      (au) =           0.000000000000

  Variance of local energy           (au) =           1.088676915582
  Standard error                        +/-           0.000000000000

 Time taken in block    : : :       44.8226

 =========================================================================
 FINAL RESULT:

  VMC energy (au)    Standard error      Correction for serial correlation

 -128.896750445978 +/- 0.001475587404      No correction
 -128.896750445978 +/- 0.003883091071      Correlation time method
 -128.896750445978 +/- 0.003393579766      On-the-fly reblocking method

 Sample variance of E_L (au^2/sim.cell) : 1.088676915582


 =========================================================================

 Total PyCasino real time : : :    999.9833
