
 ------------------------------------------------------------------------------
 ########::'##:::'##::'######:::::'###:::::'######::'####:'##::: ##::'#######::
 ##.... ##:. ##:'##::'##... ##:::'## ##:::'##... ##:. ##:: ###:: ##:'##.... ##:
 ##:::: ##::. ####::: ##:::..:::'##:. ##:: ##:::..::: ##:: ####: ##: ##:::: ##:
 ########::::. ##:::: ##:::::::'##:::. ##:. ######::: ##:: ## ## ##: ##:::: ##:
 ##.....:::::: ##:::: ##::::::: #########::..... ##:: ##:: ##. ####: ##:::: ##:
 ##::::::::::: ##:::: ##::: ##: ##.... ##:'##::: ##:: ##:: ##:. ###: ##:::: ##:
 ##::::::::::: ##::::. ######:: ##:::: ##:. ######::'####: ##::. ##:. #######::
 .::::::::::::..::::::......:::..:::::..:::......:::....::..::::..:::.......:::

                     Python Quantum Monte Carlo Package
                        v 0.2.0 [Vladimir Konkov]

    Main Author : Vladimir Konkov
 ------------------------------------------------------------------------------
 Started 2024/08/21 08:26:05

 Python 3.10.12 (main, Jul 29 2024, 16:56:48) [GCC 11.4.0]
 Numba 0.59.0
 Numpy 1.26.4
 Scipy 1.11.3

 Running in parallel using 4 MPI processes.

 General input parameters
 ========================
 NEU (num up spin electrons)              :  4
 NED (num down spin electrons)            :  4
 RUNTYPE (type of run)                    :  vmc_opt
 PSI_S  (form for [anti]symmetrizing wfn) :  slater
 ATOM_BASIS_TYPE (atom-centred orb basis) :  gaussian
 INTERACTION (interaction type)           :  coulomb
 TESTRUN (read input data,print and stop) :  F
 PERIODIC                                 :  F
 COMPLEX_WF (complex Slater wave fn.)     :  F
 NEIGHPRINT (neighbour analysis)          :  0
 USE_JASTROW (use Jastrow factor)         :  T
 BACKFLOW (use backflow corrections)      :  F
 USE_ORBMODS (use orbitals modifications) :  F
 E_OFFSET (energy offset)                 :  0.0000
 CHECKPOINT (checkpointing level)         :  1
 CON_LOC (Dir to read/write config.*)     :  ./
 RELATIVISTIC                             :  F

 VMC/optimization input parameters
 ====================
 NEWRUN (start new run)                   :  T
 VMC_METHOD (choice of VMC algorithm)     :  3
 DTVMC (VMC time step)                    :  1.0000E-02
 OPT_DTVMC (VMC time-step optimization)   :  1
 VMC_NSTEP (num VMC steps)                :  100000
 VMC_NCONFIG_WRITE (num configs to write) :  100000
 VMC_NBLOCK (num VMC blocks)              :  1
 VMC_EQUIL_NSTEP (num equil steps)        :  5000
 VMC_DECORR_PERIOD (length of inner loop) :  10
 VMC_AVE_PERIOD (hist reduction factor)   :  1
 VMC_SAMPLING                             :  standard
 MAKEMOVIE                                :  F
 FORCES                                   :  F

 Non-local integration grids
 ===========================
 Ion type            :  1
 Non-local grid no.  :  4
 Lexact              :  5
 Number of points    :  12

 BEGIN VMC CALCULATION
 =====================

 Running VMC equilibration (5000 moves).
 Performing time-step optimization.
 Optimized step size: 0.17979
 DTVMC: 0.01077

 Starting VMC.

 =========================================================================
 In block : 1
  Number of VMC steps           = 100000

  Block average energies (au)

  Total energy                       (au) =         -34.600595767805
  Standard error                        +/-           0.013697258567

  Constant energy contributions      (au) =           0.000000000000

  Variance of local energy           (au) =           6.173615486739
  Standard error                        +/-           0.000000000000

 Time taken in block    : : :       26.4890

 =========================================================================
 FINAL RESULT:

  VMC energy (au)    Standard error      Correction for serial correlation

 -34.600595767805 +/- 0.013697258567      On-the-fly reblocking method

 Sample variance of E_L (au^2/sim.cell) : 6.173615486739


 ==========================================
 PERFORMING OPTIMIZATION CALCULATION No. 1.
 ==========================================


 Optimization start
 ==================
   Iteration     Total nfev        Cost      Cost reduction    Step norm     Optimality
       0              1         2.2817e+00                                    4.90e+05
       1              2         7.5777e-01      1.52e+00       1.28e-03       3.16e+04
       2              3         5.2713e-01      2.31e-01       3.12e-03       2.42e+03
       3              4         4.6475e-01      6.24e-02       1.19e-02       7.02e+02
       4              5         4.5220e-01      1.26e-02       2.66e-02       2.90e+02
       5              6         4.4680e-01      5.40e-03       3.16e-02       7.26e+01
       6              7         4.4487e-01      1.93e-03       1.92e-02       1.29e+02
`ftol` termination condition is satisfied.
Function evaluations 7, initial cost 2.2817e+00, final cost 4.4487e-01, first-order optimality 1.29e+02.
Norm of Jacobian at the solution: 2.00328e-12

 BEGIN VMC CALCULATION
 =====================

 Running VMC equilibration (5000 moves).
 Performing time-step optimization.
 Optimized step size: 0.17755
 DTVMC: 0.01051

 Starting VMC.

 =========================================================================
 In block : 1
  Number of VMC steps           = 100000

  Block average energies (au)

  Total energy                       (au) =         -34.889885384817
  Standard error                        +/-           0.002682863048

  Constant energy contributions      (au) =           0.000000000000

  Variance of local energy           (au) =           0.413065717830
  Standard error                        +/-           0.000000000000

 Time taken in block    : : :       29.8785

 =========================================================================
 FINAL RESULT:

  VMC energy (au)    Standard error      Correction for serial correlation

 -34.889885384817 +/- 0.002682863048      On-the-fly reblocking method

 Sample variance of E_L (au^2/sim.cell) : 0.413065717830


 ==========================================
 PERFORMING OPTIMIZATION CALCULATION No. 2.
 ==========================================


 Optimization start
 ==================
   Iteration     Total nfev        Cost      Cost reduction    Step norm     Optimality
       0              1         4.1494e-01                                    5.07e+03
       1              4         4.1249e-01      2.45e-03       4.81e-02       6.27e+03
`ftol` termination condition is satisfied.
Function evaluations 4, initial cost 4.1494e-01, final cost 4.1249e-01, first-order optimality 6.27e+03.
Norm of Jacobian at the solution: 4.19984e-13

 BEGIN VMC CALCULATION
 =====================

 Running VMC equilibration (5000 moves).
 Performing time-step optimization.
 Optimized step size: 0.17971
 DTVMC: 0.01077

 Starting VMC.

 =========================================================================
 In block : 1
  Number of VMC steps           = 100000

  Block average energies (au)

  Total energy                       (au) =         -34.888947998115
  Standard error                        +/-           0.002714672420

  Constant energy contributions      (au) =           0.000000000000

  Variance of local energy           (au) =           0.411488700833
  Standard error                        +/-           0.000000000000

 Time taken in block    : : :       29.8988

 =========================================================================
 FINAL RESULT:

  VMC energy (au)    Standard error      Correction for serial correlation

 -34.888947998115 +/- 0.002714672420      On-the-fly reblocking method

 Sample variance of E_L (au^2/sim.cell) : 0.411488700833


 =========================================================================

 Total PyCasino real time : : :    818.6042
