
 ------------------------------------------------------------------------------
 ########::'##:::'##::'######:::::'###:::::'######::'####:'##::: ##::'#######::
 ##.... ##:. ##:'##::'##... ##:::'## ##:::'##... ##:. ##:: ###:: ##:'##.... ##:
 ##:::: ##::. ####::: ##:::..:::'##:. ##:: ##:::..::: ##:: ####: ##: ##:::: ##:
 ########::::. ##:::: ##:::::::'##:::. ##:. ######::: ##:: ## ## ##: ##:::: ##:
 ##.....:::::: ##:::: ##::::::: #########::..... ##:: ##:: ##. ####: ##:::: ##:
 ##::::::::::: ##:::: ##::: ##: ##.... ##:'##::: ##:: ##:: ##:. ###: ##:::: ##:
 ##::::::::::: ##::::. ######:: ##:::: ##:. ######::'####: ##::. ##:. #######::
 .::::::::::::..::::::......:::..:::::..:::......:::....::..::::..:::.......:::

                     Python Quantum Monte Carlo Package
                        v 0.2.0 [Vladimir Konkov]

    Main Author : Vladimir Konkov
 ------------------------------------------------------------------------------
 Started 2024/09/19 19:36:32

 Python 3.10.12 (main, Sep 11 2024, 15:47:36) [GCC 11.4.0]
 Numba 0.59.0
 Numpy 1.26.4
 Scipy 1.11.3

 Running in parallel using 4 MPI processes.

 General input parameters
 ========================
 NEU (num up spin electrons)              :  2
 NED (num down spin electrons)            :  1
 RUNTYPE (type of run)                    :  vmc_dmc
 PSI_S  (form for [anti]symmetrizing wfn) :  slater
 ATOM_BASIS_TYPE (atom-centred orb basis) :  gaussian
 INTERACTION (interaction type)           :  coulomb
 TESTRUN (read input data,print and stop) :  F
 PERIODIC                                 :  F
 COMPLEX_WF (complex Slater wave fn.)     :  F
 NEIGHPRINT (neighbour analysis)          :  0
 USE_JASTROW (use Jastrow factor)         :  T
 BACKFLOW (use backflow corrections)      :  F
 USE_ORBMODS (use orbitals modifications) :  F
 E_OFFSET (energy offset)                 :  0.0000
 CHECKPOINT (checkpointing level)         :  1
 CON_LOC (Dir to read/write config.*)     :  ./
 RELATIVISTIC                             :  F

 VMC/DMC input parameters
 ====================
 NEWRUN (start new run)                   :  T
 VMC_METHOD (choice of VMC algorithm)     :  3
 DTVMC (VMC time step)                    :  1.0000E-02
 OPT_DTVMC (VMC time-step optimization)   :  1
 VMC_NSTEP (num VMC steps)                :  1024
 VMC_NCONFIG_WRITE (num configs to write) :  1024
 VMC_NBLOCK (num VMC blocks)              :  1
 VMC_EQUIL_NSTEP (num equil steps)        :  5000
 VMC_DECORR_PERIOD (length of inner loop) :  1
 VMC_AVE_PERIOD (hist reduction factor)   :  1
 VMC_SAMPLING                             :  standard
 MAKEMOVIE                                :  F
 FORCES                                   :  F

 Non-local integration grids
 ===========================
 Ion type            :  1
 Non-local grid no.  :  4
 Lexact              :  5
 Number of points    :  12

 ======================================================
 PERFORMING A VMC CONFIGURATION-GENERATION CALCULATION.
 ======================================================


 BEGIN VMC CALCULATION
 =====================

 Running VMC equilibration (5000 moves).
 Performing time-step optimization.
 Optimized step size: 0.75770
 DTVMC: 0.19137

 Starting VMC.

 =========================================================================
 In block : 1
  Number of VMC steps           = 1024

  Block average energies (au)

  Total energy                       (au) =          -2.600338981157
  Standard error                        +/-           0.007300571150

  Constant energy contributions      (au) =           0.000000000000

  Variance of local energy           (au) =           0.020667832629
  Standard error                        +/-           0.000000000000

 Time taken in block    : : :       0.4042

 =========================================================================
 FINAL RESULT:

  VMC energy (au)    Standard error      Correction for serial correlation

 -2.600338981157 +/- 0.007300571150      On-the-fly reblocking method

 Sample variance of E_L (au^2/sim.cell) : 0.020667832629


 *     *     *     *     *     *     *     *     *     *     *     *

 ===========================================
 PERFORMING A DMC EQUILIBRATION CALCULATION.
 ===========================================

 BEGIN DMC CALCULATION
 =====================

 Random number generator reset to state in config.in.

 EBEST = -2.600356951059412 (au/prim cell inc. N-N)
 EREF  = -2.600356951059412


 =========================================================================
 In block : 1

 Number of moves in block                 : 10000
 Load-balancing efficiency (%)            : 93.607
 Acceptance ratio (%)                     : 98.765
 Number of config transfers               : 503
 New best estimate of DMC energy (au)     : -2.60521005
 New best estimate of effective time step : 0.03657281

 Time taken in block    : : :       2886.5964

 *     *     *     *     *     *     *     *     *     *     *     *

 =====================================================
 PERFORMING A DMC STATISTICS-ACCUMULATION CALCULATION.
 =====================================================

 BEGIN DMC CALCULATION
 =====================

 Random number generator reset to state in config.in.

 EBEST = -2.6220225542859215 (au/prim cell inc. N-N)
 EREF  = -2.621033300937994

 Number of previous DMC stats accumulation moves : 0

 =========================================================================
 In block : 1

 Number of moves in block                 : 10000
 Load-balancing efficiency (%)            : 91.067
 Acceptance ratio (%)                     : 98.606
 Number of config transfers               : 716
 New best estimate of DMC energy (au)     : -2.60540596
 New best estimate of effective time step : 0.03651386

 Time taken in block    : : :       1047.9606

 =========================================================================
 In block : 2

 Number of moves in block                 : 10000
 Load-balancing efficiency (%)            : 90.360
 Acceptance ratio (%)                     : 98.367
 Number of config transfers               : 712
 New best estimate of DMC energy (au)     : -2.60514761
 New best estimate of effective time step : 0.03642525

 Time taken in block    : : :       1061.8080

 =========================================================================
 In block : 3

 Number of moves in block                 : 10000
 Load-balancing efficiency (%)            : 91.635
 Acceptance ratio (%)                     : 98.494
 Number of config transfers               : 721
 New best estimate of DMC energy (au)     : -2.60521627
 New best estimate of effective time step : 0.03647221

 Time taken in block    : : :       1053.7471

 =========================================================================
 In block : 4

 Number of moves in block                 : 10000
 Load-balancing efficiency (%)            : 91.153
 Acceptance ratio (%)                     : 98.823
 Number of config transfers               : 660
 New best estimate of DMC energy (au)     : -2.60512849
 New best estimate of effective time step : 0.03659402

 Time taken in block    : : :       1047.6013

 =========================================================================
 In block : 5

 Number of moves in block                 : 10000
 Load-balancing efficiency (%)            : 89.675
 Acceptance ratio (%)                     : 98.290
 Number of config transfers               : 766
 New best estimate of DMC energy (au)     : -2.60514519
 New best estimate of effective time step : 0.03639660

 Time taken in block    : : :       1058.6422

Mixed estimators of the energies at the end of the run
------------------------------------------------------

Total energy                 =       -2.605145194405 +/- 0.000095310762

 =========================================================================

 Total PyCasino real time : : :    8447.4076
