
 ------------------------------------------------------------------------------
 ########::'##:::'##::'######:::::'###:::::'######::'####:'##::: ##::'#######::
 ##.... ##:. ##:'##::'##... ##:::'## ##:::'##... ##:. ##:: ###:: ##:'##.... ##:
 ##:::: ##::. ####::: ##:::..:::'##:. ##:: ##:::..::: ##:: ####: ##: ##:::: ##:
 ########::::. ##:::: ##:::::::'##:::. ##:. ######::: ##:: ## ## ##: ##:::: ##:
 ##.....:::::: ##:::: ##::::::: #########::..... ##:: ##:: ##. ####: ##:::: ##:
 ##::::::::::: ##:::: ##::: ##: ##.... ##:'##::: ##:: ##:: ##:. ###: ##:::: ##:
 ##::::::::::: ##::::. ######:: ##:::: ##:. ######::'####: ##::. ##:. #######::
 .::::::::::::..::::::......:::..:::::..:::......:::....::..::::..:::.......:::

                     Python Quantum Monte Carlo Package
                        v 0.3.0 [Vladimir Konkov]

    Main Author : Vladimir Konkov
 ------------------------------------------------------------------------------
 Started 2025/05/18 17:21:53

 Python 3.10.12 (main, Feb  4 2025, 14:57:36) [GCC 11.4.0]
 Numba 0.59.0
 Numpy 1.26.4
 Scipy 1.11.3

 Running in parallel using 4 MPI processes.

 General input parameters
 ========================
 NEU (num up spin electrons)              :  18
 NED (num down spin electrons)            :  18
 RUNTYPE (type of run)                    :  vmc
 PSI_S  (form for [anti]symmetrizing wfn) :  slater
 ATOM_BASIS_TYPE (atom-centred orb basis) :  gaussian
 INTERACTION (interaction type)           :  coulomb
 TESTRUN (read input data,print and stop) :  F
 PERIODIC                                 :  F
 COMPLEX_WF (complex Slater wave fn.)     :  F
 NEIGHPRINT (neighbour analysis)          :  0
 USE_JASTROW (use Jastrow factor)         :  F
 BACKFLOW (use backflow corrections)      :  F
 USE_ORBMODS (use orbitals modifications) :  F
 CUSP_CORRECTION                          :  T
 NON_LOCAL_GRID (NL integration grid)     :  4
 E_OFFSET (energy offset)                 :  0.0000
 GAUTOL  (Gaussian evaluation tolerance)  :  7.0
 SPARSE                                   :  F
 DIPOLE_MOMENT                            :  F
 RELATIVISTIC                             :  F

 VMC input parameters
 ====================
 NEWRUN (start new run)                   :  T
 VMC_METHOD (choice of VMC algorithm)     :  3
 DTVMC (VMC time step)                    :  0.02
 OPT_DTVMC (VMC time-step optimization)   :  T
 VMC_NSTEP (num VMC steps)                :  10000000
 VMC_NCONFIG_WRITE (num configs to write) :  0
 VMC_NBLOCK (num VMC blocks)              :  1
 VMC_EQUIL_NSTEP (num equil steps)        :  5000
 VMC_DECORR_PERIOD (length of inner loop) :  1
 VMC_AVE_PERIOD (hist reduction factor)   :  1
 VMC_SAMPLING                             :  standard
 MAKEMOVIE                                :  F
 FORCES                                   :  F

 Gaussian cusp correction
 ========================
 Activated.

 Verbose print out flagged (turn off with cusp_info : F)

 Spin restricted calculation.

 Orbital 1 at position of ion 1
 Sign of orbital at nucleus                : positive
 Cusp radius (au)                          :   0.027777777778
 Value of uncorrected orbital at nucleus   :  43.608490133788
 Value of s part of orbital at nucleus     :  43.608490133788
 Optimum corrected s orbital at nucleus    :  43.738689382115
 Maximum deviation from ideal local energy :   5.929576831015
 Effective nuclear charge                  :  36.000000000000

 Orbital 2 at position of ion 1
 Sign of orbital at nucleus                : positive
 Cusp radius (au)                          :   0.027777777778
 Value of uncorrected orbital at nucleus   : -13.720841107516
 Value of s part of orbital at nucleus     : -13.720841107516
 Optimum corrected s orbital at nucleus    : -13.717975777058
 Maximum deviation from ideal local energy :  29.935785704638
 Effective nuclear charge                  :  36.000000000000

 Orbital 3 at position of ion 1
 Orbital s component effectively zero at this nucleus.

 Orbital 4 at position of ion 1
 Orbital s component effectively zero at this nucleus.

 Orbital 5 at position of ion 1
 Orbital s component effectively zero at this nucleus.

 Orbital 6 at position of ion 1
 Sign of orbital at nucleus                : positive
 Cusp radius (au)                          :   0.027777777778
 Value of uncorrected orbital at nucleus   :  -5.505781654931
 Value of s part of orbital at nucleus     :  -5.505781654931
 Optimum corrected s orbital at nucleus    :  -5.498444772683
 Maximum deviation from ideal local energy :  37.133049932647
 Effective nuclear charge                  :  36.000000000000

 Orbital 7 at position of ion 1
 Orbital s component effectively zero at this nucleus.

 Orbital 8 at position of ion 1
 Orbital s component effectively zero at this nucleus.

 Orbital 9 at position of ion 1
 Orbital s component effectively zero at this nucleus.

 Orbital 10 at position of ion 1
 Orbital s component effectively zero at this nucleus.

 Orbital 11 at position of ion 1
 Orbital s component effectively zero at this nucleus.

 Orbital 12 at position of ion 1
 Orbital s component effectively zero at this nucleus.

 Orbital 13 at position of ion 1
 Orbital s component effectively zero at this nucleus.

 Orbital 14 at position of ion 1
 Orbital s component effectively zero at this nucleus.

 Orbital 15 at position of ion 1
 Sign of orbital at nucleus                : positive
 Cusp radius (au)                          :   0.027777777778
 Value of uncorrected orbital at nucleus   :  -1.751185788791
 Value of s part of orbital at nucleus     :  -1.751185788791
 Optimum corrected s orbital at nucleus    :  -1.751099426496
 Maximum deviation from ideal local energy :  38.566100297646
 Effective nuclear charge                  :  36.000000000000

 Orbital 16 at position of ion 1
 Orbital s component effectively zero at this nucleus.

 Orbital 17 at position of ion 1
 Orbital s component effectively zero at this nucleus.

 Orbital 18 at position of ion 1
 Orbital s component effectively zero at this nucleus.

 Maximum deviation from ideal (averaged over orbitals) :  27.891128204737.

 ====================================
 PERFORMING A SINGLE VMC CALCULATION.
 ====================================


 BEGIN VMC CALCULATION
 =====================

 Running VMC equilibration (5000 moves).
 Performing time-step optimization.
 Optimized step size: 0.01619
 DTVMC: 0.00009

 Starting VMC.

 =========================================================================
 In block : 1
  Number of VMC steps           = 10000000

  Block average energies (au)

  Total energy                       (au) =       -2752.107005876562
  Standard error                        +/-           0.008791654583

  Constant energy contributions      (au) =           0.000000000000

  Variance of local energy           (au) =         772.931825780381
  Standard error                        +/-           0.000000000000

 Time taken in block    : : :       1070.7994

 =========================================================================
 FINAL RESULT:

  VMC energy (au)    Standard error      Correction for serial correlation

 -2752.107005876562 +/- 0.008791654583      No correction
 -2752.107005876562 +/- 0.037167563901      Correlation time method
 -2752.107005876562 +/- 0.085195672859      On-the-fly reblocking method

 Sample variance of E_L (au^2/sim.cell) : 772.931825780381


 =========================================================================

 Total PyCasino real time : : :    1086.1290
