
 ------------------------------------------------------------------------------
 ########::'##:::'##::'######:::::'###:::::'######::'####:'##::: ##::'#######::
 ##.... ##:. ##:'##::'##... ##:::'## ##:::'##... ##:. ##:: ###:: ##:'##.... ##:
 ##:::: ##::. ####::: ##:::..:::'##:. ##:: ##:::..::: ##:: ####: ##: ##:::: ##:
 ########::::. ##:::: ##:::::::'##:::. ##:. ######::: ##:: ## ## ##: ##:::: ##:
 ##.....:::::: ##:::: ##::::::: #########::..... ##:: ##:: ##. ####: ##:::: ##:
 ##::::::::::: ##:::: ##::: ##: ##.... ##:'##::: ##:: ##:: ##:. ###: ##:::: ##:
 ##::::::::::: ##::::. ######:: ##:::: ##:. ######::'####: ##::. ##:. #######::
 .::::::::::::..::::::......:::..:::::..:::......:::....::..::::..:::.......:::

                     Python Quantum Monte Carlo Package
                        v 0.2.0 [Vladimir Konkov]

    Main Author : Vladimir Konkov
 ------------------------------------------------------------------------------
 Started 2024/08/12 07:55:58

 Python 3.10.12 (main, Jul 29 2024, 16:56:48) [GCC 11.4.0]
 Numba 0.59.0
 Numpy 1.26.4
 Scipy 1.11.3

 Running in parallel using 4 MPI processes.

 General input parameters
 ========================
 NEU (num up spin electrons)              :  18
 NED (num down spin electrons)            :  18
 RUNTYPE (type of run)                    :  vmc_opt
 PSI_S  (form for [anti]symmetrizing wfn) :  slater
 ATOM_BASIS_TYPE (atom-centred orb basis) :  slater-type
 INTERACTION (interaction type)           :  coulomb
 TESTRUN (read input data,print and stop) :  F
 PERIODIC                                 :  F
 COMPLEX_WF (complex Slater wave fn.)     :  F
 NEIGHPRINT (neighbour analysis)          :  0
 USE_JASTROW (use Jastrow factor)         :  T
 BACKFLOW (use backflow corrections)      :  F
 USE_ORBMODS (use orbitals modifications) :  F
 E_OFFSET (energy offset)                 :  0.0000
 CHECKPOINT (checkpointing level)         :  1
 CON_LOC (Dir to read/write config.*)     :  ./
 RELATIVISTIC                             :  F

 VMC/optimization input parameters
 ====================
 NEWRUN (start new run)                   :  T
 VMC_METHOD (choice of VMC algorithm)     :  3
 DTVMC (VMC time step)                    :  1.0000E-02
 OPT_DTVMC (VMC time-step optimization)   :  1
 VMC_NSTEP (num VMC steps)                :  100000
 VMC_NCONFIG_WRITE (num configs to write) :  100000
 VMC_NBLOCK (num VMC blocks)              :  1
 VMC_EQUIL_NSTEP (num equil steps)        :  5000
 VMC_DECORR_PERIOD (length of inner loop) :  10
 VMC_AVE_PERIOD (hist reduction factor)   :  1
 VMC_SAMPLING                             :  standard
 MAKEMOVIE                                :  F
 FORCES                                   :  F

 BEGIN VMC CALCULATION
 =====================

 Running VMC equilibration (5000 moves).
 Performing time-step optimization.
 Optimized step size: 0.01687
 DTVMC: 0.00009

 Starting VMC.

 =========================================================================
 In block : 1
  Number of VMC steps           = 100000

  Block average energies (au)

  Total energy                       (au) =       -2752.550933285786
  Standard error                        +/-           0.266574867027

  Constant energy contributions      (au) =           0.000000000000

  Variance of local energy           (au) =         711.595319490241
  Standard error                        +/-           0.000000000000

 Time taken in block    : : :       84.7826

 =========================================================================
 FINAL RESULT:

  VMC energy (au)    Standard error      Correction for serial correlation

 -2752.550933285786 +/- 0.266574867027      On-the-fly reblocking method

 Sample variance of E_L (au^2/sim.cell) : 711.595319490241


 ==========================================
 PERFORMING OPTIMIZATION CALCULATION No. 1.
 ==========================================


 Optimization start
 ==================
   Iteration     Total nfev        Cost      Cost reduction    Step norm     Optimality
       0              1         5.3235e+03                                    9.14e+06
       1              2         4.8941e+03      4.29e+02       9.25e-04       8.58e+06
       2              3         4.1266e+03      7.68e+02       1.80e-03       7.46e+06
       3              4         2.9616e+03      1.16e+03       3.40e-03       5.36e+06
       4              5         1.7404e+03      1.22e+03       6.81e-03       2.60e+06
       5              6         9.2213e+02      8.18e+02       1.53e-02       7.32e+05
       6              7         5.1099e+02      4.11e+02       2.90e-02       2.48e+05
       7              8         2.8774e+02      2.23e+02       6.74e-02       7.12e+04
       8              9         1.8639e+02      1.01e+02       1.36e-01       6.14e+04
       9             10         1.4209e+02      4.43e+01       2.55e-01       3.24e+04
      10             11         1.1270e+02      2.94e+01       2.41e-01       1.85e+04
      11             12         9.6046e+01      1.67e+01       6.74e-01       1.38e+04
      12             13         8.5563e+01      1.05e+01       1.41e+00       9.69e+03
      13             14         8.0123e+01      5.44e+00       9.05e-01       6.96e+03
      14             15         8.0120e+01      2.50e-03       4.58e-03       3.82e+02
`ftol` termination condition is satisfied.
Function evaluations 15, initial cost 5.3235e+03, final cost 8.0120e+01, first-order optimality 3.82e+02.
Norm of Jacobian at the solution: 2.85250e-12

 BEGIN VMC CALCULATION
 =====================

 Running VMC equilibration (5000 moves).
 Performing time-step optimization.
 Optimized step size: 0.01676
 DTVMC: 0.00009

 Starting VMC.

 =========================================================================
 In block : 1
  Number of VMC steps           = 100000

  Block average energies (au)

  Total energy                       (au) =       -2753.545494731857
  Standard error                        +/-           0.102244655795

  Constant energy contributions      (au) =           0.000000000000

  Variance of local energy           (au) =          77.652223184161
  Standard error                        +/-           0.000000000000

 Time taken in block    : : :       96.7939

 =========================================================================
 FINAL RESULT:

  VMC energy (au)    Standard error      Correction for serial correlation

 -2753.545494731857 +/- 0.102244655795      On-the-fly reblocking method

 Sample variance of E_L (au^2/sim.cell) : 77.652223184161


 ==========================================
 PERFORMING OPTIMIZATION CALCULATION No. 2.
 ==========================================


 Optimization start
 ==================
   Iteration     Total nfev        Cost      Cost reduction    Step norm     Optimality
       0              1         8.7530e+01                                    6.59e+04
       1              4         8.6264e+01      1.27e+00       2.68e-01       1.90e+05
       2              6         8.5046e+01      1.22e+00       1.25e-01       7.02e+04
       3              7         8.4452e+01      5.94e-01       6.67e-02       7.48e+04
       4              8         8.4283e+01      1.69e-01       1.07e-01       5.49e+04
`ftol` termination condition is satisfied.
Function evaluations 8, initial cost 8.7530e+01, final cost 8.4283e+01, first-order optimality 5.49e+04.
Norm of Jacobian at the solution: 3.23117e-12

 BEGIN VMC CALCULATION
 =====================

 Running VMC equilibration (5000 moves).
 Performing time-step optimization.
 Optimized step size: 0.01681
 DTVMC: 0.00009

 Starting VMC.

 =========================================================================
 In block : 1
  Number of VMC steps           = 100000

  Block average energies (au)

  Total energy                       (au) =       -2753.245223893232
  Standard error                        +/-           0.087812050955

  Constant energy contributions      (au) =           0.000000000000

  Variance of local energy           (au) =          75.449183522174
  Standard error                        +/-           0.000000000000

 Time taken in block    : : :       96.7900

 =========================================================================
 FINAL RESULT:

  VMC energy (au)    Standard error      Correction for serial correlation

 -2753.245223893232 +/- 0.087812050955      On-the-fly reblocking method

 Sample variance of E_L (au^2/sim.cell) : 75.449183522174


 =========================================================================

 Total PyCasino real time : : :    2402.4888
