
 ------------------------------------------------------------------------------
 ########::'##:::'##::'######:::::'###:::::'######::'####:'##::: ##::'#######::
 ##.... ##:. ##:'##::'##... ##:::'## ##:::'##... ##:. ##:: ###:: ##:'##.... ##:
 ##:::: ##::. ####::: ##:::..:::'##:. ##:: ##:::..::: ##:: ####: ##: ##:::: ##:
 ########::::. ##:::: ##:::::::'##:::. ##:. ######::: ##:: ## ## ##: ##:::: ##:
 ##.....:::::: ##:::: ##::::::: #########::..... ##:: ##:: ##. ####: ##:::: ##:
 ##::::::::::: ##:::: ##::: ##: ##.... ##:'##::: ##:: ##:: ##:. ###: ##:::: ##:
 ##::::::::::: ##::::. ######:: ##:::: ##:. ######::'####: ##::. ##:. #######::
 .::::::::::::..::::::......:::..:::::..:::......:::....::..::::..:::.......:::

                     Python Quantum Monte Carlo Package
                        v 0.2.0 [Vladimir Konkov]

    Main Author : Vladimir Konkov
 ------------------------------------------------------------------------------

 Python 3.10.12 (main, Nov 20 2023, 15:14:05) [GCC 11.4.0]
 Numba 0.59.0
 Numpy 1.26.4
 Scipy 1.11.3

 Running in parallel using 4 MPI processes.

 General input parameters
 ========================
 NEU (num up spin electrons)              :  2
 NED (num down spin electrons)            :  2
 RUNTYPE (type of run)                    :  vmc_dmc
 PSI_S  (form for [anti]symmetrizing wfn) :  slater
 ATOM_BASIS_TYPE (atom-centred orb basis) :  slater-type
 INTERACTION (interaction type)           :  coulomb
 TESTRUN (read input data,print and stop) :  F
 PERIODIC                                 :  F
 COMPLEX_WF (complex Slater wave fn.)     :  F
 NEIGHPRINT (neighbour analysis)          :  0
 USE_JASTROW (use Jastrow factor)         :  T
 BACKFLOW (use backflow corrections)      :  T
 USE_ORBMODS (use orbitals modifications) :  F
 E_OFFSET (energy offset)                 :  0.0000
 CHECKPOINT (checkpointing level)         :  1
 CON_LOC (Dir to read/write config.*)     :  ./
 RELATIVISTIC                             :  F

 ======================================================
 PERFORMING A VMC CONFIGURATION-GENERATION CALCULATION.
 ======================================================


 BEGIN VMC CALCULATION
 =====================

Running VMC equilibration (5000 moves).
Performing time-step optimization.
Optimized step size: 0.22659
DTVMC: 0.01711

Starting VMC.

 =========================================================================
 In block : 1
  Number of VMC steps           = 1024

  Block average energies (au)

  Total energy                       (au) =         -14.681101032700
  Standard error                        +/-           0.021306009189

  Constant energy contributions      (au) =           0.000000000000

  Variance of local energy           (au) =           0.104509948626
  Standard error                        +/-           0.000000000000

 Time taken in block    : : :       125.7887

 =========================================================================
 FINAL RESULT:

  VMC energy (au)    Standard error      Correction for serial correlation

 -14.681101032700 +/- 0.021306009189      On-the-fly reblocking method

 Sample variance of E_L (au^2/sim.cell) : 0.104509948626


 *     *     *     *     *     *     *     *     *     *     *     *

 ===========================================
 PERFORMING A DMC EQUILIBRATION CALCULATION.
 ===========================================

 BEGIN DMC CALCULATION
 =====================

 Random number generator reset to state in config.in.

 EBEST = -14.68110103269959 (au/prim cell inc. N-N)
 EREF  = -14.68110103269959


 =========================================================================
 In block : 1

 Number of moves in block                 : 10000
 Load-balancing efficiency (%)            : 91.603
 Number of config transfers               : 574
 New best estimate of DMC energy (au)     : -14.66368799
 New best estimate of effective time step : 0.01911049

 Time taken in block    : : :       2047.0961

 *     *     *     *     *     *     *     *     *     *     *     *

 =====================================================
 PERFORMING A DMC STATISTICS-ACCUMULATION CALCULATION.
 =====================================================

 BEGIN DMC CALCULATION
 =====================

 Random number generator reset to state in config.in.

 EBEST = -14.65618651269109 (au/prim cell inc. N-N)
 EREF  = -14.672037160925997

 Number of previous DMC stats accumulation moves : 0

 =========================================================================
 In block : 1

 Number of moves in block                 : 10000
 Load-balancing efficiency (%)            : 90.611
 Number of config transfers               : 632
 New best estimate of DMC energy (au)     : -14.66440815
 New best estimate of effective time step : 0.01936846

 Time taken in block    : : :       697.3039

 =========================================================================
 In block : 2

 Number of moves in block                 : 10000
 Load-balancing efficiency (%)            : 91.693
 Number of config transfers               : 566
 New best estimate of DMC energy (au)     : -14.66430227
 New best estimate of effective time step : 0.01931053

 Time taken in block    : : :       709.3667

 =========================================================================
 In block : 3

 Number of moves in block                 : 10000
 Load-balancing efficiency (%)            : 91.505
 Number of config transfers               : 618
 New best estimate of DMC energy (au)     : -14.66416676
 New best estimate of effective time step : 0.01923685

 Time taken in block    : : :       707.8682

 =========================================================================
 In block : 4

 Number of moves in block                 : 10000
 Load-balancing efficiency (%)            : 93.114
 Number of config transfers               : 483
 New best estimate of DMC energy (au)     : -14.66412275
 New best estimate of effective time step : 0.01922264

 Time taken in block    : : :       697.7244

 =========================================================================
 In block : 5

 Number of moves in block                 : 10000
 Load-balancing efficiency (%)            : 90.455
 Number of config transfers               : 683
 New best estimate of DMC energy (au)     : -14.66406786
 New best estimate of effective time step : 0.01932439

 Time taken in block    : : :       712.0262

 =========================================================================
 In block : 6

 Number of moves in block                 : 10000
 Load-balancing efficiency (%)            : 92.863
 Number of config transfers               : 515
 New best estimate of DMC energy (au)     : -14.66409000
 New best estimate of effective time step : 0.01917311

 Time taken in block    : : :       700.3863

 =========================================================================
 In block : 7

 Number of moves in block                 : 10000
 Load-balancing efficiency (%)            : 91.595
 Number of config transfers               : 606
 New best estimate of DMC energy (au)     : -14.66408328
 New best estimate of effective time step : 0.01919889

 Time taken in block    : : :       700.0390

 =========================================================================
 In block : 8

 Number of moves in block                 : 10000
 Load-balancing efficiency (%)            : 91.579
 Number of config transfers               : 570
 New best estimate of DMC energy (au)     : -14.66411702
 New best estimate of effective time step : 0.01935220

 Time taken in block    : : :       702.5621

 =========================================================================
 In block : 9

 Number of moves in block                 : 10000
 Load-balancing efficiency (%)            : 90.450
 Number of config transfers               : 662
 New best estimate of DMC energy (au)     : -14.66413826
 New best estimate of effective time step : 0.01919621

 Time taken in block    : : :       704.0323

 =========================================================================
 In block : 10

 Number of moves in block                 : 10000
 Load-balancing efficiency (%)            : 91.892
 Number of config transfers               : 529
 New best estimate of DMC energy (au)     : -14.66412657
 New best estimate of effective time step : 0.01922527

 Time taken in block    : : :       696.7397

 =========================================================================
 In block : 11

 Number of moves in block                 : 10000
 Load-balancing efficiency (%)            : 92.446
 Number of config transfers               : 620
 New best estimate of DMC energy (au)     : -14.66415609
 New best estimate of effective time step : 0.01924497

 Time taken in block    : : :       701.5043

 =========================================================================
 In block : 12

 Number of moves in block                 : 10000
 Load-balancing efficiency (%)            : 91.554
 Number of config transfers               : 662
 New best estimate of DMC energy (au)     : -14.66415288
 New best estimate of effective time step : 0.01919370

 Time taken in block    : : :       701.6850

 =========================================================================
 In block : 13

 Number of moves in block                 : 10000
 Load-balancing efficiency (%)            : 91.571
 Number of config transfers               : 583
 New best estimate of DMC energy (au)     : -14.66417621
 New best estimate of effective time step : 0.01929532

 Time taken in block    : : :       708.6641

 =========================================================================
 In block : 14

 Number of moves in block                 : 10000
 Load-balancing efficiency (%)            : 92.603
 Number of config transfers               : 543
 New best estimate of DMC energy (au)     : -14.66418330
 New best estimate of effective time step : 0.01917041

 Time taken in block    : : :       696.5562

 =========================================================================
 In block : 15

 Number of moves in block                 : 10000
 Load-balancing efficiency (%)            : 91.639
 Number of config transfers               : 632
 New best estimate of DMC energy (au)     : -14.66418278
 New best estimate of effective time step : 0.01920515

 Time taken in block    : : :       707.0897

 =========================================================================
 In block : 16

 Number of moves in block                 : 10000
 Load-balancing efficiency (%)            : 91.009
 Number of config transfers               : 661
 New best estimate of DMC energy (au)     : -14.66416687
 New best estimate of effective time step : 0.01924843

 Time taken in block    : : :       705.5648

 =========================================================================
 In block : 17

 Number of moves in block                 : 10000
 Load-balancing efficiency (%)            : 92.790
 Number of config transfers               : 521
 New best estimate of DMC energy (au)     : -14.66417994
 New best estimate of effective time step : 0.01914531

 Time taken in block    : : :       694.4980

 =========================================================================
 In block : 18

 Number of moves in block                 : 10000
 Load-balancing efficiency (%)            : 93.203
 Number of config transfers               : 480
 New best estimate of DMC energy (au)     : -14.66418111
 New best estimate of effective time step : 0.01946037

 Time taken in block    : : :       699.7045

 =========================================================================
 In block : 19

 Number of moves in block                 : 10000
 Load-balancing efficiency (%)            : 91.877
 Number of config transfers               : 594
 New best estimate of DMC energy (au)     : -14.66416624
 New best estimate of effective time step : 0.01923179

 Time taken in block    : : :       708.2468

 =========================================================================
 In block : 20

 Number of moves in block                 : 10000
 Load-balancing efficiency (%)            : 91.766
 Number of config transfers               : 591
 New best estimate of DMC energy (au)     : -14.66415515
 New best estimate of effective time step : 0.01936316

 Time taken in block    : : :       698.9264

Mixed estimators of the energies at the end of the run
------------------------------------------------------

Total energy                 =       -14.664155151194 +/- 0.000044000066

 =========================================================================

 Total PyCasino real time : : :    16470.9749
