
 ------------------------------------------------------------------------------
 ########::'##:::'##::'######:::::'###:::::'######::'####:'##::: ##::'#######::
 ##.... ##:. ##:'##::'##... ##:::'## ##:::'##... ##:. ##:: ###:: ##:'##.... ##:
 ##:::: ##::. ####::: ##:::..:::'##:. ##:: ##:::..::: ##:: ####: ##: ##:::: ##:
 ########::::. ##:::: ##:::::::'##:::. ##:. ######::: ##:: ## ## ##: ##:::: ##:
 ##.....:::::: ##:::: ##::::::: #########::..... ##:: ##:: ##. ####: ##:::: ##:
 ##::::::::::: ##:::: ##::: ##: ##.... ##:'##::: ##:: ##:: ##:. ###: ##:::: ##:
 ##::::::::::: ##::::. ######:: ##:::: ##:. ######::'####: ##::. ##:. #######::
 .::::::::::::..::::::......:::..:::::..:::......:::....::..::::..:::.......:::

                     Python Quantum Monte Carlo Package
                        v 0.2.0 [Vladimir Konkov]

    Main Author : Vladimir Konkov
 ------------------------------------------------------------------------------
 Started 2024/08/20 15:20:06

 Python 3.10.12 (main, Jul 29 2024, 16:56:48) [GCC 11.4.0]
 Numba 0.59.0
 Numpy 1.26.4
 Scipy 1.11.3

 Running in parallel using 4 MPI processes.

 General input parameters
 ========================
 NEU (num up spin electrons)              :  9
 NED (num down spin electrons)            :  9
 RUNTYPE (type of run)                    :  vmc_opt
 PSI_S  (form for [anti]symmetrizing wfn) :  slater
 ATOM_BASIS_TYPE (atom-centred orb basis) :  slater-type
 INTERACTION (interaction type)           :  coulomb
 TESTRUN (read input data,print and stop) :  F
 PERIODIC                                 :  F
 COMPLEX_WF (complex Slater wave fn.)     :  F
 NEIGHPRINT (neighbour analysis)          :  0
 USE_JASTROW (use Jastrow factor)         :  T
 BACKFLOW (use backflow corrections)      :  T
 USE_ORBMODS (use orbitals modifications) :  F
 E_OFFSET (energy offset)                 :  0.0000
 CHECKPOINT (checkpointing level)         :  1
 CON_LOC (Dir to read/write config.*)     :  ./
 RELATIVISTIC                             :  F

 VMC/optimization input parameters
 ====================
 NEWRUN (start new run)                   :  T
 VMC_METHOD (choice of VMC algorithm)     :  3
 DTVMC (VMC time step)                    :  1.0000E-02
 OPT_DTVMC (VMC time-step optimization)   :  1
 VMC_NSTEP (num VMC steps)                :  10000
 VMC_NCONFIG_WRITE (num configs to write) :  10000
 VMC_NBLOCK (num VMC blocks)              :  1
 VMC_EQUIL_NSTEP (num equil steps)        :  5000
 VMC_DECORR_PERIOD (length of inner loop) :  10
 VMC_AVE_PERIOD (hist reduction factor)   :  1
 VMC_SAMPLING                             :  standard
 MAKEMOVIE                                :  F
 FORCES                                   :  F

 BEGIN VMC CALCULATION
 =====================

 Running VMC equilibration (5000 moves).
 Performing time-step optimization.
 Optimized step size: 0.03746
 DTVMC: 0.00047

 Starting VMC.

 =========================================================================
 In block : 1
  Number of VMC steps           = 10000

  Block average energies (au)

  Total energy                       (au) =        -526.725568694648
  Standard error                        +/-           0.238710725325

  Constant energy contributions      (au) =           0.000000000000

  Variance of local energy           (au) =         126.734260549102
  Standard error                        +/-           0.000000000000

 Time taken in block    : : :       8.3610

 =========================================================================
 FINAL RESULT:

  VMC energy (au)    Standard error      Correction for serial correlation

 -526.725568694648 +/- 0.238710725325      On-the-fly reblocking method

 Sample variance of E_L (au^2/sim.cell) : 126.734260549102


 ==========================================
 PERFORMING OPTIMIZATION CALCULATION No. 1.
 ==========================================


 Optimization start
 ==================
   Iteration     Total nfev        Cost      Cost reduction    Step norm     Optimality
       0              1         3.4805e+02                                    1.55e+07
       1              2         2.4172e+02      1.06e+02       5.56e-03       9.59e+06
       2              3         1.3178e+02      1.10e+02       1.10e-02       5.64e+06
       3              4         6.7652e+01      6.41e+01       1.94e-02       1.09e+06
       4              5         3.9288e+01      2.84e+01       2.82e-02       6.36e+05
       5              6         2.2076e+01      1.72e+01       5.88e-02       3.02e+05
       6              7         1.3874e+01      8.20e+00       1.11e-01       1.14e+05
       7              8         1.0080e+01      3.79e+00       2.39e-01       2.93e+05
       8              9         7.9226e+00      2.16e+00       3.97e-01       3.38e+05
       9             10         6.6778e+00      1.24e+00       7.88e-01       2.93e+05
      10             11         5.9079e+00      7.70e-01       1.48e+00       2.06e+05
      11             12         5.4873e+00      4.21e-01       2.56e+00       1.81e+05
      12             13         5.3178e+00      1.70e-01       4.96e+00       1.91e+05
      13             14         5.2600e+00      5.78e-02       2.16e+00       1.39e+05
`ftol` termination condition is satisfied.
Function evaluations 14, initial cost 3.4805e+02, final cost 5.2600e+00, first-order optimality 1.39e+05.
Norm of Jacobian at the solution: 1.74984e-11

 BEGIN VMC CALCULATION
 =====================

 Running VMC equilibration (5000 moves).
 Performing time-step optimization.
 Optimized step size: 0.03835
 DTVMC: 0.00049

 Starting VMC.

 =========================================================================
 In block : 1
  Number of VMC steps           = 10000

  Block average energies (au)

  Total energy                       (au) =        -527.297841177235
  Standard error                        +/-           0.080313407994

  Constant energy contributions      (au) =           0.000000000000

  Variance of local energy           (au) =           6.509667863576
  Standard error                        +/-           0.000000000000

 Time taken in block    : : :       9.2181

 =========================================================================
 FINAL RESULT:

  VMC energy (au)    Standard error      Correction for serial correlation

 -527.297841177235 +/- 0.080313407994      On-the-fly reblocking method

 Sample variance of E_L (au^2/sim.cell) : 6.509667863576


 ==========================================
 PERFORMING OPTIMIZATION CALCULATION No. 2.
 ==========================================


 Optimization start
 ==================
Stabilization: 1.0 SEM
E_0 -527.45963792 E_lin -526.50232578 dE 0.95731214
eigvector[0] 0.65315372
delta p / p
[ 1.99991671e-03  2.68235570e-02  5.81301926e-02 -7.79574594e-03
  2.51032594e-03 -1.25686260e-03  9.49030414e-04 -1.13788480e-03
  2.59433762e-03  1.59401103e-02 -9.46056438e-02 -1.68252014e-02
  1.77106668e-03 -5.09621607e-04  3.11180765e-04 -4.03141207e-04
  1.31528119e-03 -8.30123694e-04 -4.98264359e-03 -1.56495745e-02
  3.33088215e-02  7.34132131e-04  3.56224374e-04 -3.40234254e-04
  5.02014040e-04 -1.69310476e-03  4.25037102e-05  7.45024444e-03
 -9.97890918e-04 -6.89055353e-04  5.64592913e-03  7.11590469e-04
 -1.03315126e-02  2.50719211e-03 -2.03278105e-02 -2.05595471e-02
  8.66675758e-03 -2.50762358e-01 -1.48875435e-03 -2.28004332e-04
  9.67876488e-04  9.37809802e-04 -5.37603993e-05  7.03411477e-04
 -1.27959749e+00 -7.87576515e-03  2.91495260e-01 -9.87354340e-05
 -3.02395117e-03 -1.15215751e-02 -1.29114328e-04  2.66734520e-04
 -2.97386459e-03  1.89050364e-02  6.94512762e-04 -1.38403602e-03
 -8.12159866e-04  1.38130923e-03 -3.09119309e-03 -1.31119041e-03
  2.35398461e-03 -5.94972184e-03  1.81098958e-03  2.82793830e-03
 -1.32646791e-03  5.91863317e-05 -3.42460685e-04  3.30763036e-03
 -7.45374517e-04  5.60150142e-04  7.99832463e-03 -9.36777155e-06
  1.08407460e-02  4.08044030e-04  4.85248445e-05  3.52983691e-04
 -1.21649595e-03 -1.21354899e-03 -4.72501943e-04 -3.19812122e-02
  5.55023070e-01  1.60734252e-02 -1.05341675e-03  4.50155150e-05
  1.18955395e-04 -2.53551863e-04  4.49275784e-04 -1.73808065e-03
  1.34959002e-02  2.04028364e-01 -1.04393401e-02  1.11794317e-03
  1.86897269e-04 -1.88047808e-04  9.53824235e-05  2.34900758e-05
 -1.16783797e-03 -2.00284046e-03  5.57329476e-03 -4.63754219e-04
  4.60155995e-03 -6.50745789e-03  1.15326344e-03 -3.26694185e-04
  1.38406301e-04 -1.06822117e-04  1.60520615e-04 -5.86942933e-04
  1.99780110e-04 -5.61636543e-02 -1.43311742e-02 -1.12504527e-02
  4.81732638e-03  1.77626892e-01  5.18790777e-01  2.79039514e-02
  4.17151990e+00  3.99938824e-02 -2.58935081e-03 -7.43532793e-03
  1.77400829e-03 -5.50298163e-03  3.25921494e-03 -1.85167928e-03
  2.87898254e-01  9.22895931e-03 -2.51519706e-01 -4.07143433e-02
  6.81553494e-03  3.04231501e-02 -1.31012868e-03 -5.97073028e-03
 -1.18473192e-02  2.96513710e-02  8.49831694e-03  2.01118139e-03
 -3.74945168e-03 -8.77480200e-03 -4.22708369e-03  1.06933371e-02
 -8.65123484e-04 -2.55490286e-03  1.29596547e-03  6.07217517e-03
 -4.26432557e-03  1.04515414e-03  4.08968484e-03  2.59760035e-04
 -5.55073646e-02  2.05405594e-03 -5.35757740e-03  1.22837956e-03
  6.64693776e-04 -6.27683538e-03  1.18786342e-02  6.14767032e-03
  3.37061162e-03 -5.50158210e-03 -1.74395737e-02 -1.93298328e-03
 -1.16866424e-03  1.65511430e-03  7.68040642e-03 -1.31494364e-04
  1.88504362e-03 -4.92730451e-04 -9.24662537e-04  4.16828289e-03
 -2.68008750e-03 -5.95649805e-03 -1.42119523e-06 -1.06266611e-04
  2.32745400e-04  2.13216205e-05  4.63606358e-02 -5.16181393e-03
  9.14272284e-02  7.34604785e-02 -1.67714893e-03  1.55046064e-03
  2.26450395e-04 -1.21997729e-04 -1.45873902e-04 -9.94186002e-05
  3.37196407e-02 -3.58415408e-03  4.45227241e-02  7.07026986e-04
 -3.95851872e-03 -6.41938035e-02 -3.94638376e-04  2.06865475e-04
 -1.89722860e-05  5.91715936e-04  1.07090834e-03  3.99343304e-04
 -1.43289725e-03 -1.19927755e-03 -1.79689135e-05 -8.07008851e-04
 -2.17877632e-04 -1.07847460e-02 -6.28624375e-04  7.60889705e-03
 -3.11181203e-03  6.31083624e-04 -6.70754906e-03 -8.52029881e-04
 -4.25937659e-04  7.14953624e-04 -3.85404791e-03 -4.78907637e-05
  1.35161642e-03  6.94988640e-03 -4.77043356e-03 -4.10426509e-02
 -8.01347114e-03  2.18948609e-02  4.13709110e-03  1.47626104e-03
 -1.26465037e-03 -1.62370030e-02 -5.88897809e-04]

 BEGIN VMC CALCULATION
 =====================

 Running VMC equilibration (5000 moves).
 Performing time-step optimization.
 Optimized step size: 0.03839
 DTVMC: 0.00049

 Starting VMC.

 =========================================================================
 In block : 1
  Number of VMC steps           = 10000

  Block average energies (au)

  Total energy                       (au) =        -526.900203306270
  Standard error                        +/-           0.094701668290

  Constant energy contributions      (au) =           0.000000000000

  Variance of local energy           (au) =           7.929285907290
  Standard error                        +/-           0.000000000000

 Time taken in block    : : :       9.3694

 =========================================================================
 FINAL RESULT:

  VMC energy (au)    Standard error      Correction for serial correlation

 -526.900203306270 +/- 0.094701668290      On-the-fly reblocking method

 Sample variance of E_L (au^2/sim.cell) : 7.929285907290


 ==========================================
 PERFORMING OPTIMIZATION CALCULATION No. 3.
 ==========================================


 Optimization start
 ==================
Stabilization: 1.0 SEM
E_0 -526.99381549 E_lin -523.19542837 dE 3.79838712
eigvector[0] 0.83695490
delta p / p
[ 7.38287733e-04  3.50487359e-02  1.66696685e-02  9.70930416e-04
  1.94326219e-05 -1.63847374e-04  1.07268312e-04  1.90154639e-04
 -2.54677876e-03  2.16082907e-02  6.33984743e-02  3.42491254e-03
  2.44941758e-04 -2.57143776e-04  1.90026850e-04 -7.77222102e-05
 -9.51197341e-04  5.86373011e-04  1.64003912e-03 -2.28560584e-02
 -3.19968154e-02  7.67276398e-04 -4.02667091e-04  1.19548347e-04
  1.59216145e-04 -1.72584846e-03 -3.07512887e-04 -4.16923520e-03
  1.74067520e-03  1.02492062e-03 -4.82061640e-03  1.26242708e-03
 -2.91676070e-03  1.37153761e-03 -1.89149256e-02 -2.25121014e-02
  9.13806487e-03 -3.80084281e-01 -3.24693556e-03 -1.01395613e-03
  1.66674809e-03  1.54474883e-03 -1.15047118e-03 -1.21823575e-03
 -1.71318918e+00 -1.27326372e-02  5.88504541e-02  1.54951512e-03
 -4.56146837e-03 -5.66581874e-03 -1.07318101e-03  3.70727919e-04
  8.46841430e-04 -2.01674677e-02  1.53102120e-03  1.76128667e-04
 -1.52575169e-03  5.04335218e-04 -2.64273333e-03 -2.01885347e-03
  2.26863118e-03 -1.80257107e-02  3.60938034e-03 -1.40972111e-02
  2.82688592e-03 -2.64366426e-04  1.34124850e-04  3.84583181e-03
  8.19252548e-05  1.29750499e-03 -1.11930200e-02 -3.56537799e-04
  8.34729937e-04 -1.18773296e-04 -2.43394235e-04 -1.18361594e-03
 -1.65026571e-04 -1.59640712e-03 -3.46594020e-03 -4.88232228e-02
  4.89081412e-01  1.86238798e-02 -2.27537624e-03  5.46091036e-04
  9.79713646e-05 -1.54030555e-03 -3.10706947e-03  3.22305968e-04
  1.51848667e-02  2.17408541e-01 -1.63092489e-02  3.91328841e-04
  5.08948695e-04 -3.55438804e-04  2.46736420e-04 -1.58755291e-04
 -1.00489289e-03 -3.26083041e-03  1.22129132e-02 -1.36730155e-03
  3.03302313e-03  3.07351123e-04 -8.01542780e-05  1.91611248e-05
  1.31663111e-05 -3.85151565e-05  5.36227686e-05  5.03625802e-04
  6.24587861e-04 -7.64434616e-02  5.23972885e-03 -9.52070546e-03
 -3.61550317e-03 -2.68735041e-01  2.53401525e-02  1.09682030e-01
  7.40008857e-01 -3.62790080e-03 -2.61622332e-03 -3.51355630e-03
  1.46304733e-03 -6.38143420e-03 -5.29135841e-03  7.94970453e-03
  3.20162453e-01  7.28623727e-02 -3.31444501e+00 -2.87190871e-02
  1.20835461e-02  9.55964503e-03 -1.74212714e-03  8.16110646e-03
  3.84702569e-03 -1.89267283e-02  6.05443922e-03  8.09569313e-04
 -1.80286620e-02  3.74652263e-03  1.44537794e-02 -2.75501801e-03
 -1.06122820e-03 -5.50882115e-04  8.82455574e-03  9.99935648e-04
  3.61269945e-03 -1.27777285e-03  5.11920858e-03 -9.66505207e-04
  2.35195345e-02 -8.89834429e-04  1.15746245e-04 -3.38157421e-03
 -3.20381775e-03  2.75298606e-03 -5.62750206e-03  2.30012853e-02
  3.59904701e-03 -2.27997402e-04  4.76339075e-03  2.16523937e-04
 -1.69133137e-04  3.13666345e-05 -2.45070552e-03  3.32091185e-04
 -2.57440025e-04  3.12971817e-03 -8.99437713e-05 -2.18851237e-02
 -3.35691907e-04 -2.63460302e-03  6.01986948e-04 -4.72188519e-04
 -9.21404258e-04  2.39452099e-04  1.17807156e-02  1.10153998e-02
  5.77606324e-02  5.73849264e-02 -1.84866634e-03 -4.73247691e-04
 -1.39248654e-03  8.66359909e-04  5.86492796e-04 -3.16694760e-04
  6.99603944e-03  4.50983800e-02  5.25726780e-02 -1.18265778e-03
 -7.22340889e-03  4.71731680e-02  1.66528343e-03 -2.46165270e-03
 -6.59378574e-04  1.11902857e-03  6.75440220e-04  6.21463477e-04
 -6.43831574e-04 -6.10824987e-03 -1.78160621e-04  5.77570860e-03
 -3.47722673e-04  3.94376775e-03  2.80198515e-03 -4.50527241e-03
  5.06985924e-04 -8.54514411e-04 -9.96557140e-04  1.20045743e-03
 -6.33673693e-04  4.83160919e-04 -1.22763848e-02 -2.73313911e-03
 -2.40469564e-03 -1.29871770e-02  3.74579980e-03  1.44565554e-01
  3.93787079e-03 -1.05810072e-03 -7.26172057e-03  2.46195678e-03
 -1.00523109e-03 -1.43127716e-01  4.41282093e-03]

 BEGIN VMC CALCULATION
 =====================

 Running VMC equilibration (5000 moves).
 Performing time-step optimization.
 Optimized step size: 0.03770
 DTVMC: 0.00047

 Starting VMC.

 =========================================================================
 In block : 1
  Number of VMC steps           = 10000

  Block average energies (au)

  Total energy                       (au) =        -526.737528321372
  Standard error                        +/-           0.112435675324

  Constant energy contributions      (au) =           0.000000000000

  Variance of local energy           (au) =           9.165495434288
  Standard error                        +/-           0.000000000000

 Time taken in block    : : :       9.2367

 =========================================================================
 FINAL RESULT:

  VMC energy (au)    Standard error      Correction for serial correlation

 -526.737528321372 +/- 0.112435675324      On-the-fly reblocking method

 Sample variance of E_L (au^2/sim.cell) : 9.165495434288


 ==========================================
 PERFORMING OPTIMIZATION CALCULATION No. 4.
 ==========================================


 Optimization start
 ==================
Stabilization: 1.0 SEM
E_0 -527.08472549 E_lin -528.16013683 dE -1.07541133
eigvector[0] 0.94038788
delta p / p
[-1.71462117e-04 -3.12886475e-02 -6.45709978e-02  6.60244607e-03
 -1.18233534e-03  1.41275499e-04  1.79307479e-04 -5.22004431e-04
  2.09061283e-03  2.73346710e-03  2.47391334e-02  5.61810677e-03
 -9.49256644e-04  3.60669710e-04 -2.27972266e-04  2.56562356e-04
 -7.66583134e-04 -1.05692313e-04  1.62171394e-03 -1.50504916e-02
  2.05022449e-03  2.03013337e-03 -1.66203914e-04 -7.42418093e-05
  2.08034550e-05  1.04752816e-03 -1.24198461e-03 -2.55245982e-02
 -1.41574977e-03  7.26772270e-04 -2.48888634e-03  1.09807330e-03
  2.00092470e-03  2.73967330e-03  9.25647547e-03 -6.38577572e-03
  5.83289052e-03 -9.16066301e-02 -7.14719107e-04  3.77150979e-04
  1.85171022e-03 -4.90076963e-04 -5.19938226e-04  3.91451749e-03
  1.23489520e+01  1.43246702e-04 -3.10103172e-01 -9.89257074e-04
 -6.21887812e-04 -5.79014531e-03  1.71357336e-04  3.77883641e-04
  9.42416172e-04 -2.78746108e-02  3.31147655e-04 -3.90346556e-04
 -1.50506023e-03  8.56117691e-04 -2.08104122e-03  7.79622669e-04
  2.23514339e-03  6.29750264e-03  1.98761946e-03  2.47109196e-03
  6.23049217e-05  3.73812148e-04 -1.77509267e-04  1.95145976e-03
  1.46507810e-03 -2.27572533e-03  2.73834648e-03  1.40192201e-05
 -3.90547216e-03 -9.26666649e-05  1.30865967e-04  7.36009918e-04
 -2.10597124e-03  4.92545835e-03  5.37235584e-03  3.46304141e-02
  3.40456193e-02 -4.77448534e-02  1.30175278e-04  1.05792818e-03
 -1.71036511e-04 -2.13530212e-03 -5.81572906e-03  3.98944402e-03
 -7.70511025e-03  8.20301147e-02 -1.74772506e-05  1.04295228e-03
 -4.99921211e-04  1.34075937e-04  6.56939692e-05 -2.82757558e-04
  1.74760637e-03  1.03372302e-03 -2.80790277e-04  1.75924534e-03
  5.67990095e-03  3.49338954e-03 -7.86659219e-04  2.58113234e-05
  7.94309922e-05 -5.51237258e-05 -1.03717796e-04  1.81256617e-03
  6.70688329e-04 -1.34204587e-01 -5.56532433e-03 -7.06548517e-05
 -6.22671425e-03  1.19741099e-01 -2.22554085e-01 -1.02811392e-01
  6.17808227e+00 -2.59886673e-02  1.00777849e-03  9.54353823e-03
 -1.98155863e-03  1.06439872e-02  1.57583641e-02  1.30104960e-02
 -3.14657357e-01 -1.57324284e-01 -2.42906747e+00  4.68803843e-02
 -1.19411763e-03 -5.07141008e-02  2.65109944e-03  1.84153067e-04
 -8.96685484e-03 -5.06597466e-02  6.81183335e-03  4.04507264e-03
 -9.49587645e-03  5.10330518e-03  1.16690038e-02 -9.75465714e-03
  6.21087123e-04  6.74903824e-02  3.52505172e-03 -5.19170433e-03
 -1.44230542e-03 -2.39394071e-03 -5.38063164e-04  1.12102345e-04
  1.55012573e-02 -3.07935107e-03 -8.85355044e-04 -1.02768878e-02
 -3.69741662e-04  8.81144735e-03 -1.85618874e-02 -4.04342782e-02
 -5.83362075e-04  6.40161008e-03  3.56595796e-03  2.16675743e-04
 -2.00655558e-03  3.53889078e-03 -1.66272689e-02  1.32365515e-03
  7.26028188e-04 -3.67634024e-03 -2.33776766e-03 -2.20226167e-02
  4.48746080e-03  7.18775198e-04 -4.09121050e-04 -1.01985475e-03
  1.18563074e-03  1.19995210e-03  8.32574238e-03 -3.45158960e-01
  1.86228037e-01 -6.32299795e-02  5.63424197e-03 -2.38779363e-03
  5.03434322e-04  1.39417877e-03 -1.11795058e-03 -1.04769029e-03
 -4.01114664e-02 -6.56640128e-02  4.25743926e-02  6.50080932e-04
  1.50950107e-02  1.03653786e-01 -1.05573805e-04 -2.78341702e-03
  2.18452705e-03  1.74603355e-03  1.22537859e-03  1.69495870e-03
 -2.44517129e-03 -5.74614476e-03  1.31426206e-03  3.85686557e-03
  8.78756103e-04 -9.53004817e-03 -1.52390496e-03 -1.36272766e-03
 -3.84620719e-03 -1.12892794e-03 -6.40551388e-03  1.60657449e-05
  9.32342338e-05 -2.26603236e-04 -1.80599418e-03  1.27916458e-03
  1.64722698e-03 -4.17288375e-03  6.30693499e-03  2.37643001e-01
  2.16819412e-03 -2.18006356e-02 -1.13148236e-02  1.09455631e-03
 -3.69275223e-05 -5.84189768e-02 -8.79259727e-04]

 BEGIN VMC CALCULATION
 =====================

 Running VMC equilibration (5000 moves).
 Performing time-step optimization.
 Optimized step size: 0.03889
 DTVMC: 0.00050

 Starting VMC.

 =========================================================================
 In block : 1
  Number of VMC steps           = 10000

  Block average energies (au)

  Total energy                       (au) =        -527.352515702709
  Standard error                        +/-           0.078933035382

  Constant energy contributions      (au) =           0.000000000000

  Variance of local energy           (au) =           7.867717127712
  Standard error                        +/-           0.000000000000

 Time taken in block    : : :       9.3217

 =========================================================================
 FINAL RESULT:

  VMC energy (au)    Standard error      Correction for serial correlation

 -527.352515702709 +/- 0.078933035382      On-the-fly reblocking method

 Sample variance of E_L (au^2/sim.cell) : 7.867717127712


 =========================================================================

 Total PyCasino real time : : :    4059.7777
