
 ------------------------------------------------------------------------------
 ########::'##:::'##::'######:::::'###:::::'######::'####:'##::: ##::'#######::
 ##.... ##:. ##:'##::'##... ##:::'## ##:::'##... ##:. ##:: ###:: ##:'##.... ##:
 ##:::: ##::. ####::: ##:::..:::'##:. ##:: ##:::..::: ##:: ####: ##: ##:::: ##:
 ########::::. ##:::: ##:::::::'##:::. ##:. ######::: ##:: ## ## ##: ##:::: ##:
 ##.....:::::: ##:::: ##::::::: #########::..... ##:: ##:: ##. ####: ##:::: ##:
 ##::::::::::: ##:::: ##::: ##: ##.... ##:'##::: ##:: ##:: ##:. ###: ##:::: ##:
 ##::::::::::: ##::::. ######:: ##:::: ##:. ######::'####: ##::. ##:. #######::
 .::::::::::::..::::::......:::..:::::..:::......:::....::..::::..:::.......:::

                     Python Quantum Monte Carlo Package
                        v 0.2.0 [Vladimir Konkov]

    Main Author : Vladimir Konkov
 ------------------------------------------------------------------------------
 Started 2024/08/18 22:41:12

 Python 3.10.12 (main, Jul 29 2024, 16:56:48) [GCC 11.4.0]
 Numba 0.59.0
 Numpy 1.26.4
 Scipy 1.11.3

 Running in parallel using 4 MPI processes.

 General input parameters
 ========================
 NEU (num up spin electrons)              :  5
 NED (num down spin electrons)            :  5
 RUNTYPE (type of run)                    :  vmc_opt
 PSI_S  (form for [anti]symmetrizing wfn) :  slater
 ATOM_BASIS_TYPE (atom-centred orb basis) :  gaussian
 INTERACTION (interaction type)           :  coulomb
 TESTRUN (read input data,print and stop) :  F
 PERIODIC                                 :  F
 COMPLEX_WF (complex Slater wave fn.)     :  F
 NEIGHPRINT (neighbour analysis)          :  0
 USE_JASTROW (use Jastrow factor)         :  T
 BACKFLOW (use backflow corrections)      :  T
 USE_ORBMODS (use orbitals modifications) :  F
 E_OFFSET (energy offset)                 :  0.0000
 CHECKPOINT (checkpointing level)         :  1
 CON_LOC (Dir to read/write config.*)     :  ./
 RELATIVISTIC                             :  F

 VMC/optimization input parameters
 ====================
 NEWRUN (start new run)                   :  T
 VMC_METHOD (choice of VMC algorithm)     :  3
 DTVMC (VMC time step)                    :  1.0000E-02
 OPT_DTVMC (VMC time-step optimization)   :  1
 VMC_NSTEP (num VMC steps)                :  10000
 VMC_NCONFIG_WRITE (num configs to write) :  10000
 VMC_NBLOCK (num VMC blocks)              :  1
 VMC_EQUIL_NSTEP (num equil steps)        :  5000
 VMC_DECORR_PERIOD (length of inner loop) :  10
 VMC_AVE_PERIOD (hist reduction factor)   :  1
 VMC_SAMPLING                             :  standard
 MAKEMOVIE                                :  F
 FORCES                                   :  F

 Gaussian cusp correction
 ========================
 Activated.

 BEGIN VMC CALCULATION
 =====================

 Running VMC equilibration (5000 moves).
 Performing time-step optimization.
 Optimized step size: 0.07373
 DTVMC: 0.00181

 Starting VMC.

 =========================================================================
 In block : 1
  Number of VMC steps           = 10000

  Block average energies (au)

  Total energy                       (au) =        -128.673248663808
  Standard error                        +/-           0.087429019871

  Constant energy contributions      (au) =           0.000000000000

  Variance of local energy           (au) =          26.622920783473
  Standard error                        +/-           0.000000000000

 Time taken in block    : : :       3.3250

 =========================================================================
 FINAL RESULT:

  VMC energy (au)    Standard error      Correction for serial correlation

 -128.673248663808 +/- 0.087429019871      On-the-fly reblocking method

 Sample variance of E_L (au^2/sim.cell) : 26.622920783473


 ==========================================
 PERFORMING OPTIMIZATION CALCULATION No. 1.
 ==========================================


 Optimization start
 ==================
   Iteration     Total nfev        Cost      Cost reduction    Step norm     Optimality
       0              1         1.8855e+01                                    7.21e+04
       1              2         9.2840e+00      9.57e+00       3.52e-02       3.17e+04
       2              3         5.9067e+00      3.38e+00       5.18e-02       3.41e+03
       3              4         4.2537e+00      1.65e+00       1.15e-01       5.12e+03
       4              5         3.4406e+00      8.13e-01       2.20e-01       5.54e+03
       5              6         3.0665e+00      3.74e-01       4.92e-01       5.26e+03
       6              7         2.8715e+00      1.95e-01       9.85e-01       3.86e+03
       7              8         2.7691e+00      1.02e-01       1.69e+00       2.29e+03
       8              9         2.7128e+00      5.64e-02       3.02e+00       2.32e+03
       9             10         2.6801e+00      3.27e-02       5.26e+00       3.54e+03
`ftol` termination condition is satisfied.
Function evaluations 10, initial cost 1.8855e+01, final cost 2.6801e+00, first-order optimality 3.54e+03.
Norm of Jacobian at the solution: 6.48430e-13

 BEGIN VMC CALCULATION
 =====================

 Running VMC equilibration (5000 moves).
 Performing time-step optimization.
 Optimized step size: 0.07491
 DTVMC: 0.00187

 Starting VMC.

 =========================================================================
 In block : 1
  Number of VMC steps           = 10000

  Block average energies (au)

  Total energy                       (au) =        -128.934899065105
  Standard error                        +/-           0.025418478555

  Constant energy contributions      (au) =           0.000000000000

  Variance of local energy           (au) =           5.549591085054
  Standard error                        +/-           0.000000000000

 Time taken in block    : : :       3.3374

 =========================================================================
 FINAL RESULT:

  VMC energy (au)    Standard error      Correction for serial correlation

 -128.934899065105 +/- 0.025418478555      On-the-fly reblocking method

 Sample variance of E_L (au^2/sim.cell) : 5.549591085054


 ==========================================
 PERFORMING OPTIMIZATION CALCULATION No. 2.
 ==========================================


 Optimization start
 ==================
Stabilization: 1.0 SEM
E_0 -128.90176891 E_lin -129.02001228 dE -0.11824337
eigvector[0] 0.94881883
delta p / p
[ 6.95343418e-03  1.41877766e-01 -4.75696065e-01 -1.68204116e-02
  5.23331581e-04 -7.46797614e-04  8.02604690e-04 -6.55506217e-04
 -9.14527670e-04 -4.16143165e-03  2.06528197e-01  3.66861578e-02
  2.36088461e-02 -5.43480565e-03  1.07376761e-03  2.02547520e-03
 -1.38104624e-02 -3.75270055e-03 -7.40266739e-03 -9.19615018e-02
  2.69076938e-02 -4.19181158e-02  5.06929187e-03 -8.74735493e-04
  9.75210400e-04 -8.72908222e-03 -4.40388410e-04 -4.23811544e-02
  3.64255870e-03 -2.82932914e-04 -1.42202409e-01  1.15120930e-02
  7.45024738e-04 -1.49414221e-01 -1.42418534e-03 -8.84221717e-02
  1.01776155e-01  3.37207842e-03 -1.04329759e-03  1.04574201e-03
  1.69893673e-03  1.11914726e-03 -1.97547746e-02 -3.62475275e-02
 -2.88188668e-02 -5.72208704e-03  5.12000445e-03 -1.80379159e-02
 -2.58635050e-03  8.23339606e-01  1.55866816e-03  1.29041101e-03
  1.59665099e-03 -1.05999025e-02  2.89379564e-05 -1.06084025e-03
  3.08543664e-03  4.55559075e-03 -1.03013578e-02  1.89011675e-03
  4.30728661e-03 -8.56002731e-03  1.19807828e-02  7.81038652e-02
 -7.85583218e-03  1.52424084e-03 -4.23664232e-04  5.24071000e-02
 -5.21466523e-02 -2.22111527e-03 -2.90828331e-02 -1.16325487e-03
  2.04435500e-02 -4.37865450e-04 -5.14762812e-06 -1.21927371e-02
  1.78363670e-03  5.07079279e-02  4.71802349e-02 -7.27896926e-02
  1.18194649e-01 -1.14730033e-02 -6.25925297e-03  2.99490981e-03
  2.98446750e-04  5.24371537e-03 -1.26488220e-03  7.52076447e-05
  3.92298182e-03  1.72280412e-01 -6.10996587e-02 -1.47682460e-02
  8.24116427e-03 -1.92101643e-03 -3.21546932e-03 -2.58710238e-02
  4.27053516e-03 -1.02170084e-03 -1.71076944e-02 -1.61851855e-03
 -6.71288780e+00  1.34130816e-03 -2.94204429e-02  6.15415323e-03
 -7.56209235e-04 -6.95440726e-03  6.20498558e-02 -1.03096304e-01
 -3.06770812e-03 -7.85296037e-02  2.79422448e-02 -3.94848178e-03
  4.69493306e-02  2.47305983e-01 -8.15169556e-03 -4.09041960e-02
 -3.34763636e-01 -7.37852821e-02  6.67293335e-03  6.33706645e-03
 -2.10609444e-03  2.58691106e-03 -3.03239994e-02 -1.08532948e-02
 -5.41693098e+00 -1.60162422e+00 -7.31090353e-01  1.37120445e+00
  2.17529365e-01 -3.72608500e-03  3.25341766e-05  3.24684391e-03
 -1.44113020e-02 -1.01259656e-02 -2.32565661e-02  3.84915088e-02
 -6.74856042e-03  8.37905086e-02 -5.58627594e-03 -6.22691049e-02
  8.49008441e-02  2.98725644e-02 -1.98561668e-02 -8.43697152e-03
  1.14769415e-02 -4.97200731e-02  1.37208399e-02 -1.30980443e-02
  6.81378474e-02  1.45250162e-02 -7.56685523e-03  3.58545210e-02
 -2.14371303e-04 -7.16950791e-02 -3.82687454e-02  9.69219553e+00
 -3.46323100e-02  4.04223257e-02 -2.53837338e-01 -6.46917152e-03
 -1.65960427e-02  1.83762517e-03  7.60219938e-03 -8.14699278e-03
  4.95113976e-03  2.15421624e-02 -1.33961347e-02 -1.94706743e-01
  4.17980627e-02  2.99422398e-01 -1.49159566e-03 -2.01226127e-03
  1.63935420e-03  1.80984988e-03  4.84696364e-02  2.32751100e-01
 -2.71871669e-01  1.47434657e-02  1.09097412e-02  3.38998044e-04
  4.33672487e-03  4.28614772e-03 -2.32216998e-03 -1.37860285e-03
 -6.23505722e-02 -3.21399175e-02  4.00474112e-02 -6.03487929e-03
 -2.95214769e-02 -2.81614491e-02 -1.12459859e-02 -6.17416512e-01
 -2.96269396e-03  1.46310164e-02  3.06678665e-02 -3.29597459e-02
 -1.66212961e-02 -4.66180691e-04  2.96607186e-03 -5.09926409e-02
  2.18973937e-02  5.35945091e-03  1.97250138e-02 -2.58352088e-03
 -1.40680071e-02  2.13167040e-02  2.93984361e-03  4.77436306e-03
 -4.01979434e-03  1.87368681e-02  2.75992553e-02 -2.89815719e-02
  3.77466932e-02  6.74121087e-02 -3.36342347e-02  6.29696614e-02
 -2.12293125e-03  3.22392230e-02 -4.04652969e-02  3.88778917e-03
  4.84995642e-01 -2.07639690e-02 -7.06300128e-02]

 BEGIN VMC CALCULATION
 =====================

 Running VMC equilibration (5000 moves).
 Performing time-step optimization.
 Optimized step size: 0.07746
 DTVMC: 0.00200

 Starting VMC.

 =========================================================================
 In block : 1
  Number of VMC steps           = 10000

  Block average energies (au)

  Total energy                       (au) =        -128.900250837178
  Standard error                        +/-           0.024518351066

  Constant energy contributions      (au) =           0.000000000000

  Variance of local energy           (au) =           3.132619713044
  Standard error                        +/-           0.000000000000

 Time taken in block    : : :       3.3427

 =========================================================================
 FINAL RESULT:

  VMC energy (au)    Standard error      Correction for serial correlation

 -128.900250837178 +/- 0.024518351066      On-the-fly reblocking method

 Sample variance of E_L (au^2/sim.cell) : 3.132619713044


 ==========================================
 PERFORMING OPTIMIZATION CALCULATION No. 3.
 ==========================================


 Optimization start
 ==================
Stabilization: 1.0 SEM
E_0 -128.89229863 E_lin -128.95806774 dE -0.06576910
eigvector[0] 0.97201368
delta p / p
[-1.87077640e-02 -4.50218170e-02 -1.20541510e+00 -2.85094233e-02
  2.82856582e-04  9.74523835e-04 -1.78703933e-03  3.96993915e-03
 -1.55988368e-02 -5.04773147e-02  1.84840237e-01  1.04920111e-01
  1.89052294e-02  7.61738983e-07 -2.84228139e-03  5.19369586e-03
 -1.48774739e-02 -1.63014058e-03  5.79908882e-03  2.80899817e-02
 -1.27763766e-02 -3.48537828e-02  2.62424088e-03 -4.83257925e-04
  1.13250064e-03 -9.32144186e-03 -6.04643555e-04 -8.28244577e-02
 -2.13221135e-02  4.29485988e-03 -1.45438201e-02  9.57027090e-04
  2.05709274e-02 -2.07484917e-01 -9.23125822e-03 -8.27664014e-02
  1.00826938e-01  3.25217662e-03  8.36090141e-04  5.17246530e-04
  2.15912626e-03  1.84135630e-03 -1.34560335e-02 -7.67485540e-04
  1.01291163e-01  2.29482645e-02 -1.11099877e-02 -5.86503235e-03
 -6.17377145e-04 -3.43069363e-02 -2.05955860e-03  9.44877447e-03
  3.06157547e-03 -8.37708700e-02  6.87535956e-03 -3.64970524e-03
  7.28656940e-03 -8.74503339e-04 -4.76332272e-03 -8.71520241e-03
 -1.14151129e-03 -6.68756475e-03  1.10029393e-02 -2.42885817e-02
 -2.98284538e-03 -2.75874699e-03  5.17058996e-04 -4.83945596e-03
  3.19564361e-02 -3.76053145e-03 -6.01525611e-03  6.90686000e-04
 -1.30818020e-02  1.50870331e-03 -4.05116764e-04 -1.93523577e-02
  1.57993086e-03  3.18962380e-02 -6.81694382e-03  5.94765121e-02
 -1.98193366e-01 -1.73246438e-02  1.45946806e-03 -3.43439911e-03
  8.90022484e-03  1.88068885e-02 -3.95887180e-03  8.64032325e-04
  1.34758219e-02  2.49093612e-01  2.80125709e-02 -8.83088942e-03
  2.07346827e-03 -1.18387281e-03  2.11005897e-03  8.90702700e-03
 -6.21292044e-04 -1.89238691e-03  1.86207992e-02  6.38993733e-04
 -3.42074388e+00  2.79433697e-02 -1.15127837e-02 -1.04143636e-03
  3.43974363e-03 -6.62070026e-03  1.09417879e-02  9.58901199e-02
 -1.67673605e-03 -1.42434332e-01 -3.30702035e-02 -1.71828599e-03
 -4.59788170e-02  1.25324844e-01  1.73879473e-02  3.69774375e-02
  2.40799909e-03  1.18532441e-02 -4.93551053e-03 -1.37863249e-03
  2.88469238e-04  9.95801882e-04  1.61714190e-03  4.47003856e-03
  2.86911482e+00  2.88350668e+00 -1.26799719e-01 -9.11763074e-02
  1.80617041e-03 -8.88582804e-04  1.23192633e-04 -2.22081021e-03
  2.98517249e-03 -6.95564206e-03 -4.72216087e-02 -2.82128561e-04
 -3.25247451e-02 -2.31438204e-02 -3.17954560e-03 -2.69513617e-02
 -5.79632974e-04 -2.40536684e-02 -2.21567515e-02 -4.63833632e-03
 -1.01409446e-02  9.69552228e-05  6.74548698e-03 -2.47276406e-02
  4.30625761e-02  1.23182274e-02 -3.62047264e-03 -1.14209811e-01
  3.43193213e-03  4.44964686e-02  6.27887283e-03 -4.69994888e-01
  1.74139645e-02  1.40828225e-03 -9.01298846e-02 -2.17418349e-04
  4.36185865e-03 -1.96554018e-02  3.08599199e-02  9.70892322e-03
 -1.89031764e-03 -1.08427965e-02  2.93878596e-03 -1.35749499e-01
  3.91031699e-02  4.50853771e-02  5.01961569e-04 -2.97331876e-03
 -1.68621728e-03  2.62999159e-03  4.33364301e-02  3.56661111e-01
  1.72387468e-01 -1.87146854e-02  2.99426505e-03  7.27056148e-03
 -3.92645046e-03  5.52483557e-03  2.28049872e-03 -1.62145012e-03
  5.95554878e-02 -1.10360425e-01  6.48524143e-03 -2.52113050e-02
 -1.41021335e-02 -7.32634295e-03 -3.35891234e-02 -1.75604860e-01
  3.21838714e-03 -3.80604859e-02  6.40244288e-02  1.00982040e-02
 -3.14780059e-03 -8.74137634e-03 -7.08209019e-03  1.61096388e-02
 -1.07106427e-03 -3.51339016e-02 -7.82709020e-02 -5.69717659e-03
  1.58916487e-02  2.31083890e-03  4.12775005e-03  3.08372914e-03
 -8.81857584e-05 -3.44643357e-03 -1.22434167e-02  1.29917165e-02
 -3.99123270e-02 -3.29984279e-02 -5.57541642e-03  1.95035591e-02
 -3.74055067e-03  1.79529190e-02 -6.69616828e-02 -1.71537864e-03
  4.00380050e-02  8.76986771e-03 -7.53133670e-02]

 BEGIN VMC CALCULATION
 =====================

 Running VMC equilibration (5000 moves).
 Performing time-step optimization.
 Optimized step size: 0.07687
 DTVMC: 0.00197

 Starting VMC.

 =========================================================================
 In block : 1
  Number of VMC steps           = 10000

  Block average energies (au)

  Total energy                       (au) =        -128.956082914723
  Standard error                        +/-           0.024575111334

  Constant energy contributions      (au) =           0.000000000000

  Variance of local energy           (au) =           2.179609024040
  Standard error                        +/-           0.000000000000

 Time taken in block    : : :       3.3396

 =========================================================================
 FINAL RESULT:

  VMC energy (au)    Standard error      Correction for serial correlation

 -128.956082914723 +/- 0.024575111334      On-the-fly reblocking method

 Sample variance of E_L (au^2/sim.cell) : 2.179609024040


 ==========================================
 PERFORMING OPTIMIZATION CALCULATION No. 4.
 ==========================================


 Optimization start
 ==================
Stabilization: 1.0 SEM
E_0 -128.98412246 E_lin -129.08183303 dE -0.09771057
eigvector[0] 0.96738427
delta p / p
[ 6.38183564e-03  1.12930650e-01 -5.90158046e+00  9.09474780e-02
 -6.44266867e-03  1.55065333e-03 -2.90910797e-04 -9.44379564e-04
  5.43647422e-03  4.16671327e-02 -3.76436068e-01  1.82367146e-01
 -1.95202558e-02  7.98868073e-03 -2.20472306e-03 -1.81394992e-03
  1.63308555e-02  3.72403686e-04 -1.43441526e-02  6.88660816e-02
 -2.08598526e-02 -2.90372390e-02  3.01687490e-03 -1.10453868e-03
  9.95673293e-04 -8.60322336e-04 -8.27650498e-05  1.05969888e-02
  4.93233280e-02  1.47789405e-02 -2.90902700e-01  7.99438391e-04
  2.14528220e-03  1.71965085e-01 -8.62934561e-03  2.53568447e-01
 -2.16580978e-02 -5.57120498e-03 -1.62384500e-02 -1.50488684e-03
 -5.10239115e-04  3.33133684e-03 -6.78081185e-04  6.34699829e-02
  1.22238393e-01  1.87384742e-01 -1.13215523e-02  2.48163746e-03
  1.16449842e-03 -3.76531559e-01 -1.94583571e-03 -4.01039117e-03
 -1.05377357e-02 -4.96742970e-03 -1.47860146e-03 -8.87096874e-04
  1.39195617e-02 -3.57988425e-03 -2.53610726e-03  1.57195165e-03
  2.20650593e-03 -4.15561773e-02  8.95848990e-03  1.40236588e-02
  1.09625311e-03 -1.25745035e-03 -2.98773209e-04 -1.51549106e-02
 -1.23992899e-02  8.82198210e-03 -2.79826343e-02  1.60265505e-05
  2.72879281e-03  7.28948823e-04  7.26906132e-05  1.66598531e-02
  1.13052237e-03 -5.28764110e-03 -2.94755926e-02 -6.48194722e-03
 -3.49315449e-01 -1.39534807e-02 -3.78369202e-03  3.23708641e-03
 -9.90451621e-04  6.49184440e-03 -2.76048898e-03 -8.15072272e-04
  4.32925579e-02 -2.02369173e-02  1.13705229e-02 -1.53480222e-02
 -3.31698827e-04  4.09044477e-03 -7.16105923e-03 -2.10214970e-02
  8.33666800e-04  2.54318499e-03 -1.46147548e-02 -3.88095563e-03
  1.00781778e+00  1.83471087e-02 -1.30493424e-02  2.15496663e-03
 -1.51950598e-03  1.76686907e-03  2.91594677e-03 -5.65877086e-02
  2.16790069e-04 -1.59988569e-01 -9.34418795e-02  1.28238621e-02
 -1.31217389e-01  1.31638134e-01  2.31434299e-03  6.61688565e-02
  2.95062828e-01 -3.83717077e-02 -7.14080594e-04  9.16543596e-04
  9.28874249e-04 -1.14941621e-03  1.74651555e-02  1.73729536e-03
  5.92584933e-02 -6.24167321e-02 -1.45575648e+00  4.60877570e-01
 -7.67088870e-02 -2.99002881e-02 -1.83851931e-05 -1.09331383e-03
  9.66049700e-03  3.60885977e-03  4.31007674e-03  1.14108469e-02
 -8.45335144e-02  3.22866821e-03  7.64390786e-03 -1.96463684e-02
  1.26773239e-02  4.33259332e-02 -1.21321198e-02  6.11456434e-03
  4.61414557e-03  1.19769316e-02  1.74094725e-03 -1.54999816e-02
  1.65100122e-02 -1.04856934e-02  3.80914446e-04 -1.13538350e-01
 -4.78732135e-03 -7.52043942e-02 -1.99614850e-02  8.32189468e-01
 -1.34790707e-03 -1.75370746e-02  1.00476943e-01  9.42180426e-03
 -1.96778657e-02  1.71067855e-02 -7.69216585e-03 -1.66083665e-02
  3.76762785e-03  2.38008199e-02 -4.37178626e-03  1.24367726e+00
  2.36441692e-02  3.88948942e-01  1.19304314e-04 -3.90195055e-04
  7.73302226e-04 -9.33646100e-04  1.63698146e-01 -2.41905799e-01
  6.30883957e-02 -8.04350431e-02  6.74437281e-03  2.89806142e-02
  2.15576295e-03  1.07776776e-03 -1.26920512e-03  3.30497010e-05
  5.64388718e-02 -2.17083671e-01  8.22309107e-02 -5.02932249e-03
 -6.50885656e-03 -4.17938712e-02 -3.51391501e-02 -1.37950776e+00
 -9.28533784e-03  2.93468730e-02 -1.01640074e-02 -4.87791620e-03
  5.22891229e-04  8.21873919e-03 -6.15863109e-03  6.10126922e-02
  9.25443232e-04 -2.11144458e-02 -2.94933352e-02  3.08462939e-03
 -4.94037938e-03  9.10109284e-03  1.75325281e-03  2.76458837e-03
 -7.69263248e-04  6.98377680e-03  3.75208588e-03 -3.41849814e-02
 -8.97523566e-03  1.25571977e-01 -3.58545290e-02 -6.50470845e-02
 -1.73926594e-03  3.28085599e-02  5.23649745e-02 -1.14864975e-03
 -2.58093931e-02  9.14144947e-03 -1.36595711e-02]

 BEGIN VMC CALCULATION
 =====================

 Running VMC equilibration (5000 moves).
 Performing time-step optimization.
 Optimized step size: 0.07644
 DTVMC: 0.00195

 Starting VMC.

 =========================================================================
 In block : 1
  Number of VMC steps           = 10000

  Block average energies (au)

  Total energy                       (au) =        -128.872995504245
  Standard error                        +/-           0.027370713325

  Constant energy contributions      (au) =           0.000000000000

  Variance of local energy           (au) =           2.687227955803
  Standard error                        +/-           0.000000000000

 Time taken in block    : : :       3.3388

 =========================================================================
 FINAL RESULT:

  VMC energy (au)    Standard error      Correction for serial correlation

 -128.872995504245 +/- 0.027370713325      On-the-fly reblocking method

 Sample variance of E_L (au^2/sim.cell) : 2.687227955803


 =========================================================================

 Total PyCasino real time : : :    992.8572
