
 ------------------------------------------------------------------------------
 ########::'##:::'##::'######:::::'###:::::'######::'####:'##::: ##::'#######::
 ##.... ##:. ##:'##::'##... ##:::'## ##:::'##... ##:. ##:: ###:: ##:'##.... ##:
 ##:::: ##::. ####::: ##:::..:::'##:. ##:: ##:::..::: ##:: ####: ##: ##:::: ##:
 ########::::. ##:::: ##:::::::'##:::. ##:. ######::: ##:: ## ## ##: ##:::: ##:
 ##.....:::::: ##:::: ##::::::: #########::..... ##:: ##:: ##. ####: ##:::: ##:
 ##::::::::::: ##:::: ##::: ##: ##.... ##:'##::: ##:: ##:: ##:. ###: ##:::: ##:
 ##::::::::::: ##::::. ######:: ##:::: ##:. ######::'####: ##::. ##:. #######::
 .::::::::::::..::::::......:::..:::::..:::......:::....::..::::..:::.......:::

                     Python Quantum Monte Carlo Package
                        v 0.3.0 [Vladimir Konkov]

    Main Author : Vladimir Konkov
 ------------------------------------------------------------------------------
 Started 2025/05/19 10:23:14

 Python 3.10.12 (main, Feb  4 2025, 14:57:36) [GCC 11.4.0]
 Numba 0.59.0
 Numpy 1.26.4
 Scipy 1.11.3

 Running in parallel using 4 MPI processes.

 General input parameters
 ========================
 NEU (num up spin electrons)              :  2
 NED (num down spin electrons)            :  2
 RUNTYPE (type of run)                    :  vmc_opt
 PSI_S  (form for [anti]symmetrizing wfn) :  slater
 ATOM_BASIS_TYPE (atom-centred orb basis) :  slater-type
 INTERACTION (interaction type)           :  coulomb
 TESTRUN (read input data,print and stop) :  F
 PERIODIC                                 :  F
 COMPLEX_WF (complex Slater wave fn.)     :  F
 NEIGHPRINT (neighbour analysis)          :  0
 USE_JASTROW (use Jastrow factor)         :  T
 BACKFLOW (use backflow corrections)      :  F
 USE_ORBMODS (use orbitals modifications) :  F
 CUSP_CORRECTION                          :  F
 NON_LOCAL_GRID (NL integration grid)     :  4
 E_OFFSET (energy offset)                 :  0.0000
 GAUTOL  (Gaussian evaluation tolerance)  :  7.0
 SPARSE                                   :  F
 DIPOLE_MOMENT                            :  F
 RELATIVISTIC                             :  F

 VMC/optimization input parameters
 ====================
 NEWRUN (start new run)                   :  T
 VMC_METHOD (choice of VMC algorithm)     :  3
 DTVMC (VMC time step)                    :  0.02
 OPT_DTVMC (VMC time-step optimization)   :  T
 VMC_NSTEP (num VMC steps)                :  500000
 VMC_NCONFIG_WRITE (num configs to write) :  500000
 VMC_NBLOCK (num VMC blocks)              :  1
 VMC_EQUIL_NSTEP (num equil steps)        :  5000
 VMC_DECORR_PERIOD (length of inner loop) :  10
 VMC_AVE_PERIOD (hist reduction factor)   :  1
 VMC_SAMPLING                             :  standard
 OPT_CYCLES (num optimization cycles)     :  2
 POSTFIT_VMC (perform post-fit VMC calc)  :  T
 POSTFIT_KEEP_CFG (keep post-fit VMC cfgs):  F
 OPT_NOCTF_CYCLES (fixed cutoff cycles)   :  0
 OPT_INFO (information level)             :  2
 OPT_JASTROW (opt Jastrow factor)         :  T
 OPT_DET_COEFF (opt det coeffs)           :  F
 OPT_ORBITALS (opt orbitals)              :  F
 OPT_BACKFLOW (opt backflow params)       :  F
 OPT_FIXNL (fix nonlocal energy)          :  T
 OPT_MAXITER (max num iterations)         :  10
 OPT_MAXEVAL (max num evaluations)        :  200
 VM_SMOOTH_LIMITS (smooth limiting)       :  F
 VM_REWEIGHT (reweighting)                :  F
 VM_FILTER (filter outlying configs)      :  F
 VM_USE_E_GUESS (use guess energy)        :  F
 EMIN_XI_VALUE (xi parameter)             :  1.0
 MAKEMOVIE                                :  F
 FORCES                                   :  F

 BEGIN VMC CALCULATION
 =====================

 Running VMC equilibration (5000 moves).
 Performing time-step optimization.
 Optimized step size: 0.23035
 DTVMC: 0.01769

 Starting VMC.

 =========================================================================
 In block : 1
  Number of VMC steps           = 500000

  Block average energies (au)

  Total energy                       (au) =         -14.570643854827
  Standard error                        +/-           0.002463030253

  Constant energy contributions      (au) =           0.000000000000

  Variance of local energy           (au) =           3.033252948158
  Standard error                        +/-           0.000000000000

 Time taken in block    : : :       13.7887

 =========================================================================
 FINAL RESULT:

  VMC energy (au)    Standard error      Correction for serial correlation

 -14.570643854827 +/- 0.002463030253      No correction
 -14.570643854827 +/- 0.003630696831      Correlation time method
 -14.570643854827 +/- 0.003087489785      On-the-fly reblocking method

 Sample variance of E_L (au^2/sim.cell) : 3.033252948158


 ==========================================
 PERFORMING OPTIMIZATION CALCULATION No. 1.
 ==========================================


 Optimization start
 ==================
   Iteration     Total nfev        Cost      Cost reduction    Step norm     Optimality
       0              1         8.3953e-01                                    1.72e+06
       1              2         1.2872e-01      7.11e-01       2.36e-03       2.24e+04
       2              3         5.5924e-02      7.28e-02       5.37e-03       1.14e+04
       3              4         3.3801e-02      2.21e-02       4.34e-03       6.55e+03
       4              5         2.7048e-02      6.75e-03       7.08e-03       6.94e+02
       5              6         2.5553e-02      1.49e-03       2.24e-03       1.07e+02
       6              7         2.5295e-02      2.58e-04       9.25e-04       1.41e+02
       7              8         2.5295e-02      1.94e-08       5.35e-06       9.11e+00
`ftol` termination condition is satisfied.
Function evaluations 8, initial cost 8.3953e-01, final cost 2.5295e-02, first-order optimality 9.11e+00.
Norm of Jacobian at the solution: 4.63778e-12

 BEGIN VMC CALCULATION
 =====================

 Running VMC equilibration (5000 moves).
 Performing time-step optimization.
 Optimized step size: 0.22721
 DTVMC: 0.01721

 Starting VMC.

 =========================================================================
 In block : 1
  Number of VMC steps           = 500000

  Block average energies (au)

  Total energy                       (au) =         -14.641654781353
  Standard error                        +/-           0.000212035047

  Constant energy contributions      (au) =           0.000000000000

  Variance of local energy           (au) =           0.022479385662
  Standard error                        +/-           0.000000000000

 Time taken in block    : : :       14.2395

 =========================================================================
 FINAL RESULT:

  VMC energy (au)    Standard error      Correction for serial correlation

 -14.641654781353 +/- 0.000212035047      No correction
 -14.641654781353 +/- 0.000793796933      Correlation time method
 -14.641654781353 +/- 0.000883942582      On-the-fly reblocking method

 Sample variance of E_L (au^2/sim.cell) : 0.022479385662


 ==========================================
 PERFORMING OPTIMIZATION CALCULATION No. 2.
 ==========================================


 Optimization start
 ==================
   Iteration     Total nfev        Cost      Cost reduction    Step norm     Optimality
       0              1         2.2485e-02                                    1.29e+04
       1              3         2.2243e-02      2.42e-04       1.10e-01       1.17e+04
       2              4         2.2077e-02      1.66e-04       1.08e-01       7.01e+03
       3              5         2.1990e-02      8.69e-05       1.29e-01       5.13e+03
       4              6         2.1899e-02      9.15e-05       1.26e-01       4.08e+03
       5              7         2.1827e-02      7.23e-05       1.13e-01       3.24e+03
       6              8         2.1809e-02      1.74e-05       1.62e-01       5.63e+03
`ftol` termination condition is satisfied.
Function evaluations 8, initial cost 2.2485e-02, final cost 2.1809e-02, first-order optimality 5.63e+03.
Norm of Jacobian at the solution: 4.32028e-13

 BEGIN VMC CALCULATION
 =====================

 Running VMC equilibration (5000 moves).
 Performing time-step optimization.
 Optimized step size: 0.22487
 DTVMC: 0.01686

 Starting VMC.

 =========================================================================
 In block : 1
  Number of VMC steps           = 500000

  Block average energies (au)

  Total energy                       (au) =         -14.639964487333
  Standard error                        +/-           0.000210798299

  Constant energy contributions      (au) =           0.000000000000

  Variance of local energy           (au) =           0.022217916951
  Standard error                        +/-           0.000000000000

 Time taken in block    : : :       15.3973

 =========================================================================
 FINAL RESULT:

  VMC energy (au)    Standard error      Correction for serial correlation

 -14.639964487333 +/- 0.000210798299      No correction
 -14.639964487333 +/- 0.000807576382      Correlation time method
 -14.639964487333 +/- 0.000918046169      On-the-fly reblocking method

 Sample variance of E_L (au^2/sim.cell) : 0.022217916951


 =========================================================================

 Total PyCasino real time : : :    534.3618
