
 ------------------------------------------------------------------------------
 ########::'##:::'##::'######:::::'###:::::'######::'####:'##::: ##::'#######::
 ##.... ##:. ##:'##::'##... ##:::'## ##:::'##... ##:. ##:: ###:: ##:'##.... ##:
 ##:::: ##::. ####::: ##:::..:::'##:. ##:: ##:::..::: ##:: ####: ##: ##:::: ##:
 ########::::. ##:::: ##:::::::'##:::. ##:. ######::: ##:: ## ## ##: ##:::: ##:
 ##.....:::::: ##:::: ##::::::: #########::..... ##:: ##:: ##. ####: ##:::: ##:
 ##::::::::::: ##:::: ##::: ##: ##.... ##:'##::: ##:: ##:: ##:. ###: ##:::: ##:
 ##::::::::::: ##::::. ######:: ##:::: ##:. ######::'####: ##::. ##:. #######::
 .::::::::::::..::::::......:::..:::::..:::......:::....::..::::..:::.......:::

                          Python Quantum Package
                   v0.1.0 [Konkov Vladimir] (30 August 2023)

    Main Author : V.V. Konkov
 ------------------------------------------------------------------------------

 Python 3.10.6 (main, May 29 2023, 11:10:38) [GCC 11.3.0]
 Numba 0.57.1
 Numpy 1.24.3
 Scipy 1.10.1

 Running in parallel using 4 MPI processes.

 ====================================
 PERFORMING A SINGLE VMC CALCULATION.
 ====================================


 BEGIN VMC CALCULATION
 =====================

Running VMC equilibration (5000 moves).
Performing time-step optimization.
Optimized step size: 0.51626
DTVMC: 0.08884

Starting VMC.

 =========================================================================
 In block : 1
  Number of VMC steps           = 10000000

  Block average energies (au)

  Total energy                       (au) =        -224.364349365343
  Standard error                        +/-           0.011363213948

  Constant energy contributions      (au) =          69.027000022559

  Variance of local energy           (au) =          48.927255196856
  Standard error                        +/-           0.000000000000

 Time taken in block    : : :       2310.7798

 =========================================================================
 FINAL RESULT:

  VMC energy (au)    Standard error      Correction for serial correlation

 -224.364349365343 +/- 0.011363213948      On-the-fly reblocking method

 Sample variance of E_L (au^2/sim.cell) : 48.927255196856


 =========================================================================

 Total PyCasino real time : : :    2340.9718
