
 ------------------------------------------------------------------------------
 ########::'##:::'##::'######:::::'###:::::'######::'####:'##::: ##::'#######::
 ##.... ##:. ##:'##::'##... ##:::'## ##:::'##... ##:. ##:: ###:: ##:'##.... ##:
 ##:::: ##::. ####::: ##:::..:::'##:. ##:: ##:::..::: ##:: ####: ##: ##:::: ##:
 ########::::. ##:::: ##:::::::'##:::. ##:. ######::: ##:: ## ## ##: ##:::: ##:
 ##.....:::::: ##:::: ##::::::: #########::..... ##:: ##:: ##. ####: ##:::: ##:
 ##::::::::::: ##:::: ##::: ##: ##.... ##:'##::: ##:: ##:: ##:. ###: ##:::: ##:
 ##::::::::::: ##::::. ######:: ##:::: ##:. ######::'####: ##::. ##:. #######::
 .::::::::::::..::::::......:::..:::::..:::......:::....::..::::..:::.......:::

                     Python Quantum Monte Carlo Package
                        v 0.3.0 [Vladimir Konkov]

    Main Author : Vladimir Konkov
 ------------------------------------------------------------------------------
 Started 2025/05/20 11:25:35

 Python 3.10.12 (main, Feb  4 2025, 14:57:36) [GCC 11.4.0]
 Numba 0.59.0
 Numpy 1.26.4
 Scipy 1.11.3

 Running in parallel using 4 MPI processes.

 General input parameters
 ========================
 NEU (num up spin electrons)              :  5
 NED (num down spin electrons)            :  2
 RUNTYPE (type of run)                    :  vmc_opt
 PSI_S  (form for [anti]symmetrizing wfn) :  slater
 ATOM_BASIS_TYPE (atom-centred orb basis) :  slater-type
 INTERACTION (interaction type)           :  coulomb
 TESTRUN (read input data,print and stop) :  F
 PERIODIC                                 :  F
 COMPLEX_WF (complex Slater wave fn.)     :  F
 NEIGHPRINT (neighbour analysis)          :  0
 USE_JASTROW (use Jastrow factor)         :  T
 BACKFLOW (use backflow corrections)      :  F
 USE_ORBMODS (use orbitals modifications) :  F
 CUSP_CORRECTION                          :  F
 NON_LOCAL_GRID (NL integration grid)     :  4
 E_OFFSET (energy offset)                 :  0.0000
 GAUTOL  (Gaussian evaluation tolerance)  :  7.0
 SPARSE                                   :  F
 DIPOLE_MOMENT                            :  F
 RELATIVISTIC                             :  F

 VMC/optimization input parameters
 ====================
 NEWRUN (start new run)                   :  T
 VMC_METHOD (choice of VMC algorithm)     :  3
 DTVMC (VMC time step)                    :  0.02
 OPT_DTVMC (VMC time-step optimization)   :  T
 VMC_NSTEP (num VMC steps)                :  500000
 VMC_NCONFIG_WRITE (num configs to write) :  500000
 VMC_NBLOCK (num VMC blocks)              :  1
 VMC_EQUIL_NSTEP (num equil steps)        :  5000
 VMC_DECORR_PERIOD (length of inner loop) :  10
 VMC_AVE_PERIOD (hist reduction factor)   :  1
 VMC_SAMPLING                             :  standard
 OPT_CYCLES (num optimization cycles)     :  4
 POSTFIT_VMC (perform post-fit VMC calc)  :  T
 POSTFIT_KEEP_CFG (keep post-fit VMC cfgs):  F
 OPT_NOCTF_CYCLES (fixed cutoff cycles)   :  0
 OPT_INFO (information level)             :  2
 OPT_JASTROW (opt Jastrow factor)         :  T
 OPT_DET_COEFF (opt det coeffs)           :  F
 OPT_ORBITALS (opt orbitals)              :  F
 OPT_BACKFLOW (opt backflow params)       :  F
 OPT_FIXNL (fix nonlocal energy)          :  F
 OPT_MAXITER (max num iterations)         :  10
 OPT_MAXEVAL (max num evaluations)        :  200
 VM_SMOOTH_LIMITS (smooth limiting)       :  F
 VM_REWEIGHT (reweighting)                :  F
 VM_FILTER (filter outlying configs)      :  F
 VM_USE_E_GUESS (use guess energy)        :  F
 EMIN_XI_VALUE (xi parameter)             :  1.0
 MAKEMOVIE                                :  F
 FORCES                                   :  F

 BEGIN VMC CALCULATION
 =====================

 Running VMC equilibration (5000 moves).
 Performing time-step optimization.
 Optimized step size: 0.11760
 DTVMC: 0.00461

 Starting VMC.

 =========================================================================
 In block : 1
  Number of VMC steps           = 500000

  Block average energies (au)

  Total energy                       (au) =         -54.396560318207
  Standard error                        +/-           0.004762836794

  Constant energy contributions      (au) =           0.000000000000

  Variance of local energy           (au) =          11.342284478625
  Standard error                        +/-           0.000000000000

 Time taken in block    : : :       23.9985

 =========================================================================
 FINAL RESULT:

  VMC energy (au)    Standard error      Correction for serial correlation

 -54.396560318207 +/- 0.004762836794      No correction
 -54.396560318207 +/- 0.008593014274      Correlation time method
 -54.396560318207 +/- 0.007013582923      On-the-fly reblocking method

 Sample variance of E_L (au^2/sim.cell) : 11.342284478625


 ==========================================
 PERFORMING OPTIMIZATION CALCULATION No. 1.
 ==========================================


 Optimization start
 ==================
   Iteration     Total nfev        Cost      Cost reduction    Step norm     Optimality
       0              1         4.8752e+00                                    5.10e+05
       1              2         1.5658e+00      3.31e+00       2.06e-03       4.34e+04
       2              3         8.0388e-01      7.62e-01       3.43e-03       5.46e+03
       3              4         5.1449e-01      2.89e-01       1.03e-02       1.99e+03
       4              5         3.9706e-01      1.17e-01       1.48e-02       8.95e+02
       5              6         3.2944e-01      6.76e-02       2.68e-02       2.95e+02
       6              7         2.8966e-01      3.98e-02       2.58e-02       2.16e+02
       7              8         2.7415e-01      1.55e-02       3.33e-02       5.11e+01
       8              9         2.7332e-01      8.38e-04       7.79e-03       1.28e+01
       9             10         2.7332e-01      3.03e-08       1.09e-04       1.69e-01
`ftol` termination condition is satisfied.
Function evaluations 10, initial cost 4.8752e+00, final cost 2.7332e-01, first-order optimality 1.69e-01.
Norm of Jacobian at the solution: 1.06778e-12

 BEGIN VMC CALCULATION
 =====================

 Running VMC equilibration (5000 moves).
 Performing time-step optimization.
 Optimized step size: 0.11809
 DTVMC: 0.00465

 Starting VMC.

 =========================================================================
 In block : 1
  Number of VMC steps           = 500000

  Block average energies (au)

  Total energy                       (au) =         -54.562007287061
  Standard error                        +/-           0.000714074345

  Constant energy contributions      (au) =           0.000000000000

  Variance of local energy           (au) =           0.254950575334
  Standard error                        +/-           0.000000000000

 Time taken in block    : : :       25.9439

 =========================================================================
 FINAL RESULT:

  VMC energy (au)    Standard error      Correction for serial correlation

 -54.562007287061 +/- 0.000714074345      No correction
 -54.562007287061 +/- 0.002022106293      Correlation time method
 -54.562007287061 +/- 0.001778281632      On-the-fly reblocking method

 Sample variance of E_L (au^2/sim.cell) : 0.254950575334


 ==========================================
 PERFORMING OPTIMIZATION CALCULATION No. 2.
 ==========================================


 Optimization start
 ==================
Hamiltonian stabilization: 0.00174663
E_0 -54.56165512 E_lin -54.56685728 dE -0.00520216
eigvector[0] 0.93825139
delta p / p
[-8.71908531e-03  2.00908283e-01  2.04862424e-01  2.50680784e-02
  5.84518940e-03 -1.25053530e-03 -4.95994695e-03  9.21496453e-03
  3.41028608e-02  2.21639825e-01 -3.08442690e-02 -1.33539307e-02
 -3.50178834e-03 -2.05939495e-03  1.22324706e-03  2.34201707e-03
 -5.01540930e-03 -5.45524492e-01  9.39569118e-02 -3.34123238e-02
 -8.46493880e-03  4.50660150e-03  2.36536862e-04  2.05079188e-03
 -3.82795556e-02 -1.52109212e-02  9.61522487e-02 -3.20017040e-01
 -5.43029499e-02 -2.62916306e-02  9.70968835e-03  2.31172177e-03
 -9.45377061e-03 -1.97666560e-02  6.41771648e-02  1.82491825e-02
 -1.63087586e-02 -1.69994996e-02  7.70418212e-03 -5.59600563e-04
 -5.15731015e-03 -1.31568806e-02 -4.73395696e-03 -3.93079659e-02
  5.95183198e-02  1.01135741e-01  6.16781149e-02  8.90888171e-02
  2.93661269e-02 -2.53270868e-02 -2.43691570e-02 -1.35081024e-01
 -6.67359642e-03  2.34849531e-02  1.84682300e-01  5.40169461e-03
 -2.01746511e-02 -6.49097878e-03  2.23527802e-03  1.59801591e-01
 -4.89248606e-02 -3.46811542e-02  2.57338035e-01 -2.80776073e-02
  2.39637231e-03 -2.66560968e-01 -3.40145131e-03  2.17182652e-02
  4.06483736e-02 -1.56533370e-01  4.42952000e-02 -3.90623497e-02
  1.55547268e-02 -4.52878373e-03  3.14606524e-02  2.34456543e-02
  1.94981349e-02  9.73614476e-02 -3.18566346e-01  1.92255157e-02
 -3.06995754e-02 -5.36107439e-02 -1.79991015e-03  1.77398329e-02
 -2.15185274e-02  3.38500333e-02 -1.33937082e-02 -6.31362207e-03
 -1.00693047e-01 -1.15279315e-03 -1.15752060e-04  3.61179679e-02
  1.19373091e-02 -2.49021426e-02  5.86299592e-03  9.51165284e-02
  7.29760919e-03  3.74667042e-01  8.18297050e-02  4.33513288e-02
 -3.30044176e-02  1.28408913e+00  2.17930248e-02 -1.37906418e-01
  2.82421399e-01  6.32859150e-02  2.33188697e-02 -7.83108892e-03
 -4.40082314e-02  3.26938138e-02  3.88792328e-02 -5.91943272e-02
 -3.96335862e-02 -1.16684136e-02  1.03132384e+00 -2.38191026e-02
  8.86182790e-04  3.74622420e-02  8.28992763e-02  7.33439937e-01
 -1.60444972e-01]

 BEGIN VMC CALCULATION
 =====================

 Running VMC equilibration (5000 moves).
 Performing time-step optimization.
 Optimized step size: 0.11876
 DTVMC: 0.00470

 Starting VMC.

 =========================================================================
 In block : 1
  Number of VMC steps           = 500000

  Block average energies (au)

  Total energy                       (au) =         -54.564348217972
  Standard error                        +/-           0.000800881902

  Constant energy contributions      (au) =           0.000000000000

  Variance of local energy           (au) =           0.320705269339
  Standard error                        +/-           0.000000000000

 Time taken in block    : : :       27.1405

 =========================================================================
 FINAL RESULT:

  VMC energy (au)    Standard error      Correction for serial correlation

 -54.564348217972 +/- 0.000800881902      No correction
 -54.564348217972 +/- 0.001803799795      Correlation time method
 -54.564348217972 +/- 0.001549328805      On-the-fly reblocking method

 Sample variance of E_L (au^2/sim.cell) : 0.320705269339


 ==========================================
 PERFORMING OPTIMIZATION CALCULATION No. 3.
 ==========================================


 Optimization start
 ==================
Hamiltonian stabilization: 0.00150281
E_0 -54.56388023 E_lin -54.56408258 dE -0.00020235
eigvector[0] 0.97973011
delta p / p
[-1.59520416e-02  1.82982236e-01  4.81409232e-02  3.05702955e-02
  1.44256511e-03 -2.01093942e-03 -6.76548225e-04  3.45823631e-03
  1.07192746e-02  7.15645176e-02 -2.33634472e-02 -7.08932336e-03
 -2.96327208e-03 -1.59724057e-03 -1.35015303e-04  3.60013920e-03
  1.05410955e-02 -1.40814930e-01 -2.35172767e-01 -3.84533780e-04
 -4.45020681e-03 -1.03095462e-03  7.44529070e-03 -8.26199500e-03
 -6.43263327e-02 -2.93778812e-03  4.66105810e-02 -4.26454579e-01
 -4.31526452e-02 -1.74553597e-02  5.93897250e-03  2.53583932e-03
 -7.76515287e-03 -2.42117195e-02 -1.82843301e-02 -7.05992786e-02
 -3.12686612e-02 -1.80824761e-04  2.89281284e-03  8.77685311e-06
 -6.65925456e-03 -3.21538934e-03 -4.58324831e-03  2.76906209e-02
  2.59602598e-02  7.11602509e-02  3.43080496e-02  5.14353487e-02
  1.27505847e-01  1.24954224e-02 -1.38933101e-03  6.86003209e-02
  9.19802353e-02 -1.98719168e-03  6.05110808e-02  8.75444527e-03
 -3.26871886e-04 -7.54877250e-03  9.09394854e-03  1.71656511e-01
 -7.01540441e-03 -2.27342324e-02 -1.47857825e-02 -6.71121042e-03
  6.27663865e-03  1.76672094e-02 -1.20667224e-02  1.60233641e-02
  6.82996114e-02 -5.98007375e-02  1.48195164e-02 -1.48288777e-02
  8.53108219e-03  3.32669778e-04  3.30639517e-02  1.54935924e-02
 -5.04546002e-03  3.83631715e-02  1.83763340e-01  1.39549439e-02
 -9.29742828e-03 -2.14634557e-02 -1.68010045e-03  1.14267297e-02
 -1.13989664e-02 -1.20164827e-03  1.89037913e-02 -3.03318542e-03
 -4.05013685e-02 -6.14932502e-03 -9.68697017e-05  8.56696427e-03
  1.42806742e-02 -1.48450581e-02 -1.94517965e-02 -3.16532947e-02
  1.52791380e-01 -6.98569073e-01 -1.27078956e-02  1.19778250e-02
 -7.21635766e-03  3.39295152e-01  6.72497250e-03  9.86215373e-02
 -1.24571732e-01 -1.37390520e-02 -2.90376137e-02  2.18826577e-04
 -4.07824937e-02  3.53749726e-02 -4.23530706e-01 -3.31544502e-03
  1.15195788e-01 -4.18687387e-03  1.40946695e-01 -1.75242313e-02
  5.62739954e-03 -3.68518587e-02 -4.49411013e-02 -1.17199749e-02
  9.02343349e-03]

 BEGIN VMC CALCULATION
 =====================

 Running VMC equilibration (5000 moves).
 Performing time-step optimization.
 Optimized step size: 0.11732
 DTVMC: 0.00459

 Starting VMC.

 =========================================================================
 In block : 1
  Number of VMC steps           = 500000

  Block average energies (au)

  Total energy                       (au) =         -54.563566398538
  Standard error                        +/-           0.000827677975

  Constant energy contributions      (au) =           0.000000000000

  Variance of local energy           (au) =           0.342524730185
  Standard error                        +/-           0.000000000000

 Time taken in block    : : :       30.2210

 =========================================================================
 FINAL RESULT:

  VMC energy (au)    Standard error      Correction for serial correlation

 -54.563566398538 +/- 0.000827677975      No correction
 -54.563566398538 +/- 0.001841979737      Correlation time method
 -54.563566398538 +/- 0.001524927075      On-the-fly reblocking method

 Sample variance of E_L (au^2/sim.cell) : 0.342524730185


 ==========================================
 PERFORMING OPTIMIZATION CALCULATION No. 4.
 ==========================================


 Optimization start
 ==================
Hamiltonian stabilization: 0.00148622
E_0 -54.56462285 E_lin -54.56472643 dE -0.00010358
eigvector[0] 0.99011989
delta p / p
[-1.45053645e-02  5.84859271e-02  1.05393761e-02  4.34538255e-03
  5.53425450e-03  6.64780653e-04 -3.88847300e-03  3.75206387e-03
  2.86572112e-02  4.77425240e-02  1.05558585e-03 -6.29402213e-03
 -2.12364505e-03 -1.96007135e-03 -3.01102488e-04  4.30528935e-03
  1.54659841e-02  3.03921211e-01  5.26622439e-01 -4.30920487e-02
  1.41511870e-02 -9.86684233e-04 -1.05357521e-02  2.03884772e-02
  1.52749561e-01 -9.16850994e-03 -5.91775022e-03 -1.09733319e-01
 -3.07622137e-02 -7.97426627e-03  2.13195234e-03  2.29792341e-03
 -5.08714002e-03 -1.85731392e-02  1.54815234e-03 -3.81698189e-02
 -3.14622660e-02  1.25543565e-06  2.43992007e-03 -2.90143247e-04
 -3.99025599e-03 -8.70815579e-03 -4.53721480e-03 -6.36306558e-03
  2.42458850e-02  3.16130603e-02  2.38219447e-02  1.13668406e-02
  4.55135010e-02  2.10565495e-02  7.92849882e-03  6.95081307e-02
  8.20434515e-03  2.83733285e-03  4.22867000e-02  7.26480329e-03
 -2.41387472e-02 -2.98177671e-03 -4.40137877e-03  1.47293973e-01
  2.18945041e-02 -2.06149204e-02  6.61787134e-02 -2.31094844e-02
  8.68997443e-03  2.09304595e-02 -1.18096153e-02  1.15428891e-02
  2.53369350e-02 -3.34566014e-02  1.32442901e-02 -9.55493383e-03
  8.61435185e-03 -7.41120520e-04 -6.43452474e-04  1.26406951e-02
 -6.45001960e-03  1.85975997e-02  1.45503722e-01  1.17203123e-02
 -4.32053156e-03 -2.16747303e-02 -1.32358959e-03  7.97425020e-03
 -1.07213323e-02 -8.11004692e-03  1.66775238e-02 -1.96178907e-03
 -2.34681529e-02 -5.60443432e-03 -4.33983790e-04 -9.62887045e-03
  1.35519475e-02 -8.94307739e-03 -1.90389103e-02 -2.54993274e-02
  3.46280339e-02  5.82330341e+00  2.44983137e-02  3.57210598e-04
 -8.85447062e-03 -1.32357064e-01  2.30934625e-02 -1.06152562e-01
  3.48450024e-01  3.17548692e-02  5.74482147e-02  7.28353280e-04
  5.48268729e-03  1.86480269e-02 -8.68639234e-02 -7.45843615e-02
 -7.46084980e-02 -2.42687816e-02  3.24258643e-01 -3.15967582e-02
 -1.20959390e-02 -2.24192280e-02  3.41308403e-02  2.16218128e-01
 -8.69509290e-02]

 BEGIN VMC CALCULATION
 =====================

 Running VMC equilibration (5000 moves).
 Performing time-step optimization.
 Optimized step size: 0.11850
 DTVMC: 0.00468

 Starting VMC.

 =========================================================================
 In block : 1
  Number of VMC steps           = 500000

  Block average energies (au)

  Total energy                       (au) =         -54.565738942658
  Standard error                        +/-           0.000814081593

  Constant energy contributions      (au) =           0.000000000000

  Variance of local energy           (au) =           0.331363757043
  Standard error                        +/-           0.000000000000

 Time taken in block    : : :       29.3132

 =========================================================================
 FINAL RESULT:

  VMC energy (au)    Standard error      Correction for serial correlation

 -54.565738942658 +/- 0.000814081593      No correction
 -54.565738942658 +/- 0.001762626328      Correlation time method
 -54.565738942658 +/- 0.001447017339      On-the-fly reblocking method

 Sample variance of E_L (au^2/sim.cell) : 0.331363757043


 =========================================================================

 Total PyCasino real time : : :    1024.1742
