
 ------------------------------------------------------------------------------
 ########::'##:::'##::'######:::::'###:::::'######::'####:'##::: ##::'#######::
 ##.... ##:. ##:'##::'##... ##:::'## ##:::'##... ##:. ##:: ###:: ##:'##.... ##:
 ##:::: ##::. ####::: ##:::..:::'##:. ##:: ##:::..::: ##:: ####: ##: ##:::: ##:
 ########::::. ##:::: ##:::::::'##:::. ##:. ######::: ##:: ## ## ##: ##:::: ##:
 ##.....:::::: ##:::: ##::::::: #########::..... ##:: ##:: ##. ####: ##:::: ##:
 ##::::::::::: ##:::: ##::: ##: ##.... ##:'##::: ##:: ##:: ##:. ###: ##:::: ##:
 ##::::::::::: ##::::. ######:: ##:::: ##:. ######::'####: ##::. ##:. #######::
 .::::::::::::..::::::......:::..:::::..:::......:::....::..::::..:::.......:::

                     Python Quantum Monte Carlo Package
                        v 0.2.0 [Vladimir Konkov]

    Main Author : Vladimir Konkov
 ------------------------------------------------------------------------------

 Python 3.10.12 (main, Nov 20 2023, 15:14:05) [GCC 11.4.0]
 Numba 0.58.1
 Numpy 1.26.4
 Scipy 1.11.3

 Running in parallel using 4 MPI processes.

 General input parameters
 ========================
 NEU (num up spin electrons)              :  4
 NED (num down spin electrons)            :  4
 RUNTYPE (type of run)                    :  vmc_opt
 PSI_S  (form for [anti]symmetrizing wfn) :  slater
 ATOM_BASIS_TYPE (atom-centred orb basis) :  gaussian
 INTERACTION (interaction type)           :  coulomb
 TESTRUN (read input data,print and stop) :  F
 PERIODIC                                 :  F
 COMPLEX_WF (complex Slater wave fn.)     :  F
 NEIGHPRINT (neighbour analysis)          :  0
 USE_JASTROW (use Jastrow factor)         :  T
 BACKFLOW (use backflow corrections)      :  T
 USE_ORBMODS (use orbitals modifications) :  F
 E_OFFSET (energy offset)                 :  0.0000
 CHECKPOINT (checkpointing level)         :  1
 CON_LOC (Dir to read/write config.*)     :  ./
 RELATIVISTIC                             :  F

 Gaussian cusp correction
 ========================
 Activated.

 Non-local integration grids
 ===========================
 Ion type            :  1
 Non-local grid no.  :  4
 Lexact              :  5
 Number of points    :  12

 BEGIN VMC CALCULATION
 =====================

Running VMC equilibration (5000 moves).
Performing time-step optimization.
Optimized step size: 0.18132
DTVMC: 0.01096

Starting VMC.

 =========================================================================
 In block : 1
  Number of VMC steps           = 100000

  Block average energies (au)

  Total energy                       (au) =         -34.565773861141
  Standard error                        +/-           0.014361589552

  Constant energy contributions      (au) =           0.000000000000

  Variance of local energy           (au) =           7.467869630594
  Standard error                        +/-           0.000000000000

 Time taken in block    : : :       210.2463

 =========================================================================
 FINAL RESULT:

  VMC energy (au)    Standard error      Correction for serial correlation

 -34.565773861141 +/- 0.014361589552      On-the-fly reblocking method

 Sample variance of E_L (au^2/sim.cell) : 7.467869630594


 ==========================================
 PERFORMING OPTIMIZATION CALCULATION No. 1.
 ==========================================


 Optimization start
 ==================
   Iteration     Total nfev        Cost      Cost reduction    Step norm     Optimality
       0              1         2.3439e+00                                    5.00e+05
       1              2         6.1667e-01      1.73e+00       1.35e-02       1.25e+05
       2              3         3.5796e-01      2.59e-01       2.87e-02       1.10e+04
       3              4         2.6862e-01      8.93e-02       6.58e-02       4.22e+04
       4              5         2.1701e-01      5.16e-02       1.19e-01       4.07e+04
       5              6         1.9136e-01      2.57e-02       1.88e-01       3.18e+04
       6              7         1.7873e-01      1.26e-02       1.80e-01       2.53e+04
       7              8         1.7129e-01      7.43e-03       1.80e-01       2.09e+04
       8              9         1.6650e-01      4.79e-03       1.76e-01       1.77e+04
       9             10         1.6338e-01      3.12e-03       1.68e-01       1.52e+04
      10             11         1.6144e-01      1.94e-03       1.58e-01       1.28e+04
      11             12         1.5991e-01      1.53e-03       1.51e-01       1.12e+04
      12             13         1.5905e-01      8.62e-04       1.46e-01       9.49e+03
`ftol` termination condition is satisfied.
Function evaluations 13, initial cost 2.3439e+00, final cost 1.5905e-01, first-order optimality 9.49e+03.
Norm of Jacobian at the solution: 2.59013e-12

 BEGIN VMC CALCULATION
 =====================

Running VMC equilibration (5000 moves).
Performing time-step optimization.
Optimized step size: 0.17736
DTVMC: 0.01049

Starting VMC.

 =========================================================================
 In block : 1
  Number of VMC steps           = 100000

  Block average energies (au)

  Total energy                       (au) =         -34.903581397929
  Standard error                        +/-           0.001488086232

  Constant energy contributions      (au) =           0.000000000000

  Variance of local energy           (au) =           0.139741591259
  Standard error                        +/-           0.000000000000

 Time taken in block    : : :       74.5394

 =========================================================================
 FINAL RESULT:

  VMC energy (au)    Standard error      Correction for serial correlation

 -34.903581397929 +/- 0.001488086232      On-the-fly reblocking method

 Sample variance of E_L (au^2/sim.cell) : 0.139741591259


 ==========================================
 PERFORMING OPTIMIZATION CALCULATION No. 2.
 ==========================================


 Optimization start
 ==================
Stabilization: 1.0 SEM
E_0 -34.90685655 E_lin -34.57313131 dE 0.33372523
eigvector[0] 0.83444629
delta p / p
[ 3.10458755e-02  1.28606517e-01 -4.83695319e-02 -6.60849820e-03
  1.59677447e-04  9.00317934e-04  1.06624466e-02 -1.59762725e-02
 -2.58024214e-01  1.73484020e-01 -1.04403357e-01  4.31946737e-02
 -6.57607988e-03 -3.59521044e-03  8.46191412e-03 -8.17823060e-03
 -1.70487839e-01 -3.60109106e-03  4.88185048e-02  3.62891174e-02
  7.85683247e-02 -4.26048867e-02  1.66950459e-02 -9.98663446e-03
  1.03546186e-02 -1.16471126e-02  1.32290555e-02  7.12502142e-01
  4.11191973e-02 -3.54294980e-02  5.75386707e-01  4.58040391e-03
  2.95886107e-02  4.43071792e-02  1.58141116e-02  5.06767591e-01
  2.26309774e-01 -5.74729966e-03 -1.62927880e-02 -7.27274987e-03
 -1.23876084e-02  2.05534490e-02  1.87856342e-03  7.88340885e-02
  4.36374911e-02 -2.00144802e-02  6.79479067e-02  1.57134180e-02
 -6.40191167e-02  2.25256013e-02 -1.21555334e-01  5.77114056e-05
 -1.87188481e-02  2.02721250e-02 -1.42658981e-01  2.66034221e-03
  4.46986692e-02  6.27892671e-03 -8.02078526e-02 -1.97431799e-02
 -4.54359855e-02 -7.83141380e-02 -1.18272759e-02  1.38145869e-03
  1.35873965e-02  1.24918574e-02  4.99121019e-02  8.66625746e-03
  1.32945299e-02  8.34959286e-03  1.74735881e-01 -6.19954529e-03
  3.28357552e-01 -1.33529483e-02 -8.41979345e-03  3.86143933e-02
  1.98295809e-03 -4.50571817e-02 -2.01627414e-01 -1.63334153e-01
  4.30503241e-02 -1.25729949e+01  7.44408985e-02 -1.34987964e-02
 -3.02421149e-02 -2.25741361e-01  1.18714960e-02  5.02142233e-02
 -1.68570578e+00 -1.68991949e-01  3.85566033e-02  6.92932392e-02
  3.55692455e-02 -2.55348157e-02  3.13653242e-02  1.25498363e-01
 -2.08288537e-02 -1.26327516e-02  3.40539527e-02 -6.77825394e-02
  3.61037683e-03  3.04003414e+00  9.54734662e-02 -2.57077022e-02
  2.50701971e-02 -6.57875562e-02 -1.05036680e-01  4.92911583e-02
  2.69705953e-03  5.71082055e-02  2.59103618e-02 -1.80556020e+00
 -1.50382074e-02 -1.11649336e-01  1.91863528e-02 -1.14646371e-02
 -4.43532283e-03 -3.06097591e-02  4.76549984e-02  1.22432091e-01
  1.66067024e-02  5.19636805e-01  2.49107661e-01  5.65495769e-02
  5.35542291e-02 -3.95017026e-01 -6.36895461e-02  2.95693310e-02
 -5.73132397e-01  8.89729382e-03  7.70686913e-03 -5.41152349e-03
 -1.25662398e-03 -4.91109673e-03  2.75770367e-02  1.25756659e-02
 -3.31974469e-03 -1.06245480e-01  1.78524095e+00  9.24109560e-02
 -3.09584325e-02 -7.63137998e-05 -3.76186539e-02 -2.89235171e-02
 -3.94098538e-02  6.98731146e-02 -5.81110755e-02 -2.51060493e-01
 -3.25886554e-02  2.87264520e-02 -3.83264125e-02 -2.51417993e-01
  1.11245504e-02 -1.13899499e-01 -2.44510979e+00 -3.55946708e-02
 -2.17268725e-02  7.11300290e-02  4.41035755e-02  1.15114268e-01
 -8.18559042e-02  7.18897572e-03  1.21671493e-02  6.00887824e-02
 -3.39687436e-02  4.03633263e-02  8.57939597e-02 -4.55567121e-02
 -2.06360833e-02  3.19729680e-02 -2.37260710e-02 -3.45178239e-02
 -6.39627490e-02  1.08802214e-01  1.63864196e-01  2.33510864e-02
  1.21530005e-01  6.98839598e-02  8.82775616e-03 -3.97503192e-03
  3.97117809e-03 -1.96875502e-02  1.34444172e-02 -3.26662398e-02
 -3.32150365e-02 -6.08999026e-03  3.82810520e-02  6.24223860e-03
  2.78845982e-02 -2.33162169e-02  3.76543524e-04 -7.79282267e-03
 -3.69006477e-02  4.91397324e-04  3.80419117e-03  1.93438316e-03
  7.90133601e-03  2.11869320e-02 -1.92497136e-02 -2.73930208e-02
  2.83603277e-01  8.54313445e-03 -4.53981308e-02 -1.08718090e-01
 -1.41753353e-01 -3.06100958e-02  2.79574202e-02  4.77242727e-02
 -3.44552425e-02  5.65388505e-02 -3.94860540e-02 -9.32210573e-02
  5.31314920e-01 -2.84133242e-02  1.22981899e-01 -2.48424191e-01
  4.62657763e-01  2.54881343e-01 -2.85672107e-02 -8.91708645e-02
  2.32200449e-01  1.06231756e-02  8.11940489e-04 -1.25787494e-02
  6.44298532e-02 -7.64180629e-03  6.95447853e-02  6.07481987e-03
  1.57987940e-01  4.88121871e-01 -3.48021325e-02 -1.21716286e-02
 -1.34755545e-02  1.98277649e-02 -1.70109915e-02  5.80165424e-03
 -1.20024210e-01  3.83219233e-03 -1.09976327e-02 -5.70711452e-02
  3.83920284e-02  4.80705457e-04  1.11948827e-02 -4.17361408e-02
 -3.46336946e-02 -1.49343634e-02 -1.36916688e-01  2.22864740e-01
 -1.49122229e-03 -5.15769226e-02  2.11404490e-02 -2.77864312e-02
  5.82913026e-02  4.82968753e-02 -3.17294091e-01  8.53576026e-02
  2.22894648e-02 -1.35722844e-01  3.20791469e-02 -8.75577373e-02
  1.41724657e-01  3.18037199e-01  3.73136872e-02  5.96553720e-03
  1.49107947e-01 -2.47041789e-02  2.07131598e-01 -1.05160668e-03
  4.86270783e-02 -6.83443295e-03 -2.49787361e-02 -2.50671928e-02
 -7.33617263e-02 -9.10164961e-02  5.59993506e-03  3.27396043e-01
 -1.68990091e-02  1.80295900e-01  8.31507089e-02 -6.44735586e-03
 -1.91493507e-02  1.95904749e-02  1.46596445e-03 -4.77124598e-02
 -1.63133138e-02  3.42019337e-02 -1.34536309e-01  1.82327938e-01
  4.05222611e-02 -5.68914786e-02  1.28705047e-02  2.25046527e-01
 -7.15455542e-03 -2.56524910e-02  1.10020307e-02  5.39819039e-03
  4.34407857e-03  8.22234627e-03 -4.87552600e-03 -3.30614297e-02
  4.47248221e-03  5.16571737e-02 -1.10941146e-02  1.80650465e-02]

 BEGIN VMC CALCULATION
 =====================

Running VMC equilibration (5000 moves).
Performing time-step optimization.
Optimized step size: 0.18498
DTVMC: 0.01141

Starting VMC.

 =========================================================================
 In block : 1
  Number of VMC steps           = 100000

  Block average energies (au)

  Total energy                       (au) =         -34.723908032488
  Standard error                        +/-           0.010456029272

  Constant energy contributions      (au) =           0.000000000000

  Variance of local energy           (au) =           0.525414731983
  Standard error                        +/-           0.000000000000

 Time taken in block    : : :       74.8907

 =========================================================================
 FINAL RESULT:

  VMC energy (au)    Standard error      Correction for serial correlation

 -34.723908032488 +/- 0.010456029272      On-the-fly reblocking method

 Sample variance of E_L (au^2/sim.cell) : 0.525414731983


 ==========================================
 PERFORMING OPTIMIZATION CALCULATION No. 3.
 ==========================================


 Optimization start
 ==================
Stabilization: 1.0 SEM
E_0 -34.72678887 E_lin -34.60494253 dE 0.12184634
eigvector[0] 0.79694670
delta p / p
[-1.22094991e-02 -9.29498798e-02  6.34146569e-02 -1.58260144e-02
  4.16101471e-03  2.66824277e-03 -8.11205468e-03  8.45253689e-03
  2.94508754e-02 -5.85356680e-02 -3.99898685e-02  1.39835682e-02
 -9.50641897e-04 -1.58357494e-03  2.19922712e-03 -1.97010704e-03
 -2.82280533e-02 -8.96875239e-03 -7.20219214e-02 -2.69012532e-01
 -1.82382628e-03  4.50199977e-02 -2.13237578e-02  1.12948476e-02
 -7.53246635e-03  1.23900594e-03 -5.53707823e-03 -3.65341370e-01
 -4.43306943e-02 -1.58491002e-02 -3.32745846e-02 -7.51480774e-04
  2.48945389e-02  3.16614101e-02 -2.56623974e-02  2.72965779e-01
 -4.89151564e-02  5.05147165e-03 -1.75157170e-02 -1.12303694e-03
  5.29091808e-03  1.57804692e-02  8.27944706e-04  8.03771770e-03
  6.32136905e-02 -3.33708612e-02 -4.13008429e-02 -1.62058608e-03
  7.45587271e-03 -2.24552088e-02 -9.32565998e-02  2.12933456e-03
 -1.64237464e-03 -1.58823180e-01 -3.34176841e-02 -1.25329198e-03
 -2.05960427e-03  9.32766301e-04  9.60007224e-03 -1.09712418e-02
  4.20660267e-02 -2.37093015e-02  2.28138199e-02 -6.04897348e-03
 -4.97977009e-03 -9.95822296e-03 -4.24193658e-02  2.92548306e-03
 -3.76732419e-03  3.05756361e-03  3.72749578e-02  3.45169146e-03
  1.13490548e-01 -3.65199955e-02  7.52747589e-03 -2.65108411e-02
 -1.08654915e-03 -5.34656039e-03  5.30883999e-03  9.05353857e-03
 -4.12737652e-02 -1.03435929e+00 -2.35725357e-02 -1.17515228e-02
  4.11374652e-02  2.38705905e-01  3.93010358e-03 -8.06516893e-02
 -3.14073982e+00 -5.45213765e-01 -2.41640363e-02  1.84032157e-02
 -3.30295951e-03 -1.02930146e-03  6.06503021e-03  3.75661931e-02
 -1.30573577e-02  4.59638744e-03  2.20770624e-03 -2.04403890e-02
  6.26621248e-03 -2.59859389e-01 -7.60785993e-02 -1.21719160e-01
  1.89839165e-01 -2.23689165e-01 -2.18970566e-01  7.05515536e-02
  1.29187436e-02  7.37121693e-02 -7.11709830e-03 -2.47608807e+00
 -1.21219806e-02  2.33286520e-02  2.09332543e-02  3.52956365e-03
  4.92341578e-02  5.18188512e-02 -4.83785489e-01 -2.33574146e-01
 -2.34766006e-03 -3.25345129e-01 -3.91908063e-02 -1.51494195e-02
 -2.57632402e-02  5.75939289e-01  9.22135951e-02 -2.77157026e-02
 -3.61947678e+00 -2.06041467e-02  4.27471317e-03  5.40770814e-03
 -5.63942725e-03  9.18378336e-03  1.30338430e-01 -6.35965578e-03
 -5.13352933e-03  2.04628276e-02 -2.11033905e-01  2.86838897e-01
 -7.09903226e-03 -7.67272724e-03 -2.64482268e-02  1.25585012e-03
 -1.60216194e-02  9.16496042e-02 -1.05767395e-01 -2.33609055e-02
  2.77475478e-04  3.46104043e-03  5.36842750e-03 -4.22997222e-03
 -5.63416094e-02 -9.57622413e-02  4.22472723e-02  4.20682863e-02
  3.70023955e-04  2.11371140e-02  1.22511307e-01 -8.66539732e-02
  1.62831615e-02  9.33234087e-02 -1.68625662e-01  2.10119407e-02
  6.17917171e-02 -8.69519595e-02 -5.12960569e-03  1.31766560e-01
 -9.43566705e-02 -2.24446739e-02  1.37470647e-01  4.32872611e-04
 -8.23929760e-03  2.41035105e-02 -1.30707736e-01 -1.39059254e-02
 -9.97806675e-02  6.67075778e-03 -2.90774779e-03  5.93830554e-03
  1.63295213e-02  8.17239639e-03  4.16066269e-03  8.21717432e-03
 -8.12265019e-02  2.32706033e-02 -9.19894876e-02  1.08112511e-02
 -9.63214419e-02  3.34657468e-02  3.48168090e-03 -8.65249734e-02
 -3.61231765e-03  3.41688418e-03  2.76723207e-03  5.99775723e-02
 -6.07482811e-03  6.88800576e-03 -3.99173921e-04 -6.74794915e-02
  2.14576729e-01 -2.32287094e+00 -4.57549757e-02 -1.05509783e-02
  1.30273499e-01 -6.92253282e-03  8.07515923e-03 -4.71686602e-03
  8.46944121e-04  5.53339324e-04  7.96907025e-02  1.51374329e-01
 -1.73292422e-01 -1.17251568e-02 -4.96741040e-02  2.01305915e-01
  5.34597860e-02  4.80149657e-02 -9.81551344e-03  1.47057005e-01
  3.61747259e-01 -6.93347185e-03 -2.89283312e-03 -5.01693764e-02
 -5.27250382e-02  1.62342117e-02  1.30177975e-01  1.77331504e-02
  1.15556749e-01 -6.74479793e-02  1.96333868e-04 -1.54710021e-03
 -7.94764623e-03 -1.72040378e-02  8.13925152e-03 -5.40240925e-03
 -9.73904372e-03  1.05357406e-02 -1.82023998e-03 -1.40372258e-02
  1.19791349e-01 -9.59069217e-03 -7.36361166e-03 -3.81937835e-02
  3.07325008e-03 -7.94812614e-03 -7.17511011e-02  9.32272869e-02
 -3.04420705e-02 -4.82862651e-02 -4.44305811e-03  1.24807414e-02
 -2.18797899e-02  3.63034824e-02  5.28023889e-01 -8.49623100e-03
  1.12201063e-02  1.18013533e-01  9.03437695e-02  1.83665383e-01
 -3.46902398e-02 -1.46074616e-01 -3.20220368e-02  2.16138848e-02
 -4.07573287e-02  5.60951385e-02 -3.81021873e-03  3.71287220e-02
 -3.94818459e-02 -6.95316789e-04  6.88035675e-02 -6.77946754e-02
  1.25236879e-01 -6.72001073e-05  7.85051942e-02 -3.89727975e-01
  1.02396444e-02 -1.97668980e-02  1.03938509e-02 -4.31023436e-03
  2.77882597e-01 -8.22307776e-03  2.34303787e-02  2.83514677e-02
  7.70819940e-03  1.21318945e-02  8.11291255e-02 -7.17728776e-02
 -8.78003425e-03  6.24380816e-02 -1.96378560e-02 -2.41041984e-01
 -3.69742842e-03 -8.01758710e-03  1.29635351e-02  3.24937381e-02
 -1.20209896e-03  2.43332839e-02 -6.25606304e-03 -8.70573605e-03
  1.19100677e-01 -5.06809305e-02  2.13423601e-02 -1.67470702e-02]

 BEGIN VMC CALCULATION
 =====================

Running VMC equilibration (5000 moves).
Performing time-step optimization.
Optimized step size: 0.18487
DTVMC: 0.01139

Starting VMC.

 =========================================================================
 In block : 1
  Number of VMC steps           = 100000

  Block average energies (au)

  Total energy                       (au) =         -34.871734521990
  Standard error                        +/-           0.004668871593

  Constant energy contributions      (au) =           0.000000000000

  Variance of local energy           (au) =           0.270280781873
  Standard error                        +/-           0.000000000000

 Time taken in block    : : :       66.7776

 =========================================================================
 FINAL RESULT:

  VMC energy (au)    Standard error      Correction for serial correlation

 -34.871734521990 +/- 0.004668871593      On-the-fly reblocking method

 Sample variance of E_L (au^2/sim.cell) : 0.270280781873


 ==========================================
 PERFORMING OPTIMIZATION CALCULATION No. 4.
 ==========================================


 Optimization start
 ==================
Stabilization: 1.0 SEM
E_0 -34.86259824 E_lin -34.95813874 dE -0.09554051
eigvector[0] 0.97320216
delta p / p
[ 8.38892346e-04 -2.15167124e-03  2.21889073e-03  2.24503134e-03
 -4.58279677e-03  5.31457493e-03 -3.34733056e-03 -7.19671205e-03
  8.82434692e-02  3.82616357e-04  8.76229282e-02 -4.25046751e-03
  6.62148728e-03 -3.00799203e-03  1.19368220e-03 -5.48372861e-04
  8.93521131e-03  5.21641425e-03  1.98404594e-02  3.27631135e-02
  1.41540940e-02 -1.55647619e-02  1.19993714e-02 -1.03699761e-02
  1.24434061e-02 -3.18327410e-02  8.08584521e-04 -5.16476987e-02
  3.68623044e-03 -1.28598060e-04  4.96018718e-01  1.28809658e-02
 -2.16124378e-02  2.95556287e-02  8.50645294e-04 -2.89313415e-02
 -8.85061147e-03 -1.24290599e-03 -5.57017100e-03 -5.58570817e-04
 -3.66615227e-03  1.18771747e-02  1.02604742e-02  4.73139638e-03
 -3.38611350e-02 -1.76349274e-02  1.30816020e-02  1.17778553e-03
 -1.07622958e-02  8.61997694e-03 -8.22374079e-02 -3.75684301e-03
 -2.18603101e-02 -7.57268116e-02 -1.69199321e-02  2.22850367e-04
 -9.12542782e-02  3.64173603e-03 -9.90444175e-03 -1.04338720e-02
 -3.16978917e-02  1.49524214e-02  9.63303289e-03  2.90419909e-03
 -4.65361741e-04  1.05087891e-02  4.65503574e-03  5.61421119e-03
  1.32754648e-02 -4.90420701e-04  6.81299974e-04 -9.30905687e-05
 -5.09627401e-02  2.24509144e-02  6.89489121e-05  9.79690512e-04
 -4.89016811e-03  1.68506407e-02 -4.36215448e-03  4.45423880e-02
 -3.03285535e-02 -6.99614531e+00 -7.89430805e-04 -4.40770368e-03
 -1.31856360e-02 -8.23769444e-02 -2.55187099e-02  1.07997007e-01
 -1.05874124e+00  1.90129635e+00  4.86671078e-02 -1.22355261e-02
  2.10846478e-02  2.17148783e-03 -8.28276981e-03 -4.99251960e-03
 -6.47740354e-03  3.43735065e-03  1.09398878e-03 -3.69056794e-03
 -8.97145099e-05  4.57344811e-01  4.60754095e-02  1.34501183e-02
 -4.30104522e-02  1.05608052e-01  1.22985104e-01 -2.91942302e-02
 -1.91999371e-03 -2.64672960e-02  5.08728802e-04  3.16428378e-02
  1.68997238e-03 -1.92334270e-02  1.87952185e-02  1.13304497e-02
 -4.27105236e-02 -1.75508525e-02  9.86217999e-02  5.14610194e-02
 -2.21340481e-03  4.00159905e-01 -1.84051532e-02 -2.64710664e-02
 -9.30198722e-03 -3.04145494e-01 -1.36241268e-01  2.16367914e-02
  1.68983692e-01  1.77645347e-02  2.40731848e-03  2.16652608e-03
  1.66584723e-03 -7.77118881e-04  2.63682456e-03 -1.12842907e-02
  5.26822317e-03 -3.56692828e-02 -8.64428123e-01 -1.26727993e-01
 -3.18678642e-02  1.86218679e-03 -4.39472664e-04  5.25009068e-04
  9.80267935e-03 -1.28958189e-02  4.83697781e-02  9.50457734e-02
 -8.11536797e-03  6.73706550e-03  1.37191506e-02  3.63825170e-02
  2.51092194e-02 -7.91139999e-03 -2.03681390e-01 -2.19970855e-01
 -8.23251569e-03 -1.60786821e-02  8.76166995e-03  1.89434956e-02
  1.62255755e-02 -3.83402153e-02  2.79289814e-02  1.17304593e-01
 -7.55036624e-02 -6.12162341e-03  1.63015837e-02 -4.83674130e-02
  3.47089545e-02 -1.28504253e-02 -1.09638861e-01  1.16036303e-02
 -3.70697132e-03  8.77724168e-03  2.63433711e-01  4.30235568e-02
  3.71614253e-02  1.48642080e-02  3.78365019e-03  2.62418987e-03
 -1.93990655e-02 -1.64997041e-02  1.01966647e-02  1.13969368e-02
  9.48329773e-02  9.97987019e-04  1.03956387e-01 -7.29346163e-03
 -1.67361193e-01 -1.05836408e-03 -3.65642534e-03  3.83664822e-02
 -2.76407274e-02 -8.42334397e-03 -8.18073907e-03 -3.93537353e-02
  9.91637692e-03 -4.87422159e-04  5.08874031e-03  6.45445043e-02
  4.32879803e-01 -1.57209666e+00  2.16470124e-02  5.82225707e-02
 -1.10130687e-01 -1.39507977e-02 -5.95448461e-04  2.87307966e-02
 -1.64658575e-03  3.18191641e-02 -4.43928166e-02 -2.89721391e-02
  1.75780728e-01  2.13298638e-02  3.80683996e-02 -1.81473663e-01
 -1.02123358e-02  3.09578423e-02 -9.09891504e-03 -6.57454289e-02
  1.33264651e-01  3.07976699e-03 -4.47506915e-03  2.60849339e-03
  3.14442770e-02 -2.40088759e-02 -2.13630068e-01 -9.46620428e-03
  7.19618710e-02  1.70739385e-02 -6.14234434e-03 -4.64340359e-03
  1.58185969e-02 -7.46253590e-03 -8.22430911e-03  4.48813949e-03
 -7.18259552e-02  5.48813110e-04  6.41626178e-03  3.03591928e-02
  1.10147754e-01  9.39214884e-04  8.55734730e-03 -9.29049550e-03
 -1.94109378e-02  9.14619218e-03  1.01189472e-01  1.00942393e-01
  2.95099754e-02  3.32240629e-02 -8.69787044e-03  4.45414084e-03
  4.33646651e-03 -1.60355949e-02  5.96400689e-01 -1.54592158e-02
  1.06970532e-02 -1.55175220e-02  1.71326721e-02  1.16428569e-01
  6.90542767e-02  4.59269232e-02  1.85821817e-03 -2.15894076e-01
  8.49323816e-02  3.48996741e-02  1.53365750e-02  5.45711566e-03
  1.84519547e-02 -4.41382521e-03  2.12884973e-04  7.56905441e-02
 -3.83952046e-03 -7.35926140e-03  5.63197525e-03  4.38945150e-01
 -5.27503467e-03  7.21673883e-03  4.73348203e-03  6.42753708e-03
 -8.57921744e-02  4.48350585e-03 -1.80047188e-02 -3.35841735e-02
 -7.58450849e-03 -2.01319483e-02 -5.64022321e-02  1.86010341e-02
 -1.11612406e-02 -3.80731633e-02  3.88559730e-02  1.78938780e-01
  3.30816889e-04  1.15761696e-03 -5.32681922e-03 -1.28748753e-02
  7.18693054e-03 -2.01481469e-02  6.50552006e-03  2.64159167e-02
 -1.69010621e-01  3.54390967e-02 -5.11306571e-03 -6.27232463e-03]

 BEGIN VMC CALCULATION
 =====================

Running VMC equilibration (5000 moves).
Performing time-step optimization.
Optimized step size: 0.18192
DTVMC: 0.01103

Starting VMC.

 =========================================================================
 In block : 1
  Number of VMC steps           = 100000

  Block average energies (au)

  Total energy                       (au) =         -34.880293812927
  Standard error                        +/-           0.003207845254

  Constant energy contributions      (au) =           0.000000000000

  Variance of local energy           (au) =           0.220535543095
  Standard error                        +/-           0.000000000000

 Time taken in block    : : :       74.1288

 =========================================================================
 FINAL RESULT:

  VMC energy (au)    Standard error      Correction for serial correlation

 -34.880293812927 +/- 0.003207845254      On-the-fly reblocking method

 Sample variance of E_L (au^2/sim.cell) : 0.220535543095


 =========================================================================

 Total PyCasino real time : : :    23455.3086
