
 ------------------------------------------------------------------------------
 ########::'##:::'##::'######:::::'###:::::'######::'####:'##::: ##::'#######::
 ##.... ##:. ##:'##::'##... ##:::'## ##:::'##... ##:. ##:: ###:: ##:'##.... ##:
 ##:::: ##::. ####::: ##:::..:::'##:. ##:: ##:::..::: ##:: ####: ##: ##:::: ##:
 ########::::. ##:::: ##:::::::'##:::. ##:. ######::: ##:: ## ## ##: ##:::: ##:
 ##.....:::::: ##:::: ##::::::: #########::..... ##:: ##:: ##. ####: ##:::: ##:
 ##::::::::::: ##:::: ##::: ##: ##.... ##:'##::: ##:: ##:: ##:. ###: ##:::: ##:
 ##::::::::::: ##::::. ######:: ##:::: ##:. ######::'####: ##::. ##:. #######::
 .::::::::::::..::::::......:::..:::::..:::......:::....::..::::..:::.......:::

                     Python Quantum Monte Carlo Package
                        v 0.2.0 [Vladimir Konkov]

    Main Author : Vladimir Konkov
 ------------------------------------------------------------------------------
 Started 2024/09/19 18:32:09

 Python 3.10.12 (main, Sep 11 2024, 15:47:36) [GCC 11.4.0]
 Numba 0.59.0
 Numpy 1.26.4
 Scipy 1.11.3

 Running in parallel using 4 MPI processes.

 General input parameters
 ========================
 NEU (num up spin electrons)              :  1
 NED (num down spin electrons)            :  0
 RUNTYPE (type of run)                    :  vmc_dmc
 PSI_S  (form for [anti]symmetrizing wfn) :  slater
 ATOM_BASIS_TYPE (atom-centred orb basis) :  gaussian
 INTERACTION (interaction type)           :  coulomb
 TESTRUN (read input data,print and stop) :  F
 PERIODIC                                 :  F
 COMPLEX_WF (complex Slater wave fn.)     :  F
 NEIGHPRINT (neighbour analysis)          :  0
 USE_JASTROW (use Jastrow factor)         :  T
 BACKFLOW (use backflow corrections)      :  F
 USE_ORBMODS (use orbitals modifications) :  F
 E_OFFSET (energy offset)                 :  0.0000
 CHECKPOINT (checkpointing level)         :  1
 CON_LOC (Dir to read/write config.*)     :  ./
 RELATIVISTIC                             :  F

 VMC/DMC input parameters
 ====================
 NEWRUN (start new run)                   :  T
 VMC_METHOD (choice of VMC algorithm)     :  3
 DTVMC (VMC time step)                    :  1.0000E-02
 OPT_DTVMC (VMC time-step optimization)   :  1
 VMC_NSTEP (num VMC steps)                :  1024
 VMC_NCONFIG_WRITE (num configs to write) :  1024
 VMC_NBLOCK (num VMC blocks)              :  1
 VMC_EQUIL_NSTEP (num equil steps)        :  5000
 VMC_DECORR_PERIOD (length of inner loop) :  1
 VMC_AVE_PERIOD (hist reduction factor)   :  1
 VMC_SAMPLING                             :  standard
 MAKEMOVIE                                :  F
 FORCES                                   :  F

 Non-local integration grids
 ===========================
 Ion type            :  1
 Non-local grid no.  :  4
 Lexact              :  5
 Number of points    :  12

 ======================================================
 PERFORMING A VMC CONFIGURATION-GENERATION CALCULATION.
 ======================================================


 BEGIN VMC CALCULATION
 =====================

 Running VMC equilibration (5000 moves).
 Performing time-step optimization.
 Optimized step size: 1.24312
 DTVMC: 0.51512

 Starting VMC.

 =========================================================================
 In block : 1
  Number of VMC steps           = 1024

  Block average energies (au)

  Total energy                       (au) =          -0.499306541117
  Standard error                        +/-           0.001835774089

  Constant energy contributions      (au) =           0.000000000000

  Variance of local energy           (au) =           0.000581058080
  Standard error                        +/-           0.000000000000

 Time taken in block    : : :       0.3920

 =========================================================================
 FINAL RESULT:

  VMC energy (au)    Standard error      Correction for serial correlation

 -0.499306541117 +/- 0.001835774089      On-the-fly reblocking method

 Sample variance of E_L (au^2/sim.cell) : 0.000581058080


 *     *     *     *     *     *     *     *     *     *     *     *

 ===========================================
 PERFORMING A DMC EQUILIBRATION CALCULATION.
 ===========================================

 BEGIN DMC CALCULATION
 =====================

 Random number generator reset to state in config.in.

 EBEST = -0.4993065411173496 (au/prim cell inc. N-N)
 EREF  = -0.4993065411173496


 =========================================================================
 In block : 1

 Number of moves in block                 : 10000
 Load-balancing efficiency (%)            : 89.977
 Acceptance ratio (%)                     : 89.901
 Number of config transfers               : 748
 New best estimate of DMC energy (au)     : -0.50041585
 New best estimate of effective time step : 0.29966713

 Time taken in block    : : :       1980.3699

 *     *     *     *     *     *     *     *     *     *     *     *

 =====================================================
 PERFORMING A DMC STATISTICS-ACCUMULATION CALCULATION.
 =====================================================

 BEGIN DMC CALCULATION
 =====================

 Random number generator reset to state in config.in.

 EBEST = -0.4992842827879652 (au/prim cell inc. N-N)
 EREF  = -0.4992842827879652

 Number of previous DMC stats accumulation moves : 0

 =========================================================================
 In block : 1

 Number of moves in block                 : 10000
 Load-balancing efficiency (%)            : 91.072
 Acceptance ratio (%)                     : 90.568
 Number of config transfers               : 747
 New best estimate of DMC energy (au)     : -0.50041833
 New best estimate of effective time step : 0.30189034

 Time taken in block    : : :       141.0421

 =========================================================================
 In block : 2

 Number of moves in block                 : 10000
 Load-balancing efficiency (%)            : 91.338
 Acceptance ratio (%)                     : 90.101
 Number of config transfers               : 608
 New best estimate of DMC energy (au)     : -0.50040357
 New best estimate of effective time step : 0.30033431

 Time taken in block    : : :       143.0606

 =========================================================================
 In block : 3

 Number of moves in block                 : 10000
 Load-balancing efficiency (%)            : 89.003
 Acceptance ratio (%)                     : 89.321
 Number of config transfers               : 878
 New best estimate of DMC energy (au)     : -0.50040670
 New best estimate of effective time step : 0.29773319

 Time taken in block    : : :       148.7882

 =========================================================================
 In block : 4

 Number of moves in block                 : 10000
 Load-balancing efficiency (%)            : 91.204
 Acceptance ratio (%)                     : 89.705
 Number of config transfers               : 694
 New best estimate of DMC energy (au)     : -0.50040947
 New best estimate of effective time step : 0.29901469

 Time taken in block    : : :       138.3192

 =========================================================================
 In block : 5

 Number of moves in block                 : 10000
 Load-balancing efficiency (%)            : 90.524
 Acceptance ratio (%)                     : 91.158
 Number of config transfers               : 764
 New best estimate of DMC energy (au)     : -0.50041390
 New best estimate of effective time step : 0.30385648

 Time taken in block    : : :       138.3388

Mixed estimators of the energies at the end of the run
------------------------------------------------------

Total energy                 =       -0.500413903689 +/- 0.000008193740

 =========================================================================

 Total PyCasino real time : : :    2934.5810
