
 ------------------------------------------------------------------------------
 ########::'##:::'##::'######:::::'###:::::'######::'####:'##::: ##::'#######::
 ##.... ##:. ##:'##::'##... ##:::'## ##:::'##... ##:. ##:: ###:: ##:'##.... ##:
 ##:::: ##::. ####::: ##:::..:::'##:. ##:: ##:::..::: ##:: ####: ##: ##:::: ##:
 ########::::. ##:::: ##:::::::'##:::. ##:. ######::: ##:: ## ## ##: ##:::: ##:
 ##.....:::::: ##:::: ##::::::: #########::..... ##:: ##:: ##. ####: ##:::: ##:
 ##::::::::::: ##:::: ##::: ##: ##.... ##:'##::: ##:: ##:: ##:. ###: ##:::: ##:
 ##::::::::::: ##::::. ######:: ##:::: ##:. ######::'####: ##::. ##:. #######::
 .::::::::::::..::::::......:::..:::::..:::......:::....::..::::..:::.......:::

                     Python Quantum Monte Carlo Package
                        v 0.2.0 [Vladimir Konkov]

    Main Author : Vladimir Konkov
 ------------------------------------------------------------------------------
 Started 2024/08/21 20:09:19

 Python 3.10.12 (main, Jul 29 2024, 16:56:48) [GCC 11.4.0]
 Numba 0.59.0
 Numpy 1.26.4
 Scipy 1.11.3

 Running in parallel using 4 MPI processes.

 General input parameters
 ========================
 NEU (num up spin electrons)              :  3
 NED (num down spin electrons)            :  1
 RUNTYPE (type of run)                    :  vmc_opt
 PSI_S  (form for [anti]symmetrizing wfn) :  slater
 ATOM_BASIS_TYPE (atom-centred orb basis) :  gaussian
 INTERACTION (interaction type)           :  coulomb
 TESTRUN (read input data,print and stop) :  F
 PERIODIC                                 :  F
 COMPLEX_WF (complex Slater wave fn.)     :  F
 NEIGHPRINT (neighbour analysis)          :  0
 USE_JASTROW (use Jastrow factor)         :  T
 BACKFLOW (use backflow corrections)      :  F
 USE_ORBMODS (use orbitals modifications) :  F
 E_OFFSET (energy offset)                 :  0.0000
 CHECKPOINT (checkpointing level)         :  1
 CON_LOC (Dir to read/write config.*)     :  ./
 RELATIVISTIC                             :  F

 VMC/optimization input parameters
 ====================
 NEWRUN (start new run)                   :  T
 VMC_METHOD (choice of VMC algorithm)     :  3
 DTVMC (VMC time step)                    :  1.0000E-02
 OPT_DTVMC (VMC time-step optimization)   :  1
 VMC_NSTEP (num VMC steps)                :  100000
 VMC_NCONFIG_WRITE (num configs to write) :  100000
 VMC_NBLOCK (num VMC blocks)              :  1
 VMC_EQUIL_NSTEP (num equil steps)        :  5000
 VMC_DECORR_PERIOD (length of inner loop) :  10
 VMC_AVE_PERIOD (hist reduction factor)   :  1
 VMC_SAMPLING                             :  standard
 MAKEMOVIE                                :  F
 FORCES                                   :  F

 Non-local integration grids
 ===========================
 Ion type            :  1
 Non-local grid no.  :  4
 Lexact              :  5
 Number of points    :  12

 BEGIN VMC CALCULATION
 =====================

 Running VMC equilibration (5000 moves).
 Performing time-step optimization.
 Optimized step size: 0.51865
 DTVMC: 0.08967

 Starting VMC.

 =========================================================================
 In block : 1
  Number of VMC steps           = 100000

  Block average energies (au)

  Total energy                       (au) =          -5.315356278659
  Standard error                        +/-           0.002692829529

  Constant energy contributions      (au) =           0.000000000000

  Variance of local energy           (au) =           0.422336258824
  Standard error                        +/-           0.000000000000

 Time taken in block    : : :       7.8174

 =========================================================================
 FINAL RESULT:

  VMC energy (au)    Standard error      Correction for serial correlation

 -5.315356278659 +/- 0.002692829529      On-the-fly reblocking method

 Sample variance of E_L (au^2/sim.cell) : 0.422336258824


 ==========================================
 PERFORMING OPTIMIZATION CALCULATION No. 1.
 ==========================================


 Optimization start
 ==================
   Iteration     Total nfev        Cost      Cost reduction    Step norm     Optimality
       0              1         1.5614e-01                                    2.66e+07
       1              2         5.7967e-02      9.82e-02       2.00e-03       8.20e+05
       2              3         5.7005e-02      9.62e-04       3.87e-03       5.04e+04
       3              4         5.6884e-02      1.21e-04       1.20e-03       3.79e+03
`ftol` termination condition is satisfied.
Function evaluations 4, initial cost 1.5614e-01, final cost 5.6884e-02, first-order optimality 3.79e+03.
Norm of Jacobian at the solution: 4.16548e-10

 BEGIN VMC CALCULATION
 =====================

 Running VMC equilibration (5000 moves).
 Performing time-step optimization.
 Optimized step size: 0.51450
 DTVMC: 0.08824

 Starting VMC.

 =========================================================================
 In block : 1
  Number of VMC steps           = 100000

  Block average energies (au)

  Total energy                       (au) =          -5.394253239605
  Standard error                        +/-           0.000862671247

  Constant energy contributions      (au) =           0.000000000000

  Variance of local energy           (au) =           0.048472245342
  Standard error                        +/-           0.000000000000

 Time taken in block    : : :       8.0503

 =========================================================================
 FINAL RESULT:

  VMC energy (au)    Standard error      Correction for serial correlation

 -5.394253239605 +/- 0.000862671247      On-the-fly reblocking method

 Sample variance of E_L (au^2/sim.cell) : 0.048472245342


 ==========================================
 PERFORMING OPTIMIZATION CALCULATION No. 2.
 ==========================================


 Optimization start
 ==================
Stabilization: 1.0 SEM
E_0 -5.39345991 E_lin -5.40021466 dE -0.00675475
eigvector[0] 0.94534887
delta p / p
[ 1.32500169e-02  1.27399526e-01  1.77148786e-01 -8.41839514e-02
  2.78769355e-02 -1.64981604e-02  2.73494925e-02 -2.56973923e-02
 -1.88708509e-01  5.67232701e-02 -1.15037400e-01  3.69879721e-01
  1.12918212e-01 -5.15695877e-02 -1.04150044e-01 -1.49303544e-01
 -1.08491440e-01  8.35736996e-03  1.46645539e-02  1.82303190e-01
 -1.82425733e-01  1.62694444e-01 -5.64795289e-02 -3.93696142e-03
  9.61583406e-02 -1.17788879e-01  1.16793350e-03 -1.01579058e-02
 -5.99987137e-03 -2.29223871e-01 -7.34544256e-03  1.09646309e-01
  2.44759786e-01  1.45213695e-01 -2.26748128e-01 -7.08549793e+00
  1.83413394e-01 -6.50498907e-03 -2.31516215e-02 -1.87225933e-02
  1.65812164e-02  3.90882238e-02 -4.92305956e-03  1.27911271e-01
 -2.82616774e-02  4.39584940e-03  5.21645812e-01  1.42055646e-02
 -6.25739370e-02  6.30794587e-02  2.73734862e-02 -6.25673066e-02
 -6.12806057e-02 -7.93942930e-02  6.81112970e-01  1.62534463e-01
  9.85590848e-02 -2.25085911e-01 -2.48655333e-01  1.54602855e-01
 -2.53475248e-02 -2.27272680e+00 -4.64014606e-01 -1.29475150e-02
 -2.05848516e-01  4.72576054e-02 -2.08716820e-02 -4.39743070e-02
 -2.28224775e-01  1.08388071e-01  9.65237997e-01 -5.94927018e-03
 -1.24341290e+00 -6.95634769e-02 -2.66820994e-02  1.27568239e-01
  1.43849502e-01 -8.58492880e-02 -6.79850715e-02]

 BEGIN VMC CALCULATION
 =====================

 Running VMC equilibration (5000 moves).
 Performing time-step optimization.
 Optimized step size: 0.50978
 DTVMC: 0.08662

 Starting VMC.

 =========================================================================
 In block : 1
  Number of VMC steps           = 100000

  Block average energies (au)

  Total energy                       (au) =          -5.398517512965
  Standard error                        +/-           0.000884646497

  Constant energy contributions      (au) =           0.000000000000

  Variance of local energy           (au) =           0.063689228427
  Standard error                        +/-           0.000000000000

 Time taken in block    : : :       8.1148

 =========================================================================
 FINAL RESULT:

  VMC energy (au)    Standard error      Correction for serial correlation

 -5.398517512965 +/- 0.000884646497      On-the-fly reblocking method

 Sample variance of E_L (au^2/sim.cell) : 0.063689228427


 ==========================================
 PERFORMING OPTIMIZATION CALCULATION No. 3.
 ==========================================


 Optimization start
 ==================
Stabilization: 1.0 SEM
E_0 -5.39862803 E_lin -5.39883498 dE -0.00020694
eigvector[0] 0.97978208
delta p / p
[ 1.84159722e-02  1.69282670e-02  9.89534213e-02 -4.19538095e-02
  6.51882435e-03 -1.24117790e-02 -1.02901853e-02 -6.73239997e-02
 -4.50885731e-01 -4.75142367e-03 -2.11917092e-02  1.80104753e-01
  8.65680176e-02 -2.65636402e-02 -1.68546486e-01 -1.43981887e-01
 -2.17467323e-01 -1.09958513e-03  1.43209003e-02  8.27253331e-02
 -1.20288629e-01  1.36157345e-01 -3.05820996e-02 -3.69471503e-02
  1.10423590e-01  7.09322777e-01  7.45197927e-03 -2.27665204e-02
 -2.19179593e-01 -1.96192817e-01 -7.14986174e-04  1.15558119e-02
  1.75549999e-01 -1.67102001e-01 -3.48825773e-01  5.68798684e-01
  5.00452495e-02  8.36591955e-03 -8.76653530e-02 -3.14916368e-03
 -7.20349047e-03  2.48267112e-02 -2.25442546e-02  1.26376917e-01
 -1.13914590e-01  3.84882033e-03 -4.82335255e-01 -4.03827970e-03
  3.37448759e-02  1.74467028e-01 -2.42367633e-03 -4.75716830e-02
  2.38821673e-02 -1.05875462e-01  2.38296347e-01  3.75358074e-02
  1.13080539e-01 -1.01205080e-01 -3.56123345e-01  9.51480816e-02
  2.81919352e-02  4.95739038e-01 -3.71978175e-01 -1.60299999e-02
 -1.06526809e-01  2.72303750e-02 -1.33460057e-02 -2.21981816e-02
 -2.11095671e-01 -1.30340388e-01  2.19302871e-01  2.83160612e-02
  1.68662318e+00 -5.22894835e-02 -4.15379863e-02  4.14842683e-02
  1.31425068e-01  3.17593283e-02 -1.03333962e-01]

 BEGIN VMC CALCULATION
 =====================

 Running VMC equilibration (5000 moves).
 Performing time-step optimization.
 Optimized step size: 0.51287
 DTVMC: 0.08768

 Starting VMC.

 =========================================================================
 In block : 1
  Number of VMC steps           = 100000

  Block average energies (au)

  Total energy                       (au) =          -5.400123655047
  Standard error                        +/-           0.000937019964

  Constant energy contributions      (au) =           0.000000000000

  Variance of local energy           (au) =           0.074341211500
  Standard error                        +/-           0.000000000000

 Time taken in block    : : :       8.1717

 =========================================================================
 FINAL RESULT:

  VMC energy (au)    Standard error      Correction for serial correlation

 -5.400123655047 +/- 0.000937019964      On-the-fly reblocking method

 Sample variance of E_L (au^2/sim.cell) : 0.074341211500


 ==========================================
 PERFORMING OPTIMIZATION CALCULATION No. 4.
 ==========================================


 Optimization start
 ==================
Stabilization: 1.0 SEM
E_0 -5.40094721 E_lin -5.40101763 dE -0.00007042
eigvector[0] 0.99319237
delta p / p
[ 3.07661656e-02 -7.53637164e-02  8.77521426e-02  1.56729883e-02
 -1.51354558e-02 -1.65851587e-02  6.37100737e-01  1.36887318e-02
  1.29258770e+00 -1.58057387e-02 -1.97340267e-01  6.43216730e-02
  5.44915296e-02 -7.46606017e-03 -1.73264867e-01 -9.97972088e-02
 -2.61063692e-01  5.43166894e-03  1.96380660e-02 -2.64210647e-02
 -4.26545822e-02  6.84039219e-02 -4.54839451e-03 -3.08428487e-02
  4.98838668e-02  2.49389543e-01  5.23191142e-03 -8.19532382e-03
 -5.12801286e-02 -6.80684100e-02  8.75449966e-04  8.55457294e-02
  1.30183949e-02  7.45984268e-02 -2.50792737e-01  7.02079212e-02
 -3.75593438e-02  5.19553410e-03 -6.19598249e-02 -2.73047436e-03
 -5.93205007e-03  1.14509183e-02 -5.04647327e-03  1.89747164e-03
 -8.23612278e-02  4.67122011e-03 -4.62436432e-01 -2.07722185e-03
  1.71959030e-02  7.37725166e-02 -6.71381386e-03 -1.62147735e-02
 -2.37207270e-02 -6.99301645e-02  7.26942625e-02 -1.25717904e-02
  7.35877206e-02  1.00466931e-01 -3.58184602e-01  2.71824644e-02
  2.34113951e-02 -3.57022208e-02 -3.17609077e-01 -9.15767338e-03
 -1.43219403e-01  1.90752429e-02  1.86384785e-03 -1.22839657e-02
  1.77134470e-01 -1.76969343e-01 -1.03917408e-02  2.00799908e-02
  2.78831608e-01 -5.94539259e-03 -2.79439300e-02 -9.29783694e-03
  9.90907561e-02  2.15120095e-02 -2.02363198e-01]

 BEGIN VMC CALCULATION
 =====================

 Running VMC equilibration (5000 moves).
 Performing time-step optimization.
 Optimized step size: 0.51044
 DTVMC: 0.08685

 Starting VMC.

 =========================================================================
 In block : 1
  Number of VMC steps           = 100000

  Block average energies (au)

  Total energy                       (au) =          -5.400405732109
  Standard error                        +/-           0.000888652959

  Constant energy contributions      (au) =           0.000000000000

  Variance of local energy           (au) =           0.072796700187
  Standard error                        +/-           0.000000000000

 Time taken in block    : : :       8.5112

 =========================================================================
 FINAL RESULT:

  VMC energy (au)    Standard error      Correction for serial correlation

 -5.400405732109 +/- 0.000888652959      On-the-fly reblocking method

 Sample variance of E_L (au^2/sim.cell) : 0.072796700187


 =========================================================================

 Total PyCasino real time : : :    183.6334
