
 ------------------------------------------------------------------------------
 ########::'##:::'##::'######:::::'###:::::'######::'####:'##::: ##::'#######::
 ##.... ##:. ##:'##::'##... ##:::'## ##:::'##... ##:. ##:: ###:: ##:'##.... ##:
 ##:::: ##::. ####::: ##:::..:::'##:. ##:: ##:::..::: ##:: ####: ##: ##:::: ##:
 ########::::. ##:::: ##:::::::'##:::. ##:. ######::: ##:: ## ## ##: ##:::: ##:
 ##.....:::::: ##:::: ##::::::: #########::..... ##:: ##:: ##. ####: ##:::: ##:
 ##::::::::::: ##:::: ##::: ##: ##.... ##:'##::: ##:: ##:: ##:. ###: ##:::: ##:
 ##::::::::::: ##::::. ######:: ##:::: ##:. ######::'####: ##::. ##:. #######::
 .::::::::::::..::::::......:::..:::::..:::......:::....::..::::..:::.......:::

                     Python Quantum Monte Carlo Package
                        v 0.3.0 [Vladimir Konkov]

    Main Author : Vladimir Konkov
 ------------------------------------------------------------------------------
 Started 2025/05/21 10:32:30

 Python 3.10.12 (main, Feb  4 2025, 14:57:36) [GCC 11.4.0]
 Numba 0.59.0
 Numpy 1.26.4
 Scipy 1.11.3

 Running in parallel using 4 MPI processes.

 General input parameters
 ========================
 NEU (num up spin electrons)              :  12
 NED (num down spin electrons)            :  12
 RUNTYPE (type of run)                    :  vmc_opt
 PSI_S  (form for [anti]symmetrizing wfn) :  slater
 ATOM_BASIS_TYPE (atom-centred orb basis) :  slater-type
 INTERACTION (interaction type)           :  coulomb
 TESTRUN (read input data,print and stop) :  F
 PERIODIC                                 :  F
 COMPLEX_WF (complex Slater wave fn.)     :  F
 NEIGHPRINT (neighbour analysis)          :  0
 USE_JASTROW (use Jastrow factor)         :  T
 BACKFLOW (use backflow corrections)      :  F
 USE_ORBMODS (use orbitals modifications) :  F
 CUSP_CORRECTION                          :  F
 NON_LOCAL_GRID (NL integration grid)     :  4
 E_OFFSET (energy offset)                 :  0.0000
 GAUTOL  (Gaussian evaluation tolerance)  :  7.0
 SPARSE                                   :  F
 DIPOLE_MOMENT                            :  F
 RELATIVISTIC                             :  F

 VMC/optimization input parameters
 ====================
 NEWRUN (start new run)                   :  T
 VMC_METHOD (choice of VMC algorithm)     :  3
 DTVMC (VMC time step)                    :  0.02
 OPT_DTVMC (VMC time-step optimization)   :  T
 VMC_NSTEP (num VMC steps)                :  500000
 VMC_NCONFIG_WRITE (num configs to write) :  500000
 VMC_NBLOCK (num VMC blocks)              :  1
 VMC_EQUIL_NSTEP (num equil steps)        :  5000
 VMC_DECORR_PERIOD (length of inner loop) :  10
 VMC_AVE_PERIOD (hist reduction factor)   :  1
 VMC_SAMPLING                             :  standard
 OPT_CYCLES (num optimization cycles)     :  2
 POSTFIT_VMC (perform post-fit VMC calc)  :  T
 POSTFIT_KEEP_CFG (keep post-fit VMC cfgs):  F
 OPT_NOCTF_CYCLES (fixed cutoff cycles)   :  0
 OPT_INFO (information level)             :  2
 OPT_JASTROW (opt Jastrow factor)         :  T
 OPT_DET_COEFF (opt det coeffs)           :  F
 OPT_ORBITALS (opt orbitals)              :  F
 OPT_BACKFLOW (opt backflow params)       :  F
 OPT_FIXNL (fix nonlocal energy)          :  T
 OPT_MAXITER (max num iterations)         :  10
 OPT_MAXEVAL (max num evaluations)        :  200
 VM_SMOOTH_LIMITS (smooth limiting)       :  F
 VM_REWEIGHT (reweighting)                :  F
 VM_FILTER (filter outlying configs)      :  F
 VM_USE_E_GUESS (use guess energy)        :  F
 EMIN_XI_VALUE (xi parameter)             :  1.0
 MAKEMOVIE                                :  F
 FORCES                                   :  F

 BEGIN VMC CALCULATION
 =====================

 Running VMC equilibration (5000 moves).
 Performing time-step optimization.
 Optimized step size: 0.05745
 DTVMC: 0.00110

 Starting VMC.

 =========================================================================
 In block : 1
  Number of VMC steps           = 500000

  Block average energies (au)

  Total energy                       (au) =        -224.358664173371
  Standard error                        +/-           0.010064026321

  Constant energy contributions      (au) =          69.027000022559

  Variance of local energy           (au) =          50.642211614940
  Standard error                        +/-           0.000000000000

 Time taken in block    : : :       256.9136

 =========================================================================
 FINAL RESULT:

  VMC energy (au)    Standard error      Correction for serial correlation

 -224.358664173371 +/- 0.010064026321      No correction
 -224.358664173371 +/- 0.030373975893      Correlation time method
 -224.358664173371 +/- 0.029880746374      On-the-fly reblocking method

 Sample variance of E_L (au^2/sim.cell) : 50.642211614940


 ==========================================
 PERFORMING OPTIMIZATION CALCULATION No. 1.
 ==========================================


 Optimization start
 ==================
   Iteration     Total nfev        Cost      Cost reduction    Step norm     Optimality
       0              1         9.6809e+01                                    3.87e+07
       1              2         4.5998e+01      5.08e+01       6.62e-04       2.02e+07
       2              3         1.5474e+01      3.05e+01       1.28e-03       2.40e+06
       3              4         8.8502e+00      6.62e+00       1.54e-03       2.08e+05
       4              5         5.3121e+00      3.54e+00       6.05e-03       6.75e+04
       5              6         3.7035e+00      1.61e+00       1.62e-02       8.46e+04
       6              7         3.0705e+00      6.33e-01       1.30e-02       4.50e+04
       7              8         2.7410e+00      3.29e-01       1.53e-02       2.32e+04
       8              9         2.4907e+00      2.50e-01       1.67e-02       9.83e+03
       9             10         2.3163e+00      1.74e-01       2.82e-02       5.16e+03
      10             11         2.2561e+00      6.01e-02       3.48e-02       9.20e+03
      11             12         2.2560e+00      1.53e-04       6.77e-04       4.19e+03
`ftol` termination condition is satisfied.
Function evaluations 12, initial cost 9.6809e+01, final cost 2.2560e+00, first-order optimality 4.19e+03.
Norm of Jacobian at the solution: 5.31697e-11

 BEGIN VMC CALCULATION
 =====================

 Running VMC equilibration (5000 moves).
 Performing time-step optimization.
 Optimized step size: 0.05655
 DTVMC: 0.00107

 Starting VMC.

 =========================================================================
 In block : 1
  Number of VMC steps           = 500000

  Block average energies (au)

  Total energy                       (au) =        -225.159862777008
  Standard error                        +/-           0.002009305122

  Constant energy contributions      (au) =          69.027000022559

  Variance of local energy           (au) =           2.018649499564
  Standard error                        +/-           0.000000000000

 Time taken in block    : : :       295.0236

 =========================================================================
 FINAL RESULT:

  VMC energy (au)    Standard error      Correction for serial correlation

 -225.159862777008 +/- 0.002009305122      No correction
 -225.159862777008 +/- 0.008091795331      Correlation time method
 -225.159862777008 +/- 0.012182320939      On-the-fly reblocking method

 Sample variance of E_L (au^2/sim.cell) : 2.018649499564


 ==========================================
 PERFORMING OPTIMIZATION CALCULATION No. 2.
 ==========================================


 Optimization start
 ==================
   Iteration     Total nfev        Cost      Cost reduction    Step norm     Optimality
       0              1         2.0166e+00                                    5.85e+04
       1              2         2.0010e+00      1.56e-02       1.62e-01       2.22e+05
       2              3         1.9980e+00      3.04e-03       1.22e-01       1.41e+05
`ftol` termination condition is satisfied.
Function evaluations 3, initial cost 2.0166e+00, final cost 1.9980e+00, first-order optimality 1.41e+05.
Norm of Jacobian at the solution: 1.56425e-11

 BEGIN VMC CALCULATION
 =====================

 Running VMC equilibration (5000 moves).
 Performing time-step optimization.
 Optimized step size: 0.05624
 DTVMC: 0.00105

 Starting VMC.

 =========================================================================
 In block : 1
  Number of VMC steps           = 500000

  Block average energies (au)

  Total energy                       (au) =        -225.178512759438
  Standard error                        +/-           0.002032881934

  Constant energy contributions      (au) =          69.027000022559

  Variance of local energy           (au) =           2.066300345997
  Standard error                        +/-           0.000000000000

 Time taken in block    : : :       295.9027

 =========================================================================
 FINAL RESULT:

  VMC energy (au)    Standard error      Correction for serial correlation

 -225.178512759438 +/- 0.002032881934      No correction
 -225.178512759438 +/- 0.008325499266      Correlation time method
 -225.178512759438 +/- 0.012075399536      On-the-fly reblocking method

 Sample variance of E_L (au^2/sim.cell) : 2.066300345997


 =========================================================================

 Total PyCasino real time : : :    7205.2594
