
 ------------------------------------------------------------------------------
 ########::'##:::'##::'######:::::'###:::::'######::'####:'##::: ##::'#######::
 ##.... ##:. ##:'##::'##... ##:::'## ##:::'##... ##:. ##:: ###:: ##:'##.... ##:
 ##:::: ##::. ####::: ##:::..:::'##:. ##:: ##:::..::: ##:: ####: ##: ##:::: ##:
 ########::::. ##:::: ##:::::::'##:::. ##:. ######::: ##:: ## ## ##: ##:::: ##:
 ##.....:::::: ##:::: ##::::::: #########::..... ##:: ##:: ##. ####: ##:::: ##:
 ##::::::::::: ##:::: ##::: ##: ##.... ##:'##::: ##:: ##:: ##:. ###: ##:::: ##:
 ##::::::::::: ##::::. ######:: ##:::: ##:. ######::'####: ##::. ##:. #######::
 .::::::::::::..::::::......:::..:::::..:::......:::....::..::::..:::.......:::

                     Python Quantum Monte Carlo Package
                        v 0.2.0 [Vladimir Konkov]

    Main Author : Vladimir Konkov
 ------------------------------------------------------------------------------
 Started 2024/08/16 10:17:08

 Python 3.10.12 (main, Jul 29 2024, 16:56:48) [GCC 11.4.0]
 Numba 0.59.0
 Numpy 1.26.4
 Scipy 1.11.3

 Running in parallel using 4 MPI processes.

 General input parameters
 ========================
 NEU (num up spin electrons)              :  2
 NED (num down spin electrons)            :  2
 RUNTYPE (type of run)                    :  vmc_opt
 PSI_S  (form for [anti]symmetrizing wfn) :  slater
 ATOM_BASIS_TYPE (atom-centred orb basis) :  gaussian
 INTERACTION (interaction type)           :  coulomb
 TESTRUN (read input data,print and stop) :  F
 PERIODIC                                 :  F
 COMPLEX_WF (complex Slater wave fn.)     :  F
 NEIGHPRINT (neighbour analysis)          :  0
 USE_JASTROW (use Jastrow factor)         :  T
 BACKFLOW (use backflow corrections)      :  T
 USE_ORBMODS (use orbitals modifications) :  F
 E_OFFSET (energy offset)                 :  0.0000
 CHECKPOINT (checkpointing level)         :  1
 CON_LOC (Dir to read/write config.*)     :  ./
 RELATIVISTIC                             :  F

 VMC/optimization input parameters
 ====================
 NEWRUN (start new run)                   :  T
 VMC_METHOD (choice of VMC algorithm)     :  3
 DTVMC (VMC time step)                    :  1.0000E-02
 OPT_DTVMC (VMC time-step optimization)   :  1
 VMC_NSTEP (num VMC steps)                :  10000
 VMC_NCONFIG_WRITE (num configs to write) :  10000
 VMC_NBLOCK (num VMC blocks)              :  1
 VMC_EQUIL_NSTEP (num equil steps)        :  5000
 VMC_DECORR_PERIOD (length of inner loop) :  10
 VMC_AVE_PERIOD (hist reduction factor)   :  1
 VMC_SAMPLING                             :  standard
 MAKEMOVIE                                :  F
 FORCES                                   :  F

 Gaussian cusp correction
 ========================
 Activated.

 BEGIN VMC CALCULATION
 =====================

 Running VMC equilibration (5000 moves).
 Performing time-step optimization.
 Optimized step size: 0.22816
 DTVMC: 0.01735

 Starting VMC.

 =========================================================================
 In block : 1
  Number of VMC steps           = 10000

  Block average energies (au)

  Total energy                       (au) =         -14.552215311047
  Standard error                        +/-           0.019928498304

  Constant energy contributions      (au) =           0.000000000000

  Variance of local energy           (au) =           2.974237947958
  Standard error                        +/-           0.000000000000

 Time taken in block    : : :       1.0630

 =========================================================================
 FINAL RESULT:

  VMC energy (au)    Standard error      Correction for serial correlation

 -14.552215311047 +/- 0.019928498304      On-the-fly reblocking method

 Sample variance of E_L (au^2/sim.cell) : 2.974237947958


 ==========================================
 PERFORMING OPTIMIZATION CALCULATION No. 1.
 ==========================================


 Optimization start
 ==================
   Iteration     Total nfev        Cost      Cost reduction    Step norm     Optimality
       0              1         5.9762e-01                                    1.14e+05
       1              2         5.6743e-02      5.41e-01       7.72e-02       1.41e+03
       2              3         2.2454e-02      3.43e-02       1.78e-01       7.82e+02
       3              4         1.6886e-02      5.57e-03       3.02e-01       2.61e+02
       4              5         1.4484e-02      2.40e-03       6.41e-01       2.14e+03
       5              6         1.3164e-02      1.32e-03       8.81e-01       1.04e+03
       6              7         1.2478e-02      6.86e-04       1.44e+00       1.24e+03
       7              8         1.1894e-02      5.83e-04       2.19e+00       1.21e+03
       8              9         1.1422e-02      4.72e-04       2.10e+00       5.54e+02
       9             10         1.1164e-02      2.58e-04       1.23e+00       6.74e+02
      10             11         1.1082e-02      8.25e-05       1.13e+00       2.40e+02
`ftol` termination condition is satisfied.
Function evaluations 11, initial cost 5.9762e-01, final cost 1.1082e-02, first-order optimality 2.40e+02.
Norm of Jacobian at the solution: 7.55434e-13

 BEGIN VMC CALCULATION
 =====================

 Running VMC equilibration (5000 moves).
 Performing time-step optimization.
 Optimized step size: 0.22620
 DTVMC: 0.01706

 Starting VMC.

 =========================================================================
 In block : 1
  Number of VMC steps           = 10000

  Block average energies (au)

  Total energy                       (au) =         -14.645067568905
  Standard error                        +/-           0.005741241660

  Constant energy contributions      (au) =           0.000000000000

  Variance of local energy           (au) =           0.015752313585
  Standard error                        +/-           0.000000000000

 Time taken in block    : : :       0.8456

 =========================================================================
 FINAL RESULT:

  VMC energy (au)    Standard error      Correction for serial correlation

 -14.645067568905 +/- 0.005741241660      On-the-fly reblocking method

 Sample variance of E_L (au^2/sim.cell) : 0.015752313585


 ==========================================
 PERFORMING OPTIMIZATION CALCULATION No. 2.
 ==========================================


 Optimization start
 ==================
   Iteration     Total nfev        Cost      Cost reduction    Step norm     Optimality
       0              1         1.5419e-02                                    1.39e+03
       1              5         1.2211e-02      3.21e-03       4.75e-01       2.14e+03
       2              6         1.1953e-02      2.58e-04       6.79e-01       1.37e+03
       3              7         1.1745e-02      2.08e-04       9.46e-01       2.16e+02
`ftol` termination condition is satisfied.
Function evaluations 7, initial cost 1.5419e-02, final cost 1.1745e-02, first-order optimality 2.16e+02.
Norm of Jacobian at the solution: 7.83986e-13

 BEGIN VMC CALCULATION
 =====================

 Running VMC equilibration (5000 moves).
 Performing time-step optimization.
 Optimized step size: 0.22118
 DTVMC: 0.01631

 Starting VMC.

 =========================================================================
 In block : 1
  Number of VMC steps           = 10000

  Block average energies (au)

  Total energy                       (au) =         -14.648848831843
  Standard error                        +/-           0.005531131819

  Constant energy contributions      (au) =           0.000000000000

  Variance of local energy           (au) =           0.014018508452
  Standard error                        +/-           0.000000000000

 Time taken in block    : : :       0.8307

 =========================================================================
 FINAL RESULT:

  VMC energy (au)    Standard error      Correction for serial correlation

 -14.648848831843 +/- 0.005531131819      On-the-fly reblocking method

 Sample variance of E_L (au^2/sim.cell) : 0.014018508452


 =========================================================================

 Total PyCasino real time : : :    196.8151
