
 ------------------------------------------------------------------------------
 ########::'##:::'##::'######:::::'###:::::'######::'####:'##::: ##::'#######::
 ##.... ##:. ##:'##::'##... ##:::'## ##:::'##... ##:. ##:: ###:: ##:'##.... ##:
 ##:::: ##::. ####::: ##:::..:::'##:. ##:: ##:::..::: ##:: ####: ##: ##:::: ##:
 ########::::. ##:::: ##:::::::'##:::. ##:. ######::: ##:: ## ## ##: ##:::: ##:
 ##.....:::::: ##:::: ##::::::: #########::..... ##:: ##:: ##. ####: ##:::: ##:
 ##::::::::::: ##:::: ##::: ##: ##.... ##:'##::: ##:: ##:: ##:. ###: ##:::: ##:
 ##::::::::::: ##::::. ######:: ##:::: ##:. ######::'####: ##::. ##:. #######::
 .::::::::::::..::::::......:::..:::::..:::......:::....::..::::..:::.......:::

                     Python Quantum Monte Carlo Package
                        v 0.2.0 [Vladimir Konkov]

    Main Author : Vladimir Konkov
 ------------------------------------------------------------------------------
 Started 2024/08/23 09:34:13

 Python 3.10.12 (main, Jul 29 2024, 16:56:48) [GCC 11.4.0]
 Numba 0.59.0
 Numpy 1.26.4
 Scipy 1.11.3

 Running in parallel using 4 MPI processes.

 General input parameters
 ========================
 NEU (num up spin electrons)              :  2
 NED (num down spin electrons)            :  1
 RUNTYPE (type of run)                    :  vmc_opt
 PSI_S  (form for [anti]symmetrizing wfn) :  slater
 ATOM_BASIS_TYPE (atom-centred orb basis) :  gaussian
 INTERACTION (interaction type)           :  coulomb
 TESTRUN (read input data,print and stop) :  F
 PERIODIC                                 :  F
 COMPLEX_WF (complex Slater wave fn.)     :  F
 NEIGHPRINT (neighbour analysis)          :  0
 USE_JASTROW (use Jastrow factor)         :  T
 BACKFLOW (use backflow corrections)      :  T
 USE_ORBMODS (use orbitals modifications) :  F
 E_OFFSET (energy offset)                 :  0.0000
 CHECKPOINT (checkpointing level)         :  1
 CON_LOC (Dir to read/write config.*)     :  ./
 RELATIVISTIC                             :  F

 VMC/optimization input parameters
 ====================
 NEWRUN (start new run)                   :  T
 VMC_METHOD (choice of VMC algorithm)     :  3
 DTVMC (VMC time step)                    :  1.0000E-02
 OPT_DTVMC (VMC time-step optimization)   :  1
 VMC_NSTEP (num VMC steps)                :  100000
 VMC_NCONFIG_WRITE (num configs to write) :  100000
 VMC_NBLOCK (num VMC blocks)              :  1
 VMC_EQUIL_NSTEP (num equil steps)        :  5000
 VMC_DECORR_PERIOD (length of inner loop) :  10
 VMC_AVE_PERIOD (hist reduction factor)   :  1
 VMC_SAMPLING                             :  standard
 MAKEMOVIE                                :  F
 FORCES                                   :  F

 Non-local integration grids
 ===========================
 Ion type            :  1
 Non-local grid no.  :  4
 Lexact              :  5
 Number of points    :  12

 BEGIN VMC CALCULATION
 =====================

 Running VMC equilibration (5000 moves).
 Performing time-step optimization.
 Optimized step size: 0.81343
 DTVMC: 0.22056

 Starting VMC.

 =========================================================================
 In block : 1
  Number of VMC steps           = 100000

  Block average energies (au)

  Total energy                       (au) =          -2.535806700301
  Standard error                        +/-           0.001686831105

  Constant energy contributions      (au) =           0.000000000000

  Variance of local energy           (au) =           0.225473159108
  Standard error                        +/-           0.000000000000

 Time taken in block    : : :       10.1172

 =========================================================================
 FINAL RESULT:

  VMC energy (au)    Standard error      Correction for serial correlation

 -2.535806700301 +/- 0.001686831105      On-the-fly reblocking method

 Sample variance of E_L (au^2/sim.cell) : 0.225473159108


 ==========================================
 PERFORMING OPTIMIZATION CALCULATION No. 1.
 ==========================================


 Optimization start
 ==================
   Iteration     Total nfev        Cost      Cost reduction    Step norm     Optimality
       0              1         1.3570e-01                                    5.53e+05
       1              2         2.6630e-02      1.09e-01       1.37e-01       9.39e+04
       2              3         2.2898e-02      3.73e-03       2.76e-01       6.77e+04
       3              4         2.2680e-02      2.18e-04       2.46e-01       3.83e+04
       4              8         2.2604e-02      7.64e-05       1.46e-03       1.45e+04
`ftol` termination condition is satisfied.
Function evaluations 8, initial cost 1.3570e-01, final cost 2.2604e-02, first-order optimality 1.45e+04.
Norm of Jacobian at the solution: 1.21206e-11

 BEGIN VMC CALCULATION
 =====================

 Running VMC equilibration (5000 moves).
 Performing time-step optimization.
 Optimized step size: 0.79450
 DTVMC: 0.21041

 Starting VMC.

 =========================================================================
 In block : 1
  Number of VMC steps           = 100000

  Block average energies (au)

  Total energy                       (au) =          -2.594983466173
  Standard error                        +/-           0.000516989283

  Constant energy contributions      (au) =           0.000000000000

  Variance of local energy           (au) =           0.018980542432
  Standard error                        +/-           0.000000000000

 Time taken in block    : : :       10.2227

 =========================================================================
 FINAL RESULT:

  VMC energy (au)    Standard error      Correction for serial correlation

 -2.594983466173 +/- 0.000516989283      On-the-fly reblocking method

 Sample variance of E_L (au^2/sim.cell) : 0.018980542432


 ==========================================
 PERFORMING OPTIMIZATION CALCULATION No. 2.
 ==========================================


 Optimization start
 ==================
Stabilization: 1.0 SEM
E_0 -2.59563220 E_lin -2.53386478 dE 0.06176742
eigvector[0] 0.77965823
delta p / p
[ 3.27970675e-02  1.05657293e+00 -2.11612581e-01  1.06813492e-01
 -1.71653038e-01  9.49523668e-02  3.47313875e-01 -2.17336202e-02
 -6.27559293e-01  1.37790829e-01 -3.75530079e-01  2.61848982e-01
  3.86015001e-03 -7.89063760e-02 -1.01146980e-02 -5.04875303e-02
  1.70589749e-01 -2.16298953e-02 -1.19521968e-02  5.00381581e-01
  1.58970017e+00  3.31985686e-01  4.43466964e-01  5.56732497e-01
 -1.16599889e-01 -8.80532302e+01  4.60364210e-03 -2.84076972e-01
  3.57990280e+00  2.79983332e-01  1.07816774e+00  1.06579069e-01
  2.17878537e-01 -2.51364315e-01  6.75361211e-02  1.97598953e+00
 -4.29081835e-02 -3.67634697e-02  1.25742799e-01 -5.33134474e-01
  1.48281995e-01  4.68018231e-01  1.61925115e-01 -1.62264117e-01
 -3.66029282e-01 -5.39017287e-01 -5.90358970e-01  8.69612198e-02
  1.56199887e-02 -1.40500341e+00  1.64471676e-01  1.43336389e-01
  1.53257050e-01 -2.28687239e+00 -4.64167344e+00  5.09026338e-01
 -3.49184573e-02 -5.44212760e-02  4.80263098e-03 -1.78813927e-02
  1.37849312e-01  3.72309339e+00 -7.03542998e-02  2.04018475e-01
  9.22448450e-02  1.16533053e+01  9.50873807e-02 -7.16403992e-02
 -4.87048124e-02 -6.45332309e-02 -5.25204233e-02 -4.07319396e-02
  2.58005819e-02  2.56941315e-01  1.61467558e-02 -9.30455893e-01
  3.50835930e-02 -1.25001552e-01  2.65837828e-01  9.26268620e-01
  4.30378486e-01 -4.23034606e-01 -2.50604478e-01 -9.23494141e-02
 -4.16634032e-01  2.41303701e-01  3.35518014e-01 -5.39372323e-01
 -5.04649589e-01  2.99868223e-01  1.62542170e-01  1.41674710e-01
  1.32120429e-02 -1.71862517e-01 -4.14059253e-02 -1.67871582e-01
 -9.73224744e-02 -4.02726290e-01 -5.31304112e-01 -3.96031831e-01
  4.75999184e-02 -3.18806092e+00 -7.77917280e-01  9.88609317e-03
  1.02402844e-01  1.62954265e-01  1.36376361e-01  3.31993299e+00
 -4.12741580e-01  4.16465451e-01  9.14445250e-03 -2.79292608e-01
  2.90664722e-01  1.45888614e+01  6.48259292e-02 -2.57717160e-01
 -3.45748847e+00 -5.28839743e-01  2.29912291e-02 -8.22426081e+00
  2.29138557e-01 -2.67774113e-01 -1.26940910e+01 -5.19727941e-01
  1.43711034e+01 -1.30683782e+00  1.11690384e-01 -1.98768469e-01
 -3.80725171e-01  4.64128259e-01  3.56836375e-01 -9.59939572e-01
  3.26904530e-01 -1.50003244e-01 -5.01222572e-01  4.81149873e-02
 -2.37527438e-02 -3.77633589e+00  6.24313489e-02 -8.51277036e-02
  5.60218192e-01  7.43404234e-01  3.91787783e-01  2.38023615e-01
 -7.24088788e-01  1.79695500e-01  2.98756027e-02  1.43602643e+01
 -6.87049952e+00  3.92970581e-01  1.27282718e-01  3.40869192e-01
 -5.76298287e-01  4.17392518e-01 -4.85277033e-01  3.79963430e-01
 -2.70724210e-01  2.67207283e-01 -1.33551384e+01  3.19547937e-03
  6.76923539e-01 -2.70740694e-01  3.29609350e+01  5.00456912e-03
  2.01267403e-01  3.34319695e-02 -3.84672544e-01  1.24337215e+00
  1.56404589e-01 -3.99446436e-01  1.12665749e-01  1.70994159e+00
  4.13449821e+00 -5.09112282e-01  3.27912154e-01  8.70780885e-02
  4.73958056e-01  2.71730299e-02 -4.71902207e-01 -1.58895822e-01
 -1.76722597e+00 -7.92996708e-02 -1.44381975e+00 -1.94068128e-01
 -2.82077312e-01 -1.87347142e-01  1.67849276e-01  2.97357207e-01
  5.23012179e-02 -3.02234613e-02 -9.37546867e-01  7.19501452e-01
  1.27084746e-01  2.07028398e+00 -1.30533951e+00  3.56291187e-01
  3.82274742e-02  2.66159578e-01  1.89239158e-01 -9.52311077e-01
  2.33123850e-01 -3.07065551e-01  2.30932295e-03 -8.15020297e-02
 -8.68505754e-01  1.61452316e+00 -4.41956976e-01 -9.40928707e+00
 -1.02304636e+00 -1.26974860e-01 -3.94455961e-01 -9.12554532e-01
 -9.26681738e-01 -1.94487734e+00  2.63189253e-01 -4.11875879e-01
  1.73190412e+00 -4.17532649e-01  1.80243241e-01 -1.63076049e-01
 -1.01015661e+00 -2.32374803e+00 -1.21178545e-01  2.55218334e+00
 -2.21857831e+00 -5.05354128e-01 -8.83191914e-01  7.28020391e-03
  8.57886451e-02 -5.46717307e-01  5.57581943e-03 -4.99696301e-01
 -7.83230220e-01  3.28108554e+00  1.56053544e+00  2.50905517e-01
 -7.48224516e-01  3.08582054e-01  1.43036846e+01 -1.56522353e+00
 -4.73696664e-02 -6.49019739e-01  6.68001825e+00 -4.74958968e-01
  1.32917045e-01 -3.40070770e-02  1.07117388e+00  4.20838408e-01
 -6.27607273e+00 -8.07099026e-01  2.76995585e-03  2.91985014e-01
 -4.56991724e-02  7.32246595e-01  1.09032412e-01  1.60980006e+00
 -9.51447492e-02 -6.81740859e-01 -2.91335818e+00 -1.43833865e+00
  3.77260614e-01  1.49338580e-01 -5.87723137e-01  6.99621127e-01
 -1.33831704e-02 -5.95618853e+00  5.50782652e-01  6.42847030e-01
 -1.07723892e-01  2.92764893e-01  1.16372855e-01 -2.85492105e-01
 -5.25887044e-01  2.37840380e+00  1.40180933e-01  7.80430006e+00
 -1.45718808e-01  1.73509178e-01  3.09662269e-01 -2.01270058e+00
  2.63367735e-01  6.31110779e+00  4.81425659e+00 -8.62699442e-01
  6.16157196e-01  9.73381226e-01 -4.59118823e-01 -3.78518835e-02
  2.82611939e-02 -3.19940614e-01 -5.03986073e-02  7.06264643e-01
  1.50830448e-01  7.76651021e-02 -1.06920770e-01 -6.16466299e-01
  6.67319155e-02  4.13238172e-01 -2.13866752e-01 -1.49651852e-01
  1.63285885e-03  1.05319111e+00 -1.59135108e-02  3.75008316e-01]

 BEGIN VMC CALCULATION
 =====================

 Running VMC equilibration (5000 moves).
 Performing time-step optimization.
 Optimized step size: 0.66993
 DTVMC: 0.14960

 Starting VMC.

 =========================================================================
 In block : 1
  Number of VMC steps           = 100000

  Block average energies (au)

  Total energy                       (au) =          -2.389208308442
  Standard error                        +/-           0.002451290322

  Constant energy contributions      (au) =           0.000000000000

  Variance of local energy           (au) =           0.485925354906
  Standard error                        +/-           0.000000000000

 Time taken in block    : : :       12.3169

 =========================================================================
 FINAL RESULT:

  VMC energy (au)    Standard error      Correction for serial correlation

 -2.389208308442 +/- 0.002451290322      On-the-fly reblocking method

 Sample variance of E_L (au^2/sim.cell) : 0.485925354906


 ==========================================
 PERFORMING OPTIMIZATION CALCULATION No. 3.
 ==========================================


 Optimization start
 ==================
Stabilization: 1.0 SEM
E_0 -2.38982313 E_lin -2.63734257 dE -0.24751944
eigvector[0] 0.56683831
delta p / p
[ 3.82688374e-03  3.78775058e-01  1.65916410e-01 -2.68060578e-01
 -2.19661997e+00  4.68286727e-01  1.79437581e-01  2.11157436e-01
  8.36530297e-01 -1.33133070e-02  8.41983065e-02 -2.46407715e-02
  1.18730268e-02  2.34935454e-02  3.71301925e-02  1.21312554e-02
 -1.45253152e-01  1.26703242e-03 -2.41552546e-02  2.95946007e-01
 -1.75072428e-01  7.29173392e-01  7.46852598e-02 -1.86446978e-02
  3.01104042e-01  3.66298532e-01  9.10606732e-03  1.06171184e-01
  1.10538732e-01  4.86829094e-01 -4.23260442e-02 -2.58479869e-01
  1.14778394e-01  1.48868698e-01 -4.49609887e-02  7.23290477e-01
 -9.10004430e-02  4.19096521e-02 -2.71903082e-02 -9.10781167e-01
  6.11475596e-02  6.43054883e-01  4.99779145e-02 -3.16265202e-02
  2.24985971e-02 -1.48471297e-03  1.06074722e-01 -5.13232885e-02
 -1.59269630e-01  4.26886991e+00 -1.39721340e-01  5.26710286e-02
  5.06021551e-02 -1.01130342e-01 -2.18502872e-01  5.54678653e-02
 -1.46149589e-01 -1.54163880e-02 -7.30172080e-02  1.52813006e-02
 -9.18857356e-03  1.24177542e-01 -4.80109524e-02  5.65615884e-02
 -2.67946530e-02 -9.69967695e-02 -5.29576344e-02  3.42064024e-02
 -1.30296126e-02 -3.35399648e-03 -2.16508436e-03  3.78622879e-03
 -2.39003759e-02 -3.50702336e-02 -3.20838509e-03  1.19240591e+00
 -1.60677541e-02  9.59986526e-02 -1.12435356e-01 -4.74534938e-01
 -7.18948419e-03  5.78066033e-01 -2.44703506e-01  1.18180901e-01
 -3.15251688e-01  4.46079471e-01  1.11250126e+00 -4.28981741e+00
 -1.27776805e+00 -2.33260777e+00  3.04395083e-02  1.62130628e-03
 -2.17848236e-02  2.07016475e-02 -2.16042761e-02  3.72398225e-02
  7.44258191e-02 -1.40507654e-02  1.02084614e-01 -1.81260673e-01
 -1.82120274e-02  2.57670839e-01  8.74367444e-01 -1.08587977e-01
  2.68869499e-02  7.49198600e-03  5.49162021e-02  2.33208314e-01
 -1.46265779e-01 -9.62289973e-02 -8.96670180e-03  8.34984903e-01
 -9.04306980e-02 -3.29221492e-01 -3.71035419e-01 -1.60133090e-01
  2.61472587e-02 -9.49034501e-01  1.96837974e-01 -3.07498857e+00
  2.40038250e-02 -2.62992539e-01 -1.96005289e-01  2.60848556e-01
  1.63968965e+00  1.00013464e+00  1.25408747e+00 -1.81449451e-02
  4.63163209e-01 -1.87270972e+00 -1.93074590e-01  1.79117450e+01
 -2.09068368e-01  1.52876263e-01  2.73732913e+00 -4.47852261e-01
 -1.83966278e+00 -8.22941295e-01 -7.30507947e-01  1.24296053e+00
 -9.29079768e-02 -8.61594692e-03 -8.02781476e-01 -5.01512570e-02
  1.98516409e+00 -1.49340705e-01  2.99006337e-01 -1.20646825e+00
 -6.18950299e-02  9.86005893e-02 -4.26761763e-01  4.26058320e+01
  1.16153343e+01  6.42501638e+00  1.19731356e+00  8.95829392e-02
  2.97443710e-03 -1.14555072e-01 -1.21980648e-01 -1.46901631e-01
  9.53391955e-03 -2.95429332e-02  4.31649683e-01  2.15072942e-01
 -6.46927744e-02  7.29603979e-02  3.20489343e-01  8.23646313e-02
  6.40288887e-02 -8.76328544e-02  5.33896710e-02 -2.51604320e-01
  2.62070073e-01  3.35792020e-01  4.48561099e-03  3.35009193e-02
 -1.81453653e-02 -4.03484769e-02  3.61506099e-01 -2.69091905e-02
  2.75271829e-02 -7.48410950e-01 -2.06544608e+01 -3.18853706e-02
  3.82485397e-01 -5.38736712e-02  1.40475857e-01  8.77309156e-01
  1.86609914e-01 -1.43836369e-02  4.61742734e+00 -5.62751978e-01
 -1.70047916e-01 -6.24085230e-01  1.35378745e+00 -3.07557370e-01
 -3.90886666e-02 -6.68670416e-02  3.80607662e-01  9.50378183e+01
  3.54274804e-01  1.33676588e+00  6.04533242e-01  4.32316820e-01
 -1.64223266e-01  1.66855134e-01 -8.98447209e-02  5.91872269e-01
 -6.54331906e-01  4.13507039e-02 -2.63682920e-01 -5.97325224e-01
 -7.22485406e-01 -2.61569658e-02 -5.25834044e-02 -1.56607910e-01
  6.18941756e-02 -4.75631142e-02  3.20209906e-03  5.93396953e-03
 -2.52922078e+01  7.70932988e-02 -4.45573696e-02  8.36496740e-02
  3.32142200e-02  7.02435418e-02 -3.17424023e+00  1.67650872e-02
  4.88380997e-02 -1.99310496e-01 -6.99030711e-02  6.19009762e-01
 -2.07434076e-01 -4.86362570e-02 -2.77924373e-03  7.57299690e-02
  8.77769045e-01 -2.46631181e-02 -3.10045137e-02 -1.32500543e-01
  2.51677880e-01  1.07235614e+00  2.36292510e-02  1.28133881e-01
  5.59878626e-02  4.01643909e-02 -1.01158743e-01  3.80914492e-02
  4.56249087e-01 -5.56415089e+00  7.29900035e-03 -7.42957646e-02
  8.19237840e-02 -1.40442148e-01 -1.98253665e-02  1.00232503e-01
 -2.01041971e-02  4.90386726e-01  3.37424657e-01 -1.26286083e-01
  2.04253561e-01 -1.90761310e-02  1.32374380e+00  5.33919517e-02
 -2.14196291e-01  2.71239424e-01  2.59494887e-02  4.70688619e-02
 -1.24795892e-01  6.80956574e-02  5.24241595e-02  8.09680902e-02
  2.29514977e-01 -4.17016278e-02  2.01717781e-02  1.50827641e-01
  1.39097306e-01  5.11210270e-02  3.12003249e-02 -1.75425646e-01
 -1.32954216e-01  1.79140225e-01  4.66199589e-02  3.35550821e-01
  9.82167714e-02  6.35229821e-02  8.28010973e-02  1.96152748e-02
 -1.18548016e-03 -8.09258960e-02 -4.84718659e-05  2.78531208e-02
 -1.80213251e-02  7.14089801e-02  1.46746084e-02 -1.55996205e-02
 -1.82295759e-03  6.81005599e-02  5.47670014e-02 -8.02731134e-02
 -1.22667145e-01 -4.40990055e-02  1.84558838e-02 -9.02217351e-02]

 BEGIN VMC CALCULATION
 =====================

 Running VMC equilibration (5000 moves).
 Performing time-step optimization.
 Optimized step size: 0.68182
 DTVMC: 0.15496

 Starting VMC.

 =========================================================================
 In block : 1
  Number of VMC steps           = 100000

  Block average energies (au)

  Total energy                       (au) =          -1.726804246198
  Standard error                        +/-           0.008630297324

  Constant energy contributions      (au) =           0.000000000000

  Variance of local energy           (au) =           2.246758357459
  Standard error                        +/-           0.000000000000

 Time taken in block    : : :       9.4820

 =========================================================================
 FINAL RESULT:

  VMC energy (au)    Standard error      Correction for serial correlation

 -1.726804246198 +/- 0.008630297324      On-the-fly reblocking method

 Sample variance of E_L (au^2/sim.cell) : 2.246758357459


 ==========================================
 PERFORMING OPTIMIZATION CALCULATION No. 4.
 ==========================================


 Optimization start
 ==================
Stabilization: 1.0 SEM
E_0 -1.71280259 E_lin -2.75727670 dE -1.04447412
eigvector[0] 0.78981353
delta p / p
[-2.81319983e-02 -7.70075310e-01 -6.77577548e-01  1.22000903e+00
 -2.46728739e+00 -3.51694947e-01 -2.33605774e-02 -2.17667077e-01
 -5.91217190e-02  6.74143128e-02  5.13380043e-02  3.77374587e-02
 -1.87249576e-02 -3.47014058e-02 -1.03456233e-01  4.27573568e-02
  2.33560973e-01  1.17081614e-03  9.83564672e-02  2.71048203e-02
 -5.81802438e-01  6.59698598e-01  6.98919078e-02 -6.63701833e-02
  2.65910233e-01  8.54466938e-02 -1.21059507e-02 -1.26982805e+00
  3.14785836e-01  1.04965945e-02 -2.03758528e-01 -2.97013910e-01
 -7.56444483e-03  2.80722725e-01  4.84492323e-01 -1.03338009e+00
 -2.60535263e-01  4.27758160e-03 -1.47593049e-02 -3.57906650e+00
  3.92307090e-02 -1.10582451e-01 -4.64131860e-03  1.42390282e-02
 -1.95723862e-01 -2.06657619e-01 -2.47290738e-01 -9.82268903e-05
 -2.29219267e-02  1.32732040e-01 -4.68231277e-03 -7.73724864e-03
 -3.03074775e-02 -8.07221763e-01  8.52706800e-02  1.83018097e-01
  1.07556613e-01  1.65232660e-02 -2.45763798e-03  3.33986993e-02
  6.98517571e-02  4.78654843e-01 -8.94966946e-02 -2.82286257e-02
 -2.65148228e-02 -8.82008154e-01  2.63576835e-01  1.00061774e-01
  1.06162811e-02 -1.16547194e-02  8.07544559e-02 -2.60514320e-02
 -6.46016915e-02 -1.87707712e-03 -3.91519138e-02 -8.47367834e-01
 -1.11842998e-02  3.14833022e-02 -9.42982925e-02 -4.53447714e-02
 -2.69344085e-02 -3.41480658e-01 -1.00893492e+00  2.31777202e+00
  1.09620936e+01 -3.28475037e-01  1.28064512e+00  4.50077000e+00
  2.68299344e+01  1.62057434e+00  7.25686975e-02 -2.70403143e-02
  1.69528453e-03  2.35914274e-02  6.27972681e-02 -2.60325778e-02
 -4.31386490e-02  5.49877619e-02  8.47205184e-02 -1.08118737e-01
 -6.09122219e-02 -1.11538559e+00  7.34968516e-01 -7.17641781e-02
  2.00734885e-02  1.00515418e-01 -8.90281405e-02 -1.05795712e-01
 -2.01208739e-01  5.38532189e-01 -3.41868327e-02 -2.05327676e-01
 -7.04471267e-01 -1.54458446e+00 -2.54660842e+00 -6.91900346e-01
  2.21265051e-01 -3.87393347e+01 -3.10064158e-01 -5.39354435e-01
 -7.03038003e-01  6.12905462e+00 -5.07432860e-01  4.48859956e-01
  5.64301131e-01 -1.68466337e+00  2.71010784e+00 -5.45868584e-04
  3.79017068e-01  4.74758893e+00 -8.29196223e-01  1.86346881e-02
  9.27650152e-02  1.48418821e-01  2.54319880e-01  2.32985565e-01
 -4.79989094e-01 -1.18000172e+00  8.00974025e-01 -7.10112904e-02
  8.34845801e-01 -5.30167245e-01 -1.49667984e+00 -2.29627229e-01
  3.82118890e-02  2.56589299e-01  3.04367313e-01  2.18162766e+00
  5.17365174e-01 -4.67721396e-01 -5.55004972e-01  8.23394720e-02
  1.50577432e-01  8.83009094e-02 -2.36190580e+00  6.04645479e-01
 -6.73725649e-01 -3.94964242e-01  3.94931480e-01  5.15055724e-01
  8.54276496e-01 -7.34709520e-01  1.18812046e+00 -3.89434733e-01
 -4.39977843e-01  2.07401413e-01  2.70401202e-01  8.21862589e-02
  1.19334177e+00  1.37730385e-01  1.00497054e-01  8.21244444e-01
  4.92540152e-02 -4.29952953e-01 -3.03902472e-01 -1.51213393e-01
 -1.64911870e-02  4.49582943e-01 -3.57898642e-01 -2.12053316e-01
  2.04561248e+00  1.92231159e+00 -7.61067349e-01 -2.22307692e-01
 -3.57767869e-01 -2.95045182e-02 -1.80232403e-01  1.91486848e-01
  1.13197418e-01 -3.89274056e-03 -1.10077971e+00  6.31042397e-01
  3.45808683e-01  3.11832061e+00  1.77004215e+00  2.45427638e-01
  1.12258418e-01  5.11611111e-01  1.17955171e-01 -2.16448664e-01
  9.84293529e-02  2.10388942e-01  5.48647946e-02 -1.30131159e-01
  6.07600596e+00  1.78303976e-01 -5.63699388e-02  5.30195432e-01
  1.59891937e+01 -1.36303727e-02 -1.35596797e+00 -2.03507908e+00
 -6.88175229e+00 -3.33521531e+00 -2.75284620e-01  5.36654810e-01
  8.29541517e-02 -5.64262875e-02  9.05136937e-02  2.42038111e-01
  3.16380352e-01  3.86346788e-01  5.70403945e-02  2.66196435e-01
  4.92559680e-02 -1.72956223e-01  7.45297452e+00 -8.44585380e-02
 -3.10929699e-02 -8.99148275e-01 -1.02984865e-02 -7.54853709e-02
 -3.90770374e+00 -2.33359117e-01  3.74625917e-02  1.02317757e-01
 -5.57490281e-01  7.59254990e-02 -1.90081706e-03  8.35601345e-01
 -9.75878460e-01 -3.77400770e-01  5.66444300e-01 -3.47013623e-01
  4.78005177e-02  3.81484457e-03 -5.09723050e-01  1.90999948e-02
  3.19985053e-01  1.38343094e+00  4.26615837e-02 -3.50267559e-03
 -4.68550623e-02 -1.09199452e-01 -4.97624795e-01  1.21729002e-01
  4.30134277e-03  6.92068157e-01  2.91447647e-01  1.17098978e+00
  3.19012656e-01 -1.47439815e-03  6.54604741e-01  9.30868319e-02
 -7.57050277e-02  2.40912912e-01 -1.21904094e-01 -4.12236897e-02
  1.96952908e-01  1.24954737e-01  6.74350149e-02  4.09477160e-02
 -3.12462234e-02 -5.48024337e-02  7.26177513e-02  1.57375027e-01
 -1.67550636e-01  4.13131555e-02  9.15824128e-03 -3.79134267e-01
 -1.59356100e-01  2.00614696e-01  1.18854256e-01 -4.06082851e+00
 -1.06949427e-01 -4.88765627e-01  2.73456571e-02 -2.45639944e-02
 -8.99202884e-03  2.75517127e-01 -3.73172434e-02 -6.60475678e-02
 -3.42235323e-02  1.26714206e-01  2.40109272e-02 -2.50504169e-01
 -6.35129507e-03  1.14551833e-01  9.43633059e-02  3.10542376e-02
 -3.50546710e-01 -2.60868582e-02 -1.12576662e-02 -4.14144797e-02]

 BEGIN VMC CALCULATION
 =====================

 Running VMC equilibration (5000 moves).
 Performing time-step optimization.
 Optimized step size: 0.74293
 DTVMC: 0.18398

 Starting VMC.

 =========================================================================
 In block : 1
  Number of VMC steps           = 100000

  Block average energies (au)

  Total energy                       (au) =          -2.466384179664
  Standard error                        +/-           0.003230670641

  Constant energy contributions      (au) =           0.000000000000

  Variance of local energy           (au) =           0.574236333195
  Standard error                        +/-           0.000000000000

 Time taken in block    : : :       11.3868

 =========================================================================
 FINAL RESULT:

  VMC energy (au)    Standard error      Correction for serial correlation

 -2.466384179664 +/- 0.003230670641      On-the-fly reblocking method

 Sample variance of E_L (au^2/sim.cell) : 0.574236333195


 =========================================================================

 Total PyCasino real time : : :    1581.9891
