
 ------------------------------------------------------------------------------
 ########::'##:::'##::'######:::::'###:::::'######::'####:'##::: ##::'#######::
 ##.... ##:. ##:'##::'##... ##:::'## ##:::'##... ##:. ##:: ###:: ##:'##.... ##:
 ##:::: ##::. ####::: ##:::..:::'##:. ##:: ##:::..::: ##:: ####: ##: ##:::: ##:
 ########::::. ##:::: ##:::::::'##:::. ##:. ######::: ##:: ## ## ##: ##:::: ##:
 ##.....:::::: ##:::: ##::::::: #########::..... ##:: ##:: ##. ####: ##:::: ##:
 ##::::::::::: ##:::: ##::: ##: ##.... ##:'##::: ##:: ##:: ##:. ###: ##:::: ##:
 ##::::::::::: ##::::. ######:: ##:::: ##:. ######::'####: ##::. ##:. #######::
 .::::::::::::..::::::......:::..:::::..:::......:::....::..::::..:::.......:::

                     Python Quantum Monte Carlo Package
                        v 0.4.0 [Vladimir Konkov]

    Main Author : Vladimir Konkov
 ------------------------------------------------------------------------------
 Started 2026/07/01 18:44:15

 Python 3.12.3 (main, Mar 23 2026, 19:04:32) [GCC 13.3.0]
 Numba 0.63.1
 Numpy 2.2.6
 Scipy 1.13.1

 Running in parallel using 4 MPI processes.

 General input parameters
 ========================
 NEU (num up spin electrons)              :  1
 NED (num down spin electrons)            :  1
 RUNTYPE (type of run)                    :  vmc_opt
 PSI_S  (form for [anti]symmetrizing wfn) :  slater
 ATOM_BASIS_TYPE (atom-centred orb basis) :  slater-type
 INTERACTION (interaction type)           :  coulomb
 TESTRUN (read input data,print and stop) :  F
 PERIODIC                                 :  F
 COMPLEX_WF (complex Slater wave fn.)     :  F
 NEIGHPRINT (neighbour analysis)          :  0
 USE_JASTROW (use Jastrow factor)         :  T
 BACKFLOW (use backflow corrections)      :  T
 USE_ORBMODS (use orbitals modifications) :  F
 CUSP_CORRECTION                          :  F
 NON_LOCAL_GRID (NL integration grid)     :  4
 E_OFFSET (energy offset)                 :  0.0000
 GAUTOL  (Gaussian evaluation tolerance)  :  7.0
 SPARSE                                   :  F
 DIPOLE_MOMENT                            :  F
 RELATIVISTIC                             :  F

 VMC/optimization input parameters
 ====================
 NEWRUN (start new run)                   :  T
 VMC_METHOD (choice of VMC algorithm)     :  3
 DTVMC (VMC time step)                    :  0.02
 OPT_DTVMC (VMC time-step optimization)   :  T
 VMC_NSTEP (num VMC steps)                :  100000
 VMC_NCONFIG_WRITE (num configs to write) :  100000
 VMC_NBLOCK (num VMC blocks)              :  1
 VMC_EQUIL_NSTEP (num equil steps)        :  5000
 VMC_DECORR_PERIOD (length of inner loop) :  10
 VMC_AVE_PERIOD (hist reduction factor)   :  1
 VMC_SAMPLING                             :  standard
 OPT_CYCLES (num optimization cycles)     :  2
 POSTFIT_VMC (perform post-fit VMC calc)  :  T
 POSTFIT_KEEP_CFG (keep post-fit VMC cfgs):  F
 OPT_NOCTF_CYCLES (fixed cutoff cycles)   :  0
 OPT_INFO (information level)             :  2
 OPT_JASTROW (opt Jastrow factor)         :  T
 OPT_DET_COEFF (opt det coeffs)           :  F
 OPT_ORBITALS (opt orbitals)              :  F
 OPT_BACKFLOW (opt backflow params)       :  T
 OPT_FIXNL (fix nonlocal energy)          :  T
 OPT_MAXITER (max num iterations)         :  10
 OPT_MAXEVAL (max num evaluations)        :  200
 VM_SMOOTH_LIMITS (smooth limiting)       :  F
 VM_REWEIGHT (reweighting)                :  F
 VM_FILTER (filter outlying configs)      :  F
 VM_USE_E_GUESS (use guess energy)        :  F
 EMIN_XI_VALUE (xi parameter)             :  1.0
 MAKEMOVIE                                :  F
 FORCES                                   :  F

 BEGIN VMC CALCULATION
 =====================

 Running VMC equilibration (5000 moves).
 Performing time-step optimization.
 Optimized step size: 0.51605
 DTVMC: 0.08877

 Starting VMC.

 =========================================================================
 In block : 1
  Number of VMC steps           = 100000

  Block average energies (au)

  Total energy                       (au) =          -2.863976413327
  Standard error                        +/-           0.002272534908

  Constant energy contributions      (au) =           0.000000000000

  Variance of local energy           (au) =           0.516436326496
  Standard error                        +/-           0.000000000000

 Time taken in block    : : :       3.3360

 =========================================================================
 FINAL RESULT:

  VMC energy (au)    Standard error      Correction for serial correlation

 -2.863976413327 +/- 0.002272534908      No correction
 -2.863976413327 +/- 0.002639333464      Correlation time method
 -2.863976413327 +/- 0.002483902714      On-the-fly reblocking method

 Sample variance of E_L (au^2/sim.cell) : 0.516436326496


 ==========================================
 PERFORMING OPTIMIZATION CALCULATION No. 1.
 ==========================================


 Optimization start
 ==================
   Iteration     Total nfev        Cost      Cost reduction    Step norm     Optimality
       0              1         1.0825e-01                                    1.81e+04
       1              2         9.4945e-04      1.07e-01       1.41e-01       1.01e+03
       2              3         7.5940e-05      8.74e-04       3.33e-01       5.22e+01
       3              5         6.4267e-05      1.17e-05       1.88e-01       3.58e+01
       4              6         5.3704e-05      1.06e-05       1.88e-01       1.01e+02
       5              7         4.7088e-05      6.62e-06       1.64e-01       1.22e+01
       6              8         4.4652e-05      2.44e-06       2.46e-01       3.16e+01
       7             10         4.2943e-05      1.71e-06       1.65e-01       2.21e+01
       8             11         4.1417e-05      1.53e-06       3.54e-01       9.83e+00
       9             12         3.8753e-05      2.66e-06       3.83e-01       7.51e+00
      10             13         3.8493e-05      2.60e-07       6.90e-01       2.10e+01
      11             14         3.5968e-05      2.52e-06       1.91e-01       3.72e+00
      12             15         3.5272e-05      6.96e-07       3.53e-01       9.24e+00
      13             16         3.4943e-05      3.29e-07       5.69e-01       1.09e+01
      14             17         3.4445e-05      4.97e-07       5.64e-01       9.72e+00
      15             18         3.3856e-05      5.89e-07       4.78e-01       3.84e+01
      16             19         3.3317e-05      5.39e-07       4.25e-01       2.03e+01
      17             20         3.3101e-05      2.16e-07       7.19e-01       1.33e+01
      18             21         3.2960e-05      1.41e-07       6.58e-01       7.42e-01
`ftol` termination condition is satisfied.
Function evaluations 21, initial cost 1.0825e-01, final cost 3.2960e-05, first-order optimality 7.42e-01.
Norm of Jacobian at the solution: 1.67805e-13

 BEGIN VMC CALCULATION
 =====================

 Running VMC equilibration (5000 moves).
 Performing time-step optimization.
 Optimized step size: 0.51368
 DTVMC: 0.08795

 Starting VMC.

 =========================================================================
 In block : 1
  Number of VMC steps           = 100000

  Block average energies (au)

  Total energy                       (au) =          -2.903704779931
  Standard error                        +/-           0.000015794995

  Constant energy contributions      (au) =           0.000000000000

  Variance of local energy           (au) =           0.000024947937
  Standard error                        +/-           0.000000000000

 Time taken in block    : : :       3.0562

 =========================================================================
 FINAL RESULT:

  VMC energy (au)    Standard error      Correction for serial correlation

 -2.903704779931 +/- 0.000015794995      No correction
 -2.903704779931 +/- 0.000018633465      Correlation time method
 -2.903704779931 +/- 0.000017681177      On-the-fly reblocking method

 Sample variance of E_L (au^2/sim.cell) : 0.000024947937


 ==========================================
 PERFORMING OPTIMIZATION CALCULATION No. 2.
 ==========================================


 Optimization start
 ==================
   Iteration     Total nfev        Cost      Cost reduction    Step norm     Optimality
       0              1         2.8346e-05                                    1.51e+01
       1              5         2.6281e-05      2.07e-06       2.51e-01       1.21e+02
       2              6         2.6119e-05      1.62e-07       5.89e-01       1.11e+02
       3              7         2.0632e-05      5.49e-06       7.01e-02       2.58e+01
       4              8         1.9840e-05      7.92e-07       7.06e-02       1.08e+01
       5             11         1.9753e-05      8.64e-08       6.36e-02       1.76e+00
`ftol` termination condition is satisfied.
Function evaluations 11, initial cost 2.8346e-05, final cost 1.9753e-05, first-order optimality 1.76e+00.
Norm of Jacobian at the solution: 1.90345e-14

 BEGIN VMC CALCULATION
 =====================

 Running VMC equilibration (5000 moves).
 Performing time-step optimization.
 Optimized step size: 0.50903
 DTVMC: 0.08637

 Starting VMC.

 =========================================================================
 In block : 1
  Number of VMC steps           = 100000

  Block average energies (au)

  Total energy                       (au) =          -2.903708009393
  Standard error                        +/-           0.000014542723

  Constant energy contributions      (au) =           0.000000000000

  Variance of local energy           (au) =           0.000021148868
  Standard error                        +/-           0.000000000000

 Time taken in block    : : :       3.0605

 =========================================================================
 FINAL RESULT:

  VMC energy (au)    Standard error      Correction for serial correlation

 -2.903708009393 +/- 0.000014542723      No correction
 -2.903708009393 +/- 0.000019678194      Correlation time method
 -2.903708009393 +/- 0.000017823882      On-the-fly reblocking method

 Sample variance of E_L (au^2/sim.cell) : 0.000021148868


 =========================================================================

 Total PyCasino real time : : :    246.4541
