
 ------------------------------------------------------------------------------
 ########::'##:::'##::'######:::::'###:::::'######::'####:'##::: ##::'#######::
 ##.... ##:. ##:'##::'##... ##:::'## ##:::'##... ##:. ##:: ###:: ##:'##.... ##:
 ##:::: ##::. ####::: ##:::..:::'##:. ##:: ##:::..::: ##:: ####: ##: ##:::: ##:
 ########::::. ##:::: ##:::::::'##:::. ##:. ######::: ##:: ## ## ##: ##:::: ##:
 ##.....:::::: ##:::: ##::::::: #########::..... ##:: ##:: ##. ####: ##:::: ##:
 ##::::::::::: ##:::: ##::: ##: ##.... ##:'##::: ##:: ##:: ##:. ###: ##:::: ##:
 ##::::::::::: ##::::. ######:: ##:::: ##:. ######::'####: ##::. ##:. #######::
 .::::::::::::..::::::......:::..:::::..:::......:::....::..::::..:::.......:::

                     Python Quantum Monte Carlo Package
                        v 0.2.0 [Vladimir Konkov]

    Main Author : Vladimir Konkov
 ------------------------------------------------------------------------------
 Started 2024/08/14 22:41:47

 Python 3.10.12 (main, Jul 29 2024, 16:56:48) [GCC 11.4.0]
 Numba 0.59.0
 Numpy 1.26.4
 Scipy 1.11.3

 Running in parallel using 4 MPI processes.

 General input parameters
 ========================
 NEU (num up spin electrons)              :  8
 NED (num down spin electrons)            :  8
 RUNTYPE (type of run)                    :  vmc_opt
 PSI_S  (form for [anti]symmetrizing wfn) :  slater
 ATOM_BASIS_TYPE (atom-centred orb basis) :  gaussian
 INTERACTION (interaction type)           :  coulomb
 TESTRUN (read input data,print and stop) :  F
 PERIODIC                                 :  F
 COMPLEX_WF (complex Slater wave fn.)     :  F
 NEIGHPRINT (neighbour analysis)          :  0
 USE_JASTROW (use Jastrow factor)         :  T
 BACKFLOW (use backflow corrections)      :  F
 USE_ORBMODS (use orbitals modifications) :  F
 E_OFFSET (energy offset)                 :  0.0000
 CHECKPOINT (checkpointing level)         :  1
 CON_LOC (Dir to read/write config.*)     :  ./
 RELATIVISTIC                             :  F

 VMC/optimization input parameters
 ====================
 NEWRUN (start new run)                   :  T
 VMC_METHOD (choice of VMC algorithm)     :  3
 DTVMC (VMC time step)                    :  1.0000E-02
 OPT_DTVMC (VMC time-step optimization)   :  1
 VMC_NSTEP (num VMC steps)                :  100000
 VMC_NCONFIG_WRITE (num configs to write) :  100000
 VMC_NBLOCK (num VMC blocks)              :  1
 VMC_EQUIL_NSTEP (num equil steps)        :  5000
 VMC_DECORR_PERIOD (length of inner loop) :  10
 VMC_AVE_PERIOD (hist reduction factor)   :  1
 VMC_SAMPLING                             :  standard
 MAKEMOVIE                                :  F
 FORCES                                   :  F

 Gaussian cusp correction
 ========================
 Activated.

 BEGIN VMC CALCULATION
 =====================

 Running VMC equilibration (5000 moves).
 Performing time-step optimization.
 Optimized step size: 0.11946
 DTVMC: 0.00476

 Starting VMC.

 =========================================================================
 In block : 1
  Number of VMC steps           = 100000

  Block average energies (au)

  Total energy                       (au) =         -52.875133038602
  Standard error                        +/-           0.021321877136

  Constant energy contributions      (au) =          32.169090804218

  Variance of local energy           (au) =          12.197837845242
  Standard error                        +/-           0.000000000000

 Time taken in block    : : :       99.9299

 =========================================================================
 FINAL RESULT:

  VMC energy (au)    Standard error      Correction for serial correlation

 -52.875133038602 +/- 0.021321877136      On-the-fly reblocking method

 Sample variance of E_L (au^2/sim.cell) : 12.197837845242


 ==========================================
 PERFORMING OPTIMIZATION CALCULATION No. 1.
 ==========================================


 Optimization start
 ==================
   Iteration     Total nfev        Cost      Cost reduction    Step norm     Optimality
       0              1         1.0010e+01                                    2.11e+08
       1              2         2.0194e+00      7.99e+00       7.01e-04       1.09e+07
       2              3         1.1124e+00      9.07e-01       1.30e-03       1.13e+06
       3              4         6.8891e-01      4.24e-01       3.86e-03       1.05e+06
       4              5         5.3234e-01      1.57e-01       2.32e-03       7.23e+05
       5              6         4.5044e-01      8.19e-02       1.63e-03       3.51e+05
       6              7         4.0053e-01      4.99e-02       1.42e-03       5.12e+05
       7              8         3.6791e-01      3.26e-02       7.90e-04       5.78e+05
       8              9         3.5485e-01      1.31e-02       3.16e-03       4.08e+05
       9             10         3.5369e-01      1.16e-03       5.46e-04       3.78e+05
`ftol` termination condition is satisfied.
Function evaluations 10, initial cost 1.0010e+01, final cost 3.5369e-01, first-order optimality 3.78e+05.
Norm of Jacobian at the solution: 4.80923e-10

 BEGIN VMC CALCULATION
 =====================

 Running VMC equilibration (5000 moves).
 Performing time-step optimization.
 Optimized step size: 0.11693
 DTVMC: 0.00456

 Starting VMC.

 =========================================================================
 In block : 1
  Number of VMC steps           = 100000

  Block average energies (au)

  Total energy                       (au) =         -53.231458671757
  Standard error                        +/-           0.006659706372

  Constant energy contributions      (au) =          32.169090804218

  Variance of local energy           (au) =           0.316463446975
  Standard error                        +/-           0.000000000000

 Time taken in block    : : :       103.7075

 =========================================================================
 FINAL RESULT:

  VMC energy (au)    Standard error      Correction for serial correlation

 -53.231458671757 +/- 0.006659706372      On-the-fly reblocking method

 Sample variance of E_L (au^2/sim.cell) : 0.316463446975


 ==========================================
 PERFORMING OPTIMIZATION CALCULATION No. 2.
 ==========================================


 Optimization start
 ==================
   Iteration     Total nfev        Cost      Cost reduction    Step norm     Optimality
       0              1         3.1710e-01                                    8.61e+05
       1              2         3.1183e-01      5.27e-03       1.21e-01       2.36e+06
       2              3         3.1063e-01      1.20e-03       1.37e-01       1.50e+06
`ftol` termination condition is satisfied.
Function evaluations 3, initial cost 3.1710e-01, final cost 3.1063e-01, first-order optimality 1.50e+06.
Norm of Jacobian at the solution: 5.12572e-10

 BEGIN VMC CALCULATION
 =====================

 Running VMC equilibration (5000 moves).
 Performing time-step optimization.
 Optimized step size: 0.11707
 DTVMC: 0.00457

 Starting VMC.

 =========================================================================
 In block : 1
  Number of VMC steps           = 100000

  Block average energies (au)

  Total energy                       (au) =         -53.209465874268
  Standard error                        +/-           0.006204889105

  Constant energy contributions      (au) =          32.169090804218

  Variance of local energy           (au) =           0.304838951765
  Standard error                        +/-           0.000000000000

 Time taken in block    : : :       104.1808

 =========================================================================
 FINAL RESULT:

  VMC energy (au)    Standard error      Correction for serial correlation

 -53.209465874268 +/- 0.006204889105      On-the-fly reblocking method

 Sample variance of E_L (au^2/sim.cell) : 0.304838951765


 =========================================================================

 Total PyCasino real time : : :    1856.6072
