
 ------------------------------------------------------------------------------
 ########::'##:::'##::'######:::::'###:::::'######::'####:'##::: ##::'#######::
 ##.... ##:. ##:'##::'##... ##:::'## ##:::'##... ##:. ##:: ###:: ##:'##.... ##:
 ##:::: ##::. ####::: ##:::..:::'##:. ##:: ##:::..::: ##:: ####: ##: ##:::: ##:
 ########::::. ##:::: ##:::::::'##:::. ##:. ######::: ##:: ## ## ##: ##:::: ##:
 ##.....:::::: ##:::: ##::::::: #########::..... ##:: ##:: ##. ####: ##:::: ##:
 ##::::::::::: ##:::: ##::: ##: ##.... ##:'##::: ##:: ##:: ##:. ###: ##:::: ##:
 ##::::::::::: ##::::. ######:: ##:::: ##:. ######::'####: ##::. ##:. #######::
 .::::::::::::..::::::......:::..:::::..:::......:::....::..::::..:::.......:::

                     Python Quantum Monte Carlo Package
                        v 0.3.0 [Vladimir Konkov]

    Main Author : Vladimir Konkov
 ------------------------------------------------------------------------------
 Started 2024/11/30 12:21:46

 Python 3.10.12 (main, Nov  6 2024, 20:22:13) [GCC 11.4.0]
 Numba 0.59.0
 Numpy 1.26.4
 Scipy 1.11.3

 Running in parallel using 4 MPI processes.

 General input parameters
 ========================
 NEU (num up spin electrons)              :  18
 NED (num down spin electrons)            :  18
 RUNTYPE (type of run)                    :  vmc_opt
 PSI_S  (form for [anti]symmetrizing wfn) :  slater
 ATOM_BASIS_TYPE (atom-centred orb basis) :  slater-type
 INTERACTION (interaction type)           :  coulomb
 TESTRUN (read input data,print and stop) :  F
 PERIODIC                                 :  F
 COMPLEX_WF (complex Slater wave fn.)     :  F
 NEIGHPRINT (neighbour analysis)          :  0
 USE_JASTROW (use Jastrow factor)         :  T
 BACKFLOW (use backflow corrections)      :  F
 USE_ORBMODS (use orbitals modifications) :  F
 CUSP_CORRECTION                          :  F
 NON_LOCAL_GRID (NL integration grid)     :  4
 E_OFFSET (energy offset)                 :  0.0000
 GAUTOL  (Gaussian evaluation tolerance)  :  7.0
 SPARSE                                   :  F
 DIPOLE_MOMENT                            :  F
 RELATIVISTIC                             :  F

 VMC/optimization input parameters
 ====================
 NEWRUN (start new run)                   :  T
 VMC_METHOD (choice of VMC algorithm)     :  3
 DTVMC (VMC time step)                    :  0.02
 OPT_DTVMC (VMC time-step optimization)   :  T
 VMC_NSTEP (num VMC steps)                :  100000
 VMC_NCONFIG_WRITE (num configs to write) :  100000
 VMC_NBLOCK (num VMC blocks)              :  1
 VMC_EQUIL_NSTEP (num equil steps)        :  5000
 VMC_DECORR_PERIOD (length of inner loop) :  10
 VMC_AVE_PERIOD (hist reduction factor)   :  1
 VMC_SAMPLING                             :  standard
 OPT_CYCLES (num optimization cycles)     :  4
 POSTFIT_VMC (perform post-fit VMC calc)  :  T
 POSTFIT_KEEP_CFG (keep post-fit VMC cfgs):  F
 OPT_NOCTF_CYCLES (fixed cutoff cycles)   :  0
 OPT_INFO (information level)             :  2
 OPT_JASTROW (opt Jastrow factor)         :  T
 OPT_DET_COEFF (opt det coeffs)           :  F
 OPT_ORBITALS (opt orbitals)              :  F
 OPT_BACKFLOW (opt backflow params)       :  F
 OPT_FIXNL (fix nonlocal energy)          :  F
 OPT_MAXITER (max num iterations)         :  10
 OPT_MAXEVAL (max num evaluations)        :  200
 VM_SMOOTH_LIMITS (smooth limiting)       :  F
 VM_REWEIGHT (reweighting)                :  F
 VM_FILTER (filter outlying configs)      :  F
 VM_USE_E_GUESS (use guess energy)        :  F
 EMIN_XI_VALUE (xi parameter)             :  1.0
 MAKEMOVIE                                :  F
 FORCES                                   :  F

 BEGIN VMC CALCULATION
 =====================

 Running VMC equilibration (5000 moves).
 Performing time-step optimization.
 Optimized step size: 0.01675
 DTVMC: 0.00009

 Starting VMC.

 =========================================================================
 In block : 1
  Number of VMC steps           = 100000

  Block average energies (au)

  Total energy                       (au) =       -2751.952729188543
  Standard error                        +/-           0.264496240951

  Constant energy contributions      (au) =           0.000000000000

  Variance of local energy           (au) =         727.911166477654
  Standard error                        +/-           0.000000000000

 Time taken in block    : : :       75.5332

 =========================================================================
 FINAL RESULT:

  VMC energy (au)    Standard error      Correction for serial correlation

 -2751.952729188543 +/- 0.264496240951      On-the-fly reblocking method

 Sample variance of E_L (au^2/sim.cell) : 727.911166477654


 ==========================================
 PERFORMING OPTIMIZATION CALCULATION No. 1.
 ==========================================


 Optimization start
 ==================
   Iteration     Total nfev        Cost      Cost reduction    Step norm     Optimality
       0              1         5.4659e+03                                    9.59e+06
       1              2         5.0261e+03      4.40e+02       9.35e-04       9.01e+06
       2              3         4.2359e+03      7.90e+02       1.81e-03       7.86e+06
       3              4         3.0338e+03      1.20e+03       3.38e-03       5.65e+06
       4              5         1.7928e+03      1.24e+03       6.80e-03       2.73e+06
       5              6         9.7149e+02      8.21e+02       1.54e-02       7.98e+05
       6              7         5.3740e+02      4.34e+02       3.13e-02       3.07e+05
       7              8         2.9846e+02      2.39e+02       7.28e-02       6.42e+04
       8              9         1.8991e+02      1.09e+02       1.38e-01       9.61e+04
       9             10         1.4511e+02      4.48e+01       2.84e-01       4.86e+04
      10             11         1.1516e+02      2.99e+01       2.83e-01       1.91e+04
      11             12         9.7563e+01      1.76e+01       6.87e-01       1.38e+04
      12             13         8.7100e+01      1.05e+01       1.43e+00       1.53e+04
      13             14         8.0816e+01      6.28e+00       9.53e-01       6.21e+03
      14             15         8.0794e+01      2.15e-02       1.51e-02       4.22e+02
`ftol` termination condition is satisfied.
Function evaluations 15, initial cost 5.4659e+03, final cost 8.0794e+01, first-order optimality 4.22e+02.
Norm of Jacobian at the solution: 2.26930e-12

 BEGIN VMC CALCULATION
 =====================

 Running VMC equilibration (5000 moves).
 Performing time-step optimization.
 Optimized step size: 0.01656
 DTVMC: 0.00009

 Starting VMC.

 =========================================================================
 In block : 1
  Number of VMC steps           = 100000

  Block average energies (au)

  Total energy                       (au) =       -2753.331940940217
  Standard error                        +/-           0.099808292116

  Constant energy contributions      (au) =           0.000000000000

  Variance of local energy           (au) =          78.675037301478
  Standard error                        +/-           0.000000000000

 Time taken in block    : : :       75.8643

 =========================================================================
 FINAL RESULT:

  VMC energy (au)    Standard error      Correction for serial correlation

 -2753.331940940217 +/- 0.099808292116      On-the-fly reblocking method

 Sample variance of E_L (au^2/sim.cell) : 78.675037301478


 ==========================================
 PERFORMING OPTIMIZATION CALCULATION No. 2.
 ==========================================


 Optimization start
 ==================
Stabilization: 1.0 SEM
E_0 -2753.24865843 E_lin -2753.37139369 dE -0.12273526
eigvector[0] 0.91623944
delta p / p
[-1.92352963e-02  5.04034110e-02  1.27959875e-02 -1.87160958e-03
  5.01846175e-04 -1.28226218e-04 -3.84915741e-05  3.21882311e-04
 -2.39023819e-03  3.62134697e-02  8.11807004e-03 -9.83940252e-04
  6.74634736e-05  5.91712624e-05 -9.88242282e-05  1.53901900e-04
 -2.94617093e-04 -4.73597154e-03  3.21889042e-03  9.64074679e-02
 -7.42364787e-03  1.26532038e-03 -1.72846094e-04 -9.76677060e-05
  2.93338230e-04 -1.19712251e-03 -3.25242364e-03 -4.33795684e-03
 -3.39296384e-04 -3.55332154e-04  4.19814904e-03  2.41085783e-03
 -1.85828193e-02 -3.47411050e-05  3.73587272e-03 -4.61522557e-02
  2.70203170e-02  3.85595389e-03 -4.56780256e-03 -3.75856399e-03
  1.12012464e-03 -2.11498011e-02  2.99406242e-04  2.36717012e-04
 -1.27094888e-02 -6.13833387e-04 -2.40489092e-02  7.53382858e-04
 -8.60690184e-04  6.70327552e-03  2.30812745e-03  4.42579388e-03
 -8.08009393e-03 -3.03760815e-02 -5.08153474e-04  9.81138273e-04
 -5.45860752e-03 -3.34167519e-04  1.64857710e-02  1.85916752e-03
  5.04433437e-04 -1.40130089e-02  2.59662026e-02  2.40256994e-03
  4.25219522e-03 -1.00359485e-03  1.00000118e-04 -3.17704046e-02
  4.92068928e-03 -7.96612843e-03  2.87577927e-04 -5.56069707e-04
 -8.48331749e-03  4.16469120e-04 -1.78422869e-04  1.34409288e-02
  5.97456742e-03  5.99096424e-04 -2.94379020e-03]

Stabilization: 1.0 SEM
E_0 -2753.34809215 E_lin -2753.35321331 dE -0.00512117
eigvector[0] 0.93733972
delta p / p
[-1.26597328e-02  5.72585028e-02  1.16841727e-02 -1.13869204e-03
  2.90816267e-04 -7.84504529e-05  1.41099473e-05 -2.93757994e-06
  1.33440605e-04  5.05510431e-02  1.03831839e-02 -1.04615407e-03
  7.50634975e-05  4.79182425e-05 -7.42126115e-05  6.03366320e-05
  4.43549924e-04 -6.26717716e-03 -9.04901450e-04  8.72790575e-02
 -6.58163927e-03  1.25385287e-03 -1.09061110e-04 -1.56027645e-04
  2.76933119e-04 -5.96631643e-04 -2.76175555e-03  1.62161284e-02
 -2.36225327e-04 -2.81198114e-05  5.02755982e-03  1.20612436e-03
 -1.44262134e-02 -5.46862352e-05  3.30866764e-03  3.74324530e-03
  2.22531896e-02  3.46782692e-03 -3.65835851e-03 -1.84913136e-03
  1.16039974e-03 -1.18141212e-02  3.32222567e-04 -1.86243838e-03
 -5.47831834e-03 -5.99289787e-04 -2.21235861e-02 -1.75014868e-04
 -7.44991644e-04  9.81588354e-03  1.06868942e-03  2.19148136e-03
 -2.54939052e-03  1.04156803e-02  5.49133111e-04  9.36724693e-04
 -3.57745126e-03 -5.06710049e-04  1.02984130e-02 -2.07166142e-04
  3.65564797e-05  5.57415401e-03  1.61460412e-02  2.27415908e-03
  3.63531141e-03 -6.71365025e-04  1.13067718e-04 -1.58491489e-02
  1.97585817e-03 -3.87873645e-03  2.50575213e-03 -5.11401812e-04
 -1.02853171e-02  1.34815740e-04 -7.68922708e-05  1.26150861e-02
  8.86190331e-04  3.97281467e-03 -7.26349661e-03]

Stabilization: 1.0 SEM
E_0 -2753.34942664 E_lin -2753.38457627 dE -0.03514963
eigvector[0] 0.95627316
delta p / p
[-1.11836293e-02  2.68501969e-02  5.82392995e-03 -5.01186679e-04
 -5.02612568e-06  1.00875071e-04 -1.20491111e-04  9.94709369e-05
  5.31008223e-04  3.21559491e-02  5.83708789e-03 -3.65420626e-04
 -4.55450675e-05  8.50135573e-05 -1.01616606e-04  9.91288801e-05
  4.03623848e-04 -5.50146215e-03  1.94067810e-03  7.75606655e-02
 -6.16008916e-03  1.34382828e-03 -1.03456504e-04 -1.50623250e-04
  1.49270832e-04  5.23141798e-04 -2.91533001e-03 -5.53612936e-03
 -4.80253569e-04  2.09809017e-04  5.24305659e-03 -1.41209463e-05
 -3.75459693e-03  5.62912473e-04  2.90526777e-03  8.08233064e-03
  1.94527773e-02  2.77169385e-03 -2.82233658e-03 -1.80060221e-04
  1.05082634e-03 -2.80885256e-03  5.75149595e-05 -4.36806736e-03
 -1.72271494e-03 -5.59855880e-04 -1.87834788e-02 -6.96028078e-04
 -6.12623871e-04  1.04612789e-02 -1.50252052e-03  1.55398037e-03
  1.96139747e-03 -2.05011532e-02  6.72698833e-04  1.00819835e-03
 -2.77924184e-03 -5.13210148e-04  8.42483104e-03 -3.83620774e-04
 -1.02712099e-04  1.18248536e-02  1.19702799e-02  2.08192492e-03
  3.42930899e-03 -3.43713026e-04  7.51628443e-05 -7.77279903e-03
  1.30558687e-03 -5.55222383e-03  3.68749300e-03 -5.11434998e-04
 -1.06075061e-02 -1.22307067e-05 -2.38985475e-05  1.36780968e-02
  3.75637248e-04  2.26830043e-03  6.58625880e-04]

Stabilization: 1.0 SEM
E_0 -2753.37799881 E_lin -2753.38873634 dE -0.01073753
eigvector[0] 0.96674160
delta p / p
[-8.32282195e-03  2.62531988e-02  5.48148948e-03 -6.95187235e-04
  5.78027652e-05  7.59851802e-05 -9.45883761e-05  5.70308665e-06
  1.39003308e-03  3.33390117e-02  6.31710835e-03 -5.69013320e-04
  3.25075917e-05  5.12023647e-05 -8.16069200e-05  7.05316118e-05
  6.20534812e-04 -5.73026708e-03 -2.83934227e-04  6.47831978e-02
 -5.38721820e-03  1.22086907e-03 -6.32155373e-05 -1.70546490e-04
  1.48181038e-04  6.49157449e-04 -2.43711597e-03  2.54250916e-03
 -3.13295006e-04  2.16627571e-04  4.19730135e-03 -5.19226301e-05
 -4.12409699e-03  4.17433603e-04  2.05740050e-03  7.78199336e-03
  1.51023111e-02  2.16531348e-03 -1.81399574e-03  6.12840431e-04
  1.03097695e-03  2.65294429e-03 -2.34078057e-04 -2.75262331e-03
 -2.87413608e-04 -4.21472223e-04 -1.36508457e-02 -9.67203426e-04
 -5.62856555e-04  1.45477330e-02 -1.60427909e-03  8.22631157e-04
  7.76247457e-04 -3.40627072e-03  8.53476693e-04  1.08021337e-03
 -1.36285241e-03 -7.13092057e-04  3.89168260e-03 -8.53638735e-04
 -2.56443491e-04  8.36574578e-03  6.78759215e-03  1.99875021e-03
  3.18711867e-03 -2.15932168e-04  1.30019189e-04 -4.10159629e-03
  7.91464632e-04 -3.73100143e-03  2.57167349e-03 -5.05845058e-04
 -7.98794951e-03 -8.91827464e-05 -6.31679974e-05  9.29015519e-03
  1.49410212e-04  1.88996175e-03 -1.82670129e-04]

Stabilization: 1.0 SEM
E_0 -2753.38400916 E_lin -2753.40377789 dE -0.01976873
eigvector[0] 0.97358380
delta p / p
[-7.73585400e-03  1.54777233e-02  3.21183233e-03 -6.30934547e-04
  2.79679592e-05  1.09023588e-04 -1.35820662e-04  7.35680325e-05
  1.26523733e-03  2.57964442e-02  4.35619795e-03 -3.54310026e-04
  2.28816635e-05  4.65854180e-05 -8.42235447e-05  9.39080784e-05
  4.93428444e-04 -5.28874403e-03  3.73693153e-05  5.67464820e-02
 -4.99076294e-03  1.19937003e-03 -5.86666043e-05 -1.61654080e-04
  9.63555403e-05  1.01326795e-03 -2.32780503e-03 -4.42172152e-03
 -3.88208367e-04  3.41944882e-04  3.84571555e-03 -3.84610742e-04
 -1.40720547e-03  6.70464967e-04  1.66600794e-03  6.99694938e-03
  1.35564239e-02  1.86131610e-03 -1.60156481e-03  1.07278296e-03
  1.00038041e-03  4.70321954e-03 -1.52190330e-04 -2.89356465e-03
  6.80845338e-04 -4.12171845e-04 -1.23047188e-02 -1.05916313e-03
 -5.39810071e-04  1.54193936e-02 -8.50758096e-04  2.44505104e-04
  1.17781005e-03 -1.23399147e-02  9.04045530e-04  1.10279719e-03
 -8.19326513e-04 -8.75991061e-04  2.74371890e-03 -9.77459742e-04
 -3.68610923e-04  8.93615422e-03  3.80596569e-03  1.83000096e-03
  2.93364077e-03 -7.65396787e-05  1.26326637e-04 -1.62647912e-03
  7.39860846e-04 -3.95735506e-03  2.91937487e-03 -4.83178840e-04
 -7.50696476e-03 -1.72877318e-04 -4.64899340e-05  8.30990538e-03
  7.28568928e-05  1.13617226e-03  1.86121412e-03]

Stabilization: 1.0 SEM
E_0 -2753.39887065 E_lin -2753.41280858 dE -0.01393792
eigvector[0] 0.97837602
delta p / p
[-6.71145927e-03  1.32202651e-02  2.35064589e-03 -6.54126251e-04
  6.47931890e-05  8.77029740e-05 -1.22116227e-04  5.34086652e-05
  1.44886428e-03  2.38670419e-02  3.83995765e-03 -3.69002427e-04
  5.70864777e-05  2.66794124e-05 -7.34144064e-05  8.83124760e-05
  5.25635686e-04 -5.22041461e-03 -8.79385791e-04  4.92452246e-02
 -4.56579186e-03  1.13486155e-03 -4.69284814e-05 -1.59952315e-04
  8.00878492e-05  1.11570462e-03 -1.96681039e-03 -2.90881685e-03
 -2.96423955e-04  3.73385203e-04  3.39015275e-03 -4.59724061e-04
 -1.71458718e-03  6.09999672e-04  1.20248374e-03  6.23235146e-03
  1.14648492e-02  1.59773591e-03 -1.28477646e-03  1.25530318e-03
  9.97477488e-04  5.85236379e-03 -1.38200131e-04 -1.95116156e-03
  1.24293307e-03 -3.64774393e-04 -1.14893683e-02 -1.09755405e-03
 -5.28449434e-04  1.68869485e-02 -1.28569707e-04 -2.40235591e-04
  3.80977478e-04 -9.33651820e-03  9.42074615e-04  1.10880830e-03
 -2.99649677e-04 -9.87475031e-04  9.01856830e-04 -1.10678076e-03
 -4.58819502e-04  7.62991938e-03  1.35566743e-03  1.71284691e-03
  2.70609396e-03 -1.45994091e-05  1.48367036e-04 -7.38881257e-04
  7.08710428e-04 -3.27015859e-03  2.66982285e-03 -4.62854817e-04
 -6.34733703e-03 -2.18993204e-04 -5.75012198e-05  6.24071874e-03
 -4.78756598e-06  1.00671376e-03  1.15753909e-03]

Stabilization: 1.0 SEM
E_0 -2753.40905531 E_lin -2753.42424651 dE -0.01519120
eigvector[0] 0.98180770
delta p / p
[-6.24602424e-03  8.99959814e-03  1.48526005e-03 -6.60863516e-04
  8.01107416e-05  8.20528441e-05 -1.26615632e-04  7.96670666e-05
  1.31561485e-03  2.04854369e-02  2.90959340e-03 -2.88374724e-04
  6.54921037e-05  1.63857202e-05 -6.94548109e-05  9.72020470e-05
  4.55400550e-04 -5.01450615e-03 -1.11243340e-03  4.35312391e-02
 -4.27683641e-03  1.11119805e-03 -4.90036042e-05 -1.49826635e-04
  5.12213384e-05  1.29065968e-03 -1.71247411e-03 -5.41152289e-03
 -2.90317717e-04  4.34592957e-04  3.10578031e-03 -5.98720606e-04
 -1.18892616e-03  6.88113399e-04  9.13266017e-04  5.49518907e-03
  1.04940298e-02  1.45222460e-03 -1.21894692e-03  1.34503108e-03
  9.87865218e-04  5.94587248e-03  1.15444881e-06 -1.63530952e-03
  1.82407732e-03 -3.61253004e-04 -1.18282242e-02 -1.10084542e-03
 -5.15979502e-04  1.70784136e-02  5.99046114e-04 -6.18552211e-04
  1.34568203e-04 -1.30700960e-02  9.41016645e-04  1.09136044e-03
 -1.36023463e-04 -1.04804238e-03  3.23593260e-05 -1.12270119e-03
 -5.42649416e-04  7.20372853e-03 -2.29312493e-04  1.57619108e-03
  2.48175257e-03  3.84059543e-05  1.56322991e-04 -3.11763465e-04
  8.22442646e-04 -3.21425844e-03  2.72656583e-03 -4.37674278e-04
 -5.86996617e-03 -2.56412707e-04 -5.56760300e-05  5.14198423e-03
 -2.96334267e-05  7.78727525e-04  1.29360854e-03]

Stabilization: 1.0 SEM
E_0 -2753.42074263 E_lin -2753.43478576 dE -0.01404313
eigvector[0] 0.98440098
delta p / p
[-5.73837188e-03  6.93479330e-03  1.24888459e-03 -7.02458500e-04
  1.03354263e-04  6.71630747e-05 -1.18164720e-04  8.10575441e-05
  1.26503567e-03  1.85292443e-02  2.40134154e-03 -2.66068806e-04
  8.03639081e-05  4.51309329e-06 -6.28524280e-05  9.82069797e-05
  4.27058081e-04 -4.91214956e-03 -1.51178433e-03  3.85526755e-02
 -4.00826154e-03  1.07989294e-03 -4.57109742e-05 -1.46636507e-04
  3.73122691e-05  1.41384525e-03 -1.42078920e-03 -6.20814316e-03
 -2.52261678e-04  4.68242445e-04  2.85789845e-03 -6.97314957e-04
 -1.22448933e-03  6.95415119e-04  6.12890080e-04  4.71035931e-03
  9.59060952e-03  1.34130507e-03 -1.13858620e-03  1.33490207e-03
  9.89426778e-04  5.76356100e-03  1.19698843e-04 -1.18312502e-03
  2.13697655e-03 -3.52124605e-04 -1.23620665e-02 -1.08487974e-03
 -5.04697860e-04  1.69998794e-02  1.00260065e-03 -8.58889784e-04
 -2.86937542e-04 -1.49058032e-02  9.20735769e-04  1.05612432e-03
  3.37081096e-06 -1.08101740e-03 -8.08942270e-04 -1.10630500e-03
 -5.95806814e-04  6.38267324e-03 -1.32060240e-03  1.45633579e-03
  2.26517635e-03  6.30282389e-05  1.67111467e-04 -3.86702022e-04
  9.08066235e-04 -2.98307276e-03  2.62002029e-03 -4.12825324e-04
 -5.28929078e-03 -2.74952147e-04 -5.94954829e-05  4.13478428e-03
 -9.00921786e-05  8.09383872e-04  7.95799364e-04]

Stabilization: 1.0 SEM
E_0 -2753.43179393 E_lin -2753.44583248 dE -0.01403854
eigvector[0] 0.98644028
delta p / p
[-5.36028236e-03  4.98533939e-03  1.30768059e-03 -7.65959831e-04
  1.20910091e-04  5.65454154e-05 -1.13305096e-04  9.29585443e-05
  1.10756518e-03  1.66337638e-02  1.92944955e-03 -2.33158979e-04
  8.76527921e-05 -3.95747672e-06 -5.80434457e-05  1.01897958e-04
  3.72654072e-04 -4.77092617e-03 -1.70382686e-03  3.43736690e-02
 -3.76935588e-03  1.05296031e-03 -3.93212607e-05 -1.48938318e-04
  3.02555142e-05  1.55746226e-03 -1.18979855e-03 -7.75020054e-03
 -2.29583447e-04  5.00758186e-04  2.63909281e-03 -7.84953111e-04
 -1.21070024e-03  7.25098703e-04  3.78141160e-04  3.94972537e-03
  9.09321229e-03  1.28075297e-03 -1.12938752e-03  1.28089096e-03
  9.79252706e-04  5.24002129e-03  2.58012322e-04 -9.33830899e-04
  2.35035220e-03 -3.56901716e-04 -1.30418397e-02 -1.05612774e-03
 -4.86074144e-04  1.60096396e-02  1.30940677e-03 -1.00347164e-03
 -4.93907148e-04 -1.84248004e-02  8.84053829e-04  1.00820052e-03
  3.58231537e-05 -1.08565931e-03 -1.33556579e-03 -1.04893310e-03
 -6.30115893e-04  5.77420987e-03 -1.95526337e-03  1.34038069e-03
  2.05727145e-03  8.02005011e-05  1.70337748e-04 -6.07584351e-04
  1.00155520e-03 -2.90817554e-03  2.54534085e-03 -3.87815782e-04
 -4.85885719e-03 -2.84983934e-04 -5.84221764e-05  3.69308901e-03
 -1.39365253e-04  8.59716338e-04  5.22178465e-04]

Stabilization: 1.0 SEM
E_0 -2753.44311547 E_lin -2753.45651052 dE -0.01339504
eigvector[0] 0.98815536
delta p / p
[-4.97978672e-03  3.84913490e-03  1.80206904e-03 -8.47878574e-04
  1.32945215e-04  4.80355884e-05 -1.06974770e-04  9.83548365e-05
  9.64488379e-04  1.53102390e-02  1.64877035e-03 -2.15515972e-04
  9.34940072e-05 -1.13788568e-05 -5.29280257e-05  1.03162516e-04
  3.26360820e-04 -4.61080615e-03 -1.86780010e-03  3.07212798e-02
 -3.51835255e-03  1.01697961e-03 -2.38462960e-05 -1.62261112e-04
  4.07105761e-05  1.66832577e-03 -1.00599302e-03 -8.93785814e-03
 -1.88682210e-04  5.17218186e-04  2.41200299e-03 -8.40801033e-04
 -1.37907286e-03  7.22564955e-04  1.90389494e-04  3.27965248e-03
  8.69703715e-03  1.24258009e-03 -1.12104056e-03  1.20573878e-03
  9.51830335e-04  4.61319421e-03  3.79399885e-04 -7.15759541e-04
  2.42469123e-03 -3.63458024e-04 -1.34460456e-02 -1.02370799e-03
 -4.56269998e-04  1.43027772e-02  1.48146851e-03 -1.05202110e-03
 -6.86575350e-04 -2.15672837e-02  8.40443507e-04  9.54187580e-04
  4.60162426e-05 -1.07275992e-03 -1.77712315e-03 -9.76949672e-04
 -6.35985360e-04  5.19124547e-03 -2.30963564e-03  1.23622364e-03
  1.86496569e-03  9.17120722e-05  1.67398637e-04 -9.32857494e-04
  1.05580348e-03 -2.79591801e-03  2.41951095e-03 -3.64836721e-04
 -4.39180286e-03 -2.86473998e-04 -5.54211778e-05  3.67877168e-03
 -1.65969808e-04  9.83737103e-04  1.71597482e-04]

 BEGIN VMC CALCULATION
 =====================

 Running VMC equilibration (5000 moves).
 Performing time-step optimization.
 Optimized step size: 0.01674
 DTVMC: 0.00009

 Starting VMC.

 =========================================================================
 In block : 1
  Number of VMC steps           = 100000

  Block average energies (au)

  Total energy                       (au) =       -2753.676785618329
  Standard error                        +/-           0.080608451054

  Constant energy contributions      (au) =           0.000000000000

  Variance of local energy           (au) =          86.435525565005
  Standard error                        +/-           0.000000000000

 Time taken in block    : : :       75.9682

 =========================================================================
 FINAL RESULT:

  VMC energy (au)    Standard error      Correction for serial correlation

 -2753.676785618329 +/- 0.080608451054      On-the-fly reblocking method

 Sample variance of E_L (au^2/sim.cell) : 86.435525565005


 ==========================================
 PERFORMING OPTIMIZATION CALCULATION No. 3.
 ==========================================


 Optimization start
 ==================
Stabilization: 1.0 SEM
E_0 -2753.72924897 E_lin -2753.77561104 dE -0.04636207
eigvector[0] 0.97273679
delta p / p
[-2.97365837e-03  1.90148781e-02  5.01908246e-02 -3.94033208e-03
  9.11747369e-04 -2.75406151e-04  1.20963338e-04 -3.42423211e-04
  3.71755814e-03  1.84416960e-02 -9.33190504e-03  6.76104805e-04
 -2.66420874e-05  3.34141089e-06 -2.91604400e-05  2.91332889e-05
  4.02182482e-04 -6.56919058e-03 -4.02251798e-03  1.63364936e-03
  2.89689465e-03  4.87796246e-04 -3.18770383e-05 -3.03663189e-04
  3.12836698e-04  2.50560463e-03 -1.95693994e-03 -5.73655786e-04
  1.62811173e-03  9.86043927e-04 -9.41672024e-03 -5.33096086e-04
  1.48562494e-02  7.49128632e-04 -2.11437064e-03 -1.43218524e-02
  5.10473127e-03  1.09350568e-03 -3.19102417e-03  2.20074361e-03
  2.15110349e-03  4.40415752e-03  4.22863097e-03 -2.55671310e-03
  5.88622704e-03 -7.16226962e-04 -3.04260754e-02 -1.33067377e-03
 -1.07359317e-03  4.38944768e-02  9.88983005e-03 -5.22179626e-03
 -1.39879245e-02 -3.27747945e-02  2.22607520e-03  2.34739304e-04
  5.52169759e-04  9.25283767e-04 -1.85463261e-02 -3.31804238e-03
  2.42557572e-03  1.62549299e-02 -1.38837507e-02  7.37026957e-04
  3.66828671e-04  1.54886975e-03 -2.79633734e-04  2.56600252e-02
 -3.35161841e-03 -7.19982051e-03  3.87911100e-03 -2.88512034e-04
  7.34111196e-03 -1.03431383e-03  3.21493767e-04  2.87666444e-03
 -5.95902681e-03  2.78954666e-04  1.78376211e-02]

Stabilization: 1.0 SEM
E_0 -2753.77266535 E_lin -2753.77688649 dE -0.00422113
eigvector[0] 0.98425123
delta p / p
[-3.89203946e-03  2.64538628e-03  2.25667472e-02 -5.24561705e-04
  9.40063952e-05  2.57054363e-05 -8.48249015e-05 -2.42083803e-05
  2.37868051e-03  1.47452081e-02 -6.59497770e-03  3.49607665e-04
  6.28239285e-05 -3.23079397e-05 -2.08869889e-05  6.76662763e-05
  4.46208200e-05 -4.83946734e-03 -1.34972774e-03 -3.08260915e-03
  3.20429564e-03  2.01323386e-04  3.57987240e-05 -2.99003190e-04
  2.79905563e-04  2.64729186e-03 -2.14044917e-03 -1.12378098e-02
  1.50972295e-03  8.14002660e-04 -5.64862710e-03 -5.24077665e-04
  7.50165509e-03  4.14282679e-04 -4.82032909e-04  3.42205802e-03
  4.46670710e-03  1.24756399e-03 -2.94187177e-03  2.49707110e-03
  1.59832173e-03  6.91975522e-03  2.96720788e-03 -1.41996473e-03
  7.43465025e-03 -6.94506528e-04 -3.27469929e-02 -1.60154248e-03
 -6.96079864e-04  3.23907960e-02  4.79410817e-03 -3.86752074e-03
 -1.32219745e-02 -4.83158186e-02  2.06197463e-03  2.66871882e-04
  9.89501113e-04 -5.36487274e-05 -1.34814976e-02 -3.13567869e-03
  1.36827831e-03  1.21553282e-02 -1.42734649e-02  5.92083562e-04
  4.37078329e-04  8.01762174e-04 -4.95279704e-05  1.33675649e-02
 -1.58260225e-03 -5.33622339e-03  3.50061966e-03 -2.46303147e-04
  4.85107182e-03 -4.91541356e-04  7.88581750e-05 -2.52205208e-03
 -3.62036216e-03  9.61483094e-04  6.42570317e-03]

Stabilization: 1.0 SEM
E_0 -2753.77445030 E_lin -2753.77505843 dE -0.00060813
eigvector[0] 0.98856953
delta p / p
[-3.69653412e-03  6.43699561e-04  1.63452317e-02 -1.66429847e-04
  5.69751573e-05  2.08104151e-05 -8.81707673e-05  3.06390273e-05
  1.95464453e-03  1.46963629e-02 -4.99733333e-03  2.30399662e-04
  8.37183168e-05 -3.98636058e-05 -1.95780827e-05  7.57403205e-05
 -5.41739587e-06 -4.24872660e-03 -1.20166942e-03 -2.25121492e-03
  2.62882286e-03  2.24404844e-04  7.09112506e-06 -2.54809076e-04
  2.46146740e-04  2.47496047e-03 -1.85285947e-03 -1.31090601e-02
  1.58833296e-03  5.45192802e-04 -3.11508557e-03 -3.76613019e-04
  1.73515930e-03 -6.73256131e-05  7.36713905e-04  4.30424361e-03
  4.21491963e-03  1.38046651e-03 -2.57763394e-03  2.37547796e-03
  1.29422350e-03  6.37373085e-03  2.39090793e-03 -1.27481008e-03
  6.76925932e-03 -6.59204454e-04 -2.65387884e-02 -1.60968778e-03
 -5.37622566e-04  2.69594221e-02  4.06209491e-03 -3.99015657e-03
 -9.88815406e-03 -4.79899711e-02  1.83497198e-03  3.72675553e-04
  6.79898621e-04 -4.35513856e-04 -1.04889305e-02 -2.64411165e-03
  9.14632188e-04  1.01396617e-02 -1.44274077e-02  4.69358071e-04
  6.54362451e-04  5.30119394e-04  7.97378451e-06  8.04929030e-03
 -8.13051306e-04 -4.78147330e-03  3.17992571e-03 -2.40462446e-04
  1.97275572e-03 -2.43741961e-04 -5.03096869e-06 -3.06870039e-03
 -2.13558177e-03  9.76684942e-04  2.54904175e-03]

Stabilization: 1.0 SEM
E_0 -2753.77335216 E_lin -2753.77340697 dE -0.00005480
eigvector[0] 0.99101344
delta p / p
[-3.45087798e-03  5.77447531e-04  1.23741030e-02  2.81376421e-05
  3.68882575e-05  1.40547482e-05 -8.55789601e-05  6.07756603e-05
  1.67537004e-03  1.42437354e-02 -3.86890673e-03  1.49431411e-04
  9.10999416e-05 -4.08205617e-05 -1.98632449e-05  7.49110509e-05
  3.36362110e-05 -3.78761787e-03 -1.19152271e-03 -1.61594246e-03
  2.24361723e-03  2.25841598e-04 -3.55634597e-06 -2.30712969e-04
  2.37527844e-04  2.27040946e-03 -1.61924018e-03 -1.32830424e-02
  1.67278597e-03  3.43510247e-04 -1.69789821e-03 -2.48322338e-04
 -1.47844198e-03 -4.02557419e-04  1.24761588e-03  4.10889868e-03
  4.15887178e-03  1.43416108e-03 -2.29853343e-03  2.15689083e-03
  1.11655736e-03  6.36363682e-03  1.92078481e-03 -1.13762231e-03
  5.45462762e-03 -6.26696143e-04 -2.21242432e-02 -1.52280441e-03
 -4.42636348e-04  2.32203192e-02  2.80156946e-03 -3.74103902e-03
 -7.86612048e-03 -4.79333198e-02  1.59197710e-03  4.68769049e-04
  3.10945489e-04 -5.92284425e-04 -8.76867582e-03 -2.10261886e-03
  6.84285222e-04  8.98776351e-03 -1.42658830e-02  3.67752944e-04
  8.27442788e-04  4.41899572e-04  1.64141312e-05  5.77461468e-03
 -4.77663326e-04 -4.47152167e-03  3.24546497e-03 -2.45382439e-04
  3.36795160e-04 -1.17156027e-04 -3.86018079e-05 -2.69566940e-03
 -1.18213010e-03  8.98468736e-04  7.49881925e-04]

Stabilization: 1.0 SEM
E_0 -2753.77211253 E_lin -2753.77211518 dE -0.00000265
eigvector[0] 0.99262879
delta p / p
[-3.23006498e-03  1.09526861e-03  9.64789333e-03  1.27484030e-04
  2.67808212e-05  6.30632742e-06 -7.96922475e-05  7.71143674e-05
  1.47465914e-03  1.35660422e-02 -3.06422565e-03  9.07373035e-05
  9.16579074e-05 -3.78973811e-05 -2.25238401e-05  7.47462997e-05
  8.46430882e-05 -3.39172951e-03 -1.20391225e-03 -1.16607014e-03
  1.94869977e-03  2.15095202e-04 -2.58360231e-06 -2.16853503e-04
  2.35325304e-04  2.09351412e-03 -1.44617848e-03 -1.26774427e-02
  1.73022714e-03  1.84210718e-04 -8.78364536e-04 -1.59001604e-04
 -3.23927540e-03 -6.12637926e-04  1.44176388e-03  3.94802901e-03
  4.21121326e-03  1.42450786e-03 -2.04729908e-03  1.93019777e-03
  9.89905907e-04  6.30430282e-03  1.59702252e-03 -1.11373903e-03
  4.36378536e-03 -5.93246657e-04 -1.87942651e-02 -1.40390177e-03
 -3.75559462e-04  2.01840068e-02  1.79922419e-03 -3.44462759e-03
 -6.51155272e-03 -4.87970859e-02  1.37946895e-03  5.36839350e-04
  8.91863533e-05 -6.89765521e-04 -7.67291349e-03 -1.63809885e-03
  5.53836977e-04  8.10284399e-03 -1.41425000e-02  2.74278590e-04
  9.24987348e-04  4.16674809e-04  7.57128644e-06  4.70814415e-03
 -3.47948502e-04 -4.24244239e-03  3.28563038e-03 -2.47699778e-04
 -5.37392697e-04 -4.15517133e-05 -5.20950698e-05 -2.03522962e-03
 -5.29310218e-04  8.35069199e-04 -1.56535240e-04]

Stabilization: 1.0 SEM
E_0 -2753.77103161 E_lin -2753.77097684 dE 0.00005477
eigvector[0] 0.99379558
delta p / p
[-3.03027054e-03  1.71711201e-03  7.64985598e-03  1.77542780e-04
  1.97247264e-05  5.21437303e-08 -7.36651247e-05  8.66839911e-05
  1.32733868e-03  1.28719236e-02 -2.49068333e-03  4.80983551e-05
  8.96284312e-05 -3.38237221e-05 -2.59126457e-05  7.51404626e-05
  1.35243383e-04 -3.04269702e-03 -1.21150331e-03 -8.42526170e-04
  1.70334341e-03  2.03936231e-04  1.60075736e-06 -2.06252524e-04
  2.33213499e-04  1.93742459e-03 -1.31180718e-03 -1.17466768e-02
  1.75764152e-03  5.67933235e-05 -3.89086538e-04 -9.84728849e-05
 -4.19357619e-03 -7.28347746e-04  1.49374435e-03  3.85732360e-03
  4.31158002e-03  1.37636498e-03 -1.81841289e-03  1.73081795e-03
  8.89013359e-04  6.18749601e-03  1.37209567e-03 -1.15061453e-03
  3.51702554e-03 -5.60573117e-04 -1.62212392e-02 -1.28265392e-03
 -3.22992712e-04  1.76357124e-02  1.05855559e-03 -3.15863045e-03
 -5.57285129e-03 -5.03466150e-02  1.20367968e-03  5.81781031e-04
 -2.40749382e-05 -7.63222282e-04 -6.92521612e-03 -1.26036904e-03
  4.69022244e-04  7.35669538e-03 -1.40554381e-02  1.90241500e-04
  9.70556511e-04  4.12055958e-04 -5.45953095e-06  4.17018207e-03
 -3.15014384e-04 -4.05310925e-03  3.25166675e-03 -2.46493051e-04
 -9.94469060e-04  1.00279239e-05 -5.80796100e-05 -1.39205239e-03
 -5.70386735e-05  7.84829185e-04 -6.10316500e-04]

Stabilization: 1.0 SEM
E_0 -2753.77007963 E_lin -2753.77005196 dE 0.00002767
eigvector[0] 0.99468379
delta p / p
[-2.84619125e-03  2.29907525e-03  6.15626852e-03  1.94698405e-04
  1.43560315e-05 -4.37969207e-06 -6.85993316e-05  9.26722318e-05
  1.22247219e-03  1.22305954e-02 -2.09328509e-03  1.81202180e-05
  8.71095928e-05 -2.99850024e-05 -2.91423295e-05  7.58013842e-05
  1.81302843e-04 -2.73335502e-03 -1.21479267e-03 -5.85423973e-04
  1.48721958e-03  1.95629234e-04  5.74390039e-06 -1.96058777e-04
  2.29222378e-04  1.79383535e-03 -1.20135055e-03 -1.06316556e-02
  1.76175220e-03 -4.46310948e-05 -8.52181621e-05 -6.35098304e-05
 -4.64995587e-03 -7.79238217e-04  1.47436648e-03  3.76857130e-03
  4.39912717e-03  1.30550605e-03 -1.61181864e-03  1.56415033e-03
  8.04687491e-04  6.05896937e-03  1.20815614e-03 -1.21397798e-03
  2.85102923e-03 -5.30186649e-04 -1.41336122e-02 -1.16685350e-03
 -2.80426864e-04  1.54993547e-02  5.14605002e-04 -2.89652695e-03
 -4.89597531e-03 -5.24801191e-02  1.05954676e-03  6.10343029e-04
 -7.49687479e-05 -8.24371730e-04 -6.38642806e-03 -9.55434805e-04
  4.04746871e-04  6.72727771e-03 -1.39796329e-02  1.15436270e-04
  9.82654100e-04  4.13257283e-04 -1.82581358e-05  3.88274419e-03
 -3.28305666e-04 -3.87768811e-03  3.17084424e-03 -2.42380956e-04
 -1.22491719e-03  4.81772234e-05 -6.11007415e-05 -8.54015288e-04
  2.98431333e-04  7.48372716e-04 -8.54400114e-04]

Stabilization: 1.0 SEM
E_0 -2753.76926126 E_lin -2753.76919881 dE 0.00006245
eigvector[0] 0.99538060
delta p / p
[-2.67798105e-03  2.74333554e-03  4.99732304e-03  1.93729294e-04
  1.03376225e-05 -7.91383891e-06 -6.41054749e-05  9.69902062e-05
  1.13747139e-03  1.16615786e-02 -1.82361751e-03 -1.44452964e-06
  8.47071766e-05 -2.68090381e-05 -3.19494920e-05  7.68920554e-05
  2.18278497e-04 -2.45650489e-03 -1.20979858e-03 -4.06180094e-04
  1.29742741e-03  1.90111962e-04  8.88253988e-06 -1.85377884e-04
  2.22747680e-04  1.66223214e-03 -1.10547808e-03 -9.50768719e-03
  1.74406308e-03 -1.21565244e-04  1.08261082e-04 -4.56525715e-05
 -4.84099055e-03 -7.79385387e-04  1.41307641e-03  3.66927216e-03
  4.46840939e-03  1.22526464e-03 -1.43341197e-03  1.42738171e-03
  7.33751481e-04  5.92562522e-03  1.08788046e-03 -1.27795971e-03
  2.32088213e-03 -5.03661586e-04 -1.24510119e-02 -1.06075285e-03
 -2.45856303e-04  1.37037837e-02  1.38897680e-04 -2.67072359e-03
 -4.40685350e-03 -5.50867437e-02  9.42486184e-04  6.26519805e-04
 -8.69903257e-05 -8.77154616e-04 -5.98739313e-03 -7.11896746e-04
  3.50490938e-04  6.19921962e-03 -1.39069285e-02  4.84947416e-05
  9.72049697e-04  4.14726942e-04 -2.93915363e-05  3.72477181e-03
 -3.61186263e-04 -3.72011693e-03  3.06876402e-03 -2.35887013e-04
 -1.34598779e-03  7.77571543e-05 -6.27529383e-05 -4.35438292e-04
  5.68224920e-04  7.18654653e-04 -9.73024733e-04]

Stabilization: 1.0 SEM
E_0 -2753.76854919 E_lin -2753.76855384 dE -0.00000465
eigvector[0] 0.99594104
delta p / p
[-2.52179642e-03  3.08708797e-03  4.11575965e-03  1.81855266e-04
  6.53305284e-06 -1.06063447e-05 -5.99996487e-05  9.98696751e-05
  1.06692817e-03  1.11589641e-02 -1.64475835e-03 -1.36540069e-05
  8.27368116e-05 -2.44183010e-05 -3.41430788e-05  7.78945860e-05
  2.48914077e-04 -2.21011250e-03 -1.20270458e-03 -2.66714683e-04
  1.12683335e-03  1.86786839e-04  1.13045237e-05 -1.74609422e-04
  2.14775005e-04  1.54020147e-03 -1.01963142e-03 -8.36537764e-03
  1.71497290e-03 -1.81278451e-04  2.38398212e-04 -3.99345034e-05
 -4.87832637e-03 -7.51327655e-04  1.33250809e-03  3.56166140e-03
  4.49659853e-03  1.14089415e-03 -1.27768351e-03  1.31375212e-03
  6.71986771e-04  5.79253932e-03  9.96098857e-04 -1.33525407e-03
  1.91024673e-03 -4.80528937e-04 -1.10709621e-02 -9.62897493e-04
 -2.16940164e-04  1.21581117e-02 -1.13790802e-04 -2.47642666e-03
 -4.03973371e-03 -5.81249812e-02  8.46928789e-04  6.34096114e-04
 -8.75065940e-05 -9.23119201e-04 -5.65991403e-03 -5.13449181e-04
  3.04084438e-04  5.75666312e-03 -1.38316860e-02 -1.17557298e-05
  9.48200921e-04  4.15578590e-04 -3.92518228e-05  3.62995345e-03
 -4.04757619e-04 -3.57054792e-03  2.95965021e-03 -2.28126980e-04
 -1.38798265e-03  1.01925238e-04 -6.36679996e-05 -9.93736065e-05
  7.82410966e-04  6.97698025e-04 -1.03082827e-03]

Stabilization: 1.0 SEM
E_0 -2753.76797337 E_lin -2753.76802420 dE -0.00005083
eigvector[0] 0.99639894
delta p / p
[-2.37835925e-03  3.31055365e-03  3.41436669e-03  1.62945596e-04
  3.15066002e-06 -1.26221446e-05 -5.63684019e-05  1.01750785e-04
  1.00993426e-03  1.07160932e-02 -1.53443510e-03 -2.03065560e-05
  8.12864934e-05 -2.27748769e-05 -3.57711895e-05  7.88288310e-05
  2.73802491e-04 -1.99060178e-03 -1.19430099e-03 -1.70817831e-04
  9.73711133e-04  1.85258333e-04  1.29326948e-05 -1.63646900e-04
  2.05354836e-04  1.42735252e-03 -9.41448661e-04 -7.25654840e-03
  1.67610766e-03 -2.25922839e-04  3.29531203e-04 -4.51167751e-05
 -4.81262784e-03 -7.01354059e-04  1.23936561e-03  3.41752289e-03
  4.48970109e-03  1.05567982e-03 -1.14236091e-03  1.22026025e-03
  6.18222470e-04  5.67580571e-03  9.22157543e-04 -1.37943780e-03
  1.56762118e-03 -4.60528178e-04 -9.92025742e-03 -8.73272169e-04
 -1.92984944e-04  1.08308963e-02 -2.75065912e-04 -2.30897114e-03
 -3.75680822e-03 -6.15614595e-02  7.68305016e-04  6.35198947e-04
 -7.84751407e-05 -9.63642098e-04 -5.39118650e-03 -3.51541942e-04
  2.61605090e-04  5.37999836e-03 -1.37535109e-02 -6.64021053e-05
  9.14540937e-04  4.15242109e-04 -4.73861571e-05  3.57986063e-03
 -4.51762886e-04 -3.43297640e-03  2.85014089e-03 -2.19327757e-04
 -1.39104535e-03  1.21818514e-04 -6.43649669e-05  1.46847645e-04
  9.51491704e-04  6.80750481e-04 -1.04645958e-03]

 BEGIN VMC CALCULATION
 =====================

 Running VMC equilibration (5000 moves).
 Performing time-step optimization.
 Optimized step size: 0.01634
 DTVMC: 0.00009

 Starting VMC.

 =========================================================================
 In block : 1
  Number of VMC steps           = 100000

  Block average energies (au)

  Total energy                       (au) =       -2753.558816768538
  Standard error                        +/-           0.079106054196

  Constant energy contributions      (au) =           0.000000000000

  Variance of local energy           (au) =          89.718084768262
  Standard error                        +/-           0.000000000000

 Time taken in block    : : :       74.8196

 =========================================================================
 FINAL RESULT:

  VMC energy (au)    Standard error      Correction for serial correlation

 -2753.558816768538 +/- 0.079106054196      On-the-fly reblocking method

 Sample variance of E_L (au^2/sim.cell) : 89.718084768262


 ==========================================
 PERFORMING OPTIMIZATION CALCULATION No. 4.
 ==========================================


 Optimization start
 ==================
Stabilization: 1.0 SEM
E_0 -2753.53133343 E_lin -2753.59120168 dE -0.05986825
eigvector[0] 0.96523191
delta p / p
[-5.06292179e-03 -5.47440943e-02 -4.31491213e-02  3.53596959e-03
 -2.47266638e-04 -1.09288046e-04  3.89385940e-05  3.14185687e-04
 -2.29720218e-03  3.88887415e-03  5.71090893e-03 -4.14087441e-04
  1.78044748e-04 -4.93781676e-05 -8.84060150e-05  3.27140528e-04
 -1.09138696e-03 -1.94376587e-03 -4.70436808e-03  3.00851836e-02
  1.75467845e-03 -7.28779863e-04  2.64760148e-04 -2.62314432e-04
  4.57252731e-04 -6.25717696e-04 -1.26214007e-03 -7.83264754e-02
 -1.77446609e-03  2.18238642e-03  1.01043687e-02 -1.06569655e-02
  5.90804801e-02  2.76688379e-03 -2.98367965e-03  2.08395394e-02
  1.81363081e-02  2.77278161e-03 -4.82784048e-03  4.47511374e-04
  5.00340327e-04  2.20070669e-02 -6.14832630e-03  9.06721021e-03
 -2.51073184e-03 -1.15587407e-03  6.94675664e-03 -2.59149704e-04
 -2.32776572e-04  5.04771683e-03 -1.55853400e-02  6.58906261e-04
  2.19292979e-02  8.64229947e-03  1.85088133e-03 -1.16475029e-05
 -7.70326265e-05  9.34472249e-05 -8.49057101e-03 -3.10289248e-03
  5.43485261e-04 -2.21852055e-03 -2.77068320e-02 -8.92209677e-04
 -8.38910459e-04  9.16155466e-04 -1.84518355e-04  1.62242256e-02
 -4.10332687e-03  1.08233542e-02  4.09310102e-03  8.42532364e-05
 -8.90619552e-04 -3.02830429e-05 -1.67937093e-06 -1.29775609e-02
  1.52325051e-03 -3.53248840e-04 -1.15116569e-02]

Stabilization: 1.0 SEM
E_0 -2753.55740987 E_lin -2753.59783073 dE -0.04042087
eigvector[0] 0.98461413
delta p / p
[-3.54641101e-03 -2.74461557e-02 -1.87636965e-02  6.01991125e-04
  1.67970979e-04 -1.66225070e-04  8.06007531e-06  4.90866693e-04
 -3.72191307e-03  8.21553275e-03  6.26389721e-04  1.51376118e-04
  9.92160352e-05 -7.53128745e-05 -1.78235041e-05  1.86759047e-04
 -6.51352844e-04 -2.26770891e-03 -7.48531840e-03  2.06339917e-02
  6.08827159e-04 -5.39342499e-04  2.86564904e-04 -1.82318055e-04
  3.41907828e-05  1.84264428e-03 -5.54411122e-04 -5.41126625e-02
 -6.24108875e-04  1.00532950e-03  1.78358069e-03 -4.24608321e-03
  1.59895144e-02  1.67814617e-03 -4.80162753e-03  1.26303982e-04
  1.22770017e-02  1.26563935e-03 -2.60640652e-03 -6.93859451e-04
  2.83500916e-04  1.49609960e-02 -5.13115560e-03  1.11789946e-02
 -4.10806707e-03 -5.98964944e-04 -5.22250708e-03  7.37851800e-04
 -2.84540857e-04  2.79416243e-03 -1.44366029e-03 -3.94183744e-03
  2.28467352e-02  8.37458348e-02  9.82499943e-04 -4.70231383e-05
  8.63863644e-04  6.55010062e-04 -1.48830388e-02 -1.53240964e-03
  1.85047217e-03  3.08682067e-03 -1.58848156e-02 -6.99358604e-04
 -3.58152784e-04  5.86010058e-04 -2.48172481e-04  1.68232617e-03
 -2.18081388e-03  9.51690264e-03  4.32818930e-03  3.72896364e-05
 -1.86139667e-03  2.85512552e-04 -8.14067409e-05 -7.04429787e-03
  8.07246487e-03 -4.79707573e-03 -6.59542720e-03]

Stabilization: 1.0 SEM
E_0 -2753.59306451 E_lin -2753.60846606 dE -0.01540154
eigvector[0] 0.98928044
delta p / p
[-3.11699464e-03 -1.88588925e-02 -9.66209611e-03 -1.22164106e-04
  2.56744854e-04 -2.18360971e-04  1.11742721e-04  2.07568915e-04
 -2.39228925e-03  7.84369124e-03 -5.02037318e-04  2.81419854e-04
  7.39391226e-05 -8.10650529e-05  1.12803448e-05  1.04725000e-04
 -2.51205809e-04 -2.17290122e-03 -6.84523825e-03  2.21327119e-02
  3.32391662e-04 -2.87575132e-04  2.23333865e-04 -2.01124125e-04
  1.32272211e-04  1.46651696e-03 -2.54255858e-04 -5.92031947e-02
 -9.86159401e-05  5.76537907e-04 -1.40856066e-04 -3.34552917e-03
  1.07290155e-02  1.35594161e-03 -1.49939711e-03  5.20284271e-04
  1.23073623e-02  1.17675921e-03 -2.27395046e-03 -8.16709818e-04
  9.15653833e-05  6.48079859e-03 -3.98938395e-03  1.11412839e-02
 -1.68480698e-03 -5.47416585e-04 -2.91987860e-03  6.42457437e-04
 -1.97308371e-04 -1.37486852e-03  1.64137586e-03 -2.99867369e-03
  1.59388852e-02  7.13403251e-02  9.10829413e-04 -6.00240854e-05
  2.15997540e-04  2.66109452e-04 -8.03181406e-03 -1.23475028e-03
  1.67620205e-03  3.53997812e-03 -1.12297436e-02 -5.87995023e-04
 -2.74979536e-04  5.49099229e-04 -1.97922429e-04  1.63502514e-03
 -1.70560581e-03  7.04632841e-03  3.74954205e-03  2.11181357e-05
 -2.16197614e-03  2.64880186e-04 -9.47074535e-05 -7.14058583e-03
  7.28387415e-03 -4.59865910e-03 -4.52760715e-03]

Stabilization: 1.0 SEM
E_0 -2753.60658027 E_lin -2753.61350098 dE -0.00692070
eigvector[0] 0.99174395
delta p / p
[-2.74004084e-03 -1.18900852e-02 -4.71789110e-03 -3.92756111e-04
  1.78604203e-04 -1.46055199e-04  8.19925380e-05  1.18297226e-04
 -1.32578177e-03  7.86538677e-03 -9.34436872e-04  2.95130462e-04
  5.50029038e-05 -7.06224786e-05  1.18373901e-05  8.10624791e-05
 -6.81018926e-05 -2.05575078e-03 -6.33771836e-03  2.19741840e-02
 -1.86837655e-05 -9.62074077e-05  1.72495588e-04 -1.93709817e-04
  1.46309889e-04  1.45404145e-03 -2.58981268e-04 -6.06062307e-02
  6.59463489e-05  3.43450556e-04 -9.59602821e-04 -2.88309804e-03
  8.40542763e-03  1.23442141e-03 -3.83362191e-04  5.79225844e-04
  1.21501481e-02  1.06190874e-03 -1.84130780e-03 -9.10706750e-04
  6.01082269e-05  2.40992651e-03 -3.23859333e-03  1.02243015e-02
 -1.73283938e-03 -4.59591183e-04 -4.77086442e-03  5.21198440e-04
 -1.58393506e-04 -3.09513069e-03  2.62875045e-03 -2.53202332e-03
  1.32262044e-02  6.01648218e-02  7.46045202e-04 -6.85270932e-05
 -1.59712501e-04  1.73751441e-04 -4.32565804e-03 -8.92459670e-04
  1.37695570e-03  3.94824220e-03 -7.73313614e-03 -5.17846839e-04
 -2.53278484e-04  5.10949153e-04 -1.56459924e-04  2.66577190e-03
 -1.65708723e-03  5.49599714e-03  3.15326231e-03  1.21460749e-05
 -1.91640420e-03  2.63673654e-04 -1.03480534e-04 -7.05032938e-03
  6.15241831e-03 -3.77946013e-03 -3.53368160e-03]

Stabilization: 1.0 SEM
E_0 -2753.61222212 E_lin -2753.61668987 dE -0.00446775
eigvector[0] 0.99321598
delta p / p
[-2.47385840e-03 -7.39660167e-03 -1.69284312e-03 -5.71396045e-04
  1.18317350e-04 -8.46477116e-05  4.28646504e-05  9.76775233e-05
 -7.59614822e-04  7.71985797e-03 -1.02777411e-03  2.76319849e-04
  4.46155312e-05 -6.20976099e-05  9.02435626e-06  7.41031726e-05
 -1.92487650e-09 -1.89443719e-03 -5.81541498e-03  2.12596610e-02
 -1.78650248e-04  3.99603087e-06  1.49885072e-04 -1.95910031e-04
  1.67252596e-04  1.39675070e-03 -3.22182284e-04 -6.29197949e-02
  8.23505309e-05  2.39803696e-04 -1.36512180e-03 -2.63477243e-03
  7.31785701e-03  1.23072939e-03  9.17827878e-05  7.29238825e-04
  1.20539950e-02  1.01257821e-03 -1.56450211e-03 -9.29446536e-04
  6.10336504e-05  1.69409264e-04 -2.74747044e-03  9.42452834e-03
 -1.80565774e-03 -4.06685951e-04 -5.77702509e-03  3.86128054e-04
 -1.29862855e-04 -4.20672130e-03  2.70537826e-03 -2.06737564e-03
  1.13626052e-02  4.91717394e-02  6.24720808e-04 -7.56200689e-05
 -3.66841179e-04  1.43065002e-04 -1.97548676e-03 -6.65708474e-04
  1.17712338e-03  4.02204669e-03 -5.45300919e-03 -4.63584428e-04
 -2.48474217e-04  4.81177301e-04 -1.32573271e-04  3.32694598e-03
 -1.62060983e-03  4.24912531e-03  2.69002481e-03  6.34752512e-06
 -1.64926337e-03  2.55380142e-04 -1.01850076e-04 -6.46753298e-03
  5.21490159e-03 -3.02982475e-03 -2.80194389e-03]

Stabilization: 1.0 SEM
E_0 -2753.61565099 E_lin -2753.61910369 dE -0.00345271
eigvector[0] 0.99422382
delta p / p
[-2.27397785e-03 -4.08640044e-03  3.77995854e-04 -7.03832611e-04
  7.85019620e-05 -4.07750516e-05  1.14573628e-05  9.57869785e-05
 -4.27721581e-04  7.48873264e-03 -1.00708683e-03  2.54685417e-04
  3.77319229e-05 -5.61162058e-05  6.98966731e-06  7.07654509e-05
  2.99568670e-05 -1.74404442e-03 -5.44000294e-03  2.03109192e-02
 -2.59701525e-04  6.45838488e-05  1.34436130e-04 -1.93919038e-04
  1.78892940e-04  1.32195787e-03 -3.71570217e-04 -6.49279026e-02
  6.00161097e-05  1.89342819e-04 -1.56989860e-03 -2.46315785e-03
  6.55060586e-03  1.22917813e-03  2.16959807e-04  7.60097218e-04
  1.17137495e-02  9.69859490e-04 -1.33036247e-03 -9.18076639e-04
  7.44503048e-05 -1.13283127e-03 -2.39352747e-03  8.73763636e-03
 -1.85807217e-03 -3.63006238e-04 -6.53928618e-03  2.62440595e-04
 -1.09240188e-04 -4.81680068e-03  2.59354618e-03 -1.75665802e-03
  1.01401175e-02  4.05713960e-02  5.28874414e-04 -7.69528709e-05
 -4.37070608e-04  1.37004878e-04 -5.72441973e-04 -5.06602976e-04
  1.03954360e-03  3.95959832e-03 -3.91451094e-03 -4.16335225e-04
 -2.40003813e-04  4.52885209e-04 -1.17520594e-04  3.67918811e-03
 -1.59544001e-03  3.33191069e-03  2.33841425e-03  9.39013288e-07
 -1.41096697e-03  2.49437058e-04 -9.80858822e-05 -5.77688738e-03
  4.50734140e-03 -2.42394805e-03 -2.27585096e-03]

Stabilization: 1.0 SEM
E_0 -2753.61821313 E_lin -2753.62106562 dE -0.00285250
eigvector[0] 0.99497616
delta p / p
[-2.12059427e-03 -1.64349493e-03  1.75999722e-03 -7.93978483e-04
  5.18783568e-05 -1.10734847e-05 -1.01419057e-05  9.59296673e-05
 -2.09245184e-04  7.20260216e-03 -9.35681721e-04  2.36981653e-04
  3.20312204e-05 -5.17113611e-05  5.82189279e-06  6.85510452e-05
  4.20050645e-05 -1.60856898e-03 -5.17165913e-03  1.93045289e-02
 -2.96788005e-04  1.04308531e-04  1.21250982e-04 -1.87724229e-04
  1.83050795e-04  1.23669222e-03 -3.97997102e-04 -6.68082512e-02
  2.75566875e-05  1.66234484e-04 -1.65351000e-03 -2.33735562e-03
  5.93916316e-03  1.21769230e-03  1.97123206e-04  7.64027148e-04
  1.12052096e-02  9.30545773e-04 -1.12786481e-03 -8.89632538e-04
  9.05341910e-05 -1.95177650e-03 -2.12446797e-03  8.16497649e-03
 -1.84149055e-03 -3.26689510e-04 -6.97475788e-03  1.52091674e-04
 -9.35074544e-05 -5.14000397e-03  2.44978245e-03 -1.54277724e-03
  9.25065283e-03  3.37400143e-02  4.54095366e-04 -7.49835228e-05
 -4.32587453e-04  1.41483595e-04  2.56331824e-04 -3.96103938e-04
  9.38015142e-04  3.80896632e-03 -2.87662740e-03 -3.75607108e-04
 -2.30503493e-04  4.25958302e-04 -1.07206545e-04  3.82441116e-03
 -1.56753816e-03  2.63070288e-03  2.06145838e-03 -3.75027721e-06
 -1.22344854e-03  2.44998868e-04 -9.38703820e-05 -5.09831800e-03
  3.97016026e-03 -1.94633484e-03 -1.87089065e-03]

Stabilization: 1.0 SEM
E_0 -2753.62030761 E_lin -2753.62275422 dE -0.00244661
eigvector[0] 0.99557200
delta p / p
[-1.99763621e-03  1.78286491e-04  2.64706064e-03 -8.49791644e-04
  3.29443529e-05  8.98532685e-06 -2.43021755e-05  9.53673302e-05
 -6.10732475e-05  6.89399328e-03 -8.39905674e-04  2.22833412e-04
  2.70931316e-05 -4.84222262e-05  5.38814105e-06  6.65937191e-05
  4.48862296e-05 -1.48814093e-03 -4.98009463e-03  1.83071776e-02
 -3.09892583e-04  1.31995984e-04  1.09621919e-04 -1.79248365e-04
  1.82303058e-04  1.15151518e-03 -4.06574821e-04 -6.86540813e-02
 -4.70942377e-06  1.56980749e-04 -1.66664885e-03 -2.23756254e-03
  5.41047457e-03  1.19608866e-03  1.15858575e-04  7.52850766e-04
  1.05941506e-02  8.91755525e-04 -9.47652537e-04 -8.51951746e-04
  1.05589662e-04 -2.49983584e-03 -1.91134705e-03  7.68564005e-03
 -1.78528389e-03 -2.95574248e-04 -7.13211633e-03  5.52445980e-05
 -8.09552729e-05 -5.30720959e-03  2.32510606e-03 -1.38917605e-03
  8.54973701e-03  2.82318193e-02  3.93585169e-04 -7.08319190e-05
 -3.84940399e-04  1.50253352e-04  7.23101203e-04 -3.16416677e-04
  8.56328920e-04  3.60930385e-03 -2.15947998e-03 -3.40048628e-04
 -2.20768641e-04  4.00157768e-04 -9.92177584e-05  3.84163075e-03
 -1.53585555e-03  2.08083611e-03  1.83461489e-03 -7.81167797e-06
 -1.07803359e-03  2.41775793e-04 -9.01106637e-05 -4.47316439e-03
  3.55338300e-03 -1.56528145e-03 -1.55282643e-03]

Stabilization: 1.0 SEM
E_0 -2753.62208594 E_lin -2753.62422575 dE -0.00213981
eigvector[0] 0.99606153
delta p / p
[-1.89453056e-03  1.53970230e-03  3.17945265e-03 -8.80059008e-04
  1.88752336e-05  2.24284940e-05 -3.30842046e-05  9.36267122e-05
  3.97710455e-05  6.58415369e-03 -7.31893141e-04  2.11435041e-04
  2.26180448e-05 -4.58298660e-05  5.41242130e-06  6.47481671e-05
  4.23605599e-05 -1.38046593e-03 -4.83857834e-03  1.73511119e-02
 -3.09883519e-04  1.52678031e-04  9.92698236e-05 -1.69916288e-04
  1.78865218e-04  1.07031267e-03 -4.03676160e-04 -7.05741599e-02
 -3.41849441e-05  1.55427692e-04 -1.63995168e-03 -2.15334177e-03
  4.94303281e-03  1.16859932e-03  1.08051038e-05  7.37716919e-04
  9.93606143e-03  8.53450109e-04 -7.87008890e-04 -8.09313252e-04
  1.18985412e-04 -2.88529688e-03 -1.73619534e-03  7.27361301e-03
 -1.70847442e-03 -2.68826830e-04 -7.08117698e-03 -2.91613823e-05
 -7.09418282e-05 -5.38275141e-03  2.23175667e-03 -1.27440059e-03
  7.96888850e-03  2.36822445e-02  3.43281491e-04 -6.56650237e-05
 -3.16038399e-04  1.59984966e-04  9.69351257e-04 -2.56740455e-04
  7.87328984e-04  3.38707646e-03 -1.64980313e-03 -3.09082027e-04
 -2.12341432e-04  3.76012848e-04 -9.24871988e-05  3.77631803e-03
 -1.49862319e-03  1.63660347e-03  1.64420848e-03 -1.11758234e-05
 -9.67005778e-04  2.38690190e-04 -8.68539608e-05 -3.90849086e-03
  3.22023477e-03 -1.25276093e-03 -1.31084114e-03]

Stabilization: 1.0 SEM
E_0 -2753.62363479 E_lin -2753.62553559 dE -0.00190080
eigvector[0] 0.99647340
delta p / p
[-1.80535026e-03  2.55985401e-03  3.45946919e-03 -8.91070137e-04
  7.83340632e-06  3.13250325e-05 -3.80419119e-05  9.09809719e-05
  1.05256407e-04  6.28075790e-03 -6.20676497e-04  2.02039182e-04
  1.85459425e-05 -4.37425928e-05  5.77535271e-06  6.28606438e-05
  3.69203972e-05 -1.28374998e-03 -4.73188563e-03  1.64482440e-02
 -3.02476806e-04  1.69016650e-04  9.01046855e-05 -1.60567061e-04
  1.74027637e-04  9.95255180e-04 -3.93317960e-04 -7.26236857e-02
 -5.92385242e-05  1.57617743e-04 -1.59333823e-03 -2.07719145e-03
  4.51742540e-03  1.13697962e-03 -9.96288636e-05  7.21778499e-04
  9.25982457e-03  8.14917523e-04 -6.42240735e-04 -7.63908453e-04
  1.30108526e-04 -3.16339295e-03 -1.58949489e-03  6.91405752e-03
 -1.61917298e-03 -2.45506837e-04 -6.87592857e-03 -1.02264333e-04
 -6.27075325e-05 -5.40828053e-03  2.16894586e-03 -1.18569209e-03
  7.47262039e-03  1.98639533e-02  2.99898368e-04 -5.97679448e-05
 -2.37505132e-04  1.69015022e-04  1.07930172e-03 -2.09157814e-04
  7.26651937e-04  3.15699870e-03 -1.27403504e-03 -2.81840330e-04
 -2.05079059e-04  3.53898738e-04 -8.64150489e-05  3.66304908e-03
 -1.45688588e-03  1.26829470e-03  1.48065337e-03 -1.40154129e-05
 -8.79467415e-04  2.35315386e-04 -8.41523127e-05 -3.40543342e-03
  2.94791145e-03 -9.92367990e-04 -1.12546204e-03]

 BEGIN VMC CALCULATION
 =====================

 Running VMC equilibration (5000 moves).
 Performing time-step optimization.
 Optimized step size: 0.01672
 DTVMC: 0.00009

 Starting VMC.

 =========================================================================
 In block : 1
  Number of VMC steps           = 100000

  Block average energies (au)

  Total energy                       (au) =       -2753.626903533037
  Standard error                        +/-           0.071617470290

  Constant energy contributions      (au) =           0.000000000000

  Variance of local energy           (au) =          90.130360853235
  Standard error                        +/-           0.000000000000

 Time taken in block    : : :       77.7914

 =========================================================================
 FINAL RESULT:

  VMC energy (au)    Standard error      Correction for serial correlation

 -2753.626903533037 +/- 0.071617470290      On-the-fly reblocking method

 Sample variance of E_L (au^2/sim.cell) : 90.130360853235


 =========================================================================

 Total PyCasino real time : : :    5566.4770
