
 ------------------------------------------------------------------------------
 ########::'##:::'##::'######:::::'###:::::'######::'####:'##::: ##::'#######::
 ##.... ##:. ##:'##::'##... ##:::'## ##:::'##... ##:. ##:: ###:: ##:'##.... ##:
 ##:::: ##::. ####::: ##:::..:::'##:. ##:: ##:::..::: ##:: ####: ##: ##:::: ##:
 ########::::. ##:::: ##:::::::'##:::. ##:. ######::: ##:: ## ## ##: ##:::: ##:
 ##.....:::::: ##:::: ##::::::: #########::..... ##:: ##:: ##. ####: ##:::: ##:
 ##::::::::::: ##:::: ##::: ##: ##.... ##:'##::: ##:: ##:: ##:. ###: ##:::: ##:
 ##::::::::::: ##::::. ######:: ##:::: ##:. ######::'####: ##::. ##:. #######::
 .::::::::::::..::::::......:::..:::::..:::......:::....::..::::..:::.......:::

                          Python Quantum Package
                   v0.1.0 [Konkov Vladimir] (30 August 2023)

    Main Author : V.V. Konkov
 ------------------------------------------------------------------------------

 Python 3.10.6 (main, May 29 2023, 11:10:38) [GCC 11.3.0]
 Numba 0.57.1
 Numpy 1.24.3
 Scipy 1.10.1

 Running in parallel using 4 MPI processes.

 ====================================
 PERFORMING A SINGLE VMC CALCULATION.
 ====================================


 BEGIN VMC CALCULATION
 =====================

Running VMC equilibration (5000 moves).
Performing time-step optimization.
Optimized step size: 0.25017
DTVMC: 0.02086

Starting VMC.

 =========================================================================
 In block : 1
  Number of VMC steps           = 10000000

  Block average energies (au)

  Total energy                       (au) =       -2752.132810257247
  Standard error                        +/-           0.053098257116

  Constant energy contributions      (au) =           0.000000000000

  Variance of local energy           (au) =         709.908405849939
  Standard error                        +/-           0.000000000000

 Time taken in block    : : :       4193.4164

 =========================================================================
 FINAL RESULT:

  VMC energy (au)    Standard error      Correction for serial correlation

 -2752.132810257247 +/- 0.053098257116      On-the-fly reblocking method

 Sample variance of E_L (au^2/sim.cell) : 709.908405849939


 =========================================================================

 Total PyCasino real time : : :    4233.6534
