
 ------------------------------------------------------------------------------
 ########::'##:::'##::'######:::::'###:::::'######::'####:'##::: ##::'#######::
 ##.... ##:. ##:'##::'##... ##:::'## ##:::'##... ##:. ##:: ###:: ##:'##.... ##:
 ##:::: ##::. ####::: ##:::..:::'##:. ##:: ##:::..::: ##:: ####: ##: ##:::: ##:
 ########::::. ##:::: ##:::::::'##:::. ##:. ######::: ##:: ## ## ##: ##:::: ##:
 ##.....:::::: ##:::: ##::::::: #########::..... ##:: ##:: ##. ####: ##:::: ##:
 ##::::::::::: ##:::: ##::: ##: ##.... ##:'##::: ##:: ##:: ##:. ###: ##:::: ##:
 ##::::::::::: ##::::. ######:: ##:::: ##:. ######::'####: ##::. ##:. #######::
 .::::::::::::..::::::......:::..:::::..:::......:::....::..::::..:::.......:::

                     Python Quantum Monte Carlo Package
                        v 0.2.0 [Vladimir Konkov]

    Main Author : Vladimir Konkov
 ------------------------------------------------------------------------------
 Started 2024/08/21 07:47:42

 Python 3.10.12 (main, Jul 29 2024, 16:56:48) [GCC 11.4.0]
 Numba 0.59.0
 Numpy 1.26.4
 Scipy 1.11.3

 Running in parallel using 4 MPI processes.

 General input parameters
 ========================
 NEU (num up spin electrons)              :  3
 NED (num down spin electrons)            :  1
 RUNTYPE (type of run)                    :  vmc_opt
 PSI_S  (form for [anti]symmetrizing wfn) :  slater
 ATOM_BASIS_TYPE (atom-centred orb basis) :  gaussian
 INTERACTION (interaction type)           :  coulomb
 TESTRUN (read input data,print and stop) :  F
 PERIODIC                                 :  F
 COMPLEX_WF (complex Slater wave fn.)     :  F
 NEIGHPRINT (neighbour analysis)          :  0
 USE_JASTROW (use Jastrow factor)         :  T
 BACKFLOW (use backflow corrections)      :  F
 USE_ORBMODS (use orbitals modifications) :  F
 E_OFFSET (energy offset)                 :  0.0000
 CHECKPOINT (checkpointing level)         :  1
 CON_LOC (Dir to read/write config.*)     :  ./
 RELATIVISTIC                             :  F

 VMC/optimization input parameters
 ====================
 NEWRUN (start new run)                   :  T
 VMC_METHOD (choice of VMC algorithm)     :  3
 DTVMC (VMC time step)                    :  1.0000E-02
 OPT_DTVMC (VMC time-step optimization)   :  1
 VMC_NSTEP (num VMC steps)                :  100000
 VMC_NCONFIG_WRITE (num configs to write) :  100000
 VMC_NBLOCK (num VMC blocks)              :  1
 VMC_EQUIL_NSTEP (num equil steps)        :  5000
 VMC_DECORR_PERIOD (length of inner loop) :  10
 VMC_AVE_PERIOD (hist reduction factor)   :  1
 VMC_SAMPLING                             :  standard
 MAKEMOVIE                                :  F
 FORCES                                   :  F

 Non-local integration grids
 ===========================
 Ion type            :  1
 Non-local grid no.  :  4
 Lexact              :  5
 Number of points    :  12

 BEGIN VMC CALCULATION
 =====================

 Running VMC equilibration (5000 moves).
 Performing time-step optimization.
 Optimized step size: 0.52571
 DTVMC: 0.09212

 Starting VMC.

 =========================================================================
 In block : 1
  Number of VMC steps           = 100000

  Block average energies (au)

  Total energy                       (au) =          -5.312098298984
  Standard error                        +/-           0.002764167644

  Constant energy contributions      (au) =           0.000000000000

  Variance of local energy           (au) =           0.468407682855
  Standard error                        +/-           0.000000000000

 Time taken in block    : : :       7.9734

 =========================================================================
 FINAL RESULT:

  VMC energy (au)    Standard error      Correction for serial correlation

 -5.312098298984 +/- 0.002764167644      On-the-fly reblocking method

 Sample variance of E_L (au^2/sim.cell) : 0.468407682855


 ==========================================
 PERFORMING OPTIMIZATION CALCULATION No. 1.
 ==========================================


 Optimization start
 ==================
   Iteration     Total nfev        Cost      Cost reduction    Step norm     Optimality
       0              1         1.5777e-01                                    2.66e+07
       1              2         6.0226e-02      9.75e-02       1.84e-03       9.43e+05
       2              3         5.9190e-02      1.04e-03       2.73e-03       4.79e+04
       3              4         5.8864e-02      3.26e-04       1.12e-03       8.11e+03
`ftol` termination condition is satisfied.
Function evaluations 4, initial cost 1.5777e-01, final cost 5.8864e-02, first-order optimality 8.11e+03.
Norm of Jacobian at the solution: 7.02977e-10

 BEGIN VMC CALCULATION
 =====================

 Running VMC equilibration (5000 moves).
 Performing time-step optimization.
 Optimized step size: 0.51693
 DTVMC: 0.08907

 Starting VMC.

 =========================================================================
 In block : 1
  Number of VMC steps           = 100000

  Block average energies (au)

  Total energy                       (au) =          -5.394081489145
  Standard error                        +/-           0.000871111033

  Constant energy contributions      (au) =           0.000000000000

  Variance of local energy           (au) =           0.048295825774
  Standard error                        +/-           0.000000000000

 Time taken in block    : : :       7.7062

 =========================================================================
 FINAL RESULT:

  VMC energy (au)    Standard error      Correction for serial correlation

 -5.394081489145 +/- 0.000871111033      On-the-fly reblocking method

 Sample variance of E_L (au^2/sim.cell) : 0.048295825774


 ==========================================
 PERFORMING OPTIMIZATION CALCULATION No. 2.
 ==========================================


 Optimization start
 ==================
   Iteration     Total nfev        Cost      Cost reduction    Step norm     Optimality
       0              1         5.0218e-02                                    9.51e+05
       1              2         5.0029e-02      1.89e-04       2.83e-01       2.77e+06
       2              4         4.8711e-02      1.32e-03       6.86e-01       1.49e+06
       3              6         4.8607e-02      1.04e-04       6.59e-01       1.18e+06
`ftol` termination condition is satisfied.
Function evaluations 6, initial cost 5.0218e-02, final cost 4.8607e-02, first-order optimality 1.18e+06.
Norm of Jacobian at the solution: 3.06952e-11

 BEGIN VMC CALCULATION
 =====================

 Running VMC equilibration (5000 moves).
 Performing time-step optimization.
 Optimized step size: 0.51119
 DTVMC: 0.08710

 Starting VMC.

 =========================================================================
 In block : 1
  Number of VMC steps           = 100000

  Block average energies (au)

  Total energy                       (au) =          -5.395037327151
  Standard error                        +/-           0.000850491245

  Constant energy contributions      (au) =           0.000000000000

  Variance of local energy           (au) =           0.047424544623
  Standard error                        +/-           0.000000000000

 Time taken in block    : : :       8.5255

 =========================================================================
 FINAL RESULT:

  VMC energy (au)    Standard error      Correction for serial correlation

 -5.395037327151 +/- 0.000850491245      On-the-fly reblocking method

 Sample variance of E_L (au^2/sim.cell) : 0.047424544623


 =========================================================================

 Total PyCasino real time : : :    192.5587
