
 ------------------------------------------------------------------------------
 ########::'##:::'##::'######:::::'###:::::'######::'####:'##::: ##::'#######::
 ##.... ##:. ##:'##::'##... ##:::'## ##:::'##... ##:. ##:: ###:: ##:'##.... ##:
 ##:::: ##::. ####::: ##:::..:::'##:. ##:: ##:::..::: ##:: ####: ##: ##:::: ##:
 ########::::. ##:::: ##:::::::'##:::. ##:. ######::: ##:: ## ## ##: ##:::: ##:
 ##.....:::::: ##:::: ##::::::: #########::..... ##:: ##:: ##. ####: ##:::: ##:
 ##::::::::::: ##:::: ##::: ##: ##.... ##:'##::: ##:: ##:: ##:. ###: ##:::: ##:
 ##::::::::::: ##::::. ######:: ##:::: ##:. ######::'####: ##::. ##:. #######::
 .::::::::::::..::::::......:::..:::::..:::......:::....::..::::..:::.......:::

                     Python Quantum Monte Carlo Package
                        v 0.2.0 [Vladimir Konkov]

    Main Author : Vladimir Konkov
 ------------------------------------------------------------------------------
 Started 2024/08/13 16:07:02

 Python 3.10.12 (main, Jul 29 2024, 16:56:48) [GCC 11.4.0]
 Numba 0.59.0
 Numpy 1.26.4
 Scipy 1.11.3

 Running in parallel using 4 MPI processes.

 General input parameters
 ========================
 NEU (num up spin electrons)              :  1
 NED (num down spin electrons)            :  1
 RUNTYPE (type of run)                    :  vmc_opt
 PSI_S  (form for [anti]symmetrizing wfn) :  slater
 ATOM_BASIS_TYPE (atom-centred orb basis) :  slater-type
 INTERACTION (interaction type)           :  coulomb
 TESTRUN (read input data,print and stop) :  F
 PERIODIC                                 :  F
 COMPLEX_WF (complex Slater wave fn.)     :  F
 NEIGHPRINT (neighbour analysis)          :  0
 USE_JASTROW (use Jastrow factor)         :  T
 BACKFLOW (use backflow corrections)      :  F
 USE_ORBMODS (use orbitals modifications) :  F
 E_OFFSET (energy offset)                 :  0.0000
 CHECKPOINT (checkpointing level)         :  1
 CON_LOC (Dir to read/write config.*)     :  ./
 RELATIVISTIC                             :  F

 VMC/optimization input parameters
 ====================
 NEWRUN (start new run)                   :  T
 VMC_METHOD (choice of VMC algorithm)     :  3
 DTVMC (VMC time step)                    :  1.0000E-02
 OPT_DTVMC (VMC time-step optimization)   :  1
 VMC_NSTEP (num VMC steps)                :  100000
 VMC_NCONFIG_WRITE (num configs to write) :  100000
 VMC_NBLOCK (num VMC blocks)              :  1
 VMC_EQUIL_NSTEP (num equil steps)        :  5000
 VMC_DECORR_PERIOD (length of inner loop) :  10
 VMC_AVE_PERIOD (hist reduction factor)   :  1
 VMC_SAMPLING                             :  standard
 MAKEMOVIE                                :  F
 FORCES                                   :  F

 BEGIN VMC CALCULATION
 =====================

 Running VMC equilibration (5000 moves).
 Performing time-step optimization.
 Optimized step size: 0.52238
 DTVMC: 0.09096

 Starting VMC.

 =========================================================================
 In block : 1
  Number of VMC steps           = 100000

  Block average energies (au)

  Total energy                       (au) =          -2.860511142962
  Standard error                        +/-           0.003319237494

  Constant energy contributions      (au) =           0.000000000000

  Variance of local energy           (au) =           0.993104735048
  Standard error                        +/-           0.000000000000

 Time taken in block    : : :       1.7922

 =========================================================================
 FINAL RESULT:

  VMC energy (au)    Standard error      Correction for serial correlation

 -2.860511142962 +/- 0.003319237494      On-the-fly reblocking method

 Sample variance of E_L (au^2/sim.cell) : 0.993104735048


 ==========================================
 PERFORMING OPTIMIZATION CALCULATION No. 1.
 ==========================================


 Optimization start
 ==================
   Iteration     Total nfev        Cost      Cost reduction    Step norm     Optimality
       0              1         8.0724e-02                                    1.18e+05
       1              2         1.3875e-03      7.93e-02       4.46e-03       5.99e+03
       2              3         2.2263e-04      1.16e-03       8.18e-03       4.92e+01
       3              4         1.3596e-04      8.67e-05       2.04e-03       5.68e+00
       4              5         1.3593e-04      3.39e-08       7.26e-05       1.84e-01
`ftol` termination condition is satisfied.
Function evaluations 5, initial cost 8.0724e-02, final cost 1.3593e-04, first-order optimality 1.84e-01.
Norm of Jacobian at the solution: 1.48847e-12

 BEGIN VMC CALCULATION
 =====================

 Running VMC equilibration (5000 moves).
 Performing time-step optimization.
 Optimized step size: 0.49496
 DTVMC: 0.08166

 Starting VMC.

 =========================================================================
 In block : 1
  Number of VMC steps           = 100000

  Block average energies (au)

  Total energy                       (au) =          -2.903735126268
  Standard error                        +/-           0.000037458535

  Constant energy contributions      (au) =           0.000000000000

  Variance of local energy           (au) =           0.000106348052
  Standard error                        +/-           0.000000000000

 Time taken in block    : : :       1.4266

 =========================================================================
 FINAL RESULT:

  VMC energy (au)    Standard error      Correction for serial correlation

 -2.903735126268 +/- 0.000037458535      On-the-fly reblocking method

 Sample variance of E_L (au^2/sim.cell) : 0.000106348052


 ==========================================
 PERFORMING OPTIMIZATION CALCULATION No. 2.
 ==========================================


 Optimization start
 ==================
Optimization method: Newton-CG
   Iteration     Total nfev        Energy             Grad norm
       0              2        -2.903706e+00         2.15054e+00
Optimization terminated successfully.
         Current function value: -2.903732
         Iterations: 1
         Function evaluations: 2
         Gradient evaluations: 2
         Hessian evaluations: 1
Norm of Jacobian at the solution: 1.31613e+01

 BEGIN VMC CALCULATION
 =====================

 Running VMC equilibration (5000 moves).
 Performing time-step optimization.
 Optimized step size: 0.50489
 DTVMC: 0.08497

 Starting VMC.

 =========================================================================
 In block : 1
  Number of VMC steps           = 100000

  Block average energies (au)

  Total energy                       (au) =          -2.903751843348
  Standard error                        +/-           0.000042094233

  Constant energy contributions      (au) =           0.000000000000

  Variance of local energy           (au) =           0.000119630372
  Standard error                        +/-           0.000000000000

 Time taken in block    : : :       1.4223

 =========================================================================
 FINAL RESULT:

  VMC energy (au)    Standard error      Correction for serial correlation

 -2.903751843348 +/- 0.000042094233      On-the-fly reblocking method

 Sample variance of E_L (au^2/sim.cell) : 0.000119630372


 ==========================================
 PERFORMING OPTIMIZATION CALCULATION No. 3.
 ==========================================


 Optimization start
 ==================
Optimization method: Newton-CG
   Iteration     Total nfev        Energy             Grad norm
       0              2        -2.903667e+00         2.74837e+00
Optimization terminated successfully.
         Current function value: -2.903758
         Iterations: 1
         Function evaluations: 2
         Gradient evaluations: 2
         Hessian evaluations: 1
Norm of Jacobian at the solution: 1.95451e+01

 BEGIN VMC CALCULATION
 =====================

 Running VMC equilibration (5000 moves).
 Performing time-step optimization.
 Optimized step size: 0.51755
 DTVMC: 0.08928

 Starting VMC.

 =========================================================================
 In block : 1
  Number of VMC steps           = 100000

  Block average energies (au)

  Total energy                       (au) =          -2.903766977071
  Standard error                        +/-           0.000036677353

  Constant energy contributions      (au) =           0.000000000000

  Variance of local energy           (au) =           0.000103198991
  Standard error                        +/-           0.000000000000

 Time taken in block    : : :       1.4357

 =========================================================================
 FINAL RESULT:

  VMC energy (au)    Standard error      Correction for serial correlation

 -2.903766977071 +/- 0.000036677353      On-the-fly reblocking method

 Sample variance of E_L (au^2/sim.cell) : 0.000103198991


 ==========================================
 PERFORMING OPTIMIZATION CALCULATION No. 4.
 ==========================================


 Optimization start
 ==================
Optimization method: Newton-CG
   Iteration     Total nfev        Energy             Grad norm
       0              2        -2.903667e+00         1.36811e+00
Optimization terminated successfully.
         Current function value: -2.903700
         Iterations: 1
         Function evaluations: 2
         Gradient evaluations: 2
         Hessian evaluations: 1
Norm of Jacobian at the solution: 1.02606e+01

 BEGIN VMC CALCULATION
 =====================

 Running VMC equilibration (5000 moves).
 Performing time-step optimization.
 Optimized step size: 0.50162
 DTVMC: 0.08387

 Starting VMC.

 =========================================================================
 In block : 1
  Number of VMC steps           = 100000

  Block average energies (au)

  Total energy                       (au) =          -2.903653855187
  Standard error                        +/-           0.000034997882

  Constant energy contributions      (au) =           0.000000000000

  Variance of local energy           (au) =           0.000102590828
  Standard error                        +/-           0.000000000000

 Time taken in block    : : :       1.4299

 =========================================================================
 FINAL RESULT:

  VMC energy (au)    Standard error      Correction for serial correlation

 -2.903653855187 +/- 0.000034997882      On-the-fly reblocking method

 Sample variance of E_L (au^2/sim.cell) : 0.000102590828


 =========================================================================

 Total PyCasino real time : : :    44.7218
