
 ------------------------------------------------------------------------------
 ########::'##:::'##::'######:::::'###:::::'######::'####:'##::: ##::'#######::
 ##.... ##:. ##:'##::'##... ##:::'## ##:::'##... ##:. ##:: ###:: ##:'##.... ##:
 ##:::: ##::. ####::: ##:::..:::'##:. ##:: ##:::..::: ##:: ####: ##: ##:::: ##:
 ########::::. ##:::: ##:::::::'##:::. ##:. ######::: ##:: ## ## ##: ##:::: ##:
 ##.....:::::: ##:::: ##::::::: #########::..... ##:: ##:: ##. ####: ##:::: ##:
 ##::::::::::: ##:::: ##::: ##: ##.... ##:'##::: ##:: ##:: ##:. ###: ##:::: ##:
 ##::::::::::: ##::::. ######:: ##:::: ##:. ######::'####: ##::. ##:. #######::
 .::::::::::::..::::::......:::..:::::..:::......:::....::..::::..:::.......:::

                     Python Quantum Monte Carlo Package
                        v 0.2.0 [Vladimir Konkov]

    Main Author : Vladimir Konkov
 ------------------------------------------------------------------------------
 Started 2024/08/23 09:29:20

 Python 3.10.12 (main, Jul 29 2024, 16:56:48) [GCC 11.4.0]
 Numba 0.59.0
 Numpy 1.26.4
 Scipy 1.11.3

 Running in parallel using 4 MPI processes.

 General input parameters
 ========================
 NEU (num up spin electrons)              :  1
 NED (num down spin electrons)            :  0
 RUNTYPE (type of run)                    :  vmc_opt
 PSI_S  (form for [anti]symmetrizing wfn) :  slater
 ATOM_BASIS_TYPE (atom-centred orb basis) :  gaussian
 INTERACTION (interaction type)           :  coulomb
 TESTRUN (read input data,print and stop) :  F
 PERIODIC                                 :  F
 COMPLEX_WF (complex Slater wave fn.)     :  F
 NEIGHPRINT (neighbour analysis)          :  0
 USE_JASTROW (use Jastrow factor)         :  T
 BACKFLOW (use backflow corrections)      :  T
 USE_ORBMODS (use orbitals modifications) :  F
 E_OFFSET (energy offset)                 :  0.0000
 CHECKPOINT (checkpointing level)         :  1
 CON_LOC (Dir to read/write config.*)     :  ./
 RELATIVISTIC                             :  F

 VMC/optimization input parameters
 ====================
 NEWRUN (start new run)                   :  T
 VMC_METHOD (choice of VMC algorithm)     :  3
 DTVMC (VMC time step)                    :  1.0000E-02
 OPT_DTVMC (VMC time-step optimization)   :  1
 VMC_NSTEP (num VMC steps)                :  100000
 VMC_NCONFIG_WRITE (num configs to write) :  100000
 VMC_NBLOCK (num VMC blocks)              :  1
 VMC_EQUIL_NSTEP (num equil steps)        :  5000
 VMC_DECORR_PERIOD (length of inner loop) :  10
 VMC_AVE_PERIOD (hist reduction factor)   :  1
 VMC_SAMPLING                             :  standard
 MAKEMOVIE                                :  F
 FORCES                                   :  F

 Non-local integration grids
 ===========================
 Ion type            :  1
 Non-local grid no.  :  4
 Lexact              :  5
 Number of points    :  12

 BEGIN VMC CALCULATION
 =====================

 Running VMC equilibration (5000 moves).
 Performing time-step optimization.
 Optimized step size: 1.22496
 DTVMC: 0.50017

 Starting VMC.

 =========================================================================
 In block : 1
  Number of VMC steps           = 100000

  Block average energies (au)

  Total energy                       (au) =          -0.500052618362
  Standard error                        +/-           0.000123945114

  Constant energy contributions      (au) =           0.000000000000

  Variance of local energy           (au) =           0.001257819390
  Standard error                        +/-           0.000000000000

 Time taken in block    : : :       2.7723

 =========================================================================
 FINAL RESULT:

  VMC energy (au)    Standard error      Correction for serial correlation

 -0.500052618362 +/- 0.000123945114      On-the-fly reblocking method

 Sample variance of E_L (au^2/sim.cell) : 0.001257819390


 ==========================================
 PERFORMING OPTIMIZATION CALCULATION No. 1.
 ==========================================


 Optimization start
 ==================
   Iteration     Total nfev        Cost      Cost reduction    Step norm     Optimality
       0              1         1.2463e-03                                    6.30e+00
       1              2         1.0131e-03      2.33e-04       4.59e-01       1.17e-01
       2              3         9.0006e-04      1.13e-04       3.70e-01       1.38e-01
       3              4         8.2306e-04      7.70e-05       3.07e-01       3.90e-01
       4              5         7.8595e-04      3.71e-05       9.47e-01       3.68e-02
       5              6         7.5398e-04      3.20e-05       1.32e+00       6.00e-02
       6              7         6.9535e-04      5.86e-05       2.42e+00       2.22e-02
       7              8         6.0772e-04      8.76e-05       4.74e+00       1.01e+00
       8              9         5.0129e-04      1.06e-04       8.99e+00       1.09e+00
       9             10         4.6757e-04      3.37e-05       3.43e+00       7.04e-02
      10             11         4.5475e-04      1.28e-05       1.85e+00       9.06e-02
      11             12         4.4886e-04      5.89e-06       9.01e-01       8.72e-02
      12             13         4.4590e-04      2.96e-06       5.78e-01       7.72e-02
      13             14         4.4434e-04      1.56e-06       3.00e-01       6.44e-02
`ftol` termination condition is satisfied.
Function evaluations 14, initial cost 1.2463e-03, final cost 4.4434e-04, first-order optimality 6.44e-02.
Norm of Jacobian at the solution: 8.61794e-16

 BEGIN VMC CALCULATION
 =====================

 Running VMC equilibration (5000 moves).
 Performing time-step optimization.
 Optimized step size: 1.22917
 DTVMC: 0.50362

 Starting VMC.

 =========================================================================
 In block : 1
  Number of VMC steps           = 100000

  Block average energies (au)

  Total energy                       (au) =          -0.500097407447
  Standard error                        +/-           0.000066863778

  Constant energy contributions      (au) =           0.000000000000

  Variance of local energy           (au) =           0.000382846995
  Standard error                        +/-           0.000000000000

 Time taken in block    : : :       2.4499

 =========================================================================
 FINAL RESULT:

  VMC energy (au)    Standard error      Correction for serial correlation

 -0.500097407447 +/- 0.000066863778      On-the-fly reblocking method

 Sample variance of E_L (au^2/sim.cell) : 0.000382846995


 ==========================================
 PERFORMING OPTIMIZATION CALCULATION No. 2.
 ==========================================


 Optimization start
 ==================
Stabilization: 1.0 SEM
E_0 -0.50005168 E_lin -0.50006299 dE -0.00001132
eigvector[0] 0.99983942
delta p / p
[-1.12370017e-04 -1.51609386e+00  8.41825296e+01 -8.05004445e-03
 -3.43962754e-04  1.56672303e-04 -1.53139484e-05 -9.14465825e-05
  9.59414957e-04  3.82849990e-03 -1.57174398e+00  4.76721304e-03
  2.47822142e-04 -7.99166915e-05  2.50939319e-05  1.13822324e-05
 -2.15401574e-04 -6.61709198e-04 -1.27536510e-03]

 BEGIN VMC CALCULATION
 =====================

 Running VMC equilibration (5000 moves).
 Performing time-step optimization.
 Optimized step size: 1.24241
 DTVMC: 0.51452

 Starting VMC.

 =========================================================================
 In block : 1
  Number of VMC steps           = 100000

  Block average energies (au)

  Total energy                       (au) =          -0.499972483517
  Standard error                        +/-           0.000067259366

  Constant energy contributions      (au) =           0.000000000000

  Variance of local energy           (au) =           0.000406787367
  Standard error                        +/-           0.000000000000

 Time taken in block    : : :       2.4542

 =========================================================================
 FINAL RESULT:

  VMC energy (au)    Standard error      Correction for serial correlation

 -0.499972483517 +/- 0.000067259366      On-the-fly reblocking method

 Sample variance of E_L (au^2/sim.cell) : 0.000406787367


 ==========================================
 PERFORMING OPTIMIZATION CALCULATION No. 3.
 ==========================================


 Optimization start
 ==================
Stabilization: 1.0 SEM
E_0 -0.49991366 E_lin -0.49991239 dE 0.00000127
eigvector[0] 0.99993643
delta p / p
[-3.71377100e-04  1.82515454e+00  3.65703433e-01 -1.78322513e-03
 -3.40469884e-04  8.95526643e-05  7.27564874e-05 -1.61693316e-04
 -4.37539554e-04  1.69005328e-04  1.41356800e+00  4.02899617e-03
  1.18075409e-04 -4.48298785e-05  1.38022085e-05  4.04633307e-06
 -1.11751700e-04 -3.72749056e-04 -7.86112144e-04]

 BEGIN VMC CALCULATION
 =====================

 Running VMC equilibration (5000 moves).
 Performing time-step optimization.
 Optimized step size: 1.21909
 DTVMC: 0.49539

 Starting VMC.

 =========================================================================
 In block : 1
  Number of VMC steps           = 100000

  Block average energies (au)

  Total energy                       (au) =          -0.500081582647
  Standard error                        +/-           0.000067065452

  Constant energy contributions      (au) =           0.000000000000

  Variance of local energy           (au) =           0.000415711308
  Standard error                        +/-           0.000000000000

 Time taken in block    : : :       2.4770

 =========================================================================
 FINAL RESULT:

  VMC energy (au)    Standard error      Correction for serial correlation

 -0.500081582647 +/- 0.000067065452      On-the-fly reblocking method

 Sample variance of E_L (au^2/sim.cell) : 0.000415711308


 ==========================================
 PERFORMING OPTIMIZATION CALCULATION No. 4.
 ==========================================


 Optimization start
 ==================
Stabilization: 1.0 SEM
E_0 -0.49991810 E_lin -0.49991793 dE 0.00000017
eigvector[0] 0.99998648
delta p / p
[-3.95699999e-05 -1.16704492e+00  5.77780436e-02  1.13896107e-03
 -3.78113487e-06  6.59145893e-05  2.37832617e-05 -7.24481139e-05
 -1.02180242e-04  1.88538387e-04  4.42836331e-01  2.28236924e-03
 -2.10297708e-05 -1.87741338e-05  9.22758715e-06 -5.87170960e-06
 -2.93152318e-05 -2.04758799e-04 -1.12223420e-04]

 BEGIN VMC CALCULATION
 =====================

 Running VMC equilibration (5000 moves).
 Performing time-step optimization.
 Optimized step size: 1.23382
 DTVMC: 0.50744

 Starting VMC.

 =========================================================================
 In block : 1
  Number of VMC steps           = 100000

  Block average energies (au)

  Total energy                       (au) =          -0.499957289147
  Standard error                        +/-           0.000082572020

  Constant energy contributions      (au) =           0.000000000000

  Variance of local energy           (au) =           0.000499249878
  Standard error                        +/-           0.000000000000

 Time taken in block    : : :       2.4864

 =========================================================================
 FINAL RESULT:

  VMC energy (au)    Standard error      Correction for serial correlation

 -0.499957289147 +/- 0.000082572020      On-the-fly reblocking method

 Sample variance of E_L (au^2/sim.cell) : 0.000499249878


 =========================================================================

 Total PyCasino real time : : :    143.6958
