
 ------------------------------------------------------------------------------
 ########::'##:::'##::'######:::::'###:::::'######::'####:'##::: ##::'#######::
 ##.... ##:. ##:'##::'##... ##:::'## ##:::'##... ##:. ##:: ###:: ##:'##.... ##:
 ##:::: ##::. ####::: ##:::..:::'##:. ##:: ##:::..::: ##:: ####: ##: ##:::: ##:
 ########::::. ##:::: ##:::::::'##:::. ##:. ######::: ##:: ## ## ##: ##:::: ##:
 ##.....:::::: ##:::: ##::::::: #########::..... ##:: ##:: ##. ####: ##:::: ##:
 ##::::::::::: ##:::: ##::: ##: ##.... ##:'##::: ##:: ##:: ##:. ###: ##:::: ##:
 ##::::::::::: ##::::. ######:: ##:::: ##:. ######::'####: ##::. ##:. #######::
 .::::::::::::..::::::......:::..:::::..:::......:::....::..::::..:::.......:::

                     Python Quantum Monte Carlo Package
                        v 0.2.0 [Vladimir Konkov]

    Main Author : Vladimir Konkov
 ------------------------------------------------------------------------------
 Started 2024/09/29 16:52:39

 Python 3.10.12 (main, Sep 11 2024, 15:47:36) [GCC 11.4.0]
 Numba 0.59.0
 Numpy 1.26.4
 Scipy 1.11.3

 Running in parallel using 4 MPI processes.

 General input parameters
 ========================
 NEU (num up spin electrons)              :  5
 NED (num down spin electrons)            :  5
 RUNTYPE (type of run)                    :  vmc_dmc
 PSI_S  (form for [anti]symmetrizing wfn) :  slater
 ATOM_BASIS_TYPE (atom-centred orb basis) :  slater-type
 INTERACTION (interaction type)           :  coulomb
 TESTRUN (read input data,print and stop) :  F
 PERIODIC                                 :  F
 COMPLEX_WF (complex Slater wave fn.)     :  F
 NEIGHPRINT (neighbour analysis)          :  0
 USE_JASTROW (use Jastrow factor)         :  T
 BACKFLOW (use backflow corrections)      :  F
 USE_ORBMODS (use orbitals modifications) :  F
 E_OFFSET (energy offset)                 :  0.0000
 CHECKPOINT (checkpointing level)         :  1
 CON_LOC (Dir to read/write config.*)     :  ./
 RELATIVISTIC                             :  F

 VMC/DMC input parameters
 ====================
 NEWRUN (start new run)                   :  T
 VMC_METHOD (choice of VMC algorithm)     :  3
 DTVMC (VMC time step)                    :  1.0000E-02
 OPT_DTVMC (VMC time-step optimization)   :  1
 VMC_NSTEP (num VMC steps)                :  1024
 VMC_NCONFIG_WRITE (num configs to write) :  1024
 VMC_NBLOCK (num VMC blocks)              :  1
 VMC_EQUIL_NSTEP (num equil steps)        :  5000
 VMC_DECORR_PERIOD (length of inner loop) :  1
 VMC_AVE_PERIOD (hist reduction factor)   :  1
 VMC_SAMPLING                             :  standard
 MAKEMOVIE                                :  F
 FORCES                                   :  F

 ======================================================
 PERFORMING A VMC CONFIGURATION-GENERATION CALCULATION.
 ======================================================


 BEGIN VMC CALCULATION
 =====================

 Running VMC equilibration (5000 moves).
 Performing time-step optimization.
 Optimized step size: 0.07677
 DTVMC: 0.00196

 Starting VMC.

 =========================================================================
 In block : 1
  Number of VMC steps           = 1024

  Block average energies (au)

  Total energy                       (au) =        -128.755822267412
  Standard error                        +/-           0.116443553614

  Constant energy contributions      (au) =           0.000000000000

  Variance of local energy           (au) =           1.103697206725
  Standard error                        +/-           0.000000000000

 Time taken in block    : : :       0.4267

 =========================================================================
 FINAL RESULT:

  VMC energy (au)    Standard error      Correction for serial correlation

 -128.755822267412 +/- 0.116443553614      On-the-fly reblocking method

 Sample variance of E_L (au^2/sim.cell) : 1.103697206725


 *     *     *     *     *     *     *     *     *     *     *     *

 ===========================================
 PERFORMING A DMC EQUILIBRATION CALCULATION.
 ===========================================

 BEGIN DMC CALCULATION
 =====================

 Random number generator reset to state in config.in.

 EBEST = -128.75582226741255 (au/prim cell inc. N-N)
 EREF  = -128.75582226741255


 =========================================================================
 In block : 1

 Number of moves in block                 : 10000
 Load-balancing efficiency (%)            : 92.683
 Acceptance ratio (%)                     : 89.071
 Number of config transfers               : 503
 New best estimate of DMC energy (au)     : -128.92317867
 New best estimate of effective time step : 0.00296873

 Time taken in block    : : :       584.6525

 *     *     *     *     *     *     *     *     *     *     *     *

 =====================================================
 PERFORMING A DMC STATISTICS-ACCUMULATION CALCULATION.
 =====================================================

 BEGIN DMC CALCULATION
 =====================

 Random number generator reset to state in config.in.

 EBEST = -128.9870190747269 (au/prim cell inc. N-N)
 EREF  = -128.97710796525206

 Number of previous DMC stats accumulation moves : 0

 =========================================================================
 In block : 1

 Number of moves in block                 : 10000
 Load-balancing efficiency (%)            : 92.855
 Acceptance ratio (%)                     : 89.398
 Number of config transfers               : 531
 New best estimate of DMC energy (au)     : -128.92264768
 New best estimate of effective time step : 0.00297965

 Time taken in block    : : :       613.6568

 =========================================================================
 In block : 2

 Number of moves in block                 : 10000
 Load-balancing efficiency (%)            : 93.934
 Acceptance ratio (%)                     : 88.792
 Number of config transfers               : 407
 New best estimate of DMC energy (au)     : -128.92312312
 New best estimate of effective time step : 0.00295945

 Time taken in block    : : :       611.4765

 =========================================================================
 In block : 3

 Number of moves in block                 : 10000
 Load-balancing efficiency (%)            : 93.937
 Acceptance ratio (%)                     : 88.814
 Number of config transfers               : 432
 New best estimate of DMC energy (au)     : -128.92291170
 New best estimate of effective time step : 0.00296018

 Time taken in block    : : :       620.2638

 =========================================================================
 In block : 4

 Number of moves in block                 : 10000
 Load-balancing efficiency (%)            : 94.285
 Acceptance ratio (%)                     : 88.395
 Number of config transfers               : 428
 New best estimate of DMC energy (au)     : -128.92293419
 New best estimate of effective time step : 0.00294621

 Time taken in block    : : :       609.0106

 =========================================================================
 In block : 5

 Number of moves in block                 : 10000
 Load-balancing efficiency (%)            : 94.104
 Acceptance ratio (%)                     : 88.087
 Number of config transfers               : 453
 New best estimate of DMC energy (au)     : -128.92322628
 New best estimate of effective time step : 0.00293595

 Time taken in block    : : :       624.4857

Mixed estimators of the energies at the end of the run
------------------------------------------------------

Total energy                 =       -128.923226282420 +/- 0.000460140876

 =========================================================================

 Total PyCasino real time : : :    3665.5719
