
 ------------------------------------------------------------------------------
 ########::'##:::'##::'######:::::'###:::::'######::'####:'##::: ##::'#######::
 ##.... ##:. ##:'##::'##... ##:::'## ##:::'##... ##:. ##:: ###:: ##:'##.... ##:
 ##:::: ##::. ####::: ##:::..:::'##:. ##:: ##:::..::: ##:: ####: ##: ##:::: ##:
 ########::::. ##:::: ##:::::::'##:::. ##:. ######::: ##:: ## ## ##: ##:::: ##:
 ##.....:::::: ##:::: ##::::::: #########::..... ##:: ##:: ##. ####: ##:::: ##:
 ##::::::::::: ##:::: ##::: ##: ##.... ##:'##::: ##:: ##:: ##:. ###: ##:::: ##:
 ##::::::::::: ##::::. ######:: ##:::: ##:. ######::'####: ##::. ##:. #######::
 .::::::::::::..::::::......:::..:::::..:::......:::....::..::::..:::.......:::

                     Python Quantum Monte Carlo Package
                        v 0.2.0 [Vladimir Konkov]

    Main Author : Vladimir Konkov
 ------------------------------------------------------------------------------
 Started 2024/08/21 19:51:02

 Python 3.10.12 (main, Jul 29 2024, 16:56:48) [GCC 11.4.0]
 Numba 0.59.0
 Numpy 1.26.4
 Scipy 1.11.3

 Running in parallel using 4 MPI processes.

 General input parameters
 ========================
 NEU (num up spin electrons)              :  4
 NED (num down spin electrons)            :  2
 RUNTYPE (type of run)                    :  vmc_opt
 PSI_S  (form for [anti]symmetrizing wfn) :  slater
 ATOM_BASIS_TYPE (atom-centred orb basis) :  gaussian
 INTERACTION (interaction type)           :  coulomb
 TESTRUN (read input data,print and stop) :  F
 PERIODIC                                 :  F
 COMPLEX_WF (complex Slater wave fn.)     :  F
 NEIGHPRINT (neighbour analysis)          :  0
 USE_JASTROW (use Jastrow factor)         :  T
 BACKFLOW (use backflow corrections)      :  F
 USE_ORBMODS (use orbitals modifications) :  F
 E_OFFSET (energy offset)                 :  0.0000
 CHECKPOINT (checkpointing level)         :  1
 CON_LOC (Dir to read/write config.*)     :  ./
 RELATIVISTIC                             :  F

 VMC/optimization input parameters
 ====================
 NEWRUN (start new run)                   :  T
 VMC_METHOD (choice of VMC algorithm)     :  3
 DTVMC (VMC time step)                    :  1.0000E-02
 OPT_DTVMC (VMC time-step optimization)   :  1
 VMC_NSTEP (num VMC steps)                :  100000
 VMC_NCONFIG_WRITE (num configs to write) :  100000
 VMC_NBLOCK (num VMC blocks)              :  1
 VMC_EQUIL_NSTEP (num equil steps)        :  5000
 VMC_DECORR_PERIOD (length of inner loop) :  10
 VMC_AVE_PERIOD (hist reduction factor)   :  1
 VMC_SAMPLING                             :  standard
 MAKEMOVIE                                :  F
 FORCES                                   :  F

 Non-local integration grids
 ===========================
 Ion type            :  1
 Non-local grid no.  :  4
 Lexact              :  5
 Number of points    :  12

 BEGIN VMC CALCULATION
 =====================

 Running VMC equilibration (5000 moves).
 Performing time-step optimization.
 Optimized step size: 0.27729
 DTVMC: 0.02563

 Starting VMC.

 =========================================================================
 In block : 1
  Number of VMC steps           = 100000

  Block average energies (au)

  Total energy                       (au) =         -15.654329695263
  Standard error                        +/-           0.006682236535

  Constant energy contributions      (au) =           0.000000000000

  Variance of local energy           (au) =           2.051034514741
  Standard error                        +/-           0.000000000000

 Time taken in block    : : :       17.9915

 =========================================================================
 FINAL RESULT:

  VMC energy (au)    Standard error      Correction for serial correlation

 -15.654329695263 +/- 0.006682236535      On-the-fly reblocking method

 Sample variance of E_L (au^2/sim.cell) : 2.051034514741


 ==========================================
 PERFORMING OPTIMIZATION CALCULATION No. 1.
 ==========================================


 Optimization start
 ==================
   Iteration     Total nfev        Cost      Cost reduction    Step norm     Optimality
       0              1         8.9469e-01                                    2.94e+05
       1              2         2.6289e-01      6.32e-01       2.49e-03       9.50e+03
       2              3         2.1461e-01      4.83e-02       1.05e-02       5.01e+02
       3              4         2.0726e-01      7.36e-03       2.38e-02       1.89e+02
       4              5         2.0579e-01      1.46e-03       5.75e-03       2.68e+01
       5              6         2.0554e-01      2.57e-04       6.06e-03       2.30e+01
`ftol` termination condition is satisfied.
Function evaluations 6, initial cost 8.9469e-01, final cost 2.0554e-01, first-order optimality 2.30e+01.
Norm of Jacobian at the solution: 1.20251e-12

 BEGIN VMC CALCULATION
 =====================

 Running VMC equilibration (5000 moves).
 Performing time-step optimization.
 Optimized step size: 0.27734
 DTVMC: 0.02564

 Starting VMC.

 =========================================================================
 In block : 1
  Number of VMC steps           = 100000

  Block average energies (au)

  Total energy                       (au) =         -15.826507439352
  Standard error                        +/-           0.001702312034

  Constant energy contributions      (au) =           0.000000000000

  Variance of local energy           (au) =           0.159494282504
  Standard error                        +/-           0.000000000000

 Time taken in block    : : :       19.2516

 =========================================================================
 FINAL RESULT:

  VMC energy (au)    Standard error      Correction for serial correlation

 -15.826507439352 +/- 0.001702312034      On-the-fly reblocking method

 Sample variance of E_L (au^2/sim.cell) : 0.159494282504


 ==========================================
 PERFORMING OPTIMIZATION CALCULATION No. 2.
 ==========================================


 Optimization start
 ==================
Stabilization: 1.0 SEM
E_0 -15.82658864 E_lin -15.83065903 dE -0.00407039
eigvector[0] 0.98500499
delta p / p
[ 1.71521463e-02  2.28699329e-02 -6.47055216e-02 -3.65500100e-03
 -5.35074231e-03  1.64753446e-03  1.18063565e-03 -1.63935886e-03
 -3.57748838e-02  7.29848269e-02 -3.19881379e-01 -1.47059450e-01
 -2.60348015e-02  8.87762522e-03  3.91649062e-03 -9.26243687e-03
 -1.64073183e-02  1.20744684e-02  3.08436073e-03  5.29576991e-02
 -4.44965480e-01  3.85906801e-03 -1.21487845e-02  4.52913076e-03
 -3.61061757e-05 -5.31062149e-02 -1.35570664e-03 -3.08436853e-02
  7.16944856e-03 -3.55033251e-02 -2.18265452e-03 -3.46523670e-02
 -1.55428145e-01  8.09402609e-02  1.86048783e-02 -5.59268752e-01
 -1.93579427e+00 -2.97118183e-02  1.51948451e-02 -2.99139578e-02
 -3.31374113e-02 -1.62570809e-02 -3.12883406e-03  2.79726717e-02
  5.02705551e-02 -3.23919110e-03  3.72873786e-02  3.51746549e-02
  3.50112573e-03 -5.84774675e-02  4.96151572e-02  1.54473625e-01
  1.59747992e-01 -9.29719225e-02 -1.99983940e-01  4.64848229e-02
 -9.13604961e-01  9.44343417e-02  2.09003475e-01  2.10417009e-02
 -6.66027412e-01 -3.81417528e-01 -1.57183375e-01  4.38308153e-01
 -1.90361665e-02 -3.00857252e-03 -2.94925400e-02  3.25529707e-04
  2.01804639e-02  1.47188642e-02 -1.74916140e-01 -1.23029962e-03
  1.56862184e-01  8.74724262e-02 -4.33077927e-03  3.72172392e-02
  9.04303673e-04 -1.77520483e-02 -8.80260253e-02]

 BEGIN VMC CALCULATION
 =====================

 Running VMC equilibration (5000 moves).
 Performing time-step optimization.
 Optimized step size: 0.28049
 DTVMC: 0.02622

 Starting VMC.

 =========================================================================
 In block : 1
  Number of VMC steps           = 100000

  Block average energies (au)

  Total energy                       (au) =         -15.829094876782
  Standard error                        +/-           0.002490486809

  Constant energy contributions      (au) =           0.000000000000

  Variance of local energy           (au) =           0.730121543295
  Standard error                        +/-           0.000000000000

 Time taken in block    : : :       20.1437

 =========================================================================
 FINAL RESULT:

  VMC energy (au)    Standard error      Correction for serial correlation

 -15.829094876782 +/- 0.002490486809      On-the-fly reblocking method

 Sample variance of E_L (au^2/sim.cell) : 0.730121543295


 ==========================================
 PERFORMING OPTIMIZATION CALCULATION No. 3.
 ==========================================


 Optimization start
 ==================
Stabilization: 1.0 SEM
E_0 -15.82939744 E_lin -15.82972851 dE -0.00033107
eigvector[0] 0.99554279
delta p / p
[ 1.14233379e-02 -5.52961615e-03  2.41542810e-02  7.12168638e-03
 -3.16450065e-03  1.83746757e-03  7.04078350e-04 -4.64267413e-03
 -1.24417940e-02  1.00112560e-02 -7.63080164e-02 -6.77837069e-02
 -2.41717994e-02  1.48998552e-03  6.32949000e-03 -5.94508405e-03
 -2.56033005e-02  1.33928243e-02  3.37000547e-03 -4.21835245e-02
 -2.82591548e-01  5.84154343e-02 -5.50972363e-03 -8.99607932e-03
  1.06448454e-02  3.87215974e-02  4.97207536e-03 -1.39465701e-02
 -1.88602074e-02  4.32875774e-02 -6.43826497e-03 -4.13213106e-02
 -1.89642417e-01  3.20049141e-02 -1.77826829e-02 -3.15219218e-01
  9.27967577e-01 -2.10452096e-02  4.07121992e-02 -2.38835037e-02
 -2.53576168e-03 -7.52808859e-02  2.19184483e-03  8.00608274e-03
  2.35099079e-02  1.57476090e-02 -1.40005321e-01  1.39621323e-02
  1.37973171e-03  1.23886752e-01  1.42422004e-02  2.25913411e-01
  7.47096465e-02 -5.43475324e-02 -1.12947317e-01  4.62536322e-02
 -2.98087751e+00  4.77839074e-02 -3.51742177e-02  4.80805152e-02
 -1.76070569e+00 -4.54438566e-02  4.79117953e-02  1.38144159e-01
 -5.18317011e-03  4.04721919e-03 -1.63972831e-02  9.28537100e-04
 -1.41731111e-02  2.35102401e-02 -5.47326601e-02 -7.85063875e-03
  4.88235970e-02  1.07853637e-02 -1.30769391e-02  7.81133507e-03
 -1.99267618e-03  3.43654321e-04  5.01047746e-02]

 BEGIN VMC CALCULATION
 =====================

 Running VMC equilibration (5000 moves).
 Performing time-step optimization.
 Optimized step size: 0.27760
 DTVMC: 0.02569

 Starting VMC.

 =========================================================================
 In block : 1
  Number of VMC steps           = 100000

  Block average energies (au)

  Total energy                       (au) =         -15.831228227112
  Standard error                        +/-           0.001744374594

  Constant energy contributions      (au) =           0.000000000000

  Variance of local energy           (au) =           0.222710100882
  Standard error                        +/-           0.000000000000

 Time taken in block    : : :       20.3341

 =========================================================================
 FINAL RESULT:

  VMC energy (au)    Standard error      Correction for serial correlation

 -15.831228227112 +/- 0.001744374594      On-the-fly reblocking method

 Sample variance of E_L (au^2/sim.cell) : 0.222710100882


 ==========================================
 PERFORMING OPTIMIZATION CALCULATION No. 4.
 ==========================================


 Optimization start
 ==================
Stabilization: 1.0 SEM
E_0 -15.82677378 E_lin -15.82698558 dE -0.00021179
eigvector[0] 0.99777191
delta p / p
[ 1.08331857e-02  4.66590956e-02 -4.96640173e-03  7.63747454e-03
  1.01518813e-02 -3.48449959e-03 -1.15121461e-03  3.72131831e-03
  1.09431134e-02 -2.88559746e-02 -8.91908663e-02 -6.38399125e-02
 -1.53716079e-02  6.96317416e-04  2.89546566e-03 -1.11390531e-03
 -6.44366233e-03  7.55928097e-03 -7.82776429e-03 -6.21945198e-02
  5.23235972e-03  1.32122365e-02  9.18308313e-04 -2.32962160e-03
 -6.57848890e-04 -2.21028708e-03  1.10586093e-03 -1.85269040e-02
 -1.25681439e-02  1.56227532e-02  4.72100247e-02  1.36980955e-02
  8.31693548e-02 -2.53080651e-02 -1.24531819e-01 -1.59245188e-02
 -3.91519805e-02 -2.11458921e-03 -1.39214959e-02  2.42093416e-02
  1.76099613e-02  1.69847153e-02  1.02710173e-02 -4.36182254e-02
 -5.08638187e-02 -4.51380795e-04 -1.92657209e-01  7.34999021e-03
 -4.69533956e-03  7.52946148e-02 -3.93861507e-04  4.40672861e-02
 -5.88237228e-02  2.29832776e-02 -5.35383659e-02 -2.51504362e-02
  6.06635425e-02 -1.62093995e-01  2.90687355e-02  9.39837652e-04
  5.85630474e-01  1.92544199e-02  5.00542518e-02  9.73211664e-02
 -1.59152230e-03 -3.06187691e-03 -2.88471614e-03  7.92503605e-03
 -9.62541135e-03 -6.15822495e-02 -2.20157387e-03 -7.33754523e-03
 -1.48288704e-03 -6.14671666e-04 -1.21954744e-02 -8.03079681e-03
  4.83345494e-03  4.93938407e-03 -2.07955232e-02]

 BEGIN VMC CALCULATION
 =====================

 Running VMC equilibration (5000 moves).
 Performing time-step optimization.
 Optimized step size: 0.27570
 DTVMC: 0.02534

 Starting VMC.

 =========================================================================
 In block : 1
  Number of VMC steps           = 100000

  Block average energies (au)

  Total energy                       (au) =         -15.826925671505
  Standard error                        +/-           0.001696626519

  Constant energy contributions      (au) =           0.000000000000

  Variance of local energy           (au) =           0.221436002564
  Standard error                        +/-           0.000000000000

 Time taken in block    : : :       20.2520

 =========================================================================
 FINAL RESULT:

  VMC energy (au)    Standard error      Correction for serial correlation

 -15.826925671505 +/- 0.001696626519      On-the-fly reblocking method

 Sample variance of E_L (au^2/sim.cell) : 0.221436002564


 =========================================================================

 Total PyCasino real time : : :    565.5172
