
 ------------------------------------------------------------------------------
 ########::'##:::'##::'######:::::'###:::::'######::'####:'##::: ##::'#######::
 ##.... ##:. ##:'##::'##... ##:::'## ##:::'##... ##:. ##:: ###:: ##:'##.... ##:
 ##:::: ##::. ####::: ##:::..:::'##:. ##:: ##:::..::: ##:: ####: ##: ##:::: ##:
 ########::::. ##:::: ##:::::::'##:::. ##:. ######::: ##:: ## ## ##: ##:::: ##:
 ##.....:::::: ##:::: ##::::::: #########::..... ##:: ##:: ##. ####: ##:::: ##:
 ##::::::::::: ##:::: ##::: ##: ##.... ##:'##::: ##:: ##:: ##:. ###: ##:::: ##:
 ##::::::::::: ##::::. ######:: ##:::: ##:. ######::'####: ##::. ##:. #######::
 .::::::::::::..::::::......:::..:::::..:::......:::....::..::::..:::.......:::

                     Python Quantum Monte Carlo Package
                        v 0.2.0 [Vladimir Konkov]

    Main Author : Vladimir Konkov
 ------------------------------------------------------------------------------
 Started 2024/08/21 12:34:07

 Python 3.10.12 (main, Jul 29 2024, 16:56:48) [GCC 11.4.0]
 Numba 0.59.0
 Numpy 1.26.4
 Scipy 1.11.3

 Running in parallel using 4 MPI processes.

 General input parameters
 ========================
 NEU (num up spin electrons)              :  8
 NED (num down spin electrons)            :  8
 RUNTYPE (type of run)                    :  vmc_opt
 PSI_S  (form for [anti]symmetrizing wfn) :  slater
 ATOM_BASIS_TYPE (atom-centred orb basis) :  gaussian
 INTERACTION (interaction type)           :  coulomb
 TESTRUN (read input data,print and stop) :  F
 PERIODIC                                 :  F
 COMPLEX_WF (complex Slater wave fn.)     :  F
 NEIGHPRINT (neighbour analysis)          :  0
 USE_JASTROW (use Jastrow factor)         :  T
 BACKFLOW (use backflow corrections)      :  F
 USE_ORBMODS (use orbitals modifications) :  F
 E_OFFSET (energy offset)                 :  0.0000
 CHECKPOINT (checkpointing level)         :  1
 CON_LOC (Dir to read/write config.*)     :  ./
 RELATIVISTIC                             :  F

 VMC/optimization input parameters
 ====================
 NEWRUN (start new run)                   :  T
 VMC_METHOD (choice of VMC algorithm)     :  3
 DTVMC (VMC time step)                    :  1.0000E-02
 OPT_DTVMC (VMC time-step optimization)   :  1
 VMC_NSTEP (num VMC steps)                :  100000
 VMC_NCONFIG_WRITE (num configs to write) :  100000
 VMC_NBLOCK (num VMC blocks)              :  1
 VMC_EQUIL_NSTEP (num equil steps)        :  5000
 VMC_DECORR_PERIOD (length of inner loop) :  10
 VMC_AVE_PERIOD (hist reduction factor)   :  1
 VMC_SAMPLING                             :  standard
 MAKEMOVIE                                :  F
 FORCES                                   :  F

 Gaussian cusp correction
 ========================
 Activated.

 Non-local integration grids
 ===========================
 Ion type            :  3
 Non-local grid no.  :  4
 Lexact              :  5
 Number of points    :  12

 Non-local integration grids
 ===========================
 Ion type            :  4
 Non-local grid no.  :  4
 Lexact              :  5
 Number of points    :  12

 Non-local integration grids
 ===========================
 Ion type            :  5
 Non-local grid no.  :  4
 Lexact              :  5
 Number of points    :  12

 Non-local integration grids
 ===========================
 Ion type            :  6
 Non-local grid no.  :  4
 Lexact              :  5
 Number of points    :  12

 Non-local integration grids
 ===========================
 Ion type            :  7
 Non-local grid no.  :  4
 Lexact              :  5
 Number of points    :  12

 Non-local integration grids
 ===========================
 Ion type            :  8
 Non-local grid no.  :  4
 Lexact              :  5
 Number of points    :  12

 BEGIN VMC CALCULATION
 =====================

 Running VMC equilibration (5000 moves).
 Performing time-step optimization.
 Optimized step size: 0.11618
 DTVMC: 0.00450

 Starting VMC.

 =========================================================================
 In block : 1
  Number of VMC steps           = 100000

  Block average energies (au)

  Total energy                       (au) =         -52.869877183453
  Standard error                        +/-           0.022069811506

  Constant energy contributions      (au) =          32.169090804218

  Variance of local energy           (au) =          10.529281711522
  Standard error                        +/-           0.000000000000

 Time taken in block    : : :       149.8864

 =========================================================================
 FINAL RESULT:

  VMC energy (au)    Standard error      Correction for serial correlation

 -52.869877183453 +/- 0.022069811506      On-the-fly reblocking method

 Sample variance of E_L (au^2/sim.cell) : 10.529281711522


 ==========================================
 PERFORMING OPTIMIZATION CALCULATION No. 1.
 ==========================================


 Optimization start
 ==================
   Iteration     Total nfev        Cost      Cost reduction    Step norm     Optimality
       0              1         9.9078e+00                                    2.14e+08
       1              2         2.0224e+00      7.89e+00       7.25e-04       1.11e+07
       2              3         1.1240e+00      8.98e-01       1.45e-03       7.33e+05
       3              4         6.9867e-01      4.25e-01       4.14e-03       1.10e+06
       4              5         5.4785e-01      1.51e-01       2.22e-03       4.35e+05
       5              6         4.6672e-01      8.11e-02       1.60e-03       7.34e+04
       6              7         4.1661e-01      5.01e-02       1.37e-03       2.52e+05
       7              8         3.8505e-01      3.16e-02       6.68e-04       3.76e+05
       8              9         3.7326e-01      1.18e-02       2.32e-03       2.78e+05
       9             10         3.7216e-01      1.10e-03       3.99e-04       2.30e+05
`ftol` termination condition is satisfied.
Function evaluations 10, initial cost 9.9078e+00, final cost 3.7216e-01, first-order optimality 2.30e+05.
Norm of Jacobian at the solution: 5.56296e-10

 BEGIN VMC CALCULATION
 =====================

 Running VMC equilibration (5000 moves).
 Performing time-step optimization.
 Optimized step size: 0.11430
 DTVMC: 0.00435

 Starting VMC.

 =========================================================================
 In block : 1
  Number of VMC steps           = 100000

  Block average energies (au)

  Total energy                       (au) =         -53.211715974175
  Standard error                        +/-           0.006691662023

  Constant energy contributions      (au) =          32.169090804218

  Variance of local energy           (au) =           0.322647087861
  Standard error                        +/-           0.000000000000

 Time taken in block    : : :       157.0486

 =========================================================================
 FINAL RESULT:

  VMC energy (au)    Standard error      Correction for serial correlation

 -53.211715974175 +/- 0.006691662023      On-the-fly reblocking method

 Sample variance of E_L (au^2/sim.cell) : 0.322647087861


 ==========================================
 PERFORMING OPTIMIZATION CALCULATION No. 2.
 ==========================================


 Optimization start
 ==================
Stabilization: 1.0 SEM
E_0 -53.21505869 E_lin -53.22643764 dE -0.01137896
eigvector[0] 0.88307865
delta p / p
[ 1.20912847e-02  1.27877742e-01  2.49570546e-01 -2.58656852e-02
 -3.56898743e-03  4.40825086e-03 -1.10072005e-03 -2.36698082e-03
 -1.14654498e-02  7.26378865e-02  5.57786389e-02 -8.55618645e-03
 -3.07235277e-03  7.42877261e-04  1.29323364e-03 -1.96694745e-03
 -1.20584663e-02  1.92686859e-02  7.22542572e-02  8.92476987e-03
 -1.73135311e-02  7.51155540e-03 -5.16779463e-03  3.93580185e-03
 -3.65013152e-03  1.50496196e-03  3.67029912e-09  1.05607329e-02
 -1.02147523e-01  1.25494960e-02 -3.36552890e-03  1.16141158e-03
 -6.38113410e-04  1.25142874e-03 -1.35279814e-02  6.55502358e-04
  1.17432022e-01 -2.16842286e-02 -2.06259319e-03  3.45766421e-03
  1.17637851e-01 -1.89439840e-02 -9.29165743e-04 -5.48636042e-04
 -1.25201634e-03  1.18350819e-03  5.94841243e-03 -6.98536602e-04
 -4.19753539e-03 -5.21916010e-04 -5.40602582e-05 -1.05987678e-02
 -2.38432953e-02  1.07713233e-04 -2.56142865e-03  9.00327425e-02
 -8.99707628e-04  8.41674248e-04 -5.60372459e-01  4.94590828e-04
  7.46550426e-03  5.24278026e-02  1.67140770e-04 -5.69134580e-03
 -3.30623655e-04  7.39857109e-04  3.43374390e-03 -5.33623839e-04
  1.09394520e-05  4.15195805e-04 -9.41337256e-05  1.22422427e-02
  2.01403389e-03  5.26794148e-04 -2.77393200e-02 -5.84500937e-04
  8.18791435e-05  5.26250499e-03  3.26357123e-03  1.98952235e-05
  4.41103179e-04 -1.63761382e-02 -1.94150271e-04 -9.24141908e-04
 -8.75805751e-02 -1.82640264e-04 -1.27967836e-03 -7.68061626e-03
  2.90609580e-11  1.15535983e-01  1.37011000e-01 -5.42505531e-04
 -5.57999032e-01  1.59270136e-03  2.40146420e-03 -9.67550787e-03
 -1.27852419e-02 -1.39083015e-01 -4.76728577e-02  1.08605234e-03
  2.93065180e-04  3.75270353e-04  2.54527640e-04 -7.39158213e-04
  8.00450906e-04 -4.39859013e-04  7.98559198e-03 -3.40611684e-06
 -4.02527363e-02 -4.14722133e-03  2.41388505e-03 -6.59824957e-03
  2.64077447e-03  2.34208887e-03 -2.89567598e-02  7.38441709e-02
 -3.84652387e-03  1.32005937e-02  2.60220929e-03 -2.24213269e-03
  5.04261806e-03  6.23111889e-03  4.72703430e-03 -1.33682870e-01
  6.62893989e-02  6.25993694e-03 -1.26699591e-02  1.25645621e-02
  7.13692723e-04 -7.56331686e-02 -2.43646536e-03 -1.86311896e-03
 -2.78849499e-02 -1.13494502e-02  9.25604209e-02 -1.81690741e-02
  8.39263178e-03 -5.95676117e-03 -8.74798991e-03 -8.49544844e-04
  1.47976754e-02]

 BEGIN VMC CALCULATION
 =====================

 Running VMC equilibration (5000 moves).
 Performing time-step optimization.
 Optimized step size: 0.11369
 DTVMC: 0.00431

 Starting VMC.

 =========================================================================
 In block : 1
  Number of VMC steps           = 100000

  Block average energies (au)

  Total energy                       (au) =         -53.222950306822
  Standard error                        +/-           0.006071099289

  Constant energy contributions      (au) =          32.169090804218

  Variance of local energy           (au) =           0.394702371952
  Standard error                        +/-           0.000000000000

 Time taken in block    : : :       156.5697

 =========================================================================
 FINAL RESULT:

  VMC energy (au)    Standard error      Correction for serial correlation

 -53.222950306822 +/- 0.006071099289      On-the-fly reblocking method

 Sample variance of E_L (au^2/sim.cell) : 0.394702371952


 ==========================================
 PERFORMING OPTIMIZATION CALCULATION No. 3.
 ==========================================


 Optimization start
 ==================
Stabilization: 1.0 SEM
E_0 -53.22452672 E_lin -53.23336837 dE -0.00884165
eigvector[0] 0.89712961
delta p / p
[ 6.97318687e-03  8.35167542e-02  8.62543375e-02 -6.44957139e-03
 -6.05504936e-04  8.72749140e-04 -1.25815964e-03  2.22210271e-03
  6.99280845e-04  4.77420503e-02  3.19557815e-02 -1.01045798e-02
 -1.23995747e-03  5.03285997e-04  3.06126330e-04 -5.79680613e-04
  3.61811436e-04  1.43423684e-02  3.55697635e-02  9.49851153e-03
 -1.33010386e-02  4.75628823e-05 -1.32004456e-02  6.93784458e-03
 -6.08930976e-03 -1.06264379e-02  6.76801214e-09  1.79375435e-02
 -7.20109439e-02  7.52854144e-03 -2.11807858e-03  7.09577354e-04
 -3.19350567e-04  7.20600637e-04 -1.17757246e-02  5.66625316e-04
  1.04679899e-01 -3.28196375e-03  3.69968526e-04  1.03862219e-03
  1.80982965e-01 -1.14057606e-02 -1.03895513e-03 -8.91517112e-05
 -2.55326022e-03  3.46386251e-02  1.70094631e-03 -1.75128595e-03
 -1.76729154e-03  3.01189510e-03 -4.29720526e-04 -1.27499798e-02
  5.99625655e-04  2.41014152e-04 -1.45966140e-02  4.55108994e-02
 -2.06907172e-03  2.05951397e-03 -8.06257195e-01  1.36497409e-03
  2.95676965e-03  6.84737050e-02  1.54725609e-04 -2.90254736e-03
 -6.73749920e-04 -1.05062426e-03 -3.36090157e-03 -7.73539457e-04
 -1.59322539e-04  2.23070920e-05 -3.16176180e-04  1.59337877e-02
 -4.94261967e-04  8.04901221e-04 -1.21446824e-03 -1.04966930e-03
  2.20004229e-04  6.62732386e-03  1.48261554e-03  5.31746069e-05
 -1.42113783e-03 -1.90814458e-03 -3.40543695e-04 -7.55402358e-04
 -1.34826080e-01 -6.15434948e-04 -1.28974207e-03 -1.24420880e-02
 -7.44530713e-11  7.45744433e-02  1.74175338e-01 -1.05279148e-03
 -2.28409207e+00  3.86409307e-03  1.51043794e-03 -8.84109639e-03
  3.10678050e-03 -5.59789463e-02 -8.05624757e-02  3.48872513e-03
  8.69758270e-04 -1.84243710e-03  3.95759231e-03  6.27559999e-04
 -7.54233281e-04  1.80828156e-03 -1.40463734e-02 -1.93192706e-04
 -6.54297009e-02 -1.39822690e-03 -9.17784643e-03 -1.90467008e-02
  2.28738931e-03  2.69420970e-03 -2.70747521e-02 -4.93689974e-02
 -3.88798139e-03  7.75914231e-03  2.78879794e-04  1.21144074e-03
 -9.09587280e-03  5.85718748e-03 -1.14930240e-02 -6.07610770e-02
  1.05669194e-01  5.95624972e-03 -1.00225849e-02  1.12923111e-02
  8.60859918e-04 -9.60817566e-02 -4.06538448e-03  5.73243067e-03
  4.89614913e-03 -8.52076232e-03  5.28579772e-02 -2.43344511e-02
  8.01937758e-03  1.62430947e-03 -7.89442040e-03 -1.81724898e-03
  1.32406277e-02]

 BEGIN VMC CALCULATION
 =====================

 Running VMC equilibration (5000 moves).
 Performing time-step optimization.
 Optimized step size: 0.11556
 DTVMC: 0.00445

 Starting VMC.

 =========================================================================
 In block : 1
  Number of VMC steps           = 100000

  Block average energies (au)

  Total energy                       (au) =         -53.228531479303
  Standard error                        +/-           0.006048410624

  Constant energy contributions      (au) =          32.169090804218

  Variance of local energy           (au) =           0.398460358758
  Standard error                        +/-           0.000000000000

 Time taken in block    : : :       154.3985

 =========================================================================
 FINAL RESULT:

  VMC energy (au)    Standard error      Correction for serial correlation

 -53.228531479303 +/- 0.006048410624      On-the-fly reblocking method

 Sample variance of E_L (au^2/sim.cell) : 0.398460358758


 ==========================================
 PERFORMING OPTIMIZATION CALCULATION No. 4.
 ==========================================


 Optimization start
 ==================
Stabilization: 1.0 SEM
E_0 -53.23424486 E_lin -53.25861505 dE -0.02437019
eigvector[0] 0.73636992
delta p / p
[-3.11095292e-03  9.63592675e-03 -2.44147769e-02  9.70500545e-03
 -1.29653662e-03 -2.50990872e-03  4.40033768e-03 -3.55514032e-03
 -5.31234658e-02 -4.27884128e-03 -2.16069582e-02  1.83746603e-03
 -2.32992413e-03  1.34150268e-05  1.20123551e-03 -1.19700157e-03
 -1.15447664e-02  8.79871329e-03 -6.49609252e-02  6.23535642e-02
 -2.00255723e-02 -2.38077271e-03 -1.63427828e-02  5.59197725e-03
 -4.84436305e-04 -2.59193436e-02  4.77475538e-08  6.86283189e-02
 -1.32333528e-01  7.26990877e-03 -1.35826432e-03  1.81971477e-04
  2.44427510e-04 -5.88516973e-04 -2.21344923e-03  1.23222883e-03
 -4.00871058e-02 -1.45408249e-02 -2.46079864e-03 -1.61615640e-03
  1.71704427e-02 -1.48326475e-01 -1.55771130e-03  1.20806281e-03
  7.96087482e-03  8.49532252e-03  5.49387110e-03  9.45544696e-04
 -1.48873458e-04 -4.43709042e-03  1.29418619e-04 -7.06067179e-03
 -3.39591014e-02 -8.27049284e-04  1.28805609e-02 -6.03915716e-02
  2.32292070e-03 -7.18334023e-03 -2.28519748e+00 -2.12908217e-03
 -1.43919933e-02  4.40436866e-03  1.34569760e-03 -3.65713501e-03
  1.42829198e-03  1.75220720e-03  1.51669513e-03  2.19829289e-03
  5.27667643e-04  8.43446134e-04  5.45114825e-04 -1.80749084e-02
  3.69742368e-03 -6.84413492e-04  5.84426758e-03  9.25751180e-04
 -6.46770240e-04 -4.72887327e-04  5.74429886e-04 -7.39428977e-05
  2.28338408e-03  2.38969721e-03  3.40599905e-04  7.56956398e-04
  6.11066634e-02  1.49821425e-03  3.52870395e-03  5.58082203e-03
  2.57408571e-10 -1.37682108e-01 -1.86831170e-01  1.67771172e-03
 -1.26129560e+00  2.25276585e-03 -2.19383703e-02  1.71770904e-02
  1.44116461e-03 -5.86025489e-03  4.42416794e-02 -2.02230989e-03
 -4.42426477e-04  2.17880979e-04 -3.26581908e-03  3.29016436e-04
 -5.26113368e-04  5.90145925e-03 -1.29041227e-02  3.12426523e-04
  2.35331638e-02  4.24668145e-03  1.02710885e-02  3.52785474e-02
 -3.90561534e-04 -5.95432238e-03  2.84756068e-02  1.79206410e-01
  6.24403159e-03 -5.34636692e-03 -6.10776298e-03  5.10237212e-04
  1.20315049e-02 -5.49974176e-03 -1.98324102e-03 -4.78670794e-02
 -9.33788903e-02 -5.13597228e-03  4.61026701e-03  4.60684106e-03
  1.12295559e-02  1.25256526e-02  6.38255711e-04 -5.31020101e-03
 -4.88134838e-02  4.04777655e-03 -1.33102310e-01  1.77673608e-02
  3.32426934e-02 -3.67026243e-02  3.91238203e-03  2.77655589e-03
 -7.73266939e-03]

 BEGIN VMC CALCULATION
 =====================

 Running VMC equilibration (5000 moves).
 Performing time-step optimization.
 Optimized step size: 0.11495
 DTVMC: 0.00440

 Starting VMC.

 =========================================================================
 In block : 1
  Number of VMC steps           = 100000

  Block average energies (au)

  Total energy                       (au) =         -53.220078880678
  Standard error                        +/-           0.005980305270

  Constant energy contributions      (au) =          32.169090804218

  Variance of local energy           (au) =           0.369668020171
  Standard error                        +/-           0.000000000000

 Time taken in block    : : :       155.5257

 =========================================================================
 FINAL RESULT:

  VMC energy (au)    Standard error      Correction for serial correlation

 -53.220078880678 +/- 0.005980305270      On-the-fly reblocking method

 Sample variance of E_L (au^2/sim.cell) : 0.369668020171


 =========================================================================

 Total PyCasino real time : : :    5235.5435
