
 ------------------------------------------------------------------------------
 ########::'##:::'##::'######:::::'###:::::'######::'####:'##::: ##::'#######::
 ##.... ##:. ##:'##::'##... ##:::'## ##:::'##... ##:. ##:: ###:: ##:'##.... ##:
 ##:::: ##::. ####::: ##:::..:::'##:. ##:: ##:::..::: ##:: ####: ##: ##:::: ##:
 ########::::. ##:::: ##:::::::'##:::. ##:. ######::: ##:: ## ## ##: ##:::: ##:
 ##.....:::::: ##:::: ##::::::: #########::..... ##:: ##:: ##. ####: ##:::: ##:
 ##::::::::::: ##:::: ##::: ##: ##.... ##:'##::: ##:: ##:: ##:. ###: ##:::: ##:
 ##::::::::::: ##::::. ######:: ##:::: ##:. ######::'####: ##::. ##:. #######::
 .::::::::::::..::::::......:::..:::::..:::......:::....::..::::..:::.......:::

                     Python Quantum Monte Carlo Package
                        v 0.2.0 [Vladimir Konkov]

    Main Author : Vladimir Konkov
 ------------------------------------------------------------------------------
 Started 2024/08/14 21:41:22

 Python 3.10.12 (main, Jul 29 2024, 16:56:48) [GCC 11.4.0]
 Numba 0.59.0
 Numpy 1.26.4
 Scipy 1.11.3

 Running in parallel using 4 MPI processes.

 General input parameters
 ========================
 NEU (num up spin electrons)              :  12
 NED (num down spin electrons)            :  12
 RUNTYPE (type of run)                    :  vmc_opt
 PSI_S  (form for [anti]symmetrizing wfn) :  slater
 ATOM_BASIS_TYPE (atom-centred orb basis) :  gaussian
 INTERACTION (interaction type)           :  coulomb
 TESTRUN (read input data,print and stop) :  F
 PERIODIC                                 :  F
 COMPLEX_WF (complex Slater wave fn.)     :  F
 NEIGHPRINT (neighbour analysis)          :  0
 USE_JASTROW (use Jastrow factor)         :  T
 BACKFLOW (use backflow corrections)      :  F
 USE_ORBMODS (use orbitals modifications) :  F
 E_OFFSET (energy offset)                 :  0.0000
 CHECKPOINT (checkpointing level)         :  1
 CON_LOC (Dir to read/write config.*)     :  ./
 RELATIVISTIC                             :  F

 VMC/optimization input parameters
 ====================
 NEWRUN (start new run)                   :  T
 VMC_METHOD (choice of VMC algorithm)     :  3
 DTVMC (VMC time step)                    :  1.0000E-02
 OPT_DTVMC (VMC time-step optimization)   :  1
 VMC_NSTEP (num VMC steps)                :  100000
 VMC_NCONFIG_WRITE (num configs to write) :  100000
 VMC_NBLOCK (num VMC blocks)              :  1
 VMC_EQUIL_NSTEP (num equil steps)        :  5000
 VMC_DECORR_PERIOD (length of inner loop) :  10
 VMC_AVE_PERIOD (hist reduction factor)   :  1
 VMC_SAMPLING                             :  standard
 MAKEMOVIE                                :  F
 FORCES                                   :  F

 Gaussian cusp correction
 ========================
 Activated.

 BEGIN VMC CALCULATION
 =====================

 Running VMC equilibration (5000 moves).
 Performing time-step optimization.
 Optimized step size: 0.05550
 DTVMC: 0.00103

 Starting VMC.

 =========================================================================
 In block : 1
  Number of VMC steps           = 100000

  Block average energies (au)

  Total energy                       (au) =        -224.414903213710
  Standard error                        +/-           0.060903523986

  Constant energy contributions      (au) =          69.026999696574

  Variance of local energy           (au) =          52.936202145070
  Standard error                        +/-           0.000000000000

 Time taken in block    : : :       89.6236

 =========================================================================
 FINAL RESULT:

  VMC energy (au)    Standard error      Correction for serial correlation

 -224.414903213710 +/- 0.060903523986      On-the-fly reblocking method

 Sample variance of E_L (au^2/sim.cell) : 52.936202145070


 ==========================================
 PERFORMING OPTIMIZATION CALCULATION No. 1.
 ==========================================


 Optimization start
 ==================
   Iteration     Total nfev        Cost      Cost reduction    Step norm     Optimality
       0              1         9.9337e+01                                    3.98e+07
       1              2         4.7123e+01      5.22e+01       6.55e-04       2.08e+07
       2              3         1.6134e+01      3.10e+01       1.30e-03       2.53e+06
       3              4         9.7734e+00      6.36e+00       1.49e-03       1.77e+05
       4              5         6.4757e+00      3.30e+00       5.31e-03       5.68e+04
       5              6         5.0293e+00      1.45e+00       1.48e-02       8.71e+04
       6              7         4.4935e+00      5.36e-01       7.59e-03       5.16e+04
       7              8         4.2052e+00      2.88e-01       6.85e-03       4.54e+04
       8              9         3.9829e+00      2.22e-01       8.60e-03       2.34e+04
       9             10         3.8389e+00      1.44e-01       1.15e-02       1.73e+04
      10             11         3.8017e+00      3.72e-02       1.09e-02       2.27e+04
      11             12         3.8012e+00      4.49e-04       4.55e-04       2.01e+04
`ftol` termination condition is satisfied.
Function evaluations 12, initial cost 9.9337e+01, final cost 3.8012e+00, first-order optimality 2.01e+04.
Norm of Jacobian at the solution: 2.55241e-11

 BEGIN VMC CALCULATION
 =====================

 Running VMC equilibration (5000 moves).
 Performing time-step optimization.
 Optimized step size: 0.05643
 DTVMC: 0.00106

 Starting VMC.

 =========================================================================
 In block : 1
  Number of VMC steps           = 100000

  Block average energies (au)

  Total energy                       (au) =        -225.177026106972
  Standard error                        +/-           0.020176996369

  Constant energy contributions      (au) =          69.026999696574

  Variance of local energy           (au) =           3.656431580412
  Standard error                        +/-           0.000000000000

 Time taken in block    : : :       96.8325

 =========================================================================
 FINAL RESULT:

  VMC energy (au)    Standard error      Correction for serial correlation

 -225.177026106972 +/- 0.020176996369      On-the-fly reblocking method

 Sample variance of E_L (au^2/sim.cell) : 3.656431580412


 ==========================================
 PERFORMING OPTIMIZATION CALCULATION No. 2.
 ==========================================


 Optimization start
 ==================
   Iteration     Total nfev        Cost      Cost reduction    Step norm     Optimality
       0              1         3.4145e+00                                    1.72e+05
       1              3         3.3632e+00      5.14e-02       7.52e-02       3.51e+05
       2              4         3.3545e+00      8.65e-03       1.01e-01       1.30e+05
`ftol` termination condition is satisfied.
Function evaluations 4, initial cost 3.4145e+00, final cost 3.3545e+00, first-order optimality 1.30e+05.
Norm of Jacobian at the solution: 3.13890e-11

 BEGIN VMC CALCULATION
 =====================

 Running VMC equilibration (5000 moves).
 Performing time-step optimization.
 Optimized step size: 0.05569
 DTVMC: 0.00103

 Starting VMC.

 =========================================================================
 In block : 1
  Number of VMC steps           = 100000

  Block average energies (au)

  Total energy                       (au) =        -225.155304883769
  Standard error                        +/-           0.021156579106

  Constant energy contributions      (au) =          69.026999696574

  Variance of local energy           (au) =           4.011500642658
  Standard error                        +/-           0.000000000000

 Time taken in block    : : :       98.3297

 =========================================================================
 FINAL RESULT:

  VMC energy (au)    Standard error      Correction for serial correlation

 -225.155304883769 +/- 0.021156579106      On-the-fly reblocking method

 Sample variance of E_L (au^2/sim.cell) : 4.011500642658


 =========================================================================

 Total PyCasino real time : : :    1964.1669
