1
 ------------------------------------------------------------------------------
 ########::'##:::'##::'######:::::'###:::::'######::'####:'##::: ##::'#######::
 ##.... ##:. ##:'##::'##... ##:::'## ##:::'##... ##:. ##:: ###:: ##:'##.... ##:
 ##:::: ##::. ####::: ##:::..:::'##:. ##:: ##:::..::: ##:: ####: ##: ##:::: ##:
 ########::::. ##:::: ##:::::::'##:::. ##:. ######::: ##:: ## ## ##: ##:::: ##:
 ##.....:::::: ##:::: ##::::::: #########::..... ##:: ##:: ##. ####: ##:::: ##:
 ##::::::::::: ##:::: ##::: ##: ##.... ##:'##::: ##:: ##:: ##:. ###: ##:::: ##:
 ##::::::::::: ##::::. ######:: ##:::: ##:. ######::'####: ##::. ##:. #######::
 .::::::::::::..::::::......:::..:::::..:::......:::....::..::::..:::.......:::

                     Python Quantum Monte Carlo Package
                        v 0.2.0 [Vladimir Konkov]

    Main Author : Vladimir Konkov
 ------------------------------------------------------------------------------

 Python 3.10.12 (main, Nov 20 2023, 15:14:05) [GCC 11.4.0]
 Numba 0.59.0
 Numpy 1.26.4
 Scipy 1.11.3

 Running in parallel using 4 MPI processes.

 General input parameters
 ========================
 NEU (num up spin electrons)              :  18
 NED (num down spin electrons)            :  18
 RUNTYPE (type of run)                    :  vmc_opt
 PSI_S  (form for [anti]symmetrizing wfn) :  slater
 ATOM_BASIS_TYPE (atom-centred orb basis) :  gaussian
 INTERACTION (interaction type)           :  coulomb
 TESTRUN (read input data,print and stop) :  F
 PERIODIC                                 :  F
 COMPLEX_WF (complex Slater wave fn.)     :  F
 NEIGHPRINT (neighbour analysis)          :  0
 USE_JASTROW (use Jastrow factor)         :  T
 BACKFLOW (use backflow corrections)      :  T
 USE_ORBMODS (use orbitals modifications) :  F
 E_OFFSET (energy offset)                 :  0.0000
 CHECKPOINT (checkpointing level)         :  1
 CON_LOC (Dir to read/write config.*)     :  ./
 RELATIVISTIC                             :  F

 Gaussian cusp correction
 ========================
 Activated.

 BEGIN VMC CALCULATION
 =====================

Running VMC equilibration (5000 moves).
Performing time-step optimization.
Optimized step size: 0.01649
DTVMC: 0.00009

Starting VMC.

 =========================================================================
 In block : 1
  Number of VMC steps           = 10000

  Block average energies (au)

  Total energy                       (au) =       -2751.534932221857
  Standard error                        +/-           0.820691001940

  Constant energy contributions      (au) =           0.000000000000

  Variance of local energy           (au) =        1030.060761411652
  Standard error                        +/-           0.000000000000

 Time taken in block    : : :       185.2469

 =========================================================================
 FINAL RESULT:

  VMC energy (au)    Standard error      Correction for serial correlation

 -2751.534932221857 +/- 0.820691001940      On-the-fly reblocking method

 Sample variance of E_L (au^2/sim.cell) : 1030.060761411652


 ==========================================
 PERFORMING OPTIMIZATION CALCULATION No. 1.
 ==========================================


 Optimization start
 ==================
   Iteration     Total nfev        Cost      Cost reduction    Step norm     Optimality
       0              1         5.2595e+03                                    8.55e+06
       1              2         4.7600e+03      5.00e+02       2.76e-03       7.96e+06
       2              3         3.8699e+03      8.90e+02       5.99e-03       6.74e+06
       3              4         2.6342e+03      1.24e+03       1.44e-02       4.42e+06
       4              5         1.4859e+03      1.15e+03       3.39e-02       1.93e+06
       5              6         8.0339e+02      6.82e+02       6.43e-02       1.01e+06
       6              7         5.0498e+02      2.98e+02       4.21e-02       3.71e+05
       7              8         3.0187e+02      2.03e+02       9.97e-02       4.51e+05
       8              9         2.0543e+02      9.64e+01       3.00e-01       5.90e+05
       9             10         1.5799e+02      4.74e+01       7.51e-01       5.54e+05
      10             11         1.2891e+02      2.91e+01       8.86e-01       4.12e+05
      11             12         1.1250e+02      1.64e+01       1.64e+00       4.53e+05
      12             13         1.0458e+02      7.92e+00       1.62e+00       3.98e+05
      13             14         9.9165e+01      5.41e+00       1.48e+00       3.33e+05
      14             15         9.5400e+01      3.77e+00       1.51e+00       2.77e+05
      15             16         9.3503e+01      1.90e+00       1.70e+00       2.49e+05
`ftol` termination condition is satisfied.
Function evaluations 16, initial cost 5.2595e+03, final cost 9.3503e+01, first-order optimality 2.49e+05.
Norm of Jacobian at the solution: 2.95043e-11

 BEGIN VMC CALCULATION
 =====================

Running VMC equilibration (5000 moves).
Performing time-step optimization.
Optimized step size: 0.01669
DTVMC: 0.00009

Starting VMC.

 =========================================================================
 In block : 1
  Number of VMC steps           = 10000

  Block average energies (au)

  Total energy                       (au) =       -2750.684114220172
  Standard error                        +/-           0.345140774792

  Constant energy contributions      (au) =           0.000000000000

  Variance of local energy           (au) =         135.867102834675
  Standard error                        +/-           0.000000000000

 Time taken in block    : : :       37.2210

 =========================================================================
 FINAL RESULT:

  VMC energy (au)    Standard error      Correction for serial correlation

 -2750.684114220172 +/- 0.345140774792      On-the-fly reblocking method

 Sample variance of E_L (au^2/sim.cell) : 135.867102834675


 ==========================================
 PERFORMING OPTIMIZATION CALCULATION No. 2.
 ==========================================


 Optimization start
 ==================
Stabilization: 1.0 SEM
E_0 -2748.35048904 E_lin -2760.48692796 dE -12.13643891
eigvector[0] 0.93643500
delta p / p
[ 5.19857634e-03  6.94185881e-03 -2.94482071e-03  3.72966155e-04
 -2.02378710e-06 -5.77530104e-05  2.81696664e-05  7.92388088e-04
 -8.41303602e-03 -2.91339895e-02 -1.01211552e-03  2.76018350e-04
 -1.45571970e-04  1.67235320e-04 -3.66236202e-04  1.85122517e-03
 -1.79732760e-03  3.36031669e-04 -5.22979459e-03  2.55328357e-03
 -3.37959097e-04 -5.30789563e-04  1.46083413e-03 -6.74247823e-03
  1.04110278e-02  9.67016298e-05 -4.49501758e-03 -3.95414754e-03
  3.75493531e-03 -1.57296958e-02  1.28795116e-04  1.92681663e-02
 -5.05493458e-02  2.68113756e-03  1.24235906e-02 -4.55276864e-02
 -3.03817151e-02  7.95821334e-03 -5.85611508e-03 -4.64863464e-03
  1.16416661e-02  9.30226938e-03  3.20538990e-03  6.98225615e-03
 -3.92973908e-02 -3.06755221e-03 -1.20476160e-02  9.74486850e-04
  8.62827874e-04  2.49811835e-02  3.34482639e-03 -2.35830930e-03
 -2.76524633e-04  6.58436896e-03 -3.09782190e-03  9.53786328e-02
 -1.78922908e-02  4.38732233e-04 -1.27315606e-02  1.91889247e-03
  6.43043823e-04 -3.05892439e-04  3.15651074e-04  5.31916535e-04
 -2.94160285e-03 -9.40269049e-01 -1.21402232e+00 -6.97199842e-03
  1.33549260e-04  5.66124508e-05  4.26254417e-05 -1.62625156e-03
 -3.46993103e-03 -2.48181770e-03  2.20368572e-03 -8.40814839e-03
  2.21156164e-02 -6.41216768e-02  2.97461602e-02 -1.88157019e-02
  1.03189490e-01  7.50974821e-03  7.05292493e-03  3.67334066e-03
 -1.52201258e-02  2.17812222e-02  5.64703220e-02 -1.85474958e-03
  1.66817901e-03 -7.26271060e-03 -3.15949159e-03  3.31223681e-03
  2.18548238e-03 -7.95531949e-04  8.77997057e-04  3.75107947e-03
 -1.34527764e-04 -6.59216157e-03 -1.21515053e-02  1.34868801e-02
 -1.56396910e-02  1.17342508e-02 -1.31953177e-02 -5.81196739e-03
 -3.31739777e-03  4.12632506e-03  8.52355179e-03 -4.59999926e-02
  1.71662019e-01 -5.22575252e-02  1.86269738e-02 -9.17664694e-03
 -6.65577157e-03  1.23380260e-02  4.72648017e-03  2.02387618e-03
  6.52912082e-03 -5.69881069e-04 -3.08172960e-02 -3.16197730e-02
 -1.99388517e-01 -1.16493217e-03  6.32113095e-03 -3.65030154e-03
 -1.10535126e-03  3.97912695e-03  2.82399646e-02 -8.26129968e-03
 -1.30696541e-02  1.54615475e-02 -2.97454760e-05 -8.95833756e-04
 -1.30998147e-02  1.08887513e-02 -7.67688979e-03 -4.07381925e-02
  4.23420550e-03 -1.39631658e-03  9.93557284e-03 -4.72308891e-03
  1.84986657e-03  5.64266810e-03 -6.14186201e-03  5.92017450e-04
  6.29820139e-03 -9.86392272e-03 -6.78125199e-03  1.10435771e-02
 -1.47613198e-02  2.21147439e-02  3.45438690e-03 -3.13611706e-03
 -4.78942380e-02 -7.49689910e-04 -4.03967563e-03 -1.87903825e-04
  5.00313108e-03  6.94920312e-04  3.55896924e-04 -1.22223541e-03
 -2.13057394e-03 -6.00792664e-02  8.91323564e-03  1.17062075e-03
  4.67828679e-04 -1.13041045e-03  1.75117795e-03  3.43332700e-04
  3.49064308e-02 -1.00005514e-02 -1.22317438e-02  3.98918904e-03
 -4.24589161e-03 -1.36105324e-04 -1.59345291e-04 -1.04522979e-04
 -2.92395436e-03  4.38677100e-04  8.72444118e-03  3.09023686e-02
 -5.27950153e-02  2.19175973e-03 -3.00673883e-03  3.18185537e-02
 -5.15352865e-05  7.52094851e-03 -2.27165551e-03 -5.40291304e-03
  3.90113542e-03 -1.31353943e-02 -2.34844354e-05  5.18778853e-02
 -5.03729800e-04 -1.64229712e-02 -2.88041158e-03  3.95598911e-02
 -8.31353766e-03  2.52257419e-03 -6.42843695e-03  1.96417912e-02
  2.06407479e-02  1.34635288e-03  2.64340926e-03  2.43351753e-03
 -3.06421914e-03  1.52915290e-02 -8.65229696e-02  1.00915895e-02
 -1.42438366e-03 -6.11095658e-02 -5.75330352e-03  6.74972481e-02
  3.05300817e-02 -9.22225322e-04  2.19425544e-03  1.30985568e-03
 -3.26079408e-03]

 BEGIN VMC CALCULATION
 =====================

Running VMC equilibration (5000 moves).
Performing time-step optimization.
Optimized step size: 0.01735
DTVMC: 0.00010

Starting VMC.

 =========================================================================
 In block : 1
  Number of VMC steps           = 10000

  Block average energies (au)

  Total energy                       (au) =       -2749.150119343007
  Standard error                        +/-           0.728618378078

  Constant energy contributions      (au) =           0.000000000000

  Variance of local energy           (au) =         129.749650460714
  Standard error                        +/-           0.000000000000

 Time taken in block    : : :       35.9164

 =========================================================================
 FINAL RESULT:

  VMC energy (au)    Standard error      Correction for serial correlation

 -2749.150119343007 +/- 0.728618378078      On-the-fly reblocking method

 Sample variance of E_L (au^2/sim.cell) : 129.749650460714


 ==========================================
 PERFORMING OPTIMIZATION CALCULATION No. 3.
 ==========================================


 Optimization start
 ==================
Stabilization: 1.0 SEM
E_0 -2748.00799176 E_lin -2762.82220522 dE -14.81421346
eigvector[0] 0.95579813
delta p / p
[ 8.76164178e-03 -2.86981290e-03  1.64867870e-03 -8.61347443e-04
  5.97190817e-04 -5.57389183e-04  5.63800377e-04  1.37813149e-03
 -1.57972189e-02 -4.46845646e-03 -2.26185688e-04  7.96236799e-05
 -7.70985953e-05  1.13926417e-04 -2.65625420e-04  1.28180931e-03
 -2.97375146e-03 -8.49588146e-04 -1.46827117e-03 -1.31681936e-04
  1.79346241e-04 -1.19965721e-04  1.28349007e-04 -3.23905739e-04
  6.60039857e-03  8.43659599e-04 -1.89987022e-03 -1.56027850e-03
  3.91844538e-03 -2.34033732e-02 -3.11394399e-03 -6.00588499e-03
 -5.05651754e-02 -3.06088739e-03  7.29585831e-03 -2.25939433e-02
  2.80123040e-03  8.85722837e-04 -2.60437027e-03 -2.71095430e-03
  7.14159494e-03 -1.68388891e-02  1.78885699e-03 -6.84573220e-03
  6.10045883e-03 -7.35133137e-05 -1.04692056e-03 -5.96615288e-04
  1.18647563e-03 -5.43962941e-03  1.15479901e-02 -3.18013804e-03
  2.88873224e-04  1.09601989e-02 -3.77915609e-03  9.90155603e-02
 -1.40672977e-02 -1.49802633e-03 -1.91252509e-03  2.27204114e-03
 -1.77982285e-05  7.08058683e-05 -2.48552485e-03  3.70519624e-04
 -1.37859410e-03 -1.50375090e+01  7.34498284e+00  1.79055111e-03
  1.87765535e-05 -5.22896946e-03  1.07949035e-03 -9.74035802e-04
 -1.11899357e-03 -1.36724902e-03  1.65359941e-03 -6.51845104e-03
  9.70568037e-02  4.60105345e-03 -2.02324870e-03  1.13006879e-03
 -4.79296972e-03 -2.66763611e-04  1.58581724e-03 -3.06665603e-04
  3.55164319e-04  1.79669993e-02 -7.99012421e-02  5.13226163e-03
 -2.80786667e-03  7.40862964e-03  2.50347052e-03 -2.19188779e-03
 -9.71534424e-04 -1.81812900e-05  7.67210294e-04  8.34329632e-03
 -1.40108333e-03  1.67627706e-03 -3.20383143e-03  7.31378741e-03
 -1.24711147e-02  1.19106711e-02 -1.78120367e-02 -3.22413976e-03
 -1.43994375e-03  9.13002383e-03  5.73997411e-03 -6.90179629e-02
 -3.79609989e-01  4.88489842e-02 -2.71726390e-03 -3.15894412e-02
 -6.44244301e-04  2.48798692e-03  1.71239913e-03  2.26083902e-03
  6.02748369e-03 -2.73473050e-03 -2.37011032e-03 -3.77615922e-02
 -2.55202121e-01 -3.73526133e-04  5.46857395e-03  1.03162360e-02
 -2.88437913e-03 -2.38755666e-03 -9.10509490e-03  2.05749895e-03
  8.78857274e-03 -4.43407525e-04 -1.37558078e-02  3.33254936e-03
 -7.31262233e-02  2.47525377e-03  1.02324040e-03  5.40128454e-02
  8.10775461e-04 -1.25325907e-02 -2.42523436e-03 -4.11264898e-04
  7.95231893e-03 -6.38448388e-03  7.48588558e-03 -1.19726481e-03
 -5.51367495e-03 -1.09106994e-03  6.65159725e-04  2.37503564e-02
 -1.15200494e-02 -3.68692234e-02 -2.10305637e-02 -1.38170145e-02
  2.16584076e-02  1.58385795e-03 -1.35515905e-03 -4.41669521e-03
  1.31417013e-03  6.98507578e-04  4.84111245e-04  8.27928243e-04
 -2.46239356e-03  1.56335253e-02 -2.50814297e-02 -1.89170586e-02
 -9.44533362e-04  6.98018746e-04 -5.18650079e-03  1.81699711e-03
 -2.12409461e-02 -2.95403130e-02  1.45299337e-02 -7.58890778e-03
  2.55799111e-03  3.12751846e-03 -5.83812842e-04  5.11223279e-04
  2.63788603e-02  2.08916275e-03 -2.07002532e-03 -3.72188636e-02
 -6.17820149e-03 -4.72266952e-03 -4.28680861e-03  1.17549400e-02
  1.38001746e-03 -4.23224098e-03 -1.71337812e-02 -2.41816522e-03
  3.33082044e-04 -1.52318731e-03 -2.17437671e-03  4.07338468e-02
  1.72192822e-03 -9.09072741e-03 -4.43921659e-04  8.36056656e-03
  4.37217429e-03 -1.32040053e-03  2.06328864e-03 -1.01678402e-02
  7.23716373e-03  2.91511126e-03  3.28769596e-04  4.75987214e-04
  6.87616829e-04  6.67471948e-03  2.77353092e-02 -4.52406084e-03
 -3.51864537e-04 -3.69188017e-02 -9.52018794e-03  9.98385545e-03
 -5.85736473e-03  7.06980690e-05  1.15860089e-03 -5.60582280e-04
 -3.12616176e-03]

 BEGIN VMC CALCULATION
 =====================

Running VMC equilibration (5000 moves).
Performing time-step optimization.
Optimized step size: 0.01694
DTVMC: 0.00010

Starting VMC.

 =========================================================================
 In block : 1
  Number of VMC steps           = 10000

  Block average energies (au)

  Total energy                       (au) =       -2749.756706166949
  Standard error                        +/-           0.341283306400

  Constant energy contributions      (au) =           0.000000000000

  Variance of local energy           (au) =         118.564439347000
  Standard error                        +/-           0.000000000000

 Time taken in block    : : :       37.8987

 =========================================================================
 FINAL RESULT:

  VMC energy (au)    Standard error      Correction for serial correlation

 -2749.756706166949 +/- 0.341283306400      On-the-fly reblocking method

 Sample variance of E_L (au^2/sim.cell) : 118.564439347000


 ==========================================
 PERFORMING OPTIMIZATION CALCULATION No. 4.
 ==========================================


 Optimization start
 ==================
Stabilization: 1.0 SEM
E_0 -2749.92227469 E_lin -2763.86872783 dE -13.94645314
eigvector[0] 0.92946539
delta p / p
[ 2.90664451e-03 -5.85210687e-03  5.36101111e-03 -2.06409241e-03
  9.97214517e-04 -7.43052640e-04  8.16069063e-04 -6.81659454e-04
 -3.34093296e-03  1.07872866e-02 -2.44607036e-03  5.01619051e-04
 -2.14069752e-04  1.46231373e-04 -1.63587527e-04  3.78415674e-04
 -2.46154033e-03  5.15307082e-03 -6.16961522e-03  1.43079055e-03
 -4.92043102e-04  1.60067573e-04  1.46776826e-04 -1.98559120e-03
  5.19115701e-03 -6.25525975e-04 -5.17278683e-04  3.60023949e-03
 -1.06383676e-03 -5.82492840e-04  3.30849750e-04  6.26818492e-04
  8.21397051e-02  1.00599115e-03 -3.64328985e-04 -1.45607158e-03
  2.05442393e-02 -2.60869652e-03  9.07136418e-03  4.45762635e-03
  1.04728342e-03  2.11709969e-02  1.42054510e-04 -2.77775253e-03
  1.99717851e-02  1.21497553e-03 -1.18976282e-03 -9.60384011e-04
 -1.44847529e-03  9.87054234e-02  5.75076728e-03 -3.33563853e-04
 -4.10402216e-04 -4.24898192e-04 -2.06495955e-03  6.60660235e-02
  6.16900276e-04 -3.43617291e-04  4.11293942e-04  8.20084239e-04
  1.96431943e-04 -3.65855653e-04 -3.66519385e-03  1.30280545e-04
 -8.79285329e-03  2.26786502e+00  8.18781537e-01  4.35559719e-03
  1.96450725e-04 -1.30094976e-03  2.35505579e-04 -2.06438076e-05
 -2.82535593e-04 -1.17512395e-03  5.99817952e-04  2.24716672e-03
  2.26125671e-01  9.72826705e-03 -1.86354654e-02  1.21225576e-02
 -2.69706956e-02  2.33260658e-03  4.69007500e-02 -4.54381343e-03
  9.18901672e-03 -5.42423033e-02  3.95951286e-02 -5.88841946e-03
  3.82893991e-03 -1.01537695e-02 -3.13579610e-03  1.81399173e-03
 -1.12470678e-03  2.88926571e-03 -1.41104809e-02 -3.77336073e-03
 -6.44917269e-04  5.72668724e-03  8.23025932e-03 -6.79663583e-03
  4.16743326e-03  1.57987773e-03 -1.01824655e-02  1.94762143e-03
 -7.80523514e-03  1.54836102e-02 -6.23272048e-04 -2.22943372e-01
 -6.46262962e-01 -3.73729486e-02  6.88997204e-03  4.91662004e-02
 -5.45906806e-03  3.65046841e-03  2.37908421e-03  4.65184413e-03
  7.95899897e-03 -5.68307631e-03  1.84746255e-02 -2.68625447e-01
  1.13870527e+00  5.86724147e-04 -3.40293635e-04 -2.13019277e-02
 -2.41628719e-03 -6.34757138e-03 -1.30838774e-02  8.07329997e-03
  1.43067618e-02 -1.29113949e-02  8.29384184e-03 -4.78605613e-03
  2.26826235e-02  1.56452424e-02  9.22221539e-03  2.11054862e-02
 -9.24225939e-03 -1.66028960e-03 -1.75721518e-02  7.94669872e-03
  9.16174374e-03 -1.21097361e-02  1.57343433e-02 -6.37685353e-03
 -9.11479748e-03  3.12316729e-03  1.15317028e-02 -6.73874433e-03
  2.68149937e-02 -5.61581117e-02 -2.86621022e-02 -1.13867726e-02
  4.29563653e-02  2.13608219e-03  4.37356805e-04 -1.36049567e-03
 -8.08221168e-03  2.99327632e-04 -2.60990164e-03  1.15729965e-03
  3.72854267e-03 -3.06741529e-02  1.31213424e-02  1.51126370e-03
 -1.90847185e-03  9.53804623e-03  1.02431824e-03 -5.84908819e-03
 -7.47897525e-02  1.73202694e-02  1.24873985e-03  5.88255634e-03
  8.06037313e-03  9.30234957e-04  3.60527394e-03  6.98475533e-03
  4.36368724e-03 -2.04517821e-03 -1.67683865e-02 -3.44917524e-02
  3.53637778e-02 -5.21618603e-03  2.09460730e-02  4.16739811e-02
 -1.71882915e-03 -4.42594055e-02 -1.17597648e-02 -9.97859260e-03
 -1.23902571e-03  7.98607308e-03  3.84887711e-03 -6.87912192e-02
 -1.58249321e-03  1.52758546e-02  1.94574298e-03 -5.74691339e-02
 -6.87302031e-04 -5.39290455e-04  6.12271041e-05 -1.16635292e-03
 -6.86202486e-03  3.50206410e-03 -1.21400045e-03 -4.82409660e-04
  2.97950181e-03 -3.51772932e-03  6.99140839e-04 -3.35690481e-04
 -1.04657018e-03 -8.49485428e-02 -6.66696647e-03  1.21643005e-02
 -5.94486091e-02  1.14210435e-05 -1.13295905e-03 -1.68412235e-03
  3.89639896e-03]

 BEGIN VMC CALCULATION
 =====================

Running VMC equilibration (5000 moves).
Performing time-step optimization.
Optimized step size: 0.01672
DTVMC: 0.00009

Starting VMC.

 =========================================================================
 In block : 1
  Number of VMC steps           = 10000

  Block average energies (au)

  Total energy                       (au) =       -2751.511745976655
  Standard error                        +/-           0.444701976523

  Constant energy contributions      (au) =           0.000000000000

  Variance of local energy           (au) =         149.836048914011
  Standard error                        +/-           0.000000000000

 Time taken in block    : : :       37.3725

 =========================================================================
 FINAL RESULT:

  VMC energy (au)    Standard error      Correction for serial correlation

 -2751.511745976655 +/- 0.444701976523      On-the-fly reblocking method

 Sample variance of E_L (au^2/sim.cell) : 149.836048914011


 =========================================================================

 Total PyCasino real time : : :    27480.9055
