
 ------------------------------------------------------------------------------
 ########::'##:::'##::'######:::::'###:::::'######::'####:'##::: ##::'#######::
 ##.... ##:. ##:'##::'##... ##:::'## ##:::'##... ##:. ##:: ###:: ##:'##.... ##:
 ##:::: ##::. ####::: ##:::..:::'##:. ##:: ##:::..::: ##:: ####: ##: ##:::: ##:
 ########::::. ##:::: ##:::::::'##:::. ##:. ######::: ##:: ## ## ##: ##:::: ##:
 ##.....:::::: ##:::: ##::::::: #########::..... ##:: ##:: ##. ####: ##:::: ##:
 ##::::::::::: ##:::: ##::: ##: ##.... ##:'##::: ##:: ##:: ##:. ###: ##:::: ##:
 ##::::::::::: ##::::. ######:: ##:::: ##:. ######::'####: ##::. ##:. #######::
 .::::::::::::..::::::......:::..:::::..:::......:::....::..::::..:::.......:::

                     Python Quantum Monte Carlo Package
                        v 0.2.0 [Vladimir Konkov]

    Main Author : Vladimir Konkov
 ------------------------------------------------------------------------------
 Started 2024/09/01 11:34:45

 Python 3.10.12 (main, Jul 29 2024, 16:56:48) [GCC 11.4.0]
 Numba 0.59.0
 Numpy 1.26.4
 Scipy 1.11.3

 Running in parallel using 4 MPI processes.

 General input parameters
 ========================
 NEU (num up spin electrons)              :  18
 NED (num down spin electrons)            :  18
 RUNTYPE (type of run)                    :  vmc_opt
 PSI_S  (form for [anti]symmetrizing wfn) :  slater
 ATOM_BASIS_TYPE (atom-centred orb basis) :  slater-type
 INTERACTION (interaction type)           :  coulomb
 TESTRUN (read input data,print and stop) :  F
 PERIODIC                                 :  F
 COMPLEX_WF (complex Slater wave fn.)     :  F
 NEIGHPRINT (neighbour analysis)          :  0
 USE_JASTROW (use Jastrow factor)         :  T
 BACKFLOW (use backflow corrections)      :  T
 USE_ORBMODS (use orbitals modifications) :  F
 E_OFFSET (energy offset)                 :  0.0000
 CHECKPOINT (checkpointing level)         :  1
 CON_LOC (Dir to read/write config.*)     :  ./
 RELATIVISTIC                             :  F

 VMC/optimization input parameters
 ====================
 NEWRUN (start new run)                   :  T
 VMC_METHOD (choice of VMC algorithm)     :  3
 DTVMC (VMC time step)                    :  1.0000E-02
 OPT_DTVMC (VMC time-step optimization)   :  1
 VMC_NSTEP (num VMC steps)                :  10000
 VMC_NCONFIG_WRITE (num configs to write) :  10000
 VMC_NBLOCK (num VMC blocks)              :  1
 VMC_EQUIL_NSTEP (num equil steps)        :  5000
 VMC_DECORR_PERIOD (length of inner loop) :  10
 VMC_AVE_PERIOD (hist reduction factor)   :  1
 VMC_SAMPLING                             :  standard
 MAKEMOVIE                                :  F
 FORCES                                   :  F

 BEGIN VMC CALCULATION
 =====================

 Running VMC equilibration (5000 moves).
 Performing time-step optimization.
 Optimized step size: 0.01669
 DTVMC: 0.00009

 Starting VMC.

 =========================================================================
 In block : 1
  Number of VMC steps           = 10000

  Block average energies (au)

  Total energy                       (au) =       -2753.319909933537
  Standard error                        +/-           0.641085559463

  Constant energy contributions      (au) =           0.000000000000

  Variance of local energy           (au) =         771.356022260080
  Standard error                        +/-           0.000000000000

 Time taken in block    : : :       30.6420

 =========================================================================
 FINAL RESULT:

  VMC energy (au)    Standard error      Correction for serial correlation

 -2753.319909933537 +/- 0.641085559463      On-the-fly reblocking method

 Sample variance of E_L (au^2/sim.cell) : 771.356022260080


 ==========================================
 PERFORMING OPTIMIZATION CALCULATION No. 1.
 ==========================================


 Optimization start
 ==================
   Iteration     Total nfev        Cost      Cost reduction    Step norm     Optimality
       0              1         4.9517e+03                                    8.61e+06
       1              2         4.4634e+03      4.88e+02       3.04e-03       7.95e+06
       2              3         3.6063e+03      8.57e+02       6.54e-03       6.62e+06
       3              4         2.4448e+03      1.16e+03       1.48e-02       4.20e+06
       4              5         1.3617e+03      1.08e+03       3.22e-02       3.35e+06
       5              6         7.8484e+02      5.77e+02       6.44e-02       6.79e+07
       6              7         4.7582e+02      3.09e+02       2.75e-02       2.48e+07
       7              8         2.8454e+02      1.91e+02       4.52e-02       6.38e+06
       8              9         1.8662e+02      9.79e+01       1.03e-01       8.82e+05
       9             10         1.3625e+02      5.04e+01       2.04e-01       3.69e+05
      10             11         1.0568e+02      3.06e+01       2.87e-01       3.57e+05
      11             13         9.9172e+01      6.51e+00       1.31e-01       3.91e+05
      12             14         9.4495e+01      4.68e+00       1.31e-01       2.49e+05
      13             15         9.1054e+01      3.44e+00       1.30e-01       1.66e+05
      14             16         8.8192e+01      2.86e+00       1.36e-01       1.19e+05
      15             17         8.5627e+01      2.56e+00       1.43e-01       1.04e+05
      16             18         8.3314e+01      2.31e+00       1.46e-01       1.11e+05
      17             19         8.1256e+01      2.06e+00       1.40e-01       1.15e+05
      18             20         7.9452e+01      1.80e+00       1.30e-01       1.21e+05
      19             21         7.7851e+01      1.60e+00       1.22e-01       1.24e+05
      20             22         7.6429e+01      1.42e+00       1.19e-01       1.26e+05
`ftol` termination condition is satisfied.
Function evaluations 22, initial cost 4.9517e+03, final cost 7.6429e+01, first-order optimality 1.26e+05.
Norm of Jacobian at the solution: 2.21010e-11

 BEGIN VMC CALCULATION
 =====================

 Running VMC equilibration (5000 moves).
 Performing time-step optimization.
 Optimized step size: 0.01663
 DTVMC: 0.00009

 Starting VMC.

 =========================================================================
 In block : 1
  Number of VMC steps           = 10000

  Block average energies (au)

  Total energy                       (au) =       -2753.429542405684
  Standard error                        +/-           0.471398673582

  Constant energy contributions      (au) =           0.000000000000

  Variance of local energy           (au) =          90.853402969525
  Standard error                        +/-           0.000000000000

 Time taken in block    : : :       34.7095

 =========================================================================
 FINAL RESULT:

  VMC energy (au)    Standard error      Correction for serial correlation

 -2753.429542405684 +/- 0.471398673582      On-the-fly reblocking method

 Sample variance of E_L (au^2/sim.cell) : 90.853402969525


 ==========================================
 PERFORMING OPTIMIZATION CALCULATION No. 2.
 ==========================================


 Optimization start
 ==================
   Iteration     Total nfev        Cost      Cost reduction    Step norm     Optimality
       0              1         8.3006e+01                                    3.54e+05
       1              4         7.9660e+01      3.35e+00       8.17e-01       4.76e+05
       2              5         7.0779e+01      8.88e+00       6.77e-01       6.50e+05
       3              6         6.8487e+01      2.29e+00       7.06e-01       4.63e+05
       4              7         6.5982e+01      2.50e+00       6.41e-01       4.82e+05
       5              8         6.5216e+01      7.66e-01       6.26e-01       1.93e+05
       6             11         6.5032e+01      1.84e-01       4.61e-02       1.57e+05
       7             13         6.4999e+01      3.26e-02       1.36e-03       1.25e+05
       8             20         6.4999e+01      0.00e+00       0.00e+00       1.25e+05
`xtol` termination condition is satisfied.
Function evaluations 20, initial cost 8.3006e+01, final cost 6.4999e+01, first-order optimality 1.25e+05.
Norm of Jacobian at the solution: 6.54590e-11

 BEGIN VMC CALCULATION
 =====================

 Running VMC equilibration (5000 moves).
 Performing time-step optimization.
 Optimized step size: 0.01704
 DTVMC: 0.00010

 Starting VMC.

 =========================================================================
 In block : 1
  Number of VMC steps           = 10000

  Block average energies (au)

  Total energy                       (au) =       -2752.642697035692
  Standard error                        +/-           0.417526002164

  Constant energy contributions      (au) =           0.000000000000

  Variance of local energy           (au) =          78.858832616537
  Standard error                        +/-           0.000000000000

 Time taken in block    : : :       34.9957

 =========================================================================
 FINAL RESULT:

  VMC energy (au)    Standard error      Correction for serial correlation

 -2752.642697035692 +/- 0.417526002164      On-the-fly reblocking method

 Sample variance of E_L (au^2/sim.cell) : 78.858832616537


 =========================================================================

 Total PyCasino real time : : :    38187.0662
