
 ------------------------------------------------------------------------------
 ########::'##:::'##::'######:::::'###:::::'######::'####:'##::: ##::'#######::
 ##.... ##:. ##:'##::'##... ##:::'## ##:::'##... ##:. ##:: ###:: ##:'##.... ##:
 ##:::: ##::. ####::: ##:::..:::'##:. ##:: ##:::..::: ##:: ####: ##: ##:::: ##:
 ########::::. ##:::: ##:::::::'##:::. ##:. ######::: ##:: ## ## ##: ##:::: ##:
 ##.....:::::: ##:::: ##::::::: #########::..... ##:: ##:: ##. ####: ##:::: ##:
 ##::::::::::: ##:::: ##::: ##: ##.... ##:'##::: ##:: ##:: ##:. ###: ##:::: ##:
 ##::::::::::: ##::::. ######:: ##:::: ##:. ######::'####: ##::. ##:. #######::
 .::::::::::::..::::::......:::..:::::..:::......:::....::..::::..:::.......:::

                     Python Quantum Monte Carlo Package
                        v 0.4.0 [Vladimir Konkov]

    Main Author : Vladimir Konkov
 ------------------------------------------------------------------------------
 Started 2026/07/01 18:04:11

 Python 3.12.3 (main, Mar 23 2026, 19:04:32) [GCC 13.3.0]
 Numba 0.63.1
 Numpy 2.2.6
 Scipy 1.13.1

 Running in parallel using 4 MPI processes.

 General input parameters
 ========================
 NEU (num up spin electrons)              :  5
 NED (num down spin electrons)            :  2
 RUNTYPE (type of run)                    :  vmc_opt
 PSI_S  (form for [anti]symmetrizing wfn) :  slater
 ATOM_BASIS_TYPE (atom-centred orb basis) :  slater-type
 INTERACTION (interaction type)           :  coulomb
 TESTRUN (read input data,print and stop) :  F
 PERIODIC                                 :  F
 COMPLEX_WF (complex Slater wave fn.)     :  F
 NEIGHPRINT (neighbour analysis)          :  0
 USE_JASTROW (use Jastrow factor)         :  T
 BACKFLOW (use backflow corrections)      :  T
 USE_ORBMODS (use orbitals modifications) :  F
 CUSP_CORRECTION                          :  F
 NON_LOCAL_GRID (NL integration grid)     :  4
 E_OFFSET (energy offset)                 :  0.0000
 GAUTOL  (Gaussian evaluation tolerance)  :  7.0
 SPARSE                                   :  F
 DIPOLE_MOMENT                            :  F
 RELATIVISTIC                             :  F

 VMC/optimization input parameters
 ====================
 NEWRUN (start new run)                   :  T
 VMC_METHOD (choice of VMC algorithm)     :  3
 DTVMC (VMC time step)                    :  0.02
 OPT_DTVMC (VMC time-step optimization)   :  T
 VMC_NSTEP (num VMC steps)                :  100000
 VMC_NCONFIG_WRITE (num configs to write) :  100000
 VMC_NBLOCK (num VMC blocks)              :  1
 VMC_EQUIL_NSTEP (num equil steps)        :  5000
 VMC_DECORR_PERIOD (length of inner loop) :  10
 VMC_AVE_PERIOD (hist reduction factor)   :  1
 VMC_SAMPLING                             :  standard
 OPT_CYCLES (num optimization cycles)     :  2
 POSTFIT_VMC (perform post-fit VMC calc)  :  T
 POSTFIT_KEEP_CFG (keep post-fit VMC cfgs):  F
 OPT_NOCTF_CYCLES (fixed cutoff cycles)   :  0
 OPT_INFO (information level)             :  2
 OPT_JASTROW (opt Jastrow factor)         :  T
 OPT_DET_COEFF (opt det coeffs)           :  F
 OPT_ORBITALS (opt orbitals)              :  F
 OPT_BACKFLOW (opt backflow params)       :  T
 OPT_FIXNL (fix nonlocal energy)          :  T
 OPT_MAXITER (max num iterations)         :  10
 OPT_MAXEVAL (max num evaluations)        :  200
 VM_SMOOTH_LIMITS (smooth limiting)       :  F
 VM_REWEIGHT (reweighting)                :  F
 VM_FILTER (filter outlying configs)      :  F
 VM_USE_E_GUESS (use guess energy)        :  F
 EMIN_XI_VALUE (xi parameter)             :  1.0
 MAKEMOVIE                                :  F
 FORCES                                   :  F

 BEGIN VMC CALCULATION
 =====================

 Running VMC equilibration (5000 moves).
 Performing time-step optimization.
 Optimized step size: 0.11762
 DTVMC: 0.00461

 Starting VMC.

 =========================================================================
 In block : 1
  Number of VMC steps           = 100000

  Block average energies (au)

  Total energy                       (au) =         -54.556315652853
  Standard error                        +/-           0.001575515697

  Constant energy contributions      (au) =           0.000000000000

  Variance of local energy           (au) =           0.248222488825
  Standard error                        +/-           0.000000000000

 Time taken in block    : : :       12.7552

 =========================================================================
 FINAL RESULT:

  VMC energy (au)    Standard error      Correction for serial correlation

 -54.556315652853 +/- 0.001575515697      No correction
 -54.556315652853 +/- 0.004438509551      Correlation time method
 -54.556315652853 +/- 0.003954696313      On-the-fly reblocking method

 Sample variance of E_L (au^2/sim.cell) : 0.248222488825


 ==========================================
 PERFORMING OPTIMIZATION CALCULATION No. 1.
 ==========================================


 Optimization start
 ==================
   Iteration     Total nfev        Cost      Cost reduction    Step norm     Optimality
       0              1         2.5166e-01                                    4.52e+03
       1              2         1.0682e-01      1.45e-01       2.32e+00       6.61e+03
       2              3         9.8936e-02      7.88e-03       1.88e+00       8.34e+02
       3              4         9.8079e-02      8.57e-04       3.37e-01       9.69e+02
       4              5         9.8055e-02      2.37e-05       1.62e-01       1.15e+03
       5             10         9.8004e-02      5.12e-05       1.03e-03       6.22e+02
       6             11         9.8001e-02      2.89e-06       2.96e-04       3.19e+02
       7             12         9.7999e-02      1.67e-06       8.22e-05       2.28e+02
       8             13         9.7999e-02      6.05e-07       2.17e-05       2.00e+02
       9             14         9.7998e-02      1.64e-07       5.52e-06       1.93e+02
      10             15         9.7998e-02      4.16e-08       1.39e-06       1.91e+02
      11             16         9.7998e-02      1.04e-08       3.47e-07       1.91e+02
      12             17         9.7998e-02      2.61e-09       8.68e-08       1.90e+02
      13             18         9.7998e-02      6.53e-10       2.17e-08       1.90e+02
`xtol` termination condition is satisfied.
Function evaluations 18, initial cost 2.5166e-01, final cost 9.7998e-02, first-order optimality 1.90e+02.
Norm of Jacobian at the solution: 9.96578e-13

 BEGIN VMC CALCULATION
 =====================

 Running VMC equilibration (5000 moves).
 Performing time-step optimization.
 Optimized step size: 0.11821
 DTVMC: 0.00466

 Starting VMC.

 =========================================================================
 In block : 1
  Number of VMC steps           = 100000

  Block average energies (au)

  Total energy                       (au) =         -54.574454143124
  Standard error                        +/-           0.000956114401

  Constant energy contributions      (au) =           0.000000000000

  Variance of local energy           (au) =           0.091414560577
  Standard error                        +/-           0.000000000000

 Time taken in block    : : :       12.7571

 =========================================================================
 FINAL RESULT:

  VMC energy (au)    Standard error      Correction for serial correlation

 -54.574454143124 +/- 0.000956114401      No correction
 -54.574454143124 +/- 0.002560132377      Correlation time method
 -54.574454143124 +/- 0.002149470514      On-the-fly reblocking method

 Sample variance of E_L (au^2/sim.cell) : 0.091414560577


 ==========================================
 PERFORMING OPTIMIZATION CALCULATION No. 2.
 ==========================================


 Optimization start
 ==================
   Iteration     Total nfev        Cost      Cost reduction    Step norm     Optimality
       0              1         1.1053e-01                                    3.52e+03
       1              4         1.0571e-01      4.82e-03       8.79e-01       8.22e+03
       2              6         1.0160e-01      4.11e-03       5.35e-01       8.99e+03
       3              7         9.8322e-02      3.28e-03       1.51e-01       2.96e+03
       4              8         9.7723e-02      5.99e-04       1.04e-01       2.16e+03
`ftol` termination condition is satisfied.
Function evaluations 8, initial cost 1.1053e-01, final cost 9.7723e-02, first-order optimality 2.16e+03.
Norm of Jacobian at the solution: 3.81002e-13

 BEGIN VMC CALCULATION
 =====================

 Running VMC equilibration (5000 moves).
 Performing time-step optimization.
 Optimized step size: 0.11884
 DTVMC: 0.00471

 Starting VMC.

 =========================================================================
 In block : 1
  Number of VMC steps           = 100000

  Block average energies (au)

  Total energy                       (au) =         -54.571401576134
  Standard error                        +/-           0.000968596014

  Constant energy contributions      (au) =           0.000000000000

  Variance of local energy           (au) =           0.093816885724
  Standard error                        +/-           0.000000000000

 Time taken in block    : : :       12.7478

 =========================================================================
 FINAL RESULT:

  VMC energy (au)    Standard error      Correction for serial correlation

 -54.571401576134 +/- 0.000968596014      No correction
 -54.571401576134 +/- 0.002636538611      Correlation time method
 -54.571401576134 +/- 0.002255748726      On-the-fly reblocking method

 Sample variance of E_L (au^2/sim.cell) : 0.093816885724


 =========================================================================

 Total PyCasino real time : : :    1827.8238
