
 ------------------------------------------------------------------------------
 ########::'##:::'##::'######:::::'###:::::'######::'####:'##::: ##::'#######::
 ##.... ##:. ##:'##::'##... ##:::'## ##:::'##... ##:. ##:: ###:: ##:'##.... ##:
 ##:::: ##::. ####::: ##:::..:::'##:. ##:: ##:::..::: ##:: ####: ##: ##:::: ##:
 ########::::. ##:::: ##:::::::'##:::. ##:. ######::: ##:: ## ## ##: ##:::: ##:
 ##.....:::::: ##:::: ##::::::: #########::..... ##:: ##:: ##. ####: ##:::: ##:
 ##::::::::::: ##:::: ##::: ##: ##.... ##:'##::: ##:: ##:: ##:. ###: ##:::: ##:
 ##::::::::::: ##::::. ######:: ##:::: ##:. ######::'####: ##::. ##:. #######::
 .::::::::::::..::::::......:::..:::::..:::......:::....::..::::..:::.......:::

                     Python Quantum Monte Carlo Package
                        v 0.1.0 [Vladimir Konkov]

    Main Author : Vladimir Konkov
 ------------------------------------------------------------------------------

 Python 3.10.12 (main, Jun 11 2023, 05:26:28) [GCC 11.4.0]
 Numba 0.58.0
 Numpy 1.24.3
 Scipy 1.10.1

 Running in parallel using 4 MPI processes.

 BEGIN VMC CALCULATION
 =====================

Running VMC equilibration (5000 moves).
Performing time-step optimization.
Optimized step size: 0.07540
DTVMC: 0.00190

Starting VMC.

 =========================================================================
 In block : 1
  Number of VMC steps           = 10000

  Block average energies (au)

  Total energy                       (au) =        -128.515531435998
  Standard error                        +/-           0.096326758081

  Constant energy contributions      (au) =           0.000000000000

  Variance of local energy           (au) =          36.931892093646
  Standard error                        +/-           0.000000000000

 Time taken in block    : : :       103.9527

 =========================================================================
 FINAL RESULT:

  VMC energy (au)    Standard error      Correction for serial correlation

 -128.515531435998 +/- 0.096326758081      On-the-fly reblocking method

 Sample variance of E_L (au^2/sim.cell) : 36.931892093646


 ==========================================
 PERFORMING OPTIMIZATION CALCULATION No. 1.
 ==========================================


 Optimization start
 ==================
   Iteration     Total nfev        Cost      Cost reduction    Step norm     Optimality
       0              1         1.5966e+01                                    5.22e+04
       1              2         1.9921e+00      1.40e+01       1.00e+00       4.74e+04
       2              3         1.3868e+00      6.05e-01       2.00e+00       3.63e+04
       3              4         9.3246e-01      4.54e-01       2.00e+00       2.18e+04
       4              5         6.8194e-01      2.51e-01       2.00e+00       4.89e+03
       5             15         6.7850e-01      3.44e-03       7.63e-06       1.03e+03
       6             16         6.7452e-01      3.98e-03       1.91e-06       5.70e+02
`ftol` termination condition is satisfied.
Function evaluations 16, initial cost 1.5966e+01, final cost 6.7452e-01, first-order optimality 5.70e+02.
Jacobian matrix at the solution:
[-4.60371596e-02  9.67111342e-02  8.52455900e-02  8.40539611e-02
  1.22466062e-01  2.28194067e-01  3.91171808e-01  3.84603610e-01
 -1.47245761e-01  2.88634079e-01  2.58766922e-01  2.32562124e-01
  1.97523403e-01  1.29049667e-01 -9.57037910e-02 -1.06631951e+00
  2.35924529e-02 -1.25996072e-02 -2.01676055e-02 -3.06327821e-02
 -4.65102126e-02 -6.99956346e-02 -1.03438846e-01 -1.47546397e-01
 -7.48692962e-01 -1.27011617e-02  1.31016336e-01  3.01219499e-01
  8.31790508e-01  5.81098967e-01 -2.54087573e-01  3.37282185e-01
 -8.75295123e-01 -9.50018740e-01  3.62740770e-02 -2.41754049e-01
  3.72649225e-01  1.12572620e+00  9.21731319e-01  3.05289273e+00
  2.46979925e+00 -5.93943380e-01 -3.56891484e-01  4.16504352e-01
  4.83395955e-02  1.99945277e+00  4.03575050e+00  2.34249672e+00
  7.83346084e+00  6.44906842e+00 -8.35998832e-01 -4.33550646e-02
 -1.04940220e-01  4.21506774e-01  1.21910764e+00  9.19704552e-01
 -3.85864157e-01  5.28647665e-01 -1.74978146e+00 -1.80410658e+00
 -5.17138404e-01 -7.46961332e-01  1.27501705e-01  6.97110874e-01
  1.09980075e+00  3.66753395e+00  2.94647381e+00 -9.88240306e-01
 -1.09814328e+00  8.66169669e-01 -6.72203518e-02  2.01269747e+00
  5.23760991e+00  2.85577902e+00  9.07468497e+00  7.19285437e+00
  8.36601875e-03 -2.40452699e-03 -6.69427340e-03 -1.40678937e-02
 -3.22535207e-02 -8.52669499e-02 -2.48411052e-01 -7.57350135e-01
 -2.35025545e+00  1.58874720e-02  8.31053928e-03  2.00856845e-03
 -7.73194787e-03 -2.74836984e-02 -7.27589421e-02 -1.86322659e-01
 -4.93504109e-01 -1.37420295e+00 -4.00297964e+00 -1.24097617e-03
 -1.68677135e-03 -2.61355853e-03 -4.20483472e-03 -6.80056876e-03
 -1.09078942e-02 -1.70961380e-02 -2.54583985e-02 -8.36079986e-04
 -1.15914959e-03 -1.54839657e-03 -2.11008872e-03  2.16284127e-04
 -4.24656012e-04 -1.61078812e-04 -3.10671154e-04 -1.40838522e-03
 -4.88297858e-03 -4.61256102e-03 -7.65385132e-03 -1.25460061e-02
 -1.28708066e-02 -2.10597046e-02  9.88552576e-05  1.17798940e-03
  7.11336507e-04 -8.27206883e-03 -5.91059823e-03 -5.63607954e-03
 -2.25204274e-02 -3.81053481e-02 -3.80221255e-02 -6.37462217e-02
 -8.76531812e-04 -1.06279654e-03 -1.77827305e-03 -2.27956616e-03
 -2.29668626e-03 -3.06993213e-03  1.09849321e-03  5.13682409e-05
  2.15378897e-03 -4.38649333e-03  1.17321791e-03 -3.87896739e-04
 -4.14310121e-03 -4.15135205e-03 -6.35111315e-03 -1.01448549e-02
 -9.92959673e-03 -1.58774014e-02  3.54976875e-03 -6.24944460e-03
  7.93381364e-04  1.38783360e-03 -6.36883875e-03 -3.57366708e-03
 -3.64880671e-03 -1.61916761e-02 -2.68968589e-02 -2.62896678e-02
 -4.33153193e-02 -8.76275977e-04 -1.63330233e-03 -2.19177338e-03
 -3.08022470e-03 -9.51324993e-04 -1.32438640e-03 -1.15794593e-03
 -3.61602829e-03 -5.25311073e-03 -6.24580255e-03 -8.49396586e-03
  1.59084892e-03 -9.28352225e-04 -9.23479128e-04 -2.82349762e-03
 -3.45283906e-03 -3.12982300e-03 -1.04458933e-02 -1.49825710e-02
 -1.68148144e-02 -2.35732841e-02 -4.97266913e-04 -1.06709775e-03
 -1.35246719e-03 -5.81046718e-03 -8.96415824e-03 -8.38996919e-03
 -2.87957642e-02 -4.25177337e-02 -4.60578216e-02 -6.73600153e-02
 -5.41919384e-04 -7.12232468e-04 -2.56292654e-03 -3.33899652e-03
 -3.65984944e-03 -4.85754389e-03  1.05980955e-03 -3.77247215e-04
  4.97991971e-03 -5.29577776e-03  4.01249774e-03  7.12710344e-04
 -5.67981135e-03 -5.27658769e-03 -8.09687552e-03 -1.18814459e-02
 -1.23098713e-02 -1.79313425e-02  9.17453276e-03 -8.05997871e-03
 -2.16232755e-04  1.01269198e-03 -8.98087941e-03 -5.27383877e-03
 -4.77902866e-03 -1.95936523e-02 -2.96748544e-02 -3.00580009e-02
 -4.55313646e-02]

 BEGIN VMC CALCULATION
 =====================

Running VMC equilibration (5000 moves).
Performing time-step optimization.
Optimized step size: 0.07658
DTVMC: 0.00195

Starting VMC.

 =========================================================================
 In block : 1
  Number of VMC steps           = 10000

  Block average energies (au)

  Total energy                       (au) =        -128.887854462158
  Standard error                        +/-           0.025124536049

  Constant energy contributions      (au) =           0.000000000000

  Variance of local energy           (au) =           0.913195889307
  Standard error                        +/-           0.000000000000

 Time taken in block    : : :       3.1918

 =========================================================================
 FINAL RESULT:

  VMC energy (au)    Standard error      Correction for serial correlation

 -128.887854462158 +/- 0.025124536049      On-the-fly reblocking method

 Sample variance of E_L (au^2/sim.cell) : 0.913195889307


 ==========================================
 PERFORMING OPTIMIZATION CALCULATION No. 2.
 ==========================================


 Optimization start
 ==================
   Iteration     Total nfev        Cost      Cost reduction    Step norm     Optimality
       0              1         9.2768e-01                                    3.83e+03
       1              7         8.8491e-01      4.28e-02       9.99e-03       7.54e+03
       2              8         8.1401e-01      7.09e-02       9.99e-03       7.22e+03
       3              9         7.6115e-01      5.29e-02       9.99e-03       6.60e+03
       4             10         7.1997e-01      4.12e-02       9.99e-03       5.93e+03
       5             11         6.8912e-01      3.09e-02       9.99e-03       5.32e+03
       6             12         6.6485e-01      2.43e-02       9.99e-03       4.72e+03
       7             13         6.4528e-01      1.96e-02       9.99e-03       4.15e+03
       8             14         6.2907e-01      1.62e-02       9.99e-03       3.63e+03
       9             15         6.1541e-01      1.37e-02       9.99e-03       3.16e+03
      10             16         6.0375e-01      1.17e-02       9.99e-03       2.74e+03
`ftol` termination condition is satisfied.
Function evaluations 16, initial cost 9.2768e-01, final cost 6.0375e-01, first-order optimality 2.74e+03.
Jacobian matrix at the solution:
[ 1.43473565e-03  1.14847969e-01 -1.93850950e-03 -7.64144814e-02
 -2.46454542e-01 -6.58383758e-01 -1.67778837e+00 -4.24863873e+00
 -1.08871216e+01  1.53487867e-01  1.31046498e-02 -9.16698257e-02
 -3.51301474e-01 -1.00483802e+00 -2.65251798e+00 -6.83048235e+00
 -1.75303865e+01  6.19398787e-04  2.40531884e-02  7.79645317e-04
 -3.00400544e-03 -1.01721043e-02 -2.63933989e-02 -6.27948296e-02
 -1.42470343e-01 -3.14362954e-01 -6.10250620e-03 -1.86117091e+00
 -4.02866476e-01 -8.03364481e-02 -2.08798727e-02  2.70374716e-02
  4.09626447e-02 -3.35221321e-01 -2.05079852e-01 -2.68016335e-01
 -7.50949102e-01 -3.96600627e-01 -2.09341750e-01  2.59655379e-01
  1.05067261e+00  4.36772293e-02  4.16261457e-01  3.87995434e-01
 -4.43550053e-01 -7.85360763e-01 -2.35677282e-01  2.27107751e-01
  9.87230974e-01  3.56996737e+00  3.05414977e-01  1.51631613e+00
  1.31773703e+00 -2.04750047e+00 -6.42497892e-01 -3.38078216e-01
 -1.92426284e-02  9.69963517e-02  1.29328507e-01 -5.79076971e-01
 -2.17228434e-01 -1.18565988e-01 -8.24984568e-01 -5.37216635e-01
 -4.12967245e-01  4.96225039e-01  1.45911309e+00  2.47062824e-01
  1.14627848e+00  9.74256459e-01 -2.65422233e-01 -1.03513054e+00
 -3.83645109e-02  4.59132475e-01  1.69317496e+00  5.40711707e+00
  9.06381094e-01  3.50302862e+00  2.84203130e+00 -5.30773150e-05
  1.93232091e-02  8.34260523e-03  2.97392107e-03 -1.36282449e-02
 -6.22263711e-02 -1.99705770e-01 -5.84502027e-01 -1.66664684e+00
 -4.75268013e+00  1.20133385e-02  9.72795319e-03  5.98221780e-03
 -3.16298748e-03 -2.74260430e-02 -9.19855682e-02 -2.63946773e-01
 -7.25742037e-01 -1.98187305e+00 -5.44897753e+00 -4.47394612e-03
  7.53224478e-04 -2.69175254e-04 -1.71640252e-03 -4.39068586e-03
 -9.84772942e-03 -2.12914466e-02 -4.55217400e-02 -9.72070206e-02
  3.59996683e-03  1.15073897e-03  3.16685066e-04  7.02626517e-04
 -1.15312225e-04 -1.29221796e-04  6.71656474e-04 -2.26814931e-03
 -2.29351835e-03  9.68008107e-04  1.61981775e-03  1.32674213e-03
 -5.56585974e-04 -3.85444521e-03 -2.69701842e-03 -6.71641703e-03
 -6.09287344e-03 -1.09607427e-03 -9.04642592e-04  2.53734875e-03
 -1.13482644e-04 -6.89070399e-04 -5.74189152e-03 -1.40315065e-02
 -1.20120743e-02 -2.30851986e-02  3.54529882e-03  9.40748791e-04
  6.92612596e-04 -2.02813444e-05  3.34325483e-04 -3.61512598e-04
 -1.15424934e-03  6.00026608e-04  5.09214121e-03  5.82359699e-03
  8.81456274e-03  1.41811258e-03  7.88171546e-04  5.00807993e-04
 -7.75887464e-04 -3.24969014e-03 -2.07950059e-03 -4.96906251e-03
  1.64285534e-02  9.83412378e-03  4.63458709e-03 -4.68680613e-04
  1.19906806e-03 -8.41526549e-05 -5.48022034e-04 -4.26877288e-03
 -1.02958659e-02 -7.78010587e-03 -1.54322769e-02  6.85417658e-04
 -2.17189827e-04 -8.63287592e-05 -9.83015325e-04 -4.48172548e-04
  5.36116359e-04  5.30239413e-04 -1.61989368e-04 -1.94509445e-03
 -1.60464031e-03 -3.60230015e-03  3.88837461e-04 -6.27485233e-04
 -7.25971821e-04  7.62270628e-04  4.63674610e-05 -9.75777507e-05
 -2.95027512e-03 -7.10950659e-03 -6.31404664e-03 -1.14522732e-02
 -1.39069343e-03  6.13319105e-05  1.27556458e-04  9.56346318e-05
 -1.83868338e-03 -2.19831457e-03 -1.16105735e-02 -2.24890583e-02
 -2.06416644e-02 -3.51510288e-02  5.28145415e-03  2.11317875e-03
  6.23886693e-04 -3.88415587e-04 -1.42694422e-04 -1.19083497e-03
 -2.25174576e-03  4.87975861e-04  7.64966263e-03  6.81134941e-03
  1.30672512e-02  2.27646779e-03 -2.89486241e-04 -4.74483412e-04
 -2.64554461e-03 -6.31283856e-03 -5.19635781e-03 -9.68769588e-03
  2.47677187e-02  1.07220180e-02  4.97482225e-03 -5.52749034e-04
 -6.03491728e-04 -1.35783243e-03 -1.71567006e-03 -9.31770049e-03
 -1.83444530e-02 -1.56601502e-02 -2.74324368e-02]

 BEGIN VMC CALCULATION
 =====================

Running VMC equilibration (5000 moves).
Performing time-step optimization.
Optimized step size: 0.07650
DTVMC: 0.00195

Starting VMC.

 =========================================================================
 In block : 1
  Number of VMC steps           = 10000

  Block average energies (au)

  Total energy                       (au) =        -128.861736146004
  Standard error                        +/-           0.023045121251

  Constant energy contributions      (au) =           0.000000000000

  Variance of local energy           (au) =           0.778585111705
  Standard error                        +/-           0.000000000000

 Time taken in block    : : :       3.1467

 =========================================================================
 FINAL RESULT:

  VMC energy (au)    Standard error      Correction for serial correlation

 -128.861736146004 +/- 0.023045121251      On-the-fly reblocking method

 Sample variance of E_L (au^2/sim.cell) : 0.778585111705


 =========================================================================

 Total PyCasino real time : : :    2017.7410
