 BEGIN VMC CALCULATION
 =====================

Running VMC equilibration (5000 moves).
Performing time-step optimization.
Optimized step size: 0.03737

Starting VMC.

 =========================================================================
 In block : 1
  Number of VMC steps           = 1000000

  Block average energies (au)

  Total energy                       (au) =        -526.842531014827
  Standard error                        +/-           0.024575960971

  Constant energy contributions      (au) =           0.000000000000

  Variance of local energy           (au) =         127.309703589731
  Standard error                        +/-           0.000000000000

 Time taken in block    : : :       476.2792

 =========================================================================
 FINAL RESULT:

  VMC energy (au)    Standard error      Correction for serial correlation

 -526.842531014827 +/- 0.024575960971      On-the-fly reblocking method

 Sample variance of E_L (au^2/sim.cell) : 127.309703589731


 ==========================================
 PERFORMING OPTIMIZATION CALCULATION No. 1.
 ==========================================


 Optimization start
 ==================
   Iteration     Total nfev        Cost      Cost reduction    Step norm     Optimality
       0              1         2.4722e+02                                    3.93e+06
       1              2         3.5331e+01      2.12e+02       4.31e-01       3.60e+06
       2              4         2.1487e+01      1.38e+01       1.07e-01       3.41e+06
       3             18         2.1487e+01      0.00e+00       0.00e+00       3.41e+06
`xtol` termination condition is satisfied.
Function evaluations 18, initial cost 2.4722e+02, final cost 2.1487e+01, first-order optimality 3.41e+06.
Jacobian matrix at the solution:
[-1.28873682e-01  2.17528189e+00  2.40345052e+00  7.83277710e-02
 -1.12321508e+01 -5.22445729e+01 -1.88195419e+02 -6.23507205e+02
 -8.16116897e-03  2.09801132e+00  1.85491453e+00 -1.33886185e+00
 -1.49900423e+01 -6.36504309e+01 -2.26193182e+02 -7.55717493e+02
 -7.60954552e-02  1.91445342e-01  2.19776321e-01  1.89984658e-01
  1.15197387e-02 -6.09074096e-01 -2.48368960e+00 -7.82692171e+00
  5.19663173e+01 -8.88721643e+01 -1.00103311e+02 -2.50513327e+01
 -5.87106775e+01 -3.41676580e+01 -6.76872345e+01 -6.00404124e+01
  2.49858093e+00 -7.34817889e+01 -1.18400542e+02 -8.29453326e+01
  6.12905387e+01  8.78293135e+01 -1.77459246e+01  1.84033454e+01
  5.91619192e+01 -9.20148777e+00 -1.90082388e+02 -2.63503019e+00
  9.04425518e+01  1.24238576e+02  7.65810739e+02  6.37820539e+01
  3.82036525e+02  4.19610636e+02  5.36869646e+01 -9.74932752e+01
 -1.01936357e+02 -2.92675091e+01 -7.09690143e+01 -4.55524269e+01
 -7.25740300e+01 -7.29968418e+01  8.42590155e-01 -8.24235366e+01
 -1.25580206e+02 -8.29819702e+01  7.44471073e+01  1.34660966e+02
 -2.45765830e+01 -7.12376510e+00  1.36654789e+01 -1.30617165e+01
 -2.01399295e+02 -1.70875138e+01  1.02126975e+02  1.49159932e+02
  8.54165636e+02  3.31864913e+01  2.28405617e+02  1.66603507e+02]
 BEGIN VMC CALCULATION
 =====================

Running VMC equilibration (5000 moves).
Performing time-step optimization.
Optimized step size: 0.00000

Starting VMC.

 =========================================================================
 In block : 1
  Number of VMC steps           = 1000000

  Block average energies (au)

  Total energy                       (au) =        -540.479560658283
  Standard error                        +/-           0.000000000000

  Constant energy contributions      (au) =           0.000000000000

  Variance of local energy           (au) =         200.115544544547
  Standard error                        +/-           0.000000000000

 Time taken in block    : : :       211.3030

 =========================================================================
 FINAL RESULT:

  VMC energy (au)    Standard error      Correction for serial correlation

 -540.479560658283 +/- 0.000000000000      On-the-fly reblocking method

 Sample variance of E_L (au^2/sim.cell) : 200.115544544547


 ==========================================
 PERFORMING OPTIMIZATION CALCULATION No. 2.
 ==========================================


 Optimization start
 ==================
   Iteration     Total nfev        Cost      Cost reduction    Step norm     Optimality
       0              1         2.0012e+02                                    2.97e+07
