
 ------------------------------------------------------------------------------
 ########::'##:::'##::'######:::::'###:::::'######::'####:'##::: ##::'#######::
 ##.... ##:. ##:'##::'##... ##:::'## ##:::'##... ##:. ##:: ###:: ##:'##.... ##:
 ##:::: ##::. ####::: ##:::..:::'##:. ##:: ##:::..::: ##:: ####: ##: ##:::: ##:
 ########::::. ##:::: ##:::::::'##:::. ##:. ######::: ##:: ## ## ##: ##:::: ##:
 ##.....:::::: ##:::: ##::::::: #########::..... ##:: ##:: ##. ####: ##:::: ##:
 ##::::::::::: ##:::: ##::: ##: ##.... ##:'##::: ##:: ##:: ##:. ###: ##:::: ##:
 ##::::::::::: ##::::. ######:: ##:::: ##:. ######::'####: ##::. ##:. #######::
 .::::::::::::..::::::......:::..:::::..:::......:::....::..::::..:::.......:::

                     Python Quantum Monte Carlo Package
                        v 0.2.0 [Vladimir Konkov]

    Main Author : Vladimir Konkov
 ------------------------------------------------------------------------------
 Started 2024/09/30 17:16:03

 Python 3.10.12 (main, Sep 11 2024, 15:47:36) [GCC 11.4.0]
 Numba 0.59.0
 Numpy 1.26.4
 Scipy 1.11.3

 Running in parallel using 4 MPI processes.

 General input parameters
 ========================
 NEU (num up spin electrons)              :  1
 NED (num down spin electrons)            :  1
 RUNTYPE (type of run)                    :  vmc_dmc
 PSI_S  (form for [anti]symmetrizing wfn) :  slater
 ATOM_BASIS_TYPE (atom-centred orb basis) :  slater-type
 INTERACTION (interaction type)           :  coulomb
 TESTRUN (read input data,print and stop) :  F
 PERIODIC                                 :  F
 COMPLEX_WF (complex Slater wave fn.)     :  F
 NEIGHPRINT (neighbour analysis)          :  0
 USE_JASTROW (use Jastrow factor)         :  T
 BACKFLOW (use backflow corrections)      :  F
 USE_ORBMODS (use orbitals modifications) :  F
 CUSP_CORRECTION                          :  F
 E_OFFSET (energy offset)                 :  0.0000
 CHECKPOINT (checkpointing level)         :  1
 CON_LOC (Dir to read/write config.*)     :  ./
 RELATIVISTIC                             :  F

 VMC/DMC input parameters
 ====================
 NEWRUN (start new run)                   :  T
 VMC_METHOD (choice of VMC algorithm)     :  1
 DTVMC (VMC time step)                    :  0.02
 OPT_DTVMC (VMC time-step optimization)   :  True
 VMC_NSTEP (num VMC steps)                :  1024
 VMC_NCONFIG_WRITE (num configs to write) :  1024
 VMC_NBLOCK (num VMC blocks)              :  1
 VMC_EQUIL_NSTEP (num equil steps)        :  5000
 VMC_DECORR_PERIOD (length of inner loop) :  1
 VMC_AVE_PERIOD (hist reduction factor)   :  1
 VMC_SAMPLING                             :  standard
 DMC_TARGET_WEIGHT                        :  1024.0
 DMC_MD                                   :  F
 DMC_EQUIL_NSTEP (num equil steps)        :  10000
 DMC_EQUIL_NBLOCK (num blocks)            :  1
 DMC_STATS_NSTEP (num stats steps)        :  500000
 DMC_STATS_NBLOCK (num blocks)            :  50
 DMC_DECORR_PERIOD (length of inner loop) :  1
 DMC_AVE_PERIOD (hist reduction factor)   :  1
 DMC_TRIP_WEIGHT (catastrophe thres)      :  0.00
 EBEST_AV_WINDOW (running av for energy)  :  25
 DMC_METHOD (choice of DMC algorithm)     :  1
 DMC_REWEIGHT_CONF (Update weights)       :  F
 DMC_SPACEWARPING (adjust e to new wfn)   :  F
 REDIST_GRP_SIZE (size of redist groups)  :  500
 DTDMC (DMC time step)                    :  0.08333
 TPDMC (DMC T_p parameter)                :  0
 CEREFDMC (constant for EREF [DMC])       :  1.000
 NUCLEUS_GF_MODS (DMC GF mods for nuclei) :  T
 ALPHALIMIT                               :  0.5
 IACCUM (flag for statistics run [DMC])   :  T
 IBRAN (flag to enable branching [DMC])   :  T
 LWDMC (flag for enabling weighted DMC)   :  F
 LWDMC_FIXPOP (fixed population LWDMC)    :  F
 DMC_NORM_CONSERVE                        :  F
 DMC_POPRENORM (renormalize config popn)  :  F
 GROWTH_ESTIMATOR (calc growth estimator) :  F
 USE_TMOVE                                :  False
 FUTURE_WALKING                           :  F
 MAKEMOVIE                                :  F
 FORCES                                   :  F

 ======================================================
 PERFORMING A VMC CONFIGURATION-GENERATION CALCULATION.
 ======================================================


 BEGIN VMC CALCULATION
 =====================

 Running VMC equilibration (5000 moves).
 Performing time-step optimization.
 Optimized step size: 0.36885
 DTVMC: 0.04535

 Starting VMC.

 =========================================================================
 In block : 1
  Number of VMC steps           = 1024

  Block average energies (au)

  Total energy                       (au) =          -2.903689227661
  Standard error                        +/-           0.000919844368

  Constant energy contributions      (au) =           0.000000000000

  Variance of local energy           (au) =           0.000205260167
  Standard error                        +/-           0.000000000000

 Time taken in block    : : :       0.3579

 =========================================================================
 FINAL RESULT:

  VMC energy (au)    Standard error      Correction for serial correlation

 -2.903689227661 +/- 0.000919844368      On-the-fly reblocking method

 Sample variance of E_L (au^2/sim.cell) : 0.000205260167


 *     *     *     *     *     *     *     *     *     *     *     *

 ===========================================
 PERFORMING A DMC EQUILIBRATION CALCULATION.
 ===========================================

 BEGIN DMC CALCULATION
 =====================

 Random number generator reset to state in config.in.

 EBEST = -2.9036892276610358 (au/prim cell inc. N-N)
 EREF  = -2.9036892276610358


 =========================================================================
 In block : 1

 Number of moves in block                 : 10000
 Load-balancing efficiency (%)            : 96.399
 Acceptance ratio (%)                     : 95.176
 Number of config transfers               : 220
 New best estimate of DMC energy (au)     : -2.90372550
 New best estimate of effective time step : 0.07930980

 Time taken in block    : : :       197.7132

 *     *     *     *     *     *     *     *     *     *     *     *

 =====================================================
 PERFORMING A DMC STATISTICS-ACCUMULATION CALCULATION.
 =====================================================

 BEGIN DMC CALCULATION
 =====================

 Random number generator reset to state in config.in.

 EBEST = -2.9032707981802317 (au/prim cell inc. N-N)
 EREF  = -2.9022442325932447

 Number of previous DMC stats accumulation moves : 0

 =========================================================================
 In block : 1

 Number of moves in block                 : 10000
 Load-balancing efficiency (%)            : 96.398
 Acceptance ratio (%)                     : 95.332
 Number of config transfers               : 234
 New best estimate of DMC energy (au)     : -2.90372000
 New best estimate of effective time step : 0.07943993

 Time taken in block    : : :       205.4562

 =========================================================================
 In block : 2

 Number of moves in block                 : 10000
 Load-balancing efficiency (%)            : 96.707
 Acceptance ratio (%)                     : 95.091
 Number of config transfers               : 221
 New best estimate of DMC energy (au)     : -2.90371393
 New best estimate of effective time step : 0.07923951

 Time taken in block    : : :       215.0568

 =========================================================================
 In block : 3

 Number of moves in block                 : 10000
 Load-balancing efficiency (%)            : 96.468
 Acceptance ratio (%)                     : 94.966
 Number of config transfers               : 235
 New best estimate of DMC energy (au)     : -2.90371744
 New best estimate of effective time step : 0.07913528

 Time taken in block    : : :       214.3528

 =========================================================================
 In block : 4

 Number of moves in block                 : 10000
 Load-balancing efficiency (%)            : 96.831
 Acceptance ratio (%)                     : 95.355
 Number of config transfers               : 208
 New best estimate of DMC energy (au)     : -2.90372183
 New best estimate of effective time step : 0.07945919

 Time taken in block    : : :       207.1050

 =========================================================================
 In block : 5

 Number of moves in block                 : 10000
 Load-balancing efficiency (%)            : 96.534
 Acceptance ratio (%)                     : 95.275
 Number of config transfers               : 223
 New best estimate of DMC energy (au)     : -2.90372454
 New best estimate of effective time step : 0.07939287

 Time taken in block    : : :       211.2434

 =========================================================================
 In block : 6

 Number of moves in block                 : 10000
 Load-balancing efficiency (%)            : 96.355
 Acceptance ratio (%)                     : 95.363
 Number of config transfers               : 231
 New best estimate of DMC energy (au)     : -2.90372686
 New best estimate of effective time step : 0.07946601

 Time taken in block    : : :       212.5392

 =========================================================================
 In block : 7

 Number of moves in block                 : 10000
 Load-balancing efficiency (%)            : 96.909
 Acceptance ratio (%)                     : 95.432
 Number of config transfers               : 194
 New best estimate of DMC energy (au)     : -2.90372602
 New best estimate of effective time step : 0.07952339

 Time taken in block    : : :       206.6782

 =========================================================================
 In block : 8

 Number of moves in block                 : 10000
 Load-balancing efficiency (%)            : 96.506
 Acceptance ratio (%)                     : 94.913
 Number of config transfers               : 231
 New best estimate of DMC energy (au)     : -2.90372769
 New best estimate of effective time step : 0.07909140

 Time taken in block    : : :       217.8409

 =========================================================================
 In block : 9

 Number of moves in block                 : 10000
 Load-balancing efficiency (%)            : 96.336
 Acceptance ratio (%)                     : 95.433
 Number of config transfers               : 232
 New best estimate of DMC energy (au)     : -2.90372720
 New best estimate of effective time step : 0.07952395

 Time taken in block    : : :       216.5078

 =========================================================================
 In block : 10

 Number of moves in block                 : 10000
 Load-balancing efficiency (%)            : 97.329
 Acceptance ratio (%)                     : 95.578
 Number of config transfers               : 167
 New best estimate of DMC energy (au)     : -2.90372551
 New best estimate of effective time step : 0.07964518

 Time taken in block    : : :       208.4995

 =========================================================================
 In block : 11

 Number of moves in block                 : 10000
 Load-balancing efficiency (%)            : 96.761
 Acceptance ratio (%)                     : 95.090
 Number of config transfers               : 203
 New best estimate of DMC energy (au)     : -2.90372673
 New best estimate of effective time step : 0.07923840

 Time taken in block    : : :       212.9719

 =========================================================================
 In block : 12

 Number of moves in block                 : 10000
 Load-balancing efficiency (%)            : 96.645
 Acceptance ratio (%)                     : 95.342
 Number of config transfers               : 228
 New best estimate of DMC energy (au)     : -2.90372586
 New best estimate of effective time step : 0.07944853

 Time taken in block    : : :       214.3486

 =========================================================================
 In block : 13

 Number of moves in block                 : 10000
 Load-balancing efficiency (%)            : 96.869
 Acceptance ratio (%)                     : 94.839
 Number of config transfers               : 215
 New best estimate of DMC energy (au)     : -2.90372539
 New best estimate of effective time step : 0.07902943

 Time taken in block    : : :       205.2530

 =========================================================================
 In block : 14

 Number of moves in block                 : 10000
 Load-balancing efficiency (%)            : 96.974
 Acceptance ratio (%)                     : 95.072
 Number of config transfers               : 189
 New best estimate of DMC energy (au)     : -2.90372526
 New best estimate of effective time step : 0.07922374

 Time taken in block    : : :       213.3040

 =========================================================================
 In block : 15

 Number of moves in block                 : 10000
 Load-balancing efficiency (%)            : 97.132
 Acceptance ratio (%)                     : 95.010
 Number of config transfers               : 205
 New best estimate of DMC energy (au)     : -2.90372481
 New best estimate of effective time step : 0.07917166

 Time taken in block    : : :       212.4626

 =========================================================================
 In block : 16

 Number of moves in block                 : 10000
 Load-balancing efficiency (%)            : 97.011
 Acceptance ratio (%)                     : 95.879
 Number of config transfers               : 213
 New best estimate of DMC energy (au)     : -2.90372502
 New best estimate of effective time step : 0.07989581

 Time taken in block    : : :       206.2585

 =========================================================================
 In block : 17

 Number of moves in block                 : 10000
 Load-balancing efficiency (%)            : 97.092
 Acceptance ratio (%)                     : 95.009
 Number of config transfers               : 188
 New best estimate of DMC energy (au)     : -2.90372477
 New best estimate of effective time step : 0.07917116

 Time taken in block    : : :       214.7218

 =========================================================================
 In block : 18

 Number of moves in block                 : 10000
 Load-balancing efficiency (%)            : 96.126
 Acceptance ratio (%)                     : 95.460
 Number of config transfers               : 279
 New best estimate of DMC energy (au)     : -2.90372412
 New best estimate of effective time step : 0.07954710

 Time taken in block    : : :       209.9241

 =========================================================================
 In block : 19

 Number of moves in block                 : 10000
 Load-balancing efficiency (%)            : 96.478
 Acceptance ratio (%)                     : 95.550
 Number of config transfers               : 233
 New best estimate of DMC energy (au)     : -2.90372458
 New best estimate of effective time step : 0.07962174

 Time taken in block    : : :       208.0009

 =========================================================================
 In block : 20

 Number of moves in block                 : 10000
 Load-balancing efficiency (%)            : 97.208
 Acceptance ratio (%)                     : 95.231
 Number of config transfers               : 177
 New best estimate of DMC energy (au)     : -2.90372466
 New best estimate of effective time step : 0.07935634

 Time taken in block    : : :       212.7278

 =========================================================================
 In block : 21

 Number of moves in block                 : 10000
 Load-balancing efficiency (%)            : 96.334
 Acceptance ratio (%)                     : 95.285
 Number of config transfers               : 233
 New best estimate of DMC energy (au)     : -2.90372449
 New best estimate of effective time step : 0.07940135

 Time taken in block    : : :       204.5837

 =========================================================================
 In block : 22

 Number of moves in block                 : 10000
 Load-balancing efficiency (%)            : 96.904
 Acceptance ratio (%)                     : 95.351
 Number of config transfers               : 199
 New best estimate of DMC energy (au)     : -2.90372457
 New best estimate of effective time step : 0.07945568

 Time taken in block    : : :       212.7874

 =========================================================================
 In block : 23

 Number of moves in block                 : 10000
 Load-balancing efficiency (%)            : 96.136
 Acceptance ratio (%)                     : 95.255
 Number of config transfers               : 256
 New best estimate of DMC energy (au)     : -2.90372479
 New best estimate of effective time step : 0.07937591

 Time taken in block    : : :       209.8743

 =========================================================================
 In block : 24

 Number of moves in block                 : 10000
 Load-balancing efficiency (%)            : 96.724
 Acceptance ratio (%)                     : 95.775
 Number of config transfers               : 223
 New best estimate of DMC energy (au)     : -2.90372489
 New best estimate of effective time step : 0.07980958

 Time taken in block    : : :       211.0995

 =========================================================================
 In block : 25

 Number of moves in block                 : 10000
 Load-balancing efficiency (%)            : 95.931
 Acceptance ratio (%)                     : 94.438
 Number of config transfers               : 276
 New best estimate of DMC energy (au)     : -2.90372452
 New best estimate of effective time step : 0.07869521

 Time taken in block    : : :       218.4553

 =========================================================================
 In block : 26

 Number of moves in block                 : 10000
 Load-balancing efficiency (%)            : 96.377
 Acceptance ratio (%)                     : 94.999
 Number of config transfers               : 228
 New best estimate of DMC energy (au)     : -2.90372403
 New best estimate of effective time step : 0.07916267

 Time taken in block    : : :       210.1644

 =========================================================================
 In block : 27

 Number of moves in block                 : 10000
 Load-balancing efficiency (%)            : 96.494
 Acceptance ratio (%)                     : 95.009
 Number of config transfers               : 237
 New best estimate of DMC energy (au)     : -2.90372397
 New best estimate of effective time step : 0.07917077

 Time taken in block    : : :       217.0182

 =========================================================================
 In block : 28

 Number of moves in block                 : 10000
 Load-balancing efficiency (%)            : 96.969
 Acceptance ratio (%)                     : 95.457
 Number of config transfers               : 180
 New best estimate of DMC energy (au)     : -2.90372341
 New best estimate of effective time step : 0.07954403

 Time taken in block    : : :       220.9119

 =========================================================================
 In block : 29

 Number of moves in block                 : 10000
 Load-balancing efficiency (%)            : 96.978
 Acceptance ratio (%)                     : 94.842
 Number of config transfers               : 218
 New best estimate of DMC energy (au)     : -2.90372383
 New best estimate of effective time step : 0.07903198

 Time taken in block    : : :       215.9738

 =========================================================================
 In block : 30

 Number of moves in block                 : 10000
 Load-balancing efficiency (%)            : 96.269
 Acceptance ratio (%)                     : 95.109
 Number of config transfers               : 240
 New best estimate of DMC energy (au)     : -2.90372353
 New best estimate of effective time step : 0.07925446

 Time taken in block    : : :       208.5596

 =========================================================================
 In block : 31

 Number of moves in block                 : 10000
 Load-balancing efficiency (%)            : 96.806
 Acceptance ratio (%)                     : 95.081
 Number of config transfers               : 191
 New best estimate of DMC energy (au)     : -2.90372320
 New best estimate of effective time step : 0.07923114

 Time taken in block    : : :       208.7665

 =========================================================================
 In block : 32

 Number of moves in block                 : 10000
 Load-balancing efficiency (%)            : 96.164
 Acceptance ratio (%)                     : 95.137
 Number of config transfers               : 238
 New best estimate of DMC energy (au)     : -2.90372323
 New best estimate of effective time step : 0.07927764

 Time taken in block    : : :       213.7268

 =========================================================================
 In block : 33

 Number of moves in block                 : 10000
 Load-balancing efficiency (%)            : 95.795
 Acceptance ratio (%)                     : 94.967
 Number of config transfers               : 257
 New best estimate of DMC energy (au)     : -2.90372316
 New best estimate of effective time step : 0.07913568

 Time taken in block    : : :       207.7311

 =========================================================================
 In block : 34

 Number of moves in block                 : 10000
 Load-balancing efficiency (%)            : 96.032
 Acceptance ratio (%)                     : 94.949
 Number of config transfers               : 256
 New best estimate of DMC energy (au)     : -2.90372287
 New best estimate of effective time step : 0.07912096

 Time taken in block    : : :       218.4107

 =========================================================================
 In block : 35

 Number of moves in block                 : 10000
 Load-balancing efficiency (%)            : 96.817
 Acceptance ratio (%)                     : 95.643
 Number of config transfers               : 209
 New best estimate of DMC energy (au)     : -2.90372298
 New best estimate of effective time step : 0.07969909

 Time taken in block    : : :       209.2227

 =========================================================================
 In block : 36

 Number of moves in block                 : 10000
 Load-balancing efficiency (%)            : 96.903
 Acceptance ratio (%)                     : 95.521
 Number of config transfers               : 199
 New best estimate of DMC energy (au)     : -2.90372289
 New best estimate of effective time step : 0.07959724

 Time taken in block    : : :       206.6491

 =========================================================================
 In block : 37

 Number of moves in block                 : 10000
 Load-balancing efficiency (%)            : 96.030
 Acceptance ratio (%)                     : 94.872
 Number of config transfers               : 247
 New best estimate of DMC energy (au)     : -2.90372271
 New best estimate of effective time step : 0.07905722

 Time taken in block    : : :       215.9438

 =========================================================================
 In block : 38

 Number of moves in block                 : 10000
 Load-balancing efficiency (%)            : 96.038
 Acceptance ratio (%)                     : 95.460
 Number of config transfers               : 259
 New best estimate of DMC energy (au)     : -2.90372294
 New best estimate of effective time step : 0.07954663

 Time taken in block    : : :       209.9931

 =========================================================================
 In block : 39

 Number of moves in block                 : 10000
 Load-balancing efficiency (%)            : 96.276
 Acceptance ratio (%)                     : 95.083
 Number of config transfers               : 241
 New best estimate of DMC energy (au)     : -2.90372300
 New best estimate of effective time step : 0.07923264

 Time taken in block    : : :       211.4306

 =========================================================================
 In block : 40

 Number of moves in block                 : 10000
 Load-balancing efficiency (%)            : 96.402
 Acceptance ratio (%)                     : 95.035
 Number of config transfers               : 252
 New best estimate of DMC energy (au)     : -2.90372283
 New best estimate of effective time step : 0.07919229

 Time taken in block    : : :       217.1778

 =========================================================================
 In block : 41

 Number of moves in block                 : 10000
 Load-balancing efficiency (%)            : 97.182
 Acceptance ratio (%)                     : 95.050
 Number of config transfers               : 166
 New best estimate of DMC energy (au)     : -2.90372282
 New best estimate of effective time step : 0.07920475

 Time taken in block    : : :       210.6339

 =========================================================================
 In block : 42

 Number of moves in block                 : 10000
 Load-balancing efficiency (%)            : 96.853
 Acceptance ratio (%)                     : 95.230
 Number of config transfers               : 194
 New best estimate of DMC energy (au)     : -2.90372278
 New best estimate of effective time step : 0.07935496

 Time taken in block    : : :       211.5186

 =========================================================================
 In block : 43

 Number of moves in block                 : 10000
 Load-balancing efficiency (%)            : 96.441
 Acceptance ratio (%)                     : 94.982
 Number of config transfers               : 243
 New best estimate of DMC energy (au)     : -2.90372257
 New best estimate of effective time step : 0.07914839

 Time taken in block    : : :       215.4379

 =========================================================================
 In block : 44

 Number of moves in block                 : 10000
 Load-balancing efficiency (%)            : 96.055
 Acceptance ratio (%)                     : 95.288
 Number of config transfers               : 263
 New best estimate of DMC energy (au)     : -2.90372275
 New best estimate of effective time step : 0.07940331

 Time taken in block    : : :       223.1567

 =========================================================================
 In block : 45

 Number of moves in block                 : 10000
 Load-balancing efficiency (%)            : 96.252
 Acceptance ratio (%)                     : 95.561
 Number of config transfers               : 239
 New best estimate of DMC energy (au)     : -2.90372297
 New best estimate of effective time step : 0.07963088

 Time taken in block    : : :       207.9297

 =========================================================================
 In block : 46

 Number of moves in block                 : 10000
 Load-balancing efficiency (%)            : 96.320
 Acceptance ratio (%)                     : 95.498
 Number of config transfers               : 254
 New best estimate of DMC energy (au)     : -2.90372265
 New best estimate of effective time step : 0.07957853

 Time taken in block    : : :       214.8118

 =========================================================================
 In block : 47

 Number of moves in block                 : 10000
 Load-balancing efficiency (%)            : 97.102
 Acceptance ratio (%)                     : 95.259
 Number of config transfers               : 211
 New best estimate of DMC energy (au)     : -2.90372251
 New best estimate of effective time step : 0.07937961

 Time taken in block    : : :       212.6518

 =========================================================================
 In block : 48

 Number of moves in block                 : 10000
 Load-balancing efficiency (%)            : 96.311
 Acceptance ratio (%)                     : 94.796
 Number of config transfers               : 244
 New best estimate of DMC energy (au)     : -2.90372260
 New best estimate of effective time step : 0.07899388

 Time taken in block    : : :       209.3247

 =========================================================================
 In block : 49

 Number of moves in block                 : 10000
 Load-balancing efficiency (%)            : 95.925
 Acceptance ratio (%)                     : 94.841
 Number of config transfers               : 241
 New best estimate of DMC energy (au)     : -2.90372266
 New best estimate of effective time step : 0.07903116

 Time taken in block    : : :       216.7913

 =========================================================================
 In block : 50

 Number of moves in block                 : 10000
 Load-balancing efficiency (%)            : 96.429
 Acceptance ratio (%)                     : 95.523
 Number of config transfers               : 222
 New best estimate of DMC energy (au)     : -2.90372276
 New best estimate of effective time step : 0.07959941

 Time taken in block    : : :       211.7592

Mixed estimators of the energies at the end of the run
------------------------------------------------------

Total energy                 =       -2.903722756307 +/- 0.000001114306

 =========================================================================

 Total PyCasino real time : : :    10807.0780
