
 ------------------------------------------------------------------------------
 ########::'##:::'##::'######:::::'###:::::'######::'####:'##::: ##::'#######::
 ##.... ##:. ##:'##::'##... ##:::'## ##:::'##... ##:. ##:: ###:: ##:'##.... ##:
 ##:::: ##::. ####::: ##:::..:::'##:. ##:: ##:::..::: ##:: ####: ##: ##:::: ##:
 ########::::. ##:::: ##:::::::'##:::. ##:. ######::: ##:: ## ## ##: ##:::: ##:
 ##.....:::::: ##:::: ##::::::: #########::..... ##:: ##:: ##. ####: ##:::: ##:
 ##::::::::::: ##:::: ##::: ##: ##.... ##:'##::: ##:: ##:: ##:. ###: ##:::: ##:
 ##::::::::::: ##::::. ######:: ##:::: ##:. ######::'####: ##::. ##:. #######::
 .::::::::::::..::::::......:::..:::::..:::......:::....::..::::..:::.......:::

                     Python Quantum Monte Carlo Package
                        v 0.2.0 [Vladimir Konkov]

    Main Author : Vladimir Konkov
 ------------------------------------------------------------------------------
 Started 2024/09/18 07:30:28

 Python 3.10.12 (main, Sep 11 2024, 15:47:36) [GCC 11.4.0]
 Numba 0.59.0
 Numpy 1.26.4
 Scipy 1.11.3

 Running in parallel using 4 MPI processes.

 General input parameters
 ========================
 NEU (num up spin electrons)              :  8
 NED (num down spin electrons)            :  8
 RUNTYPE (type of run)                    :  vmc_opt
 PSI_S  (form for [anti]symmetrizing wfn) :  slater
 ATOM_BASIS_TYPE (atom-centred orb basis) :  gaussian
 INTERACTION (interaction type)           :  coulomb
 TESTRUN (read input data,print and stop) :  F
 PERIODIC                                 :  F
 COMPLEX_WF (complex Slater wave fn.)     :  F
 NEIGHPRINT (neighbour analysis)          :  0
 USE_JASTROW (use Jastrow factor)         :  T
 BACKFLOW (use backflow corrections)      :  T
 USE_ORBMODS (use orbitals modifications) :  F
 E_OFFSET (energy offset)                 :  0.0000
 CHECKPOINT (checkpointing level)         :  1
 CON_LOC (Dir to read/write config.*)     :  ./
 RELATIVISTIC                             :  F

 VMC/optimization input parameters
 ====================
 NEWRUN (start new run)                   :  T
 VMC_METHOD (choice of VMC algorithm)     :  3
 DTVMC (VMC time step)                    :  1.0000E-02
 OPT_DTVMC (VMC time-step optimization)   :  1
 VMC_NSTEP (num VMC steps)                :  10000
 VMC_NCONFIG_WRITE (num configs to write) :  10000
 VMC_NBLOCK (num VMC blocks)              :  1
 VMC_EQUIL_NSTEP (num equil steps)        :  5000
 VMC_DECORR_PERIOD (length of inner loop) :  10
 VMC_AVE_PERIOD (hist reduction factor)   :  1
 VMC_SAMPLING                             :  standard
 MAKEMOVIE                                :  F
 FORCES                                   :  F

 Gaussian cusp correction
 ========================
 Activated.

 BEGIN VMC CALCULATION
 =====================

 Running VMC equilibration (5000 moves).
 Performing time-step optimization.
 Optimized step size: 0.11484
 DTVMC: 0.00440

 Starting VMC.

 =========================================================================
 In block : 1
  Number of VMC steps           = 10000

  Block average energies (au)

  Total energy                       (au) =         -52.819829419228
  Standard error                        +/-           0.063892973180

  Constant energy contributions      (au) =          32.169090804218

  Variance of local energy           (au) =          10.773929615357
  Standard error                        +/-           0.000000000000

 Time taken in block    : : :       30.3983

 =========================================================================
 FINAL RESULT:

  VMC energy (au)    Standard error      Correction for serial correlation

 -52.819829419228 +/- 0.063892973180      On-the-fly reblocking method

 Sample variance of E_L (au^2/sim.cell) : 10.773929615357


 ==========================================
 PERFORMING OPTIMIZATION CALCULATION No. 1.
 ==========================================


 Optimization start
 ==================
   Iteration     Total nfev        Cost      Cost reduction    Step norm     Optimality
       0              1         1.0190e+01                                    2.64e+08
       1              2         1.7573e+00      8.43e+00       4.14e-03       9.48e+06
       2              3         9.7966e-01      7.78e-01       8.88e-03       9.72e+05
       3              4         5.3274e-01      4.47e-01       2.42e-02       5.64e+05
       4              5         3.5249e-01      1.80e-01       3.92e-02       3.63e+05
       5              6         2.8606e-01      6.64e-02       7.20e-02       3.68e+05
       6              7         2.4787e-01      3.82e-02       9.40e-02       3.14e+05
       7              8         2.2521e-01      2.27e-02       1.09e-01       2.20e+05
       8              9         2.1443e-01      1.08e-02       1.59e-01       7.28e+04
       9             10         2.1038e-01      4.06e-03       2.72e-01       8.30e+04
`ftol` termination condition is satisfied.
Function evaluations 10, initial cost 1.0190e+01, final cost 2.1038e-01, first-order optimality 8.30e+04.
Norm of Jacobian at the solution: 5.18876e-10

 BEGIN VMC CALCULATION
 =====================

 Running VMC equilibration (5000 moves).
 Performing time-step optimization.
 Optimized step size: 0.11676
 DTVMC: 0.00454

 Starting VMC.

 =========================================================================
 In block : 1
  Number of VMC steps           = 10000

  Block average energies (au)

  Total energy                       (au) =         -53.228478270527
  Standard error                        +/-           0.018955444663

  Constant energy contributions      (au) =          32.169090804218

  Variance of local energy           (au) =           0.221286781076
  Standard error                        +/-           0.000000000000

 Time taken in block    : : :       33.1688

 =========================================================================
 FINAL RESULT:

  VMC energy (au)    Standard error      Correction for serial correlation

 -53.228478270527 +/- 0.018955444663      On-the-fly reblocking method

 Sample variance of E_L (au^2/sim.cell) : 0.221286781076


 ==========================================
 PERFORMING OPTIMIZATION CALCULATION No. 2.
 ==========================================


 Optimization start
 ==================
Stabilization: 1.0 SEM
E_0 -53.24291947 E_lin -53.29422723 dE -0.05130776
eigvector[0] 0.89246953
delta p / p
[ 1.19574977e-02  3.18751467e-02 -9.06988974e-02  1.36789342e-02
 -3.98736423e-02  4.77601566e-03 -6.76219823e-04  7.25421146e-04
 -2.23316615e-02  7.62736602e-02 -1.62898957e-02  1.77381881e-02
 -2.81481835e-03 -1.90531222e-03  3.25549187e-03 -2.00206689e-03
 -3.30984210e-02  3.64473071e-02 -4.12071408e-02  1.11175760e-01
  7.61298550e-03 -1.38213677e-03  4.91612001e-04 -3.42506690e-04
  2.18199590e-04  5.15376540e-03  3.15500167e-08  4.48075623e-02
 -7.01544985e-02  5.41614819e-03 -7.61696283e-04 -1.04697924e-04
  3.06428994e-04 -6.89054408e-05 -5.85203237e-03 -1.75923612e-05
 -1.29590212e+00 -4.82748498e-03 -8.03948973e-03  6.99413306e-04
 -2.56541142e-02  2.55154213e-02  1.07445233e-04  1.78673345e-04
  5.36992145e-04  9.82697238e-03  3.37891984e-03  4.02614524e-04
  8.52839172e-04 -1.64629447e-03 -5.99723946e-06 -4.36515906e-04
 -6.52438046e-03 -1.66759526e-04 -5.80084449e-04 -1.14656945e+02
  3.08807700e-04 -7.96164507e-04 -1.67831275e-02 -8.66892326e-05
 -1.94584976e-03  2.56507069e-03 -3.48067441e-05 -3.22197340e-03
  3.32594089e-03  6.07716382e-04  1.53999431e-03  1.80348799e-03
  1.36323032e-03  6.01822752e-04 -2.13902686e-05  1.07672081e-03
  4.84252263e-02  3.22492636e-03 -5.69498238e-03  3.23783310e-03
 -1.41662805e-03 -9.01116245e-03 -1.97092122e-03  1.37936815e-05
 -1.30787332e-03 -7.49758649e-03  1.86533099e-04 -1.49849258e-03
 -1.53035402e-02  2.41094330e-03  5.19616212e-02 -9.53586292e-04
 -1.38641074e-11  7.79007543e-01 -8.54397356e-03  6.13902835e-04
  2.90704138e-03 -5.32556418e-04 -3.19772467e-04 -5.15610182e-02
  1.04198971e-02 -4.35145016e-01  1.48142317e-02 -2.76242724e-03
  2.51956121e-03 -9.16365654e-04  6.31225293e-04 -1.10270169e-03
 -6.59681683e-05  1.65157491e-03  6.84029685e-03 -9.44314990e-04
  3.65144359e-02  2.16716851e-03 -1.58882956e-03 -4.42862352e-03
 -1.58759731e-03  7.57848027e-04 -1.74376610e-02  8.94290473e-03
  4.78915004e-04  5.00344930e-05  6.27533820e-04 -2.06202436e-03
  1.08820236e-01 -4.26369786e-04  2.07973352e-02  5.96171349e-02
  1.26109688e-01 -9.45304221e-04  9.67947024e-04 -2.54274896e-03
  8.64417319e-02  3.14247110e-04 -2.61699958e-04  2.81398240e-04
 -3.90380009e-02  9.00308295e-04 -1.18303046e-01 -1.23967348e-02
  6.10375621e-04 -2.11158178e-03 -1.97708310e-04  1.94242260e-04
 -4.45164617e-04 -4.92286350e-02 -1.74380107e-02 -1.86768733e-02
 -1.79598695e-03  1.32368986e-03  2.47296825e-03  1.66919044e-02
 -7.20897289e-03  3.18593137e-03  9.90118914e-02  1.41580199e+00
 -2.24461701e-01 -1.07883127e-02  1.22877579e-02 -9.57135627e-03
 -5.97275132e-03  9.31241882e-02  4.60834471e-02 -6.20305830e-03
 -6.55355093e-02  4.35842278e-02  1.25525991e-02  9.37901880e-03
 -5.03512344e-04  1.98037787e-03 -4.20201734e-03 -1.85892106e-03
 -1.66295507e-04  7.04453832e-03  5.58618471e-08  9.79640156e-03
  2.41498606e-03 -5.45022838e-03  3.52263090e-02  2.80747405e-02
  5.99222220e-03  1.87181453e-03 -1.22084270e-02 -2.37818398e-02
 -1.04340142e-02 -1.13976184e-03  1.01521066e-01 -6.89820120e-02
 -3.21329245e-01  8.76789782e-03 -9.86417028e-01 -5.78576146e-03
 -1.07378504e-01  1.45812774e-04 -1.26623558e-03  7.49888643e-04
  1.86640080e-03  4.62058722e-03 -3.10043214e-01  1.76780322e-04
  9.68515397e-02  3.79351519e-02 -4.61975512e-05  4.88771904e-02
  1.49171435e-02 -6.49675822e-04 -4.80556485e-03  3.25086368e-02
 -5.03458871e-03  5.66668354e-02  2.72163702e-03 -4.22841152e-03
 -1.47489992e-02 -3.01687930e-03 -6.59333440e-03 -1.58884357e-02
  5.06301760e-01 -5.88126571e-02  8.76910796e-03 -2.08127386e-03
  2.15523968e-03  3.16098127e-03  7.61990850e-03 -3.96146116e-03
  6.94365170e-03  2.73679328e-03  4.83437807e-03 -7.04581899e-04
 -1.89110982e-02 -9.51235606e-02 -3.45387210e-03  1.63546102e-03
 -1.10466976e-02 -1.34627530e-02 -1.42689152e-02 -4.93641523e-02
  2.01515647e-02 -3.81431715e-02  7.59224097e-03  4.28914811e-04
 -1.19866753e-02 -7.45923485e-03  3.11712292e-01 -5.06121616e-03
 -2.23557743e-03  2.02973602e-03  1.68482288e-03 -1.37698601e-02
  1.10138940e-03  2.01873095e-04  2.35788173e-02 -2.90515698e-03
  6.63068560e-03 -2.97085575e-03  8.14142144e-03 -1.49590323e-04
 -1.50507064e-03  3.99735972e-03 -6.03097042e-04 -9.49772005e-05
  4.77626717e-02 -1.64566373e-03  4.63805723e-03 -5.16894187e-03
 -3.89674815e-03  3.47877268e-04  1.59198714e-03 -2.46204667e-03
 -3.71488625e-03  4.25572746e-02  1.19663617e-03 -5.44201433e-02
 -2.16463738e-02 -1.26252862e-04 -2.22812366e-02  6.76455293e-03
 -6.18717288e-02  3.02122517e-02  9.89598493e-03 -5.78731661e-05
  1.19706666e-03 -2.65273568e-03 -4.98274012e-03  3.10127307e-03
  1.39670031e-03  1.10676242e-02  3.73155138e-02 -1.72643299e-04
 -8.33587977e-03 -6.57277472e-03 -4.97416117e-04  2.53635266e-03
  5.51684577e-03  4.58290517e-02 -2.76800850e-03 -3.87989391e-03
  3.92414997e-03 -3.32786770e-01  3.22117598e-07  2.34190214e-02
  4.52062772e-04  4.02100340e-03 -2.11278832e-02  1.04777762e-01
  3.30590396e-01  1.26880819e-02  4.69260274e-04  1.76060000e-02
  1.64020193e-04  1.40589190e-03 -6.08307860e-04  8.91474204e-04
  1.38751996e-04 -4.04592289e-02 -1.21416549e-03  3.46177437e-02
 -4.21545647e-03  1.03450382e-03 -2.52592016e-02 -4.67149255e-04
 -8.72837893e-04 -2.35688748e-03 -2.08627375e-03  7.02482023e-04
  2.57969829e-02  1.64773258e-02 -9.86465376e-04 -4.36620054e-02
 -4.33998491e-03  4.03295206e-03 -7.71490666e-03  6.03751468e-02
  2.56503949e-02  7.07772703e-02 -8.19514144e-03 -5.75069310e-03
  4.22195869e-03 -3.66070581e-03 -5.25445405e-03  2.53821383e-03
  1.56612551e-03  1.08292756e-02  2.24439360e-03  2.39405510e-02
 -2.21948372e-02 -1.95500579e-02  6.38815175e-03  6.84322625e-03
  2.54505249e-02  9.81774523e-03 -2.03642724e-02 -3.96894151e-03
 -3.59079077e-03  7.13780455e-04  2.75799299e-02  3.09361721e-03
 -7.06964830e-02  2.44139063e-03 -1.52938382e-02 -1.17571993e-02
 -1.38732872e-04  5.87372275e-03  5.36975631e-04  2.40454327e-03
  1.46890818e-01  3.15985057e-02 -5.64319594e-03  5.63372554e-03
 -1.91473032e-04  6.15143341e-04  1.01766180e-03  1.45717695e-03
 -1.30125763e-03  1.13011559e-03  2.61106417e-04  1.19798082e-02
  3.07419960e-03 -3.71800546e-01  1.43777581e-01 -3.23289356e-02
 -2.57100634e-03 -7.62470939e-04  4.98185184e-03 -6.01714672e-03
 -9.97451937e-04  5.02409348e-03  3.90032632e-03 -3.87412392e-03
 -1.37200264e-03 -5.77349732e-03 -5.50489578e-03  1.47044316e-02
  1.55848265e-02  2.02346738e-04 -3.19095507e-05  1.31489415e-03
 -1.23965870e-02  3.74856049e-03 -9.14646680e-03  6.86155602e-04
  8.54926084e-03 -4.40672404e-04 -4.59446005e-03 -3.73426541e-03
 -1.52848136e-02  6.01793867e-02  1.61787002e-03 -6.50996652e-03
  1.58681555e-01  1.48828774e-03  1.45472405e-01 -7.85645943e-03
 -3.80329097e-01]

 BEGIN VMC CALCULATION
 =====================

 Running VMC equilibration (5000 moves).
 Performing time-step optimization.
 Optimized step size: 0.11728
 DTVMC: 0.00458

 Starting VMC.

 =========================================================================
 In block : 1
  Number of VMC steps           = 10000

  Block average energies (au)

  Total energy                       (au) =         -53.206147469872
  Standard error                        +/-           0.017511900732

  Constant energy contributions      (au) =          32.169090804218

  Variance of local energy           (au) =           0.255605136225
  Standard error                        +/-           0.000000000000

 Time taken in block    : : :       31.1613

 =========================================================================
 FINAL RESULT:

  VMC energy (au)    Standard error      Correction for serial correlation

 -53.206147469872 +/- 0.017511900732      On-the-fly reblocking method

 Sample variance of E_L (au^2/sim.cell) : 0.255605136225


 ==========================================
 PERFORMING OPTIMIZATION CALCULATION No. 3.
 ==========================================


 Optimization start
 ==================
Stabilization: 1.0 SEM
E_0 -53.23499613 E_lin -53.27131167 dE -0.03631554
eigvector[0] 0.83754163
delta p / p
[ 2.49707823e-03  3.22287697e-02 -9.57490412e-02  2.57481664e-02
 -3.66397259e-04 -5.44538262e-04  1.84564763e-03 -2.48121158e-03
 -2.86774849e-03  8.67910146e-03 -2.36531038e-02 -3.71223276e-03
  1.77822042e-05  6.15430195e-04 -6.86399056e-04  8.44114852e-04
 -1.42391426e-03 -2.34500523e-03  7.50122471e-02 -7.52122519e-02
 -7.48496702e-03  1.77201150e-03 -6.01262417e-04 -6.76836444e-07
  1.05699622e-03 -3.83512915e-03 -2.18239947e-09 -9.18238040e-03
  4.01011668e-02 -8.62454277e-04  1.88155344e-04 -3.01157552e-04
  4.65957107e-04 -6.99874667e-04 -7.13085875e-04  1.71077848e-05
 -1.86163209e+00  7.07314783e-04  1.38485223e-03 -3.96649848e-04
 -8.38546049e-04 -7.21969141e-03 -6.99213695e-04  1.97938640e-04
 -8.88215310e-05  2.09255221e-02 -9.29746672e-04 -1.08562506e-03
 -3.84138207e-04  3.22590303e-03 -1.68938343e-04 -1.65487302e-03
 -2.15822581e-02  5.23129716e-05 -3.26132064e-03  8.65458476e-01
 -7.55320523e-04  2.24460105e-03 -6.94576286e-02  3.08092959e-04
  7.92423781e-03  4.72614274e-05  3.48029123e-05 -2.10977016e-03
  1.15677549e-03 -4.62352731e-04 -4.06740405e-03 -7.20446890e-04
 -4.84496227e-04 -6.40524698e-04  1.95458930e-05 -2.97734657e-03
 -1.58786921e-02 -1.98736064e-03  1.93900315e-02 -9.61745117e-04
  8.89233958e-04  2.42130324e-03 -2.22687133e-03  2.53623997e-05
 -7.62297858e-04 -1.55856123e-02 -2.19410495e-04  1.27140328e-03
  1.62798266e-03 -6.81503157e-04 -3.15879861e-02  1.13155683e-02
  1.03769814e-10 -4.67114084e-01  1.15257137e-02 -1.33944169e-03
 -2.22418869e-03  1.77789518e-03 -8.83094948e-03  1.04978658e-01
 -7.88236875e-03 -6.15204745e-01 -6.55104473e-02  6.19510096e-03
 -9.71636971e-03  5.96422604e-03 -8.51531674e-04  7.37666703e-03
 -3.74000812e-03  7.35585381e-03 -3.88178739e-02  1.68019060e-03
  9.47192723e-03 -3.70375757e-03  1.60871607e-03  1.33628090e-03
  3.87411804e-03 -4.19090538e-03 -7.58875859e-02 -1.03913529e-01
 -2.05582495e-03  5.28758935e-03  2.09639572e-03 -6.95078294e-03
  3.14324828e-01  2.59749458e-03 -2.68532278e-02 -2.30093274e-02
 -1.34966010e-01  3.08220307e-03 -4.63626238e-03  2.32023781e-03
 -9.38473609e-02 -4.58050693e-04  7.72165992e-04 -5.09932488e-03
 -4.30911645e-02 -6.58806947e-03  1.34892586e-01  7.87831268e-03
 -4.58820846e-04 -7.37883135e-04 -2.76325376e-04  2.29432532e-04
  5.29678289e-04  1.45520476e-02 -8.62722031e-02 -1.87575004e-02
  1.84679604e-05  1.67304540e-03 -3.12503517e-03 -5.72946892e-03
  8.91327214e-04  3.04574670e-03 -5.37966102e-02  1.06735191e-01
  3.69380814e-01  1.80720576e-02 -4.87149593e-03 -3.39913836e-03
  2.27141053e-02 -4.74404543e-02  6.95327898e-04 -1.49195819e-02
  6.27121508e-02  2.42412924e-03  1.65414097e-03  2.94876481e-03
  9.75987708e-04 -1.51214699e-04  8.01060642e-04  1.29820529e-03
 -1.49093866e-03  5.53163587e-03 -9.53329577e-08  9.40246496e-02
  5.07026292e-03 -7.58357093e-03  1.81845874e-02 -7.31995090e-04
 -4.72141418e-03  1.69745140e-03  8.97749141e-03  5.92988606e-03
 -2.52572194e-02  2.00465726e-03 -4.14107961e-02  6.35718135e-02
  2.01869518e-01 -3.15237681e-02 -4.18619353e+01  3.30799430e-02
  3.51865395e-02 -4.25351972e-03 -1.81151630e-04  2.19979261e-03
 -6.85742684e-03  1.05901447e-02 -1.09497832e-01 -9.12462171e-04
  7.63589082e-02  1.10699901e-02  9.23515763e-04 -1.58146060e-01
 -2.51380696e-02 -5.02110205e-04  2.84656637e-03 -2.40121987e-02
  7.78049960e-02  5.67834947e-02 -1.47708570e-02 -4.63651973e-02
  1.78790942e-02 -2.60156833e-02  2.70851583e-02  1.41710080e-02
 -2.32858403e-01 -1.90372429e-01 -4.21176927e-03  3.77421301e-03
  1.12704776e-02  9.28925406e-03 -8.84409908e-03 -2.19598553e-03
  4.06836562e-03 -7.08740233e-04 -2.26515675e-03  2.70063290e-05
 -2.61931914e-02  1.54908981e-02 -3.08685366e-02  3.61855804e-03
 -5.03664052e-02 -3.47304968e-02 -8.72352391e-03 -3.30798107e-03
 -5.86179363e-03  1.54001917e-02  9.10655746e-03 -9.99264864e-04
 -1.51471800e-02  4.68649342e-03  1.58629329e-01  4.65868637e-03
 -6.91719432e-04 -5.54359567e-03 -4.90524254e-03  3.44089320e-03
  2.54708320e-03 -1.26852104e-03 -2.55035007e-02 -1.09460957e-02
  1.43140335e-02 -3.71354775e-03  8.12290725e-03 -3.27920421e-03
  6.07240510e-03 -4.44052369e-03 -1.04316548e-03 -9.93927061e-05
 -2.59690668e-02  7.53664626e-04 -3.49487334e-03 -4.26415365e-03
 -4.45393268e-03  6.53595094e-04 -9.54354118e-05  8.81466868e-03
 -1.52143889e-02 -7.84859742e-02  2.70928615e-03 -5.83399545e-02
  5.67844225e-03  7.17436228e-03 -2.71555392e-02 -7.46950903e-03
 -2.00622970e-02  2.71233200e-02 -6.81113566e-03  1.01506975e-04
  3.19757415e-03 -3.51566427e-03  4.63706468e-03 -4.00714761e-04
 -1.29422191e-03  1.23775321e-03 -3.48781977e-02  6.78639319e-04
  1.14332825e-02  8.32434779e-03  2.50595559e-03 -9.63103435e-03
 -1.09887550e-03 -5.30545797e-02 -1.86404738e-03  4.85523865e-03
  2.88501574e-02  3.38916938e-01  4.44570737e-07  1.11288713e-01
 -3.00843089e-03  9.50225881e-03 -6.83456037e-02 -4.17849688e-02
 -9.80533035e-03 -5.05572437e-03  4.47053593e-04  6.13831780e-02
  8.37155932e-02  5.09893380e-03 -1.55182383e-03 -2.53386258e-03
  2.91912031e-03 -1.32705299e-01 -1.28758677e-02 -1.20283634e-01
  1.57736479e-04 -1.63749592e-02  9.39436619e-03 -2.14999953e-02
  1.98356297e-03 -2.62749096e-03  9.47536681e-03 -4.95881640e-02
  3.79921564e-02 -9.27540804e-03 -8.79373887e-03  1.38088142e-01
 -1.13486154e-02  1.97513550e-02  1.37281968e-02  3.20725333e-02
  5.26668770e-05  6.42803069e-03  9.31389562e-03 -3.66238410e-03
  1.90977335e-03 -3.29051620e-03 -1.26385944e-02  2.42340058e-03
  1.69316875e-04  2.41667805e-02  4.30487718e-03  1.18086298e-03
  1.99144528e-02  9.44253757e-03 -9.27537969e-04  1.39717104e-02
 -1.22417536e-02 -2.29411671e-03  2.12901536e-02  2.47680888e-02
 -6.79963138e-02  8.44024697e-03  1.95148085e-02  8.52890545e-03
 -1.17591278e-01 -5.95193591e-03  1.75657540e-03 -1.04670702e-02
  4.99055423e-04 -4.28266902e-03  2.35106242e-03  5.66287088e-03
  8.49788278e-02  1.50445476e-01  4.15615404e-02 -2.91129824e-03
  3.16377414e-04  4.71675002e-04 -1.28747209e-02 -1.57828212e-03
 -1.70043928e-03 -2.83246375e-03 -7.91215756e-02 -4.46641741e-02
 -2.57717652e-02 -7.17742550e-01 -1.78525232e-01  3.50899229e-02
  1.57069789e-02 -3.09731497e-03  1.82548338e-04  9.42019564e-03
  9.85973677e-03  5.05227361e-03  5.12564040e-03  9.63944573e-03
 -3.11874389e-03  7.14339023e-03 -1.01211008e-02  1.19787130e-03
  2.20699850e-02 -7.96683538e-03 -2.09306196e-03  4.73072452e-02
  2.28462848e-02  1.24772076e-02 -1.65438547e-03 -2.03481408e-03
  2.20243366e-03  3.16078312e-02  7.47035866e-05 -2.40408826e-03
  1.91594097e-02  4.34504147e-02 -4.99009548e-03  6.41802800e-03
 -1.27512748e+00 -7.05390283e-03 -5.68548502e-02 -2.43493062e-04
  7.60993163e-01]

 BEGIN VMC CALCULATION
 =====================

 Running VMC equilibration (5000 moves).
 Performing time-step optimization.
 Optimized step size: 0.11906
 DTVMC: 0.00472

 Starting VMC.

 =========================================================================
 In block : 1
  Number of VMC steps           = 10000

  Block average energies (au)

  Total energy                       (au) =         -53.216662904554
  Standard error                        +/-           0.014942832318

  Constant energy contributions      (au) =          32.169090804218

  Variance of local energy           (au) =           0.262428004577
  Standard error                        +/-           0.000000000000

 Time taken in block    : : :       33.4233

 =========================================================================
 FINAL RESULT:

  VMC energy (au)    Standard error      Correction for serial correlation

 -53.216662904554 +/- 0.014942832318      On-the-fly reblocking method

 Sample variance of E_L (au^2/sim.cell) : 0.262428004577


 ==========================================
 PERFORMING OPTIMIZATION CALCULATION No. 4.
 ==========================================


 Optimization start
 ==================
Stabilization: 1.0 SEM
E_0 -53.25650838 E_lin -53.24001907 dE 0.01648931
eigvector[0] 0.95720989
delta p / p
[ 2.48532101e-03  2.37008621e-02 -1.36239163e-02  7.12645506e-04
  7.62924434e-03 -3.30141897e-03  1.69937858e-03  1.30501128e-03
 -1.44161246e-02  1.09711495e-02  8.01663170e-02 -8.65347391e-03
 -1.39690613e-03  3.54791971e-04  1.22043379e-03 -1.96456552e-03
 -8.39588913e-03  2.08002702e-02  6.36909450e-02 -3.14660067e-02
 -2.27925118e-03  9.16783325e-04 -5.91423397e-04  4.47958353e-04
 -7.90070562e-04  1.36314394e-02  1.74596887e-09  1.55032174e-02
 -4.17860474e-03 -6.19801637e-04  1.58135724e-04  4.18487735e-05
 -2.63582796e-04  1.14080850e-03 -9.45609215e-03 -1.12563853e-06
  8.46316070e-01  2.31182683e-03  4.23247495e-03 -2.35136104e-04
  1.13008450e-02 -4.43446828e-03 -7.58021140e-04  1.54852875e-04
 -1.37664847e-04 -6.03844819e-02 -9.21033716e-04 -1.04055191e-03
 -2.28109470e-03  2.49509472e-03 -9.96495113e-05 -2.08968039e-03
 -2.31982721e-02  2.37989324e-05 -7.96090709e-04 -1.50376421e+00
 -6.84759515e-04  4.03056575e-03 -8.60370318e-02  2.01574400e-04
  4.19448955e-03  1.26887133e-02 -9.77478079e-07 -4.69906996e-04
 -8.72584365e-04  9.30375557e-06 -4.54368352e-03  1.53144547e-03
 -4.13285304e-04  1.02871947e-04 -5.67109822e-05  2.01749061e-02
 -7.15811189e-03 -2.23045644e-03 -3.33719529e-03 -9.38026485e-05
  3.08287558e-04  9.64110977e-03  1.52992114e-03  1.22031458e-05
  4.26656587e-04 -8.75056106e-03 -2.65583477e-04 -6.74623063e-04
 -3.03908548e-03 -1.06772419e-03  3.45344018e-03 -1.66318663e-02
  1.19330991e-12 -7.83298813e-01  7.26117316e-03  2.03836769e-04
 -2.15592534e-03 -9.91488512e-04  8.45277551e-03  3.15070267e-02
 -8.12316838e-03 -5.64252042e-01 -3.91502974e-02  3.29699572e-03
 -1.78034860e-03  3.15485620e-03 -9.02752464e-04 -2.08330345e-03
  2.56388850e-03 -8.25224874e-03 -3.63987241e-02  1.51821543e-04
  1.56409263e-02  1.02407035e-03  1.04679937e-03  5.75967798e-03
 -2.35690333e-03  1.97454533e-03  9.02812672e-02 -5.86104674e-02
 -2.02063654e-03  2.81347082e-03  3.27898590e-03 -1.90645562e-03
 -1.22165671e-02  1.96278569e-03  4.86421441e-03 -8.09663036e-04
 -1.17217891e-01  1.99821639e-03 -2.51089752e-03 -5.77992889e-04
 -5.22966858e-02  3.71313876e-04 -3.14234206e-04  9.10383254e-04
  7.10917336e-02 -4.82477656e-03  2.79758173e-02 -6.66912364e-03
 -1.37700330e-04  1.85743438e-03 -5.82344253e-04 -1.14677641e-04
  2.15565163e-03  4.16073281e-02  1.05554710e-02 -1.95032835e-02
  8.65696179e-04  7.40865140e-04  2.68816249e-05  5.57733754e-03
 -3.19230062e-03  1.81085626e-03  4.63102374e-02 -1.78074293e-01
 -4.04360995e-01  2.37389704e-02  4.48358763e-04 -3.08356964e-03
 -1.29761343e-02  1.11237782e-01  5.75751115e-02 -1.02139334e-02
 -8.82662771e-02  4.57471409e-02 -4.06309394e-03  6.39895698e-03
 -3.45469229e-04  8.55431002e-04 -1.97514964e-03 -1.73965033e-03
  1.83685300e-03 -8.23327372e-03  8.64764638e-08  1.39908653e-02
 -1.28473212e-03 -2.76072191e-03  1.47493143e-02  5.15135494e-03
 -2.57989777e-03  1.81289418e-03  8.52022836e-03  5.33637593e-03
  7.43186523e-03 -5.45642468e-03 -9.44813847e-02  7.27080720e-03
 -7.42861853e-01  6.17648059e-02 -1.22689585e+00  2.02569214e-02
  9.97858734e-02  5.71127527e-03  1.24439689e-03 -8.67618263e-04
 -4.02104836e-03  1.08922559e-04  1.07254402e-01  3.52656423e-04
 -6.13578375e-02 -2.16210265e-02 -4.01612198e-03  4.87597907e-01
 -1.85558948e-02  1.06308438e-03  7.46772779e-03 -7.32192962e-03
 -2.65411207e-03  6.35554513e-02  3.18144522e-03 -2.23531419e-02
 -8.54324622e-03 -1.43118034e-02  7.97611041e-03  5.89566761e-03
 -4.16773452e-01 -1.26812393e-01  6.33112491e-03  3.83609129e-03
  1.66446819e-02  1.19270826e-03 -4.14907835e-03 -2.45960918e-03
  5.30833389e-03 -2.17012913e-03  3.15843937e-03 -4.38731162e-04
 -3.40830494e-04  4.20925171e-02 -9.49000387e-03 -1.19682569e-04
  1.41163177e-01  1.18956231e-02 -1.35366447e-02 -3.74919278e-02
  2.27204985e-02 -1.71655467e-02  5.92666950e-03 -3.55424189e-03
  1.18922727e-02 -5.80784507e-03  1.09117131e-01  2.63587848e-03
  1.18727254e-03 -6.97003948e-04  2.45846821e-03  3.29170968e-02
  2.11134274e-03 -2.30328555e-04 -3.73886901e-02 -1.18699078e-02
  3.92533263e-03 -2.14942975e-03 -1.40860876e-03 -7.67175102e-04
 -1.16271749e-03  5.73760491e-02 -5.37583225e-04 -1.80482780e-04
 -1.36014717e-02  3.69063966e-03 -3.99085449e-03 -4.79734342e-03
  6.46998643e-04  3.46717571e-04 -9.50005606e-04 -3.24314002e-04
 -6.60276361e-03 -1.57632312e-02 -8.61744543e-05 -6.53306249e-02
  9.18820479e-03  1.06312222e-02 -4.66184691e-02  9.44394460e-04
  2.01587680e-02  3.28597207e-02 -4.38396874e-03  1.05342272e-03
 -3.47013743e-04  7.14147910e-03 -3.20647005e-03  3.35983645e-03
 -4.55901842e-03 -5.03226351e-03  1.01397710e-02 -6.67379910e-04
  8.12317469e-03 -2.00157504e-02  2.09139860e-03 -8.07182916e-04
  5.19406492e-03 -4.08781811e-02 -9.38515910e-04  1.00788955e-02
 -7.84397129e-02 -1.19213941e-01  3.77701023e-07  3.25563317e-02
 -5.46626681e-03  4.94181851e-03  5.82838703e-02 -1.11819446e-02
 -5.28512607e-01 -2.45175976e-02 -1.81788685e-03 -2.19701592e-02
  2.89675416e-02 -8.77848039e-04  1.47475996e-03 -2.28889928e-03
  5.90030553e-03  7.79741459e-02 -4.17445811e-03 -8.07194924e-03
 -1.13282137e-02  7.67355737e-04  3.63556884e-03  2.94289210e-02
 -8.02071992e-03  5.56439870e-03 -2.05549278e-02 -3.75557881e-02
 -2.11918912e-02 -8.80253210e-03  4.05585416e-04  1.05237423e-01
  1.14375574e-02 -3.29753831e-02  2.15993465e-03 -9.92820871e-03
 -3.40626783e-02  5.53852199e-02  1.50475489e-03 -1.77275799e-02
 -6.52959157e-03 -1.79556067e-03  2.47871359e-04 -7.52482332e-03
  9.33473358e-03 -2.15188412e-02  4.01239724e-03  1.21138220e-02
  1.35397932e-02  3.50693005e-03  6.62113336e-04 -1.03761796e-02
 -1.52364339e-02  2.66752692e-03  2.37109930e-02 -4.29502187e-02
  9.89126521e-02  1.14197200e-02 -2.40468756e-02  1.51296566e-02
  2.13138494e-02 -7.15234832e-03  1.61357170e-02  4.20851871e-03
 -3.62635643e-04 -1.70723818e-02 -5.26827808e-03 -5.81692267e-03
 -4.73748861e-03  1.71664303e-02 -2.00163659e-02 -4.98527777e-03
 -7.34660310e-03  1.11010188e-02 -2.11075927e-03 -7.37792960e-03
  3.49825713e-03  8.93930157e-04  6.63399660e-02  2.97709150e-02
 -2.14164560e-02  8.71569239e-01 -3.52954250e-01 -2.65874662e-03
  1.13138680e-03  9.28667691e-03 -1.42662392e-02  1.66809869e-03
  8.29313118e-03 -1.03513134e-03 -2.79772020e-03 -4.54473906e-03
  3.44981447e-03 -1.35006714e-02  4.40769267e-03 -8.12846445e-04
 -7.04426633e-03  4.66175405e-03 -1.04226616e-04  8.71096378e-03
 -1.36085421e-02  1.74468466e-02  1.62898217e-02  3.50618503e-03
 -1.27321256e-02 -3.66159265e-02 -2.11455669e-03  3.92295723e-03
  1.59081441e-03  2.16465073e-02 -3.28602082e-03 -4.23007466e-02
 -6.47638245e+00 -1.74925900e-03 -6.96623353e-02  9.44775105e-03
 -2.00407128e-01]

 BEGIN VMC CALCULATION
 =====================

 Running VMC equilibration (5000 moves).
 Performing time-step optimization.
 Optimized step size: 0.11566
 DTVMC: 0.00446

 Starting VMC.

 =========================================================================
 In block : 1
  Number of VMC steps           = 10000

  Block average energies (au)

  Total energy                       (au) =         -53.235985827599
  Standard error                        +/-           0.016420486661

  Constant energy contributions      (au) =          32.169090804218

  Variance of local energy           (au) =           0.329479944774
  Standard error                        +/-           0.000000000000

 Time taken in block    : : :       32.9377

 =========================================================================
 FINAL RESULT:

  VMC energy (au)    Standard error      Correction for serial correlation

 -53.235985827599 +/- 0.016420486661      On-the-fly reblocking method

 Sample variance of E_L (au^2/sim.cell) : 0.329479944774


 =========================================================================

 Total PyCasino real time : : :    9745.3982
