
 ------------------------------------------------------------------------------
 ########::'##:::'##::'######:::::'###:::::'######::'####:'##::: ##::'#######::
 ##.... ##:. ##:'##::'##... ##:::'## ##:::'##... ##:. ##:: ###:: ##:'##.... ##:
 ##:::: ##::. ####::: ##:::..:::'##:. ##:: ##:::..::: ##:: ####: ##: ##:::: ##:
 ########::::. ##:::: ##:::::::'##:::. ##:. ######::: ##:: ## ## ##: ##:::: ##:
 ##.....:::::: ##:::: ##::::::: #########::..... ##:: ##:: ##. ####: ##:::: ##:
 ##::::::::::: ##:::: ##::: ##: ##.... ##:'##::: ##:: ##:: ##:. ###: ##:::: ##:
 ##::::::::::: ##::::. ######:: ##:::: ##:. ######::'####: ##::. ##:. #######::
 .::::::::::::..::::::......:::..:::::..:::......:::....::..::::..:::.......:::

                     Python Quantum Monte Carlo Package
                        v 0.1.0 [Vladimir Konkov]

    Main Author : Vladimir Konkov
 ------------------------------------------------------------------------------

 Python 3.10.12 (main, Jun 11 2023, 05:26:28) [GCC 11.4.0]
 Numba 0.58.0
 Numpy 1.24.3
 Scipy 1.10.1

 Running in parallel using 4 MPI processes.

 BEGIN VMC CALCULATION
 =====================

Running VMC equilibration (5000 moves).
Performing time-step optimization.
Optimized step size: 0.51448
DTVMC: 0.08823

Starting VMC.

 =========================================================================
 In block : 1
  Number of VMC steps           = 100000

  Block average energies (au)

  Total energy                       (au) =          -2.861686024125
  Standard error                        +/-           0.002672976032

  Constant energy contributions      (au) =           0.000000000000

  Variance of local energy           (au) =           0.498855512354
  Standard error                        +/-           0.000000000000

 Time taken in block    : : :       127.6664

 =========================================================================
 FINAL RESULT:

  VMC energy (au)    Standard error      Correction for serial correlation

 -2.861686024125 +/- 0.002672976032      On-the-fly reblocking method

 Sample variance of E_L (au^2/sim.cell) : 0.498855512354


 ==========================================
 PERFORMING OPTIMIZATION CALCULATION No. 1.
 ==========================================


 Optimization start
 ==================
   Iteration     Total nfev        Cost      Cost reduction    Step norm     Optimality
       0              1         7.8980e-02                                    1.11e+05
       1              2         3.9718e-04      7.86e-02       1.22e-02       9.17e+02
       2              3         9.1559e-05      3.06e-04       1.43e-03       2.89e+01
       3              4         9.1439e-05      1.20e-07       5.33e-05       9.85e-02
`ftol` termination condition is satisfied.
Function evaluations 4, initial cost 7.8980e-02, final cost 9.1439e-05, first-order optimality 9.85e-02.
Jacobian matrix at the solution:
[-2.50999870e-02  8.88745932e-02  1.46034657e-01  2.33637155e-01
  3.67503402e-01  5.24929735e-01  4.62851030e-01 -1.08643368e+00
  1.03275232e-04 -9.51597148e-04  1.13673425e-04  1.87501255e-03
  5.07515369e-03  1.13022048e-02  2.33383080e-02  4.43320366e-02
  8.79156102e-01 -1.85982419e+00 -3.52180974e+00  1.17366911e+00
  3.90296458e+00  3.34566423e+00 -2.45101502e+00  2.80061811e+00
 -4.26011978e+00 -9.05617205e+00 -7.95564252e+00 -6.72987450e+00
 -4.46489193e+00 -2.23989007e+01  2.88941596e+00  1.43589294e+01
  1.55305567e+01 -6.28380518e+00 -1.74262945e+01 -2.48380669e+00
 -5.92403558e+00 -2.19191486e+01 -3.24415002e+01  9.60837209e+00
  4.51477788e+01  4.87231450e+01]

 BEGIN VMC CALCULATION
 =====================

Running VMC equilibration (5000 moves).
Performing time-step optimization.
Optimized step size: 0.50124
DTVMC: 0.08375

Starting VMC.

 =========================================================================
 In block : 1
  Number of VMC steps           = 100000

  Block average energies (au)

  Total energy                       (au) =          -2.903723890130
  Standard error                        +/-           0.000034386036

  Constant energy contributions      (au) =           0.000000000000

  Variance of local energy           (au) =           0.000091525568
  Standard error                        +/-           0.000000000000

 Time taken in block    : : :       2.2289

 =========================================================================
 FINAL RESULT:

  VMC energy (au)    Standard error      Correction for serial correlation

 -2.903723890130 +/- 0.000034386036      On-the-fly reblocking method

 Sample variance of E_L (au^2/sim.cell) : 0.000091525568


 ==========================================
 PERFORMING OPTIMIZATION CALCULATION No. 2.
 ==========================================


 Optimization start
 ==================
   Iteration     Total nfev        Cost      Cost reduction    Step norm     Optimality
       0              1         1.0806e-04                                    2.32e+02
       1              4         1.0595e-04      2.10e-06       2.79e-02       2.75e+02
       2              5         1.0400e-04      1.95e-06       2.79e-02       1.02e+02
       3              7         1.0382e-04      1.85e-07       1.40e-02       3.40e+01
`ftol` termination condition is satisfied.
Function evaluations 7, initial cost 1.0806e-04, final cost 1.0382e-04, first-order optimality 3.40e+01.
Jacobian matrix at the solution:
[-5.39455718e-08 -5.95635760e-05 -3.83194424e-06  1.27360434e-04
  5.95703900e-04  2.29994657e-03  8.82081131e-03  3.45030088e-02
  1.36977564e-01  1.22869706e-07 -2.20120868e-05  6.70582844e-06
  2.88934439e-05  8.73879893e-05  2.51176361e-04  7.22643955e-04
  2.10246816e-03  6.18555356e-03 -4.19044120e-07  5.31844380e-03
  6.58969098e-04 -4.15792137e-03  3.02538858e-04  1.47358942e-03
  3.54460399e-03  8.04162221e-04  6.43867165e-03 -8.03571904e-04
 -3.51317620e-03 -1.26898469e-02 -8.06287598e-03 -2.95627800e-02
 -1.27120083e-01 -1.74593826e-02 -7.15113586e-02 -7.06411501e-02
 -3.51051503e-03 -2.39952957e-02 -1.76820293e-02 -2.89009247e-02
 -1.63395247e-01 -4.84512382e-01 -7.61769541e-02 -3.32029978e-01
 -3.43402824e-01]

 BEGIN VMC CALCULATION
 =====================

Running VMC equilibration (5000 moves).
Performing time-step optimization.
Optimized step size: 0.50578
DTVMC: 0.08527

Starting VMC.

 =========================================================================
 In block : 1
  Number of VMC steps           = 100000

  Block average energies (au)

  Total energy                       (au) =          -2.903671827123
  Standard error                        +/-           0.000036989543

  Constant energy contributions      (au) =           0.000000000000

  Variance of local energy           (au) =           0.000100337060
  Standard error                        +/-           0.000000000000

 Time taken in block    : : :       2.3438

 =========================================================================
 FINAL RESULT:

  VMC energy (au)    Standard error      Correction for serial correlation

 -2.903671827123 +/- 0.000036989543      On-the-fly reblocking method

 Sample variance of E_L (au^2/sim.cell) : 0.000100337060


 =========================================================================

 Total PyCasino real time : : :    768.2665
