
 ------------------------------------------------------------------------------
 ########::'##:::'##::'######:::::'###:::::'######::'####:'##::: ##::'#######::
 ##.... ##:. ##:'##::'##... ##:::'## ##:::'##... ##:. ##:: ###:: ##:'##.... ##:
 ##:::: ##::. ####::: ##:::..:::'##:. ##:: ##:::..::: ##:: ####: ##: ##:::: ##:
 ########::::. ##:::: ##:::::::'##:::. ##:. ######::: ##:: ## ## ##: ##:::: ##:
 ##.....:::::: ##:::: ##::::::: #########::..... ##:: ##:: ##. ####: ##:::: ##:
 ##::::::::::: ##:::: ##::: ##: ##.... ##:'##::: ##:: ##:: ##:. ###: ##:::: ##:
 ##::::::::::: ##::::. ######:: ##:::: ##:. ######::'####: ##::. ##:. #######::
 .::::::::::::..::::::......:::..:::::..:::......:::....::..::::..:::.......:::

                     Python Quantum Monte Carlo Package
                        v 0.2.0 [Vladimir Konkov]

    Main Author : Vladimir Konkov
 ------------------------------------------------------------------------------
 Started 2024/08/20 14:54:21

 Python 3.10.12 (main, Jul 29 2024, 16:56:48) [GCC 11.4.0]
 Numba 0.59.0
 Numpy 1.26.4
 Scipy 1.11.3

 Running in parallel using 4 MPI processes.

 General input parameters
 ========================
 NEU (num up spin electrons)              :  5
 NED (num down spin electrons)            :  5
 RUNTYPE (type of run)                    :  vmc_opt
 PSI_S  (form for [anti]symmetrizing wfn) :  slater
 ATOM_BASIS_TYPE (atom-centred orb basis) :  slater-type
 INTERACTION (interaction type)           :  coulomb
 TESTRUN (read input data,print and stop) :  F
 PERIODIC                                 :  F
 COMPLEX_WF (complex Slater wave fn.)     :  F
 NEIGHPRINT (neighbour analysis)          :  0
 USE_JASTROW (use Jastrow factor)         :  T
 BACKFLOW (use backflow corrections)      :  T
 USE_ORBMODS (use orbitals modifications) :  F
 E_OFFSET (energy offset)                 :  0.0000
 CHECKPOINT (checkpointing level)         :  1
 CON_LOC (Dir to read/write config.*)     :  ./
 RELATIVISTIC                             :  F

 VMC/optimization input parameters
 ====================
 NEWRUN (start new run)                   :  T
 VMC_METHOD (choice of VMC algorithm)     :  3
 DTVMC (VMC time step)                    :  1.0000E-02
 OPT_DTVMC (VMC time-step optimization)   :  1
 VMC_NSTEP (num VMC steps)                :  10000
 VMC_NCONFIG_WRITE (num configs to write) :  10000
 VMC_NBLOCK (num VMC blocks)              :  1
 VMC_EQUIL_NSTEP (num equil steps)        :  5000
 VMC_DECORR_PERIOD (length of inner loop) :  10
 VMC_AVE_PERIOD (hist reduction factor)   :  1
 VMC_SAMPLING                             :  standard
 MAKEMOVIE                                :  F
 FORCES                                   :  F

 BEGIN VMC CALCULATION
 =====================

 Running VMC equilibration (5000 moves).
 Performing time-step optimization.
 Optimized step size: 0.07673
 DTVMC: 0.00196

 Starting VMC.

 =========================================================================
 In block : 1
  Number of VMC steps           = 10000

  Block average energies (au)

  Total energy                       (au) =        -128.549948209943
  Standard error                        +/-           0.103164327899

  Constant energy contributions      (au) =           0.000000000000

  Variance of local energy           (au) =          31.076922412585
  Standard error                        +/-           0.000000000000

 Time taken in block    : : :       3.0625

 =========================================================================
 FINAL RESULT:

  VMC energy (au)    Standard error      Correction for serial correlation

 -128.549948209943 +/- 0.103164327899      On-the-fly reblocking method

 Sample variance of E_L (au^2/sim.cell) : 31.076922412585


 ==========================================
 PERFORMING OPTIMIZATION CALCULATION No. 1.
 ==========================================


 Optimization start
 ==================
   Iteration     Total nfev        Cost      Cost reduction    Step norm     Optimality
       0              1         1.7550e+01                                    6.46e+04
       1              2         7.2325e+00      1.03e+01       3.47e-02       3.16e+04
       2              3         3.7356e+00      3.50e+00       5.15e-02       4.29e+03
       3              4         1.9774e+00      1.76e+00       1.21e-01       4.09e+03
       4              5         1.0749e+00      9.02e-01       2.30e-01       4.81e+03
       5              6         6.9955e-01      3.75e-01       5.63e-01       3.68e+03
       6              7         5.3453e-01      1.65e-01       1.02e+00       3.22e+03
       7              8         4.5827e-01      7.63e-02       1.57e+00       2.74e+03
       8              9         4.2101e-01      3.73e-02       3.00e+00       2.25e+03
       9             10         4.0653e-01      1.45e-02       4.73e+00       2.07e+03
      10             11         4.0316e-01      3.36e-03       1.21e+00       2.00e+03
`ftol` termination condition is satisfied.
Function evaluations 11, initial cost 1.7550e+01, final cost 4.0316e-01, first-order optimality 2.00e+03.
Norm of Jacobian at the solution: 4.85529e-13

 BEGIN VMC CALCULATION
 =====================

 Running VMC equilibration (5000 moves).
 Performing time-step optimization.
 Optimized step size: 0.07758
 DTVMC: 0.00201

 Starting VMC.

 =========================================================================
 In block : 1
  Number of VMC steps           = 10000

  Block average energies (au)

  Total energy                       (au) =        -128.936298702935
  Standard error                        +/-           0.012250545612

  Constant energy contributions      (au) =           0.000000000000

  Variance of local energy           (au) =           0.392376356129
  Standard error                        +/-           0.000000000000

 Time taken in block    : : :       3.1599

 =========================================================================
 FINAL RESULT:

  VMC energy (au)    Standard error      Correction for serial correlation

 -128.936298702935 +/- 0.012250545612      On-the-fly reblocking method

 Sample variance of E_L (au^2/sim.cell) : 0.392376356129


 ==========================================
 PERFORMING OPTIMIZATION CALCULATION No. 2.
 ==========================================


 Optimization start
 ==================
Stabilization: 1.0 SEM
E_0 -128.91064726 E_lin -128.78592948 dE 0.12471778
eigvector[0] 0.96726472
delta p / p
[-1.07206503e-03  1.09128505e-01 -7.43315479e-02  1.06201267e-01
 -9.17861437e-01 -2.05045492e-01 -8.51986282e-03  2.60513240e-03
 -5.73925964e-03 -2.76764379e-03  5.24808635e-01 -3.37380570e-02
  6.78512659e-04  2.31927081e-03 -2.49385207e-03  2.06501087e-03
  7.08924431e-03 -2.62626521e-03  3.31391383e-02 -3.75229664e-02
  6.73522110e-02 -4.71184483e-03  1.10634483e-03 -8.31993375e-04
  1.87308685e-03 -1.04825929e-02  1.78458930e-03  1.07718932e-01
 -1.11704923e-02  2.96789524e-03 -1.89462108e-03  3.11013872e-02
 -3.97592066e-02  1.74324480e-02 -5.14743319e-04 -7.52183733e-04
 -9.94750557e-04 -6.92043102e-04  2.54852153e-03 -2.15698428e-03
 -1.07495501e-02  3.67285527e-03  1.75255844e-02 -4.11129644e-04
  4.07816862e-03  2.66266438e-05 -1.05018534e+00  5.26705223e-03
  9.50200231e-03 -8.71112876e-01 -4.16207078e-03  6.83988930e-03
  9.71772767e-04  2.75718262e-01  3.83744450e-03 -3.88071924e-03
 -1.58303842e-03  1.73924770e-03 -2.22769826e-03  4.65484434e-03
  4.73407082e-04 -3.39697315e-02  1.55831496e-02  3.14530247e-02
  1.96010555e-01  2.87881501e-02 -2.84091832e-04  1.52452816e-03
  5.63524688e-04 -3.05457902e-03 -2.88095870e-02  8.66375607e-04
  7.00044763e-03 -4.29770485e-04 -9.21102528e-06 -9.95741147e-03
  2.09951492e-03 -3.44808634e-03  2.77750422e-03  5.39030151e-02
 -6.10249964e-03 -2.90310531e-04 -3.19471945e-03  2.53864558e-03
 -6.75127213e-04 -6.83261542e-04  2.68848042e-03 -7.56785567e-03
 -1.70893799e-02  3.96187658e+00  3.70034386e-02 -9.67577988e-03
  9.56132007e-04  1.58052907e-04 -2.77783910e-04  2.89695756e-04
 -2.35832279e-04 -6.67195454e-04  1.63362487e-02 -4.76103729e-03
  2.58294172e-02 -3.13300363e-03 -4.60351126e-04  4.08692140e-03
  2.06306088e-04  1.01632537e-03 -3.86852316e-03  3.21341867e-02
  1.06144469e-03 -7.33260730e-03 -1.81202980e-01 -4.86589316e-02
  1.74667225e-01  1.84440402e+00 -2.12281355e-03  8.19974960e-02
 -8.81038266e-02 -1.08861891e-01  4.54312700e-03  7.75627594e-03
  2.96257493e-04  4.99804710e-02 -6.29845262e-03  8.54694882e-02
 -1.32697808e-01 -9.77255704e-02 -2.45394741e-01 -1.00773656e-02
 -9.26985686e-02 -6.93912209e-01 -1.11220282e-03 -3.43318283e-02
  6.18978682e-03 -3.10524395e-02  1.55398597e-02  5.20985316e-03
 -3.36655548e-02 -7.50369449e-03 -1.59215932e-03  4.10394173e-02
  5.85339262e-04  1.90820904e-01  2.95937196e-02  1.31551651e-01
 -3.08151292e-02  4.19667154e-03 -1.01697901e-02 -1.94810957e-02
 -2.34471781e-02 -1.78511717e-02  8.25815028e-02  4.37008458e-03
  3.16806315e-03  1.21043036e-01 -1.12854958e-01  2.41328501e-01
 -1.47776182e-02  6.19512474e-02  1.17904368e-01  9.94383937e-03
 -6.79467713e-02 -2.21285249e-02 -4.78102325e-02 -1.33059717e-03
 -7.39244550e-03  5.34315770e-03  1.77069766e-02  1.13426145e-01
  1.24435400e-02 -2.99746761e-02  1.03242373e-03 -1.87072027e-03
 -3.62015749e-04  1.90043577e-04  1.14057278e-01  1.70206998e-02
 -2.95439652e+00  1.43831780e-02  4.43099114e-03 -6.60402877e-04
  4.56049484e-03  3.94520665e-03 -1.05564451e-03 -1.24929131e-03
 -3.15314300e-02 -1.53898942e-01  7.77307594e-02 -1.06033290e-02
 -8.94781324e-03 -3.87555732e-02 -7.10531520e-03 -1.56403645e-02
  1.56751065e-02 -1.33349073e-03  1.63939981e-01 -2.77105943e-02
 -9.69467177e-03  6.85100250e-03 -6.98407777e-03 -1.17983264e-02
  2.49836001e-02 -2.74960586e-01 -2.37048575e-02 -3.65579054e-02
 -7.04246808e-03 -2.54587355e-03  7.43990773e-03  2.61410210e-03
 -1.19439276e-03  3.27482125e-03 -1.50291596e-03 -9.37088997e-04
 -6.53524627e-04  1.84269313e-02 -1.54287759e-02  1.39390439e-03
 -5.01035842e-03 -1.20775557e-02  3.03635213e-03  3.03908686e-03
 -1.91121527e-02 -3.19939866e-03  1.93125975e-02]

 BEGIN VMC CALCULATION
 =====================

 Running VMC equilibration (5000 moves).
 Performing time-step optimization.
 Optimized step size: 0.07585
 DTVMC: 0.00192

 Starting VMC.

 =========================================================================
 In block : 1
  Number of VMC steps           = 10000

  Block average energies (au)

  Total energy                       (au) =        -128.920452138302
  Standard error                        +/-           0.015222542050

  Constant energy contributions      (au) =           0.000000000000

  Variance of local energy           (au) =           0.557472169933
  Standard error                        +/-           0.000000000000

 Time taken in block    : : :       3.1096

 =========================================================================
 FINAL RESULT:

  VMC energy (au)    Standard error      Correction for serial correlation

 -128.920452138302 +/- 0.015222542050      On-the-fly reblocking method

 Sample variance of E_L (au^2/sim.cell) : 0.557472169933


 ==========================================
 PERFORMING OPTIMIZATION CALCULATION No. 3.
 ==========================================


 Optimization start
 ==================
Stabilization: 1.0 SEM
E_0 -128.91645962 E_lin -128.98210245 dE -0.06564283
eigvector[0] 0.98274004
delta p / p
[-1.26069600e-03  1.76261581e-02  2.14780714e-01 -3.06291761e-02
  5.02455690e+00  2.04583507e-01  1.26086897e-02 -4.88499785e-03
 -3.53572024e-03 -1.57921781e-02  3.57276790e-02 -9.17786141e-02
  1.13457510e-02 -3.10197856e-03  1.26169054e-03 -1.02877119e-03
  5.42890058e-03  1.79326104e-04  1.80242817e-02  7.45921530e-02
 -1.02356521e-02  2.02420973e-03 -5.40096218e-04  1.14786135e-04
  3.98167488e-05 -1.82839497e-04  4.39650531e-03 -2.34373431e-02
  1.50418435e-02  1.44541020e-02 -1.59546512e-03  2.79823541e-03
  2.99747903e-05 -1.10369704e-02 -1.02630509e-02  6.01914179e-02
  1.20247898e-02 -8.14593637e-04 -3.44894778e-03 -2.88261576e-04
  4.11144417e-03  1.46826889e-03 -5.05631002e-03  6.20533154e-03
  1.89841486e-02  1.14487340e-03  5.48704920e+00  1.43652209e-04
 -1.25251984e-03  1.10201915e+00  6.11313195e-05 -4.14581807e-03
 -2.08108699e-02 -2.31894940e-01  2.30073299e-03 -1.50103798e-03
  6.33204560e-03 -1.53675023e-03  2.63555219e-03  7.76304068e-03
  1.19909382e-03 -1.69991495e-02  2.16511444e-02  8.63532436e-05
 -4.15724172e-01 -2.32423510e-02  1.11087883e-04 -7.20353406e-04
 -2.17365370e-04  1.31695648e-03 -1.18572416e-02 -1.46362165e-03
 -1.30454359e-03  4.31307493e-03 -6.56100444e-04 -2.75390602e-03
  2.62217662e-03 -8.55748582e-04 -2.99936877e-03 -2.92017922e-02
 -5.38490121e-02 -3.74428538e-02  4.60612523e-03 -2.61743711e-04
 -4.09849424e-04  6.99743472e-04 -1.32699504e-03  3.22852400e-03
 -1.22933319e-03  1.24752498e-01 -2.97548209e-02 -3.83941016e-03
  1.53788571e-03 -4.98634945e-04  1.91103938e-04 -7.82306574e-05
 -5.58106909e-05  7.76691445e-04 -9.34186082e-03  2.09901498e-04
  4.52094605e-02 -8.61308574e-03  2.88860102e-03  3.12440305e-03
  2.83303698e-03 -1.85979758e-03  1.73948000e-03  5.15543193e-03
  3.29970918e-03 -4.36010778e-03  8.96996421e-02 -8.13015376e-04
 -4.30979598e-02 -2.00685324e-01 -3.34449166e-03  4.72851237e-02
  3.46884657e-03 -3.60703036e-02  9.72641074e-04  1.10220523e-03
 -4.95133509e-05 -3.77175457e-03  2.13786587e-03 -2.65155008e-02
 -4.31637707e-02 -1.57455037e-02 -1.51961352e-01 -4.20562266e-04
  2.05233404e-02  1.80447149e+00  2.53123945e-04  3.98975159e-02
 -7.20916222e-03  3.56259975e-02 -4.31839727e-03 -1.63386077e-02
 -3.24660596e-02  8.14999840e-02  5.99565156e-03  1.03490661e-02
  4.12313963e-03  8.91469949e-03  1.99443738e-02 -4.38468351e-02
  9.04533224e-02  3.83123034e-02  1.17090725e-02  2.01478889e-02
  5.43368434e-03 -3.22234446e-03 -4.70874869e-02  7.50263501e-04
  1.20077001e-02 -1.29516523e-02  1.97686164e-02 -5.89673891e-02
 -2.48181979e-02  1.87672935e-03 -1.59495065e-01 -3.28025383e-03
 -3.59427682e-02  1.32684970e-02 -4.57316030e-03 -1.16248340e-03
 -4.54763029e-03  9.33721202e-03  1.18347470e-02  2.09414856e-02
  4.52437293e-03 -1.89765639e-02  1.81662724e-03  6.89637871e-04
 -2.22120518e-03 -2.61107776e-03  4.51886971e-02 -7.61309820e-02
 -1.46550955e-01  4.67761363e-02  1.52781929e-03  2.29361373e-02
  9.69725681e-04 -1.44370841e-03  4.08327722e-05  2.77985116e-03
 -3.24705125e-02 -3.60383825e-01 -6.04024323e-02 -1.72110959e-02
  3.58861440e-03  1.32886900e-02  1.35809181e-03  7.59478782e-03
  6.72528631e-03 -6.71756151e-03  1.25923564e-01  7.58894412e-03
 -6.69355615e-03 -2.58919849e-03 -5.98903844e-03  3.61175221e-03
  4.71722237e-03  1.23890698e-01  3.61416041e-03  3.28269458e-02
  8.58168636e-03  8.91957576e-03  5.41714124e-03  2.64524166e-03
 -3.08312732e-04 -1.07635641e-03 -3.46042531e-03  6.85368671e-03
  1.47071442e-02 -5.25857635e-03 -7.76387126e-03  3.48326719e-03
 -1.20061107e-03  2.40604954e-02  1.60692077e-01 -3.87328372e-03
  8.57769847e-03  1.66483937e-02 -2.02413281e-02]

 BEGIN VMC CALCULATION
 =====================

 Running VMC equilibration (5000 moves).
 Performing time-step optimization.
 Optimized step size: 0.07617
 DTVMC: 0.00193

 Starting VMC.

 =========================================================================
 In block : 1
  Number of VMC steps           = 10000

  Block average energies (au)

  Total energy                       (au) =        -128.938631118484
  Standard error                        +/-           0.014756207003

  Constant energy contributions      (au) =           0.000000000000

  Variance of local energy           (au) =           0.569087142995
  Standard error                        +/-           0.000000000000

 Time taken in block    : : :       3.1741

 =========================================================================
 FINAL RESULT:

  VMC energy (au)    Standard error      Correction for serial correlation

 -128.938631118484 +/- 0.014756207003      On-the-fly reblocking method

 Sample variance of E_L (au^2/sim.cell) : 0.569087142995


 ==========================================
 PERFORMING OPTIMIZATION CALCULATION No. 4.
 ==========================================


 Optimization start
 ==================
Stabilization: 1.0 SEM
E_0 -128.92142730 E_lin -128.66340300 dE 0.25802430
eigvector[0] 0.96181566
delta p / p
[ 1.84036926e-02 -3.34804941e-02  6.26718001e-01 -2.70856627e-02
 -2.74662298e-01 -8.07305701e-02 -8.58688032e-04 -3.48248697e-03
  5.39783199e-03  1.10288640e-01 -3.69768529e-01 -1.05224274e-01
  1.29196212e-03  1.30547234e-03 -1.01894548e-03 -6.03366278e-04
  1.79570133e-02  9.33782501e-03  4.75120422e-02 -4.99083731e-02
  7.50597558e-02 -3.37751246e-03  6.28678820e-04 -4.50962500e-04
  1.04583938e-03 -5.75789135e-03  1.30561349e-03  3.27168959e-02
 -7.02033107e-03 -1.09672329e-02  5.85116318e-03  4.14107227e-02
 -7.60591855e-02  1.65513162e-04  1.73964838e-03 -3.26675185e-03
  3.18131641e-02  1.86560884e-03  5.36647306e-03 -2.25004406e-04
 -3.48916059e-03  2.51347238e-04  6.26875882e-03 -3.77282167e-03
 -1.41312570e-03 -1.75388265e-03  2.50666504e+00  4.86114248e-04
  2.99810352e-03 -2.29839083e+00 -2.41707862e-03  7.97924280e-03
  8.84211007e-03  3.16631504e-01  3.79155106e-03 -4.40104189e-04
  3.22777690e-03 -3.26076539e-03  6.40174798e-03  7.04867563e-03
  8.99420042e-04 -1.93653905e-02  3.38922971e-03  2.39678022e-02
 -2.84019682e-01  5.53927947e-03 -1.61650512e-05  5.28035769e-04
 -3.08132162e-04  9.81507497e-04 -1.87611312e-02 -6.96554231e-04
 -6.87041287e-03  1.96192697e-03 -1.12899331e-04 -3.46407802e-03
 -1.48892192e-03  3.72729702e-03 -1.14178327e-02 -2.67369897e-02
  1.94319063e-01  5.19576873e-02  2.92378893e-03 -4.96884933e-03
  1.48362281e-03  1.09715876e-03 -4.43159970e-03  9.01979823e-03
  1.14881773e-01 -7.38239436e-03  2.26078738e-02  4.44466347e-03
 -2.72386066e-03  9.40817786e-04 -6.20109653e-05 -4.52701347e-04
  8.97666687e-04 -6.19463653e-04 -2.02645478e-02  1.03425336e-02
 -1.54191174e-02  1.08925180e-02 -3.61379545e-03  4.65105161e-04
 -1.18366055e-03  7.63460096e-04 -6.08940423e-04 -2.52408761e-03
  1.10012517e-02 -1.77563857e-03 -1.49666864e-01 -1.66674000e-02
  6.30219361e-03 -1.27480495e+00 -4.89282996e-03  6.24082121e-02
 -5.40073580e-02 -6.03283070e-02 -1.60875447e-03 -5.11024636e-03
  1.40004109e-03 -5.65927378e-03 -1.54570487e-03 -3.12161224e-02
 -3.42132771e-02  1.70121252e-02  5.62373988e-02  4.36210335e-03
  1.91171478e-02  5.67148310e-01  2.27682222e-04  1.23055073e-01
 -1.89474063e-03  1.94683225e-02 -3.03830484e-02 -1.16702777e-02
  2.14578416e-02 -2.88527974e-02  3.39628834e-03  8.80097874e-02
  6.04230050e-02  6.66323793e-03  1.08255612e-02  1.28101502e-02
 -3.71875227e-03  1.33309334e-02 -1.36201195e-02 -2.12021072e-02
  5.09295206e-03  6.82216426e-03 -5.13256334e-03 -4.75882460e-03
  7.16625403e-03 -7.01805209e-02  2.03457037e-02  2.53092979e-02
  2.19428485e-02  3.67832197e-02  1.59979501e-01 -3.30165581e-03
  4.86710791e-02  1.57235966e-02  1.18602407e-01 -2.97972202e-03
 -7.10195381e-04 -8.85415112e-03  1.83254894e-02  2.39303713e-02
  1.55847832e-02  4.42842303e-02  3.15718235e-03 -1.24050361e-03
  4.45420572e-04 -1.10055031e-03  2.59623205e-02 -4.46028409e-03
 -1.19048475e+00  1.45557049e-03 -4.47659993e-03  5.82282302e-03
  3.92758944e-03  2.71051767e-03 -1.55489596e-03  6.37513909e-04
  1.02438961e-01  7.23216966e-02  2.52680480e-02 -8.25586958e-03
  2.70537097e-02 -7.21659474e-03 -3.44897748e-03 -1.35794520e-02
  2.57716644e-02 -1.20125763e-02  4.25634249e-02 -1.12504639e-01
 -1.21045358e-02  9.71076904e-03  1.22436829e-02  1.45717942e-03
 -6.86419481e-03 -3.42867580e-02 -3.23446749e-02  9.08228750e-02
 -2.03793327e-02 -6.18872476e-03  1.10607788e-02  5.68758069e-04
  5.33847636e-04 -5.15944603e-03 -8.27947807e-03  1.09380161e-02
 -1.00295683e-02 -1.23373913e-02  2.12832896e-02 -5.21012922e-02
 -9.21629589e-03 -6.07286798e-02 -6.68990690e-02 -1.42848421e-03
  1.36701723e-02  8.16837936e-03 -1.37302417e-02]

 BEGIN VMC CALCULATION
 =====================

 Running VMC equilibration (5000 moves).
 Performing time-step optimization.
 Optimized step size: 0.07666
 DTVMC: 0.00196

 Starting VMC.

 =========================================================================
 In block : 1
  Number of VMC steps           = 10000

  Block average energies (au)

  Total energy                       (au) =        -128.912922059204
  Standard error                        +/-           0.015957441580

  Constant energy contributions      (au) =           0.000000000000

  Variance of local energy           (au) =           0.626875092534
  Standard error                        +/-           0.000000000000

 Time taken in block    : : :       3.1303

 =========================================================================
 FINAL RESULT:

  VMC energy (au)    Standard error      Correction for serial correlation

 -128.912922059204 +/- 0.015957441580      On-the-fly reblocking method

 Sample variance of E_L (au^2/sim.cell) : 0.626875092534


 =========================================================================

 Total PyCasino real time : : :    1041.1756
