Running VMC equilibration (5000 moves).
Performing time-step optimization.
Optimized step size: 0.11847

Starting VMC.
 =========================================================================
 In block : 1
  Number of VMC steps           = 1000000

  Block average energies (au)

  Total energy                       (au) =         -54.395711003193
  Standard error                        +/-           0.004903917659

 Time taken in block    : : :       391.2985

 =========================================================================
 FINAL RESULT:

  VMC energy (au)    Standard error      Correction for serial correlation
 -54.395711003193 +/- 0.004903917659      On-the-fly reblocking method

 Sample variance of E_L (au^2/sim.cell) : 10.897506221104


 ==========================================
 PERFORMING OPTIMIZATION CALCULATION No. 1.
 ==========================================


 Optimization start
 ==================
   Iteration     Total nfev        Cost      Cost reduction    Step norm     Optimality
       0              1         4.5167e+00                                    4.60e+05
       1              2         1.0282e-01      4.41e+00       1.00e+00       5.19e+03
       2              3         9.0574e-02      1.22e-02       2.00e+00       5.16e+02
       3              4         9.0107e-02      4.66e-04       1.48e+00       1.44e+02
       4              5         9.0068e-02      3.91e-05       2.99e-01       8.85e+01
`ftol` termination condition is satisfied.
Function evaluations 5, initial cost 4.5167e+00, final cost 9.0068e-02, first-order optimality 8.85e+01.
Jacobian matrix at the solution:
[-1.78114518e-02  2.55915862e-02  5.18986796e-02  1.25863784e-01
  3.64772831e-01  1.13496980e+00  3.48600042e+00  1.00198221e+01
 -4.54012492e-02  9.94997005e-02  1.10582376e-01  1.43832359e-01
  2.22549031e-01  4.58971294e-01  1.31799125e+00  4.71261558e+00
  9.43749249e-04 -8.60069912e-03 -1.39148657e-02 -2.11998071e-02
 -1.49890114e-02  8.56566316e-02  6.25099369e-01  2.97935963e+00
  3.62940287e-03 -6.46070446e-03 -9.63749878e-03 -1.66523430e-02
 -2.90021811e-02 -5.04137101e-02 -8.83404267e-02 -1.53250657e-01
  5.63212249e-04 -1.14798796e-04 -2.44918750e-03 -6.83340834e-03
 -1.55443148e-02 -3.32415632e-02 -6.76395791e-02 -1.26849436e-01
 -3.45893420e-01  5.13980528e-01  4.86424313e-01  6.89160987e-01
  2.04856583e+00  1.56648300e+00 -3.05246609e-02  1.02414785e+00
 -4.67983340e-01 -4.30284227e-01  7.82036946e-01 -8.62587334e-02
  7.26240184e-01  3.22798175e+00  2.53115190e+00  9.27504910e+00
  8.56360233e+00 -8.50189225e-02  1.03401785e+00  2.13719788e+00
  3.11207159e-01  6.95297752e+00  1.71784550e+01  8.30891861e+00
  3.19449843e+01  3.15429866e+01 -5.11459041e-01  3.25649597e-01
  8.14460006e-01  3.72635288e-01  1.37124442e+00  1.32381632e+00
  9.30569890e-02  1.89274496e-01 -2.31244855e+00 -2.50273120e+00
 -1.21761529e+00 -6.24983392e-01 -1.47154096e+00 -1.33987027e+00
 -3.57374096e-01  1.46187190e-01  1.18359539e+00 -1.92599913e+00
 -1.89204110e+00 -6.26809374e-01 -1.35556031e+00 -2.46592152e+00
  2.55159634e-01 -7.98951382e-01 -7.85988517e-01  1.18643682e+00
 -1.41957387e-01  1.57428312e-01  3.67568078e-01 -5.46930333e-02
 -1.47505314e-01 -8.06748256e-02  2.41930208e-01 -1.53120556e-01
 -2.52009857e-02  5.38302509e-02  1.60142257e-01  4.08279388e-01
  5.93439230e-02  8.44412135e-01 -1.97958253e-01 -5.78842792e-01
 -3.49112704e-01 -2.24517387e-01  4.20946309e-01 -4.66988346e-01
  1.38286587e-01  6.69107672e-01  5.72610640e-01 -4.42205710e-01
 -1.31434071e+00 -7.92532181e-01 -8.18062092e-04 -2.19545900e-03
 -3.94118034e-03 -6.25801948e-03 -7.70853322e-03 -2.25195697e-03
  2.74487094e-02  1.11800156e-01  2.06516051e-01  3.97899296e-03
  3.01271878e-03  2.63517884e-03  2.21153734e-03  7.33480985e-04
 -4.49360973e-03 -1.96836936e-02 -5.16150168e-02 -5.95619722e-02
  3.64310991e-01 -3.18496446e-04 -3.87179332e-04 -5.89234143e-04
 -9.60233182e-04 -1.60427667e-03 -2.66794483e-03 -3.98049251e-03
 -2.72068173e-03  7.03184187e-05 -5.35778477e-05 -2.50459689e-04
 -6.18843254e-04 -1.32030751e-03 -2.53097722e-03 -3.94560405e-03
 -2.06433552e-03 -5.24610080e-04 -5.64014022e-04 -9.92986572e-04
 -1.06676034e-03  2.10606386e-04 -8.43635224e-04  1.08448443e-04
  3.30143790e-05 -9.42776210e-04 -3.48215610e-03 -3.03901218e-03
 -5.75413567e-03 -9.53038027e-03 -1.13427003e-02 -1.92432733e-02
  5.23009465e-04  7.61943761e-04  3.45363218e-04 -5.96757265e-03
 -5.62521293e-03 -4.73937451e-03 -2.08740404e-02 -3.85705443e-02
 -4.29917109e-02 -8.07698019e-02 -5.67113076e-04 -5.66463325e-04
 -7.19498056e-04 -9.82124668e-04 -1.09411857e-03 -1.56439941e-03
  6.33153523e-04 -1.80391386e-04  2.67467649e-04 -2.00216592e-03
 -4.05235642e-04 -3.26104135e-04 -1.86606776e-03 -1.82629300e-03
 -3.11401989e-03 -5.40503746e-03 -5.80787231e-03 -1.05658585e-02
 -3.94208391e-04 -2.97675214e-03 -3.21724455e-04  3.32573325e-04
 -3.23114640e-03 -2.47690986e-03 -2.45977533e-03 -1.03319334e-02
 -1.96847684e-02 -2.06981460e-02 -4.10325865e-02  5.53555309e-04
  4.69460546e-04  5.16711751e-04  3.99298746e-04 -4.21043249e-04
  3.08812608e-04  1.59546709e-04  8.18847178e-04  8.88306773e-04
  7.91699686e-04  8.92818815e-04  3.12930857e-04 -7.01465024e-04
 -5.23186495e-04 -3.32263167e-05  5.03964828e-04  3.99600046e-04
  1.56338768e-03  2.20862594e-03  1.72386021e-03  2.81260055e-03
 -1.22800687e-03 -5.76996687e-04 -3.62760115e-04  3.69866379e-04
  1.30218913e-03  1.26869648e-03  4.16387787e-03  7.14352194e-03
  5.46683605e-03  1.04955540e-02  8.57398776e-05 -3.50969865e-04
 -3.33499072e-04 -6.71089819e-04 -7.03705731e-04 -1.38473181e-03
  3.95404200e-04 -4.61521785e-05  1.64911577e-03  5.41477253e-04
  1.66173800e-03  9.19202316e-04  3.99252537e-04  4.55353444e-04
  1.79090157e-04 -3.29611867e-04 -4.11108180e-04 -1.80506342e-03
  3.11430704e-03  1.41800440e-03  4.67568184e-04 -1.52735382e-04
  9.52502629e-04  6.42962169e-04  7.06442760e-04  6.71931099e-04
  1.95380809e-04 -6.90951051e-05 -2.34333943e-03]
Performing time-step optimization.
Optimized step size: 0.11587

Starting VMC.
 =========================================================================
 In block : 1
  Number of VMC steps           = 1000000

  Block average energies (au)

  Total energy                       (au) =         -54.575442781764
  Standard error                        +/-           0.000714705378

 Time taken in block    : : :       281.3156

 =========================================================================
 FINAL RESULT:

  VMC energy (au)    Standard error      Correction for serial correlation
 -54.575442781764 +/- 0.000714705378      On-the-fly reblocking method

 Sample variance of E_L (au^2/sim.cell) : 0.099974875803


 ==========================================
 PERFORMING OPTIMIZATION CALCULATION No. 2.
 ==========================================


 Optimization start
 ==================
   Iteration     Total nfev        Cost      Cost reduction    Step norm     Optimality
       0              1         1.0213e-01                                    6.00e+03
       1              2         9.9073e-02      3.05e-03       8.82e-01       9.34e+02
       2              4         9.9046e-02      2.74e-05       1.60e-01       4.79e+02
       3              5         9.8866e-02      1.79e-04       4.00e-02       1.39e+02
`ftol` termination condition is satisfied.
Function evaluations 5, initial cost 1.0213e-01, final cost 9.8866e-02, first-order optimality 1.39e+02.
Jacobian matrix at the solution:
[-2.37178376e-02  3.16946388e-02  2.47213081e-02  1.60449460e-02
  9.25738309e-02  6.51166042e-01  3.31659296e+00  1.43397394e+01
 -3.48632660e-02  4.32904489e-02  9.81229472e-02  2.40469776e-01
  6.24067795e-01  1.69783000e+00  4.83833784e+00  1.44409687e+01
  2.47079899e-03 -2.40495193e-03 -5.06013615e-03 -4.86332197e-03
 -2.23127667e-03 -2.01075066e-02 -1.95448422e-01 -1.14884480e+00
 -5.08352716e-03  7.21927318e-03  3.21647770e-03  5.96043724e-04
 -1.58314325e-03 -5.57540144e-03 -1.68463003e-02 -4.78653742e-02
 -1.50688057e-03  7.58811110e-04  3.01917108e-03  7.44893456e-03
  1.73308603e-02  4.01247820e-02  9.17495783e-02  2.08030151e-01
  1.41286506e+00 -1.06993728e+00  2.75888085e-01 -6.09369772e-01
 -1.09732808e+00 -4.50758798e-01 -3.55591564e-01 -1.56464593e+00
 -5.26239869e-01 -1.27017522e+00 -7.81358216e-01  3.71383579e-01
  1.18184967e+00  4.20455824e+00 -1.00936219e+00 -2.35089721e+00
 -1.20688736e+00 -8.89974045e-01 -5.03276024e-02 -4.09665291e-01
  2.03533509e+00  4.20186431e+00  1.09952898e+01 -1.21333622e+00
 -2.96548540e+00 -5.77121474e-01  1.41857951e+00 -6.30847908e-01
 -7.78923445e-01 -2.57737877e-01 -6.03772668e-01 -1.95405496e-01
 -4.32741089e-01 -1.92775240e-01 -5.00641244e-01 -1.66773220e+00
 -2.64628821e+00 -1.45698697e+00 -2.89748743e+00 -1.00813405e+01
 -2.22024870e+00 -5.48860659e+00 -2.08265334e+00 -9.63695154e-01
 -4.25626373e+00 -2.13592814e+00 -2.30404381e+00 -1.32550934e+01
 -2.65595229e+01 -5.10059178e+00 -1.19131538e+01 -2.72093301e+00
  2.12001195e-01 -1.39973060e-01 -3.23041379e-01  2.65202812e-02
  5.10624351e-02  2.62962265e-02 -1.87202633e-01  8.80484476e-02
  3.18647758e-01  3.50648732e-01  4.67314687e-02 -1.92998280e-01
  3.72275746e-02 -8.39963299e-01  3.82812414e-02 -7.77365861e-02
 -2.51758509e-02  5.73197717e-01  1.12269469e-01  3.44166836e-01
  4.20514070e-02 -7.95106574e-01 -2.33522969e+00 -1.27965970e-01
 -7.39301924e-01 -3.12132528e-01  1.79754204e-03  1.31429670e-03
  2.72057245e-03  8.97938397e-03  3.32308307e-02  1.22208550e-01
  4.41009509e-01  1.57251734e+00  5.58220834e+00  1.22536591e-03
  1.13566436e-03  1.52248523e-03  2.98053584e-03  7.53429781e-03
  2.24646885e-02  7.34642830e-02  2.51075936e-01  8.76972831e-01
  3.11106035e+00  1.96896217e-04  3.21779702e-05 -1.03435399e-04
 -3.16986537e-04 -7.84817664e-04 -1.84285386e-03 -3.95687924e-03
 -6.71198796e-03  5.07833884e-06  1.09658192e-04  3.10571562e-04
  7.64001415e-04  1.79939744e-03  4.14833511e-03  9.65411821e-03
  2.38115228e-02  2.17977483e-04  2.16417638e-04  1.51565686e-04
  5.16648371e-05  1.71541330e-04  7.22065003e-05 -4.72814670e-04
 -6.61958410e-04 -3.58956910e-05  1.23344944e-04  3.95748547e-04
  2.64907408e-04 -1.73403767e-04  5.27392807e-04 -1.94198470e-03
 -1.60471229e-03 -4.91162335e-05 -5.03962510e-04  1.50153190e-04
 -4.96334615e-04 -6.26808638e-05 -4.04982275e-04 -4.10805850e-03
 -1.04723553e-03 -1.49284931e-02  4.22175641e-04 -3.16426564e-04
  4.83651499e-04  4.50889008e-04  5.13386278e-04  4.23859390e-04
  2.54357679e-04  6.56163389e-05 -5.11894078e-04  1.09330943e-03
  2.33600140e-05 -5.87859930e-04  8.08524716e-04  7.81783730e-04
  1.07450025e-03  1.43754690e-03  1.53056665e-03  1.31831873e-03
 -6.39574627e-04  1.76315540e-03  1.08190670e-03 -6.18490726e-04
  8.08244269e-04  7.64321169e-05  9.11389618e-05  1.77062083e-03
  2.14366160e-03  2.22984794e-03 -7.79159276e-04  4.40736514e-04
  6.77952134e-04  2.99335150e-04  4.41155166e-04 -2.34830025e-04
  1.85222647e-04  2.89166781e-04  8.47159425e-04  1.42940779e-03
  5.35817574e-04  6.85828830e-04  9.76193193e-05 -3.53310268e-04
 -4.93955690e-04  9.03430865e-05  3.70931984e-04  5.30339797e-04
  1.70593782e-03  2.89395676e-03  7.18507508e-04  1.48530366e-04
 -1.12873687e-03 -2.83349483e-04 -5.83660068e-04  2.06427402e-04
  8.71864166e-04  1.11901282e-03  3.40299732e-03  5.43621202e-03
  2.86655533e-05 -4.38467723e-03  3.06708691e-04  5.04287241e-04
  1.43740023e-04  2.58463774e-04  2.28927296e-05 -1.90337288e-05
 -3.99268702e-04 -5.71881408e-04  8.38949810e-04  9.09468714e-04
  1.07235408e-03  1.05201497e-03  9.79392776e-04  1.17063711e-03
  1.32704244e-03  2.07885585e-03  6.16288236e-04 -1.65910073e-04
  1.93993983e-03  1.19507196e-03 -1.09312664e-03 -3.17675701e-04
  1.86551710e-03  8.74613892e-04  1.28306273e-03  2.77997105e-03
  4.04746713e-03  2.16216467e-04 -3.99376352e-03]
Performing time-step optimization.
Optimized step size: 0.11638

Starting VMC.
 =========================================================================
 In block : 1
  Number of VMC steps           = 1000000

  Block average energies (au)

  Total energy                       (au) =         -54.575814042064
  Standard error                        +/-           0.000713828548

 Time taken in block    : : :       294.4224

 =========================================================================
 FINAL RESULT:

  VMC energy (au)    Standard error      Correction for serial correlation
 -54.575814042064 +/- 0.000713828548      On-the-fly reblocking method

 Sample variance of E_L (au^2/sim.cell) : 0.095771889265


 =========================================================================

 Total PyCasino real time : : :    9948.7337
