
 ------------------------------------------------------------------------------
 ########::'##:::'##::'######:::::'###:::::'######::'####:'##::: ##::'#######::
 ##.... ##:. ##:'##::'##... ##:::'## ##:::'##... ##:. ##:: ###:: ##:'##.... ##:
 ##:::: ##::. ####::: ##:::..:::'##:. ##:: ##:::..::: ##:: ####: ##: ##:::: ##:
 ########::::. ##:::: ##:::::::'##:::. ##:. ######::: ##:: ## ## ##: ##:::: ##:
 ##.....:::::: ##:::: ##::::::: #########::..... ##:: ##:: ##. ####: ##:::: ##:
 ##::::::::::: ##:::: ##::: ##: ##.... ##:'##::: ##:: ##:: ##:. ###: ##:::: ##:
 ##::::::::::: ##::::. ######:: ##:::: ##:. ######::'####: ##::. ##:. #######::
 .::::::::::::..::::::......:::..:::::..:::......:::....::..::::..:::.......:::

                     Python Quantum Monte Carlo Package
                        v 0.2.0 [Vladimir Konkov]

    Main Author : Vladimir Konkov
 ------------------------------------------------------------------------------
 Started 2024/08/27 08:08:41

 Python 3.10.12 (main, Jul 29 2024, 16:56:48) [GCC 11.4.0]
 Numba 0.59.0
 Numpy 1.26.4
 Scipy 1.11.3

 Running in parallel using 4 MPI processes.

 General input parameters
 ========================
 NEU (num up spin electrons)              :  4
 NED (num down spin electrons)            :  1
 RUNTYPE (type of run)                    :  vmc_opt
 PSI_S  (form for [anti]symmetrizing wfn) :  slater
 ATOM_BASIS_TYPE (atom-centred orb basis) :  gaussian
 INTERACTION (interaction type)           :  coulomb
 TESTRUN (read input data,print and stop) :  F
 PERIODIC                                 :  F
 COMPLEX_WF (complex Slater wave fn.)     :  F
 NEIGHPRINT (neighbour analysis)          :  0
 USE_JASTROW (use Jastrow factor)         :  T
 BACKFLOW (use backflow corrections)      :  T
 USE_ORBMODS (use orbitals modifications) :  F
 E_OFFSET (energy offset)                 :  0.0000
 CHECKPOINT (checkpointing level)         :  1
 CON_LOC (Dir to read/write config.*)     :  ./
 RELATIVISTIC                             :  F

 VMC/optimization input parameters
 ====================
 NEWRUN (start new run)                   :  T
 VMC_METHOD (choice of VMC algorithm)     :  3
 DTVMC (VMC time step)                    :  1.0000E-02
 OPT_DTVMC (VMC time-step optimization)   :  1
 VMC_NSTEP (num VMC steps)                :  100000
 VMC_NCONFIG_WRITE (num configs to write) :  100000
 VMC_NBLOCK (num VMC blocks)              :  1
 VMC_EQUIL_NSTEP (num equil steps)        :  5000
 VMC_DECORR_PERIOD (length of inner loop) :  10
 VMC_AVE_PERIOD (hist reduction factor)   :  1
 VMC_SAMPLING                             :  standard
 MAKEMOVIE                                :  F
 FORCES                                   :  F

 Non-local integration grids
 ===========================
 Ion type            :  1
 Non-local grid no.  :  4
 Lexact              :  5
 Number of points    :  12

 BEGIN VMC CALCULATION
 =====================

 Running VMC equilibration (5000 moves).
 Performing time-step optimization.
 Optimized step size: 0.36953
 DTVMC: 0.04552

 Starting VMC.

 =========================================================================
 In block : 1
  Number of VMC steps           = 100000

  Block average energies (au)

  Total energy                       (au) =          -9.638928377094
  Standard error                        +/-           0.004116799545

  Constant energy contributions      (au) =           0.000000000000

  Variance of local energy           (au) =           0.901724516765
  Standard error                        +/-           0.000000000000

 Time taken in block    : : :       23.7210

 =========================================================================
 FINAL RESULT:

  VMC energy (au)    Standard error      Correction for serial correlation

 -9.638928377094 +/- 0.004116799545      On-the-fly reblocking method

 Sample variance of E_L (au^2/sim.cell) : 0.901724516765


 ==========================================
 PERFORMING OPTIMIZATION CALCULATION No. 1.
 ==========================================


 Optimization start
 ==================
   Iteration     Total nfev        Cost      Cost reduction    Step norm     Optimality
       0              1         5.2915e-01                                    1.56e+05
       1              2         8.7772e-02      4.41e-01       3.72e-02       8.99e+03
       2              3         6.9775e-02      1.80e-02       1.07e-01       2.45e+03
       3              4         6.5087e-02      4.69e-03       2.36e-01       1.62e+03
       4              5         6.4445e-02      6.42e-04       1.91e-01       2.56e+03
       5              9         6.4393e-02      5.21e-05       9.47e-04       2.32e+03
       6             12         6.4387e-02      5.82e-06       1.25e-05       2.36e+03
`ftol` termination condition is satisfied.
Function evaluations 12, initial cost 5.2915e-01, final cost 6.4387e-02, first-order optimality 2.36e+03.
Norm of Jacobian at the solution: 1.98821e-12

 BEGIN VMC CALCULATION
 =====================

 Running VMC equilibration (5000 moves).
 Performing time-step optimization.
 Optimized step size: 0.36831
 DTVMC: 0.04522

 Starting VMC.

 =========================================================================
 In block : 1
  Number of VMC steps           = 100000

  Block average energies (au)

  Total energy                       (au) =          -9.755819919262
  Standard error                        +/-           0.000918097902

  Constant energy contributions      (au) =           0.000000000000

  Variance of local energy           (au) =           0.056946697442
  Standard error                        +/-           0.000000000000

 Time taken in block    : : :       25.0204

 =========================================================================
 FINAL RESULT:

  VMC energy (au)    Standard error      Correction for serial correlation

 -9.755819919262 +/- 0.000918097902      On-the-fly reblocking method

 Sample variance of E_L (au^2/sim.cell) : 0.056946697442


 ==========================================
 PERFORMING OPTIMIZATION CALCULATION No. 2.
 ==========================================


 Optimization start
 ==================
Stabilization: 1.0 SEM
E_0 -9.75476485 E_lin -9.61922029 dE 0.13554456
eigvector[0] 0.85617624
delta p / p
[ 3.65509378e-02  1.78123709e-01  3.53087543e-02 -4.07987779e-02
 -1.00870863e-01  1.44492290e-01 -3.49613220e-01 -5.12117027e-01
 -1.47314724e-02  7.74221630e-02 -5.34397718e-02  7.47656070e-04
 -5.37476318e-02  9.11231126e-02  7.28614900e-02  1.44131126e-03
 -5.28760099e-02  4.45188232e-02  1.12762936e-01 -2.09919532e-01
 -1.47525436e+00 -2.15993806e+00  1.40245458e-01  2.44012440e-01
 -2.85727874e+00 -1.42728290e-01  2.73797366e-02  3.59161008e-01
  8.36030141e-02 -2.76120422e-02 -1.49189755e-01  1.47094289e-01
  1.51582709e-01  1.75808959e-02 -2.01662791e-01  2.46396339e-01
  1.27099629e-01 -1.00839325e-02 -5.70595706e-01 -1.39088362e-02
  5.95763546e-02  2.73624015e-02  2.57294546e-01 -1.43094413e-01
 -7.34786957e-01  3.63212438e-01  3.52154922e+00 -8.86636727e-02
  9.71339495e-02 -1.30436159e-01 -7.51124002e-02  8.49914582e-03
 -6.64055865e-02  7.72469246e-02  1.42386572e+00  1.02585554e-01
  1.72788693e-01  1.46271029e-02  7.50106603e-02 -1.34432865e-01
 -1.65465130e-01 -2.66067341e+00 -1.82996304e-01  1.43814768e-02
 -3.41747954e-02 -2.50002044e-01  1.09993326e+00 -1.18930435e+00
 -9.54369808e-02 -3.20316549e-02  5.98480668e-02  4.07666315e-02
  6.39431612e-02  4.30723250e-01 -5.17510359e-02 -4.05274205e-01
  6.54703424e-03  2.15690652e-01  5.19990568e-01  1.01860799e+00
 -1.79414292e-01 -1.35191994e+00 -1.00021351e-01  1.14102993e+00
 -5.66828518e-02  8.60679241e-01 -1.78826185e-01  3.64419683e+00
  1.53892364e+00  3.89088889e+00  1.33570724e-01 -9.82606657e-02
  9.97858491e-02 -1.26446474e+00  5.66378823e-01  1.64559290e+00
  1.29462809e+00  2.06948754e+01 -1.61326512e+00  6.62438556e+00
  1.48252377e-01 -8.48972415e+00  5.93805795e-01 -4.76778169e-01
  4.07541896e-01  8.97895510e-02 -6.07877784e-01  2.07564249e-01
  1.75684447e-01  8.05627008e-01  4.47755908e-02 -4.74694400e-01
 -2.47850231e-01 -6.74212465e-01 -1.05129504e-01 -2.57214267e-02
  7.65614962e-02  9.40013121e-02  1.69855979e-02 -5.09638003e-01
 -5.30158373e-01  4.65751566e-01 -4.34883486e-01  3.50136119e-01
 -4.34917848e-01 -1.26436706e+00 -9.50325008e-01  1.19942324e+00
 -1.61615886e-01  1.26344104e-01  1.48910966e+00 -1.59240634e-02
 -4.26840955e-02 -5.07008985e-01  6.21120846e-01  3.88879199e-01
  9.95984379e-01  1.82129488e-01  9.19023717e-02 -3.99128992e-01
 -1.46125709e+00 -5.83627000e-02 -5.23585109e-02 -6.87680327e-01
 -8.51405661e-02 -2.84679680e-01 -7.19191009e-02  2.26707186e-01
 -2.95554749e-02 -5.95541207e-02 -1.67994437e-02 -3.11998693e+00
 -3.59949361e+00  1.92528665e-01 -4.95548328e-01  3.02642132e+00
  5.30894726e-01  7.72870037e-01  2.68863793e-02 -4.12273819e-01
 -4.80014523e-02 -7.23836343e-02 -7.80553678e-01  9.73413618e-02
  3.11067832e-01 -2.13332239e-01  2.79439772e+00  4.89082673e-01
 -1.06317310e+00 -2.21998317e+00  4.91274645e+00 -4.29100933e-01
 -1.64807147e-02  8.59633878e+00  4.74389412e-01 -9.00784167e+00
  3.16153109e-02  3.99939229e-02  5.28856184e-02 -1.02019381e-01
 -3.18203804e-01 -5.17526332e-01 -8.89113903e-01  4.38406437e-02
  4.32517299e-03 -1.32195831e-01  1.80551354e-01  5.75228149e-02
 -1.37352600e-02 -3.39423195e-01  4.13745313e-02 -1.57832413e-01
 -1.75697730e-01  9.96228386e-02 -2.41179129e-01  4.98231513e-02
  3.33060529e-01  5.94248360e-03  3.57908116e-01 -1.71085594e-01
 -8.21134359e-02  1.11915985e-03 -7.52610650e-02 -1.59544312e-01
 -2.21379264e-01  1.30527285e+00 -7.67190502e-01  1.13429628e+00
  1.76567911e-01  4.80292000e-01  5.57097910e-02  4.62645081e+00
 -1.80366028e-02 -2.35051393e-02 -1.00873387e-01  4.18095581e-02
 -3.04013098e-01  5.39607492e-02 -1.00229505e-01  1.79263786e-01
  1.44893832e-01 -4.96681141e-02 -3.20902965e+00 -5.61146647e-01
  3.52176624e-01  1.89403906e-01 -7.24447537e-01 -9.04331424e-02
  2.43309774e-01 -1.23963575e-01  5.02597588e-01  1.05654629e+00
 -6.90554904e-01 -2.46177239e+00 -2.31431705e-01 -1.39728671e-01
 -5.02447457e-01  8.65356846e-02 -4.41465952e-02 -2.92048119e-01
 -1.28541260e-01  2.41915142e-01 -1.10064994e+00  6.68413799e-01
  2.80813402e-01  2.83491980e-01  2.54480169e-02  4.04359267e-01
  4.95956310e-01 -2.25104972e-03  6.21835911e-01 -6.54288746e-01
 -3.08882995e-01  3.31952270e+00  1.93596312e+00  1.06006123e+00
  9.16169305e-02  2.25457973e-01 -3.74608949e-01 -1.91554448e-01
  6.28809202e-02  1.45229957e-01  5.72143853e-01  2.87353784e-01
  5.30552905e-01 -1.73924990e-01 -1.33872582e+00 -1.77836930e+00
 -2.21438416e-02  4.20582004e-01  1.40801669e-01  1.79908853e-02
  1.92523186e-02  4.15937684e+00  2.57537407e-02  1.76955151e+00
  7.60416831e-02  2.48160719e-01  1.41017087e-01 -1.90739797e-01
 -3.08329297e-01 -7.82065695e-01 -1.09940794e+00 -8.46754186e-02
  1.18633664e-01 -2.01171301e-01 -1.53599751e-01 -7.99238375e-02
 -2.21244766e-02 -2.66289411e-01  1.82749252e-03  5.83693085e-01
 -1.40822847e-01  2.17424138e-01 -6.30778837e-02  5.60484990e-01
 -5.29625446e-03 -1.64080129e-01 -1.30132241e-02  8.15128154e-01
 -2.95353125e-01  8.19642655e-02 -1.07887452e-01 -2.73374270e-01]

 BEGIN VMC CALCULATION
 =====================

 Running VMC equilibration (5000 moves).
 Performing time-step optimization.
 Optimized step size: 0.40549
 DTVMC: 0.05481

 Starting VMC.

 =========================================================================
 In block : 1
  Number of VMC steps           = 100000

  Block average energies (au)

  Total energy                       (au) =          -8.862242423423
  Standard error                        +/-           0.011414128632

  Constant energy contributions      (au) =           0.000000000000

  Variance of local energy           (au) =           5.593567376128
  Standard error                        +/-           0.000000000000

 Time taken in block    : : :       22.7669

 =========================================================================
 FINAL RESULT:

  VMC energy (au)    Standard error      Correction for serial correlation

 -8.862242423423 +/- 0.011414128632      On-the-fly reblocking method

 Sample variance of E_L (au^2/sim.cell) : 5.593567376128


 ==========================================
 PERFORMING OPTIMIZATION CALCULATION No. 3.
 ==========================================


 Optimization start
 ==================
Stabilization: 1.0 SEM
E_0 -8.84771945 E_lin -10.07828675 dE -1.23056731
eigvector[0] 0.70840761
delta p / p
[-2.06370853e-02 -1.60201509e-01  3.66305975e-01 -1.91197931e-01
 -2.24338496e-01 -6.08190416e-01 -4.63287487e-02 -1.46998666e+00
  7.15758087e-01  1.08120552e-01 -2.26180384e-01 -1.95281923e-02
  1.84686950e-02 -1.22740727e-02 -3.26888054e-03 -1.91221421e-03
 -2.37056035e-03 -5.32729364e-03 -7.24353091e-02 -9.09528853e-02
 -3.72927705e+00 -2.93308465e+00 -2.79923997e-01 -3.28000380e-01
 -1.43056270e+00  3.62271355e-01 -7.35135288e-03 -7.14093074e-01
 -1.36278647e-01  6.43718995e-02 -4.10229400e-01  5.04610060e-01
  1.87527867e-01  1.53129912e-01 -4.05978738e+00  2.46411382e+00
 -1.13326088e-01 -7.39065352e-02  1.79611899e-02  1.09636336e-01
 -4.76145831e-02 -3.94873708e-02  4.51099187e-02 -3.93619669e-03
  6.01620865e+00 -3.45115856e-01  9.21232277e-01  2.17408829e-01
 -5.15059926e-02  1.75074127e-01  1.82724223e-02  6.37164040e-03
  2.03591417e-02 -3.03023953e-01 -1.55813975e-01  2.46349971e-01
  3.18843826e-01  1.49543507e-01 -1.76095955e-02 -9.01958980e-02
  1.27789312e-01  2.72175166e-01 -8.60026329e-02  4.77583786e-04
 -1.76997624e-02  3.08474158e-02  4.49408659e-01 -9.90375644e-01
  6.23262684e-02  3.24180424e-02  5.78061774e-02  9.01005830e-03
 -2.40014714e-02  8.89109018e-02 -1.23424000e-02 -1.24600256e-01
  1.32571426e-02  4.50024955e-02  1.25092370e-01 -5.88756702e-02
 -2.90546069e-02 -2.87512284e+00  5.95141931e-02 -2.49831899e-02
 -3.44135444e-02  2.86148814e-03 -8.49502655e-03  4.24609876e-03
  2.31665931e-03 -7.82880579e-04 -2.35817545e-02 -3.14607193e-01
  2.79714928e-01 -1.92154029e+00 -9.18476407e-02 -1.05615377e+00
 -3.30324229e-02 -4.19510384e-01 -1.62476620e+00 -7.99968826e-01
  2.65865363e-03  4.97507707e-01  2.14178745e-01 -4.51358584e-01
  1.07543542e-01  3.22579830e-02  5.82515434e-01 -3.16893086e-02
 -7.56489458e-02  8.80494661e-02  3.78479783e-02  2.85618825e+00
 -2.94682363e+00  9.46654842e-02  5.11473036e-01 -1.50259369e-01
 -1.42576477e-01 -9.73200884e-01  1.06670807e+00  1.62466975e+00
 -6.99617924e-01 -1.21714939e+00 -1.66087782e-01 -1.69359488e-01
  8.49237729e-01 -3.84607354e+00  2.27029463e+01 -4.67102491e-01
 -2.62156396e-01  1.36942461e+00  1.18433623e-01 -9.08560365e-02
  2.73119129e-02 -3.02189664e-01  9.49890034e-01  1.80442035e-02
  2.86570290e-01  1.38631096e-01 -2.43498295e-02 -1.50352530e-01
 -7.94363166e-01 -9.07335930e-02  8.34702031e-02  5.70720470e-01
 -6.51113779e-02 -3.16642782e-01 -1.38695139e-02 -5.84952145e-01
 -7.37676490e-02 -8.26042496e-03  2.08697012e-01  9.23980708e-01
  2.04773532e-01 -6.40237535e-02 -2.00780647e-01 -6.81107381e-01
 -8.05642568e-01  2.88312415e-01 -4.09015138e-01  7.91818557e-01
  3.77105919e-02 -3.27973947e-01 -1.61962568e+00 -1.25422968e-01
 -2.44007015e-01  5.43117359e-01 -4.93433111e-01 -3.64446147e+00
  3.50979430e+01  1.87574698e+00  1.17111735e+00 -6.64728009e-01
 -3.21101889e-01 -7.96008629e+00  1.78938435e+00 -3.95541325e+00
 -9.52506873e+00 -5.48852725e-01 -2.24848783e-01 -6.41274180e-02
  2.11754865e+00  8.15223373e-01 -2.64387962e+00 -1.85146008e-02
 -9.22908709e-02  1.73618353e-02  2.50934376e-01 -7.17942014e-02
 -1.17377805e-01 -1.90742030e-01  3.36694628e-02  3.86048697e-01
 -8.18078971e-02 -1.43868118e-01  2.60646973e-01  1.21933027e-01
 -6.02485786e-01 -1.80891100e-01 -2.11058766e-01  1.38770410e-01
  2.79233834e-01  4.78176152e-01  7.71963838e-02  7.56377363e-01
 -1.48562648e-01 -2.51037788e-02  1.14883900e+00 -2.41198424e-03
 -3.36973829e-02 -2.06359694e-02 -2.44890286e-01  1.20560029e-01
  3.37913872e-02 -3.18212810e-01  1.79860196e-01 -9.89453867e-02
  2.64330954e-02 -3.30514074e-03  8.10334407e-03 -5.50219281e-02
 -7.59658674e-02 -5.60812073e-02  1.37294682e-01  1.16428708e-01
 -5.84785977e-02 -4.90133073e-03  6.60183585e-01 -1.09148067e-01
 -1.89920130e-02  4.38114182e-03 -1.51688169e-02 -1.15355093e-01
  4.22963788e-01  1.27499290e-01 -8.20383075e-02 -8.06996634e-01
 -1.81878066e-01  1.06028248e-01  3.01981986e-03 -7.06431636e-02
  3.54403746e-01 -8.75527849e-02 -3.55069252e+00 -4.69336350e-02
 -5.47772149e-02 -5.30365929e-02  4.26528933e-02  1.64361886e-01
 -4.16099938e-01  1.99621322e-02 -2.33007320e-01 -1.86167825e-01
  4.74747439e-01 -2.88947477e+00  2.61612963e-03  6.72158308e-02
  6.15492893e-02 -1.78744909e-01 -1.14214153e+01  7.91828655e-05
 -5.09226453e-02 -4.48727730e-02 -1.01482822e-01 -3.66095858e-02
  1.16076615e+00  6.25887908e-01  1.84392364e+00 -5.65116418e-01
  2.36462427e-02  1.05405536e-01  1.77404695e-02  3.29453752e-01
  1.12166035e-01 -7.18089577e-02 -4.27459869e-02 -3.40766479e-02
  5.75378448e-02 -8.01809576e-02 -3.18789836e-02 -1.33040964e-01
 -1.75141128e-01  4.50751787e-01  1.32009823e+00 -1.10930442e-01
  2.58257871e-02  2.17323040e-02 -3.15594676e-01 -2.59300378e-03
  9.15465093e-02 -2.84402282e-02  2.07432038e-02 -3.71488351e-02
  1.41130139e-01 -1.86322881e-01 -3.09294378e-02  2.23635134e-02
  4.61198147e-02  3.04883163e-02  3.35146364e-02 -4.48810264e-02
 -1.62902226e-01  1.94102972e-02 -4.78485240e-02 -5.57405879e-02]

 BEGIN VMC CALCULATION
 =====================

 Running VMC equilibration (5000 moves).
 Performing time-step optimization.
 Optimized step size: 0.36063
 DTVMC: 0.04335

 Starting VMC.

 =========================================================================
 In block : 1
  Number of VMC steps           = 100000

  Block average energies (au)

  Total energy                       (au) =          -9.538445485020
  Standard error                        +/-           0.006201481112

  Constant energy contributions      (au) =           0.000000000000

  Variance of local energy           (au) =           1.607037574282
  Standard error                        +/-           0.000000000000

 Time taken in block    : : :       26.0391

 =========================================================================
 FINAL RESULT:

  VMC energy (au)    Standard error      Correction for serial correlation

 -9.538445485020 +/- 0.006201481112      On-the-fly reblocking method

 Sample variance of E_L (au^2/sim.cell) : 1.607037574282


 ==========================================
 PERFORMING OPTIMIZATION CALCULATION No. 4.
 ==========================================


 Optimization start
 ==================
Stabilization: 1.0 SEM
E_0 -9.54083153 E_lin -8.77554324 dE 0.76528829
eigvector[0] 0.55846180
delta p / p
[ 1.06948695e-02 -4.10051185e-02 -4.64826787e-01  3.99162707e-01
 -6.18354819e-01 -3.08963784e+00  1.10337413e+00 -2.89451552e+00
 -5.81406733e-02  1.53671368e-01 -1.54568242e-01 -2.36742105e-02
 -6.60683111e-03  2.48786323e-02  2.92772011e-02 -5.32284868e-03
  3.26450138e-02  2.08268871e-02  2.16235619e-02 -3.69860001e-02
 -7.98097823e-01 -1.16091574e+00  3.24369388e-01  3.03094592e-01
 -7.02241596e-01 -8.88469005e-02  9.30686517e-03  1.15433772e+00
  1.83361621e-01 -1.17232674e-01 -1.93280871e-01 -3.53214610e-01
 -2.43629714e-01 -7.39935624e-02 -3.65243779e-01 -2.47994614e-01
  2.93615382e-01 -8.28862737e-02  5.80321537e-02  1.13155655e-01
 -1.00079195e-02  2.64722981e-01  1.33963447e+00 -3.01444584e-01
 -1.41204882e-01  5.16536660e-01 -3.26789906e-01 -3.30214733e-02
 -1.30741295e-02  2.15087929e-02  2.03210095e-01  2.36828264e-01
 -2.97484625e-01  9.90433966e-01  9.60352351e-01 -3.95280390e-02
 -3.19217381e+00 -1.04426338e-01  3.11770595e-02  1.96879647e-01
 -3.64594634e-02  1.02034829e-01 -2.18151140e-01 -1.25678187e-01
  1.61735175e-02 -1.70554261e-01 -8.55159796e-02  2.75795621e+02
 -1.25000321e-02 -2.05011187e-02 -2.95586692e-02 -3.30590497e-03
  2.03164103e-02  4.94740694e-02  2.42985722e-03 -2.30246043e-01
 -1.92490042e-02  9.40640235e-02  1.63599431e-02 -1.24723006e-01
  1.57429946e-02 -8.10878631e+00  1.33448856e-01 -1.82673919e-02
  4.72090973e-02 -3.96240213e-02 -7.36800498e-02  1.60436805e-02
  1.75281453e-03  6.17869079e-03  9.16607560e-02  1.75174539e-01
  3.03802350e-01  8.89426732e+00  2.15728395e-01 -2.89397589e+01
  1.92325652e-01  9.81043692e-01 -2.67022684e+00  2.59970740e+00
 -3.65794075e-02 -1.78139879e-02 -1.58134528e-01  1.29936915e+00
 -1.94060828e-01 -7.66822610e-02 -9.68871734e-01  7.18663692e-02
  1.88284388e-01 -2.57332072e-01 -2.62807131e-02 -6.76844473e-01
 -3.82225853e-01 -1.50849278e-01  8.75478176e-02 -1.01101309e-02
 -3.54819619e-02  1.77149883e+00 -1.64276453e-01 -1.11830975e-01
  1.85613558e+00 -1.01544751e+00 -8.49041724e-01 -1.11587993e-01
  4.15796181e-01 -1.11182172e+00 -1.81758791e-01  1.78181287e+00
  2.74981822e-01 -1.37865178e-01 -2.71859397e-01 -1.59312522e-01
  1.02396223e-01  7.38032034e-01 -4.12930505e-01  2.75602250e-01
  1.13033418e-01  2.09740629e-01  3.36164520e-01 -4.70496330e-01
 -1.66929546e+00  7.40755967e-02  7.29782391e-02 -2.53063695e-01
  6.99047139e-02 -1.64404043e+00  8.69186686e-03 -1.45883777e-01
 -1.19675067e-01 -6.39035340e-03 -8.56374461e-02 -8.78448955e-01
 -5.14023749e-01  9.93466979e-03  1.88365323e+00 -2.46865443e+00
  2.99193364e+00 -1.76645758e-01 -6.80038013e-01 -2.80343693e-01
  1.60721030e-01  4.65265061e-01 -2.50318317e+00 -1.49683822e-01
  9.60262284e-01 -4.18932222e-01  8.41716880e-01  1.31002932e+00
 -1.05347871e+00 -1.04427146e-01 -4.67591491e-01  1.50597139e-01
  5.34856411e-01 -7.09613817e-01  1.25969725e-01 -1.26351297e+00
 -7.73161188e-01  9.96133271e-01  8.30393574e-02 -5.18196926e-02
 -6.07646646e-01 -6.78110392e-01 -4.73254521e-01  1.65726613e-02
  1.58019108e-02  1.02339943e-01 -1.19589372e-01  5.46123261e-02
  2.56267114e-02  3.29369690e-03 -2.43946843e-02  1.54510801e-01
 -3.53656519e-03  1.37928922e-01 -1.68898748e-01 -4.44298789e-02
  7.77216862e-01  9.43111457e-02  1.34835567e-01 -1.26994898e-02
 -2.64451930e-01 -1.84217581e-01 -5.87511456e-02 -3.98950910e-02
  8.57301727e-02  6.90508520e-02 -5.91008945e-02  3.13923623e-01
 -5.30828487e-02 -1.13646978e-02  1.53952712e-01 -3.90872318e-02
 -4.55966836e-02  1.34476112e-01 -1.73378685e-01  5.81796224e-02
  1.37740136e-01  8.82911157e-03 -2.23940123e-02  8.66303105e-04
 -7.55211664e-02  6.99310020e-02 -7.42491792e-02 -1.47217612e-01
 -6.24124611e-02 -5.75308984e-02  1.30474037e-01 -8.31232906e-02
  2.26689276e-02 -5.49384009e-02  5.09176107e-02  8.23929810e-02
 -4.22949300e-01  3.25876859e-01  4.43981600e-02  5.54797980e-01
 -6.23453519e-02  7.03852011e-02  5.07008622e-02  8.31178372e-02
 -4.34084420e-02  1.81208080e-02 -1.11485670e+00  1.93010743e-02
  2.53414012e-02  3.72259450e-02  5.95888238e-02 -4.32154147e-02
 -8.96015445e-02  4.87848558e-02 -4.92513322e-02  2.46677780e-01
 -3.96352227e-03  8.29062135e-01 -4.54427901e-01  1.03962395e-01
  4.15891837e-03  2.40283978e-01  1.46228597e+00 -8.95508727e-02
 -3.80820942e-02  2.41496170e-02  1.33182421e-01 -3.73321849e-02
 -4.28266126e-01 -1.14110095e-01 -7.80151905e-02  2.01055210e+00
  2.24933310e-03  4.71136732e-02 -8.78469806e-04 -1.91549973e-02
  7.18090503e-02 -1.40135533e-01 -7.33773700e-02 -4.60011153e-02
  9.66851847e-02  3.01154042e-02 -1.79526881e-03 -1.30674425e-01
 -4.79734302e-02  3.74987669e-01 -1.15554250e-01  2.04069272e-01
  6.64671611e-02 -2.47364047e-01 -1.23003342e-01  3.94881520e-02
  4.78013657e-02  2.83040771e-01  2.20068635e-02  3.57065710e-01
 -5.27295543e-02  3.32448553e-02 -1.04452210e-02 -4.25750876e-03
 -7.92580799e-03  1.65689920e-03 -7.70841190e-02  5.17299958e-02
 -4.07429994e-02  1.75447363e-02  6.42219569e-02 -4.12800128e-03]

 BEGIN VMC CALCULATION
 =====================

 Running VMC equilibration (5000 moves).
 Performing time-step optimization.
 Optimized step size: 0.38913
 DTVMC: 0.05047

 Starting VMC.

 =========================================================================
 In block : 1
  Number of VMC steps           = 100000

  Block average energies (au)

  Total energy                       (au) =          -9.510920707598
  Standard error                        +/-           0.005781605223

  Constant energy contributions      (au) =           0.000000000000

  Variance of local energy           (au) =           0.813161117075
  Standard error                        +/-           0.000000000000

 Time taken in block    : : :       24.9180

 =========================================================================
 FINAL RESULT:

  VMC energy (au)    Standard error      Correction for serial correlation

 -9.510920707598 +/- 0.005781605223      On-the-fly reblocking method

 Sample variance of E_L (au^2/sim.cell) : 0.813161117075


 =========================================================================

 Total PyCasino real time : : :    4854.8995
