
 ------------------------------------------------------------------------------
 ########::'##:::'##::'######:::::'###:::::'######::'####:'##::: ##::'#######::
 ##.... ##:. ##:'##::'##... ##:::'## ##:::'##... ##:. ##:: ###:: ##:'##.... ##:
 ##:::: ##::. ####::: ##:::..:::'##:. ##:: ##:::..::: ##:: ####: ##: ##:::: ##:
 ########::::. ##:::: ##:::::::'##:::. ##:. ######::: ##:: ## ## ##: ##:::: ##:
 ##.....:::::: ##:::: ##::::::: #########::..... ##:: ##:: ##. ####: ##:::: ##:
 ##::::::::::: ##:::: ##::: ##: ##.... ##:'##::: ##:: ##:: ##:. ###: ##:::: ##:
 ##::::::::::: ##::::. ######:: ##:::: ##:. ######::'####: ##::. ##:. #######::
 .::::::::::::..::::::......:::..:::::..:::......:::....::..::::..:::.......:::

                     Python Quantum Monte Carlo Package
                        v 0.2.0 [Vladimir Konkov]

    Main Author : Vladimir Konkov
 ------------------------------------------------------------------------------
 Started 2024/08/21 20:03:15

 Python 3.10.12 (main, Jul 29 2024, 16:56:48) [GCC 11.4.0]
 Numba 0.59.0
 Numpy 1.26.4
 Scipy 1.11.3

 Running in parallel using 4 MPI processes.

 General input parameters
 ========================
 NEU (num up spin electrons)              :  4
 NED (num down spin electrons)            :  1
 RUNTYPE (type of run)                    :  vmc_opt
 PSI_S  (form for [anti]symmetrizing wfn) :  slater
 ATOM_BASIS_TYPE (atom-centred orb basis) :  gaussian
 INTERACTION (interaction type)           :  coulomb
 TESTRUN (read input data,print and stop) :  F
 PERIODIC                                 :  F
 COMPLEX_WF (complex Slater wave fn.)     :  F
 NEIGHPRINT (neighbour analysis)          :  0
 USE_JASTROW (use Jastrow factor)         :  T
 BACKFLOW (use backflow corrections)      :  F
 USE_ORBMODS (use orbitals modifications) :  F
 E_OFFSET (energy offset)                 :  0.0000
 CHECKPOINT (checkpointing level)         :  1
 CON_LOC (Dir to read/write config.*)     :  ./
 RELATIVISTIC                             :  F

 VMC/optimization input parameters
 ====================
 NEWRUN (start new run)                   :  T
 VMC_METHOD (choice of VMC algorithm)     :  3
 DTVMC (VMC time step)                    :  1.0000E-02
 OPT_DTVMC (VMC time-step optimization)   :  1
 VMC_NSTEP (num VMC steps)                :  100000
 VMC_NCONFIG_WRITE (num configs to write) :  100000
 VMC_NBLOCK (num VMC blocks)              :  1
 VMC_EQUIL_NSTEP (num equil steps)        :  5000
 VMC_DECORR_PERIOD (length of inner loop) :  10
 VMC_AVE_PERIOD (hist reduction factor)   :  1
 VMC_SAMPLING                             :  standard
 MAKEMOVIE                                :  F
 FORCES                                   :  F

 Non-local integration grids
 ===========================
 Ion type            :  1
 Non-local grid no.  :  4
 Lexact              :  5
 Number of points    :  12

 BEGIN VMC CALCULATION
 =====================

 Running VMC equilibration (5000 moves).
 Performing time-step optimization.
 Optimized step size: 0.37697
 DTVMC: 0.04737

 Starting VMC.

 =========================================================================
 In block : 1
  Number of VMC steps           = 100000

  Block average energies (au)

  Total energy                       (au) =          -9.638635339685
  Standard error                        +/-           0.004170460624

  Constant energy contributions      (au) =           0.000000000000

  Variance of local energy           (au) =           0.893107360294
  Standard error                        +/-           0.000000000000

 Time taken in block    : : :       11.0974

 =========================================================================
 FINAL RESULT:

  VMC energy (au)    Standard error      Correction for serial correlation

 -9.638635339685 +/- 0.004170460624      On-the-fly reblocking method

 Sample variance of E_L (au^2/sim.cell) : 0.893107360294


 ==========================================
 PERFORMING OPTIMIZATION CALCULATION No. 1.
 ==========================================


 Optimization start
 ==================
   Iteration     Total nfev        Cost      Cost reduction    Step norm     Optimality
       0              1         5.3048e-01                                    1.58e+05
       1              2         1.0816e-01      4.22e-01       4.52e-03       1.44e+04
       2              3         9.3499e-02      1.47e-02       1.79e-02       6.43e+02
       3              4         9.2535e-02      9.64e-04       7.18e-03       4.23e+01
       4              5         9.2477e-02      5.77e-05       1.94e-03       6.44e+00
`ftol` termination condition is satisfied.
Function evaluations 5, initial cost 5.3048e-01, final cost 9.2477e-02, first-order optimality 6.44e+00.
Norm of Jacobian at the solution: 1.19380e-12

 BEGIN VMC CALCULATION
 =====================

 Running VMC equilibration (5000 moves).
 Performing time-step optimization.
 Optimized step size: 0.36070
 DTVMC: 0.04337

 Starting VMC.

 =========================================================================
 In block : 1
  Number of VMC steps           = 100000

  Block average energies (au)

  Total energy                       (au) =          -9.748034918292
  Standard error                        +/-           0.001273599556

  Constant energy contributions      (au) =           0.000000000000

  Variance of local energy           (au) =           0.129887407909
  Standard error                        +/-           0.000000000000

 Time taken in block    : : :       11.6021

 =========================================================================
 FINAL RESULT:

  VMC energy (au)    Standard error      Correction for serial correlation

 -9.748034918292 +/- 0.001273599556      On-the-fly reblocking method

 Sample variance of E_L (au^2/sim.cell) : 0.129887407909


 ==========================================
 PERFORMING OPTIMIZATION CALCULATION No. 2.
 ==========================================


 Optimization start
 ==================
Stabilization: 1.0 SEM
E_0 -9.74710178 E_lin -9.75162187 dE -0.00452008
eigvector[0] 0.98052355
delta p / p
[ 3.40907197e-02 -2.68899455e-02 -5.47621461e-03 -1.06884160e-04
 -2.46865742e-02  1.97075493e-02  8.09835416e-03 -2.71435655e-02
 -2.36267602e-01  1.18623827e-02 -5.72919801e-01  2.83390444e-01
  6.29326721e-02 -3.08950024e-02 -7.58597151e-02 -4.33492082e-02
 -8.59981137e-03  3.56667781e-02  1.07780402e-02 -1.53238616e-01
  3.06280898e-01  2.39452173e-02 -4.39073103e-02 -1.14396969e-02
 -3.02112930e+01 -2.00011781e-01  1.93716122e-02 -7.84440068e-02
 -2.21216370e-02  7.68559742e-02  3.10469406e+00 -1.16075495e-01
 -2.21593735e-01  1.58809004e-01 -9.43187847e-02 -5.41106326e+00
  3.66516415e-01 -9.52619208e-02  6.87460218e-02 -1.14103463e-01
 -3.55949780e-02  2.02208965e-02 -3.09607436e-02  8.65589984e-02
  2.54864490e-01  6.95483059e-01 -4.56893210e-02 -4.31034553e-01
  2.53138173e-02  1.11502271e-01 -1.47217609e-02  2.21776153e-01
  1.38032185e-01 -2.10996946e-01  1.64969657e-01 -1.81500375e-01
 -2.75506228e-02  2.11624541e-03  2.49458466e-02  1.63290337e-02
 -6.36969835e-02  3.52572242e+00  9.29249808e-02  2.65429092e-02
  6.58205178e-01  1.15459593e-02  3.80805516e-02 -1.31916386e-02
 -8.85012502e-03 -5.44740478e-01  3.75246281e-01 -2.36763847e-02
 -4.82023286e-01 -2.69630702e-02 -6.84457957e-03  5.64904176e-01
 -1.60518525e-02  2.03442462e-02  9.01638467e-01]

 BEGIN VMC CALCULATION
 =====================

 Running VMC equilibration (5000 moves).
 Performing time-step optimization.
 Optimized step size: 0.36781
 DTVMC: 0.04509

 Starting VMC.

 =========================================================================
 In block : 1
  Number of VMC steps           = 100000

  Block average energies (au)

  Total energy                       (au) =          -9.750209049972
  Standard error                        +/-           0.001244535055

  Constant energy contributions      (au) =           0.000000000000

  Variance of local energy           (au) =           0.122829033539
  Standard error                        +/-           0.000000000000

 Time taken in block    : : :       11.6351

 =========================================================================
 FINAL RESULT:

  VMC energy (au)    Standard error      Correction for serial correlation

 -9.750209049972 +/- 0.001244535055      On-the-fly reblocking method

 Sample variance of E_L (au^2/sim.cell) : 0.122829033539


 ==========================================
 PERFORMING OPTIMIZATION CALCULATION No. 3.
 ==========================================


 Optimization start
 ==================
Stabilization: 1.0 SEM
E_0 -9.75423380 E_lin -9.75435404 dE -0.00012024
eigvector[0] 0.99266585
delta p / p
[ 1.95059192e-02 -9.31118094e-02  3.41677892e-03  2.07825818e-02
  1.22315979e-02 -1.15256682e-02 -3.10225675e-03  1.74486152e-02
  8.55425951e-02 -4.36493301e-02 -2.42809610e-01  6.96251261e-02
  6.14338229e-02  2.95619494e-03 -2.51404734e-01 -4.68406237e-02
 -1.44390985e-01  1.35534398e-02 -1.19663100e-02 -9.50602875e-02
  2.92119845e-02  3.68498128e-02 -2.19596194e-02 -1.66499068e-02
  5.81102090e-01 -1.13591721e-01  1.93438329e-02 -6.58103578e-02
 -2.76607391e-02  4.52993167e-02  5.50991287e-01 -7.01107126e-02
 -3.78949185e-02  2.61812594e-02 -2.01908453e-01 -4.28927817e-02
 -2.07131344e-01  1.66172444e-02  3.10559355e-02 -4.62911626e-02
 -1.12797810e-02 -1.85362539e-02  2.63684651e-02 -5.95528561e-02
 -9.75418091e-02  3.56371227e-01 -1.38362824e-01  2.32177943e+00
  3.75549576e-03  7.68038512e-02 -2.78773846e-02  7.59878858e-02
 -9.08448730e-02 -8.77094741e-02  4.64310649e-02 -3.62598886e-02
  3.84845132e-02 -4.24155928e-02 -1.47215404e-01  2.88013293e-02
  2.55915004e-02 -6.59944395e-02  5.43202983e-02 -9.41980057e-03
 -5.90610600e-03  4.64444356e-03  2.55134584e-03 -5.55765152e-03
 -1.48069525e-03 -3.85106118e-01 -3.82633584e-03  7.44165490e-03
  1.29659575e-01 -1.39399791e-03 -6.13841391e-03 -2.30626551e-01
 -2.75725927e-02  9.89046968e-03  2.82466128e-02]

 BEGIN VMC CALCULATION
 =====================

 Running VMC equilibration (5000 moves).
 Performing time-step optimization.
 Optimized step size: 0.36129
 DTVMC: 0.04351

 Starting VMC.

 =========================================================================
 In block : 1
  Number of VMC steps           = 100000

  Block average energies (au)

  Total energy                       (au) =          -9.755534826506
  Standard error                        +/-           0.001184623791

  Constant energy contributions      (au) =           0.000000000000

  Variance of local energy           (au) =           0.117453404562
  Standard error                        +/-           0.000000000000

 Time taken in block    : : :       12.2580

 =========================================================================
 FINAL RESULT:

  VMC energy (au)    Standard error      Correction for serial correlation

 -9.755534826506 +/- 0.001184623791      On-the-fly reblocking method

 Sample variance of E_L (au^2/sim.cell) : 0.117453404562


 ==========================================
 PERFORMING OPTIMIZATION CALCULATION No. 4.
 ==========================================


 Optimization start
 ==================
Stabilization: 1.0 SEM
E_0 -9.75427933 E_lin -9.75431652 dE -0.00003719
eigvector[0] 0.99681029
delta p / p
[ 1.53663385e-02 -3.64770830e-02  5.25492986e-02  6.15777451e-02
  6.31580569e-03 -1.74160128e-02  7.61137200e-03  1.24391378e-02
  8.00309711e-04 -5.60187681e-02 -3.69820516e-01  3.35158452e-02
  2.59971869e-02 -2.66639126e-03 -9.49349714e-02 -1.07222616e-02
 -4.71321359e-02  8.34737542e-03 -4.34075045e-03 -1.06309210e-01
 -1.69283183e-02  2.08139983e-02 -8.82568056e-03 -1.69420399e-02
  2.11042397e-01 -1.81838695e-01  1.08964165e-02 -4.08818612e-02
 -1.09277275e-02  1.75184717e-02  4.34152496e-01 -3.43355087e-02
  3.83129259e-02 -3.83313949e-03 -9.95144327e-02 -2.33520402e-03
 -7.06466119e-02 -2.59345354e-02 -1.63171420e-02 -9.30775115e-02
  4.46446870e-02  3.09040346e-02  8.42356305e-03 -8.58742445e-03
 -1.13393703e-01  2.77886928e-02 -9.35633106e-02 -2.50045624e-01
 -5.90307659e-03 -1.01313404e-02 -1.79138754e-02 -7.18784805e-02
 -6.39407062e-02 -1.45906536e-03  2.46524538e-02 -3.75337927e-03
  1.54539943e-02 -7.91929726e-03 -5.43877080e-02  2.09535465e-02
  7.90728649e-03  1.47668758e-02 -4.30994987e-04 -8.20090894e-03
  4.16744734e-02  5.18447228e-04 -4.44983304e-03 -2.65631286e-03
  6.86474203e-03 -9.39821009e-01  9.19721551e-03  8.31019079e-03
  4.13761752e-02  4.80241105e-03 -7.86785955e-03 -1.70473491e-01
 -2.59306964e-02 -2.24459252e-02  8.71853555e-02]

 BEGIN VMC CALCULATION
 =====================

 Running VMC equilibration (5000 moves).
 Performing time-step optimization.
 Optimized step size: 0.35966
 DTVMC: 0.04312

 Starting VMC.

 =========================================================================
 In block : 1
  Number of VMC steps           = 100000

  Block average energies (au)

  Total energy                       (au) =          -9.754805881581
  Standard error                        +/-           0.001188182074

  Constant energy contributions      (au) =           0.000000000000

  Variance of local energy           (au) =           0.117207990794
  Standard error                        +/-           0.000000000000

 Time taken in block    : : :       12.2924

 =========================================================================
 FINAL RESULT:

  VMC energy (au)    Standard error      Correction for serial correlation

 -9.754805881581 +/- 0.001188182074      On-the-fly reblocking method

 Sample variance of E_L (au^2/sim.cell) : 0.117207990794


 =========================================================================

 Total PyCasino real time : : :    297.0498
